*** Darwin 13x16 ***
Turn = 0.
  0123456789012345
0 ..t........r....
1 ........h..rr..f
2 ...........hf.h.
3 ..tt..r..h....r.
4 .f..............
5 ..r.......f.....
6 ................
7 ............f...
8 .....f..........
9 ................
0 .h..............
1 hh...h.....f....
2 ......r.........

Turn = 1.
  0123456789012345
0 ..t........rr...
1 .........h.r...f
2 ............f.rh
3 ..tt...r..hh....
4 .f..............
5 ...r......f.....
6 ................
7 ............f...
8 .....f..........
9 .h..............
0 .h..............
1 h..........f....
2 .....hr.........

Turn = 2.
  0123456789012345
0 ..t.......rrr...
1 ..........h...rf
2 ............f..h
3 ..tt....r.h.....
4 .f.........h....
5 ....r.....f.....
6 ................
7 ............f...
8 .h...f..........
9 .h..............
0 ................
1 .h.........f....
2 .....rr.........

Turn = 3.
  0123456789012345
0 ..t......r.r.rr.
1 ...........h...f
2 ............f..h
3 ..tt.....r.h....
4 .f..............
5 .....r....fh....
6 ................
7 .h..........f...
8 .h...f..........
9 ................
0 ................
1 ..h........f....
2 .....rr.........

Turn = 4.
  0123456789012345
0 ..t.....r...rrr.
1 ............h..f
2 ............f..h
3 ..tt......r.h...
4 .f..............
5 ......r...f.....
6 .h.........h....
7 .h..........f...
8 .....f..........
9 ................
0 ................
1 ...h.......f....
2 ....r.r.........

Turn = 5.
  0123456789012345
0 ..t....r....rr.r
1 .............h.f
2 ............f..h
3 ..tt.......r.h..
4 .f..............
5 .h.....r..f.....
6 .h..............
7 ...........hf...
8 .....f..........
9 ................
0 ................
1 ....h......f....
2 ...r.r..........

Turn = 6.
  0123456789012345
0 ..t...r.....r.rr
1 ..............hf
2 ............f..h
3 ..tt........r.h.
4 .f..............
5 .h......r.f.....
6 .h..............
7 ............f...
8 .....f.....h....
9 ................
0 ................
1 .....h.....f....
2 ..r.r...........

Turn = 7.
  0123456789012345
0 ..t..r.....r..rr
1 ..............hr
2 ............f..r
3 ..tt.........r.h
4 .f..............
5 .h.......rf.....
6 .h..............
7 ............f...
8 .....f..........
9 ...........h....
0 ................
1 ......h....f....
2 .r.r............

Turn = 8.
  0123456789012345
0 ..t.r.....r...rr
1 ..............rr
2 ............f..r
3 ..tt..........rh
4 .f........r.....
5 .h.......r......
6 .h..............
7 ............f...
8 .....f..........
9 ................
0 ...........h....
1 .......h...f....
2 r.r.............

Turn = 9.
  0123456789012345
0 ..tr.....r....rr
1 ..............rr
2 ............f.r.
3 ..tt......r...rr
4 .f..............
5 .h........r.....
6 .h..............
7 ............f...
8 .....f..........
9 ................
0 ...........h....
1 ........h..f....
2 rr..............

Turn = 10.
  0123456789012345
0 ..rr....r....r.r
1 ..............r.
2 ..........r.fr.r
3 ..tt..........rr
4 .f..............
5 .h.........r....
6 .h..............
7 ............f...
8 .....f..........
9 ................
0 ...........h....
1 .........h.f....
2 rr..............

Turn = 11.
  0123456789012345
0 ..r....r....r.r.
1 ..r.......r.....
2 ............rrrr
3 ..tt...........r
4 .f............r.
5 .h..........r...
6 .h..............
7 ............f...
8 .....f..........
9 ................
0 ...........h....
1 ..........hf....
2 rr..............

Turn = 12.
  0123456789012345
0 .r....r...rr.r..
1 ............r...
2 ..t.........r..r
3 ..tt..........rr
4 .f..............
5 .h...........rr.
6 .h..............
7 ............f...
8 .....f..........
9 ................
0 ...........h....
1 r.........hf....
2 r...............

Turn = 13.
  0123456789012345
0 r....r....rrr...
1 ............r...
2 ..t........r...r
3 ..tt..........r.
4 .f............r.
5 .h...........r..
6 .h............r.
7 ............f...
8 .....f..........
9 ................
0 r..........h....
1 ..........hf....
2 r...............

Turn = 14.
  0123456789012345
0 r...r.....rr....
1 ...........r.r..
2 ..t.......r...r.
3 ..tt.........r..
4 .f..............
5 .h............r.
6 .h...........r..
7 ............f.r.
8 .....f..........
9 r...............
0 ...........h....
1 r.........hf....
2 ................

Turn = 15.
  0123456789012345
0 ...r......r.....
1 r.........r...r.
2 ..t......r.r.r..
3 ..tt........r...
4 .f..............
5 .h..............
6 .h............r.
7 ............fr..
8 r....f........r.
9 ................
0 r..........h....
1 ..........hf....
2 ................

Turn = 16.
  0123456789012345
0 ..r......r......
1 ...............r
2 r.t.....r.r.r...
3 ..tt.......rr...
4 .f..............
5 .h..............
6 .h..............
7 r...........f.r.
8 .....f.......r..
9 r.............r.
0 ...........h....
1 ..........hf....
2 ................

Turn = 17.
  0123456789012345
0 .r......r.......
1 ...............r
2 ..t....r...r....
3 r.tt......r.....
4 .f.........rr...
5 .h..............
6 rh..............
7 ............f...
8 r....f........r.
9 .............r..
0 ...........h..r.
1 ..........hf....
2 ................

Turn = 18.
  0123456789012345
0 r......r.......r
1 ................
2 ..t...r...r.....
3 ..tt............
4 rf........r.....
5 rh.........rr...
6 .h..............
7 r...........f...
8 .....f..........
9 ..............r.
0 ...........h.r..
1 ..........hf..r.
2 ................

Turn = 19.
  0123456789012345
0 r.....r........r
1 ................
2 ..t..r...r......
3 ..tt............
4 rf..............
5 rh........r.....
6 rh.........rr...
7 ............f...
8 .....f..........
9 ................
0 ...........h..r.
1 ..........hf.r..
2 ..............r.

Turn = 20.
  0123456789012345
0 r....r........r.
1 ................
2 ..t.r...r.......
3 ..tt............
4 rf..............
5 rh..............
6 rh........r.r...
7 ...........rr...
8 .....f..........
9 ................
0 ...........h....
1 ..........hf..r.
2 .............rr.

Turn = 21.
  0123456789012345
0 .r..r........r..
1 ................
2 ..tr...r........
3 ..tt............
4 rf..............
5 rr..............
6 rr..........r...
7 ..........rr....
8 .....f.....r....
9 ................
0 ...........h....
1 ..........hf..r.
2 .............r.r

Turn = 22.
  0123456789012345
0 ..rr........r...
1 ................
2 ..tt..r.........
3 ..tt............
4 rr..............
5 rr..............
6 rr.........r....
7 ..........r.....
8 .....f....r.....
9 ...........r....
0 ...........h....
1 ..........hf.r..
2 ..............rr

Turn = 23.
  0123456789012345
0 ..rr.......r....
1 ................
2 ..tt.r..........
3 ..tt............
4 rr..............
5 r.r.............
6 r.r.......r.....
7 .........r......
8 .....f..........
9 ..........rr....
0 ...........r....
1 ..........h.r...
2 ...........r..rr

Turn = 24.
  0123456789012345
0 ..........r.....
1 ..tr............
2 ..ttr...........
3 ..tt............
4 r...............
5 rr.r............
6 r..r.....r......
7 ........r.......
8 .....f..........
9 ...........r....
0 ..........r.....
1 ..........hrr...
2 ...........r..rr

Turn = 25.
  0123456789012345
0 .........r......
1 ..tr............
2 ..trr...........
3 ..tt............
4 rr..............
5 ....r...........
6 .r..r...r.......
7 r......r........
8 .....f..........
9 ..........r.....
0 ..........r.....
1 ..........rr...r
2 ...........rr.r.

Turn = 26.
  0123456789012345
0 ........r.......
1 ..ttr...........
2 ..tt............
3 r.tt............
4 ..r.............
5 .....r..........
6 .....r.r........
7 .r....r.........
8 r....f..........
9 .........r......
0 ..........r....r
1 ............r.r.
2 ..........rrr...

Turn = 27.
  0123456789012345
0 ....r..r........
1 ..tt............
2 r.tt............
3 ..tt............
4 ..t.............
5 ......r.........
6 ......rr........
7 .....r..........
8 .r...f..........
9 r.......r......r
0 ...........r..r.
1 .............r..
2 ..........rr.r..

Turn = 28.
  0123456789012345
0 ....r.r.........
1 r.tt............
2 ..tt............
3 ..tt............
4 ..t.............
5 .......r........
6 ......rr........
7 ....r...........
8 .....f.........r
9 .r.....r......r.
0 r...........r...
1 ...........r..r.
2 ..........r...r.

Turn = 29.
  0123456789012345
0 r..t.r..........
1 ..tt............
2 ..tt............
3 ..tt............
4 ..t.............
5 ......r.r.......
6 ........r.......
7 ...r...........r
8 .....f........r.
9 ......r.........
0 .r.........r.r..
1 r..............r
2 ..........r....r

Turn = 30.
  0123456789012345
0 r..tr...........
1 ..tt............
2 ..tt............
3 ..tt............
4 ..t...r.........
5 .........r......
6 .........r.....r
7 ..r...........r.
8 .....f..........
9 .....r.....r....
0 ..............r.
1 .r.............r
2 r..........r...r

Turn = 31.
  0123456789012345
0 r..rr...........
1 ..tt............
2 ..tt............
3 ..tt..r.........
4 ..t.............
5 ..........r....r
6 ..........r...r.
7 .r..............
8 .....f.....r....
9 ....r...........
0 ...............r
1 ...............r
2 rr..........r..r

Turn = 32.
  0123456789012345
0 r..rr...........
1 ..tt............
2 ..tt..r.........
3 ..tt............
4 ..t............r
5 ...........r..r.
6 ...........r....
7 r..........r....
8 .....f..........
9 ...r............
0 ...............r
1 ...............r
2 rr...........rr.

Turn = 33.
  0123456789012345
0 r..r............
1 ..ttt.r.........
2 ..tt............
3 ..tt...........r
4 ..t...........r.
5 ............r...
6 ...........rr...
7 r...............
8 .....f..........
9 ..r.............
0 ...............r
1 r..............r
2 r............rr.

Turn = 34.
  0123456789012345
0 r...r.r.........
1 ..ttt...........
2 ..tt...........r
3 ..tt..........r.
4 ..t.............
5 ...........r.r..
6 .............r..
7 ................
8 r....f..........
9 .r..............
0 r.............r.
1 ..............r.
2 r............rr.

Turn = 35.
  0123456789012345
0 .r...rr.........
1 ..ttt..........r
2 ..tt..........r.
3 ..tt............
4 ..t........r....
5 ..............r.
6 ..............r.
7 ................
8 .....f..........
9 rr..............
0 r............r..
1 r............r..
2 ............r..r

Turn = 36.
  0123456789012345
0 ..t..r.r.......r
1 ..ttt.........r.
2 ..tt............
3 ..tt.......r....
4 ..t.............
5 ...............r
6 ...............r
7 ................
8 .r...f..........
9 r...............
0 rr..........r...
1 ............r...
2 ...........r...r

Turn = 37.
  0123456789012345
0 ..t.....r.....rr
1 ..tttr..........
2 ..tt.......r....
3 ..tt............
4 ..t.............
5 ...............r
6 ...............r
7 .r..............
8 .....f..........
9 rr..............
0 ..r........r....
1 ...........r....
2 ..........r....r

Turn = 38.
  0123456789012345
0 ..t......r....rr
1 ..ttt......r....
2 ..tt.r..........
3 ..tt............
4 ..t............r
5 ................
6 .r..............
7 ...............r
8 r....f..........
9 ..r.............
0 ...r......r.....
1 ..........r.....
2 .........r.....r

Turn = 39.
  0123456789012345
0 ..t.......rr..r.
1 ..ttt..........r
2 ..tt............
3 ..tt.r.........r
4 ..t.............
5 .r..............
6 ................
7 r...............
8 .....f.........r
9 ...r............
0 ....r....r......
1 .........r.....r
2 ........r.......

Turn = 40.
  0123456789012345
0 ..t.......rr..r.
1 ..ttt...........
2 ..tt...........r
3 ..tt...........r
4 .rt..r..........
5 ................
6 r...............
7 ................
8 .....f..........
9 ....r..........r
0 .....r..r......r
1 ........r.......
2 .......r........

Turn = 41.
  0123456789012345
0 ..t.......r....r
1 ..ttt.....r.....
2 ..tt...........r
3 .rtt...........r
4 ..t.............
5 r....r..........
6 ................
7 ................
8 .....f..........
9 .....r.........r
0 ......rr.......r
1 .......r........
2 ......r.........

Turn = 42.
  0123456789012345
0 ..t......r.....r
1 ..ttt...........
2 .rtt......r...rr
3 ..tt............
4 r.t.............
5 ................
6 .....r..........
7 ................
8 .....f..........
9 ......r........r
0 ......rr......r.
1 ......r.........
2 .....r..........

Turn = 43.
  0123456789012345
0 ..t.....r.......
1 .rttt..........r
2 ..tt.........r.r
3 r.tt......r.....
4 ..t.............
5 ................
6 ................
7 .....r..........
8 .....f.........r
9 .......r........
0 ......r......r..
1 .....r.r........
2 ....r...........

Turn = 44.
  0123456789012345
0 .rt....r........
1 ..ttt..........r
2 r.tt........r..r
3 ..tt............
4 ..t.......r.....
5 ................
6 ................
7 .....r.........r
8 ......r.........
9 ........r.......
0 .......r....r...
1 ....r...........
2 ...r...r........

Turn = 45.
  0123456789012345
0 .rt...r.........
1 r.ttt.........rr
2 ..tt.......r....
3 ..tt............
4 ..t.............
5 ..........r.....
6 ...............r
7 ................
8 .....r.r........
9 .........r......
0 ........r..r....
1 ...r............
2 ..r....r........

Turn = 46.
  0123456789012345
0 rrr..r.........r
1 ..ttt........r..
2 ..tt......r.....
3 ..tt............
4 ..t.............
5 ...............r
6 ..........r.....
7 ................
8 ........r.......
9 .....r....r.....
0 .........rr.....
1 ..r.............
2 .r....r.........

Turn = 47.
  0123456789012345
0 rr.tr..........r
1 ..ttt.......r...
2 ..tt.....r......
3 ..tt............
4 ..t............r
5 ................
6 ................
7 ..........r.....
8 .........r......
9 ...........r....
0 .....r...rr.....
1 .r..............
2 r....r..........

Turn = 48.
  0123456789012345
0 rr.tt.........r.
1 ..ttt......r....
2 ..tt....r.......
3 ..tt...........r
4 ..t.............
5 ................
6 ................
7 ................
8 .........rr.....
9 .........rr.r...
0 ................
1 r....r..........
2 r...r...........

Turn = 49.
  0123456789012345
0 r.ttt........r..
1 ..ttt.....r.....
2 ..tt...r.......r
3 ..tt............
4 ..t.............
5 ................
6 ................
7 .........r......
8 .........rr.....
9 ..........r..r..
0 ................
1 r...............
2 r..r.r..........

Turn = 50.
  0123456789012345
0 r.ttt.......r...
1 ..ttt....r.....r
2 ..tt..r.........
3 ..tt............
4 ..t.............
5 ................
6 .........r......
7 .........r......
8 ...........r....
9 .........r....r.
0 r...............
1 ................
2 .rr..r..........

*** Darwin 10x16 ***
Turn = 0.
  0123456789012345
0 .........t......
1 ................
2 ................
3 ...r............
4 ................
5 .........f......
6 ...r.......h....
7 .r.........h....
8 .......f...f....
9 ...............t

Turn = 10.
  0123456789012345
0 r........t......
1 ................
2 ................
3 ................
4 r...............
5 .........f......
6 .h..............
7 rh..............
8 .......f...f....
9 ...............t

Turn = 20.
  0123456789012345
0 r........t......
1 ................
2 r...............
3 ........r.......
4 ................
5 .........f......
6 ................
7 h...............
8 .......f...f....
9 ..r............t

Turn = 30.
  0123456789012345
0 ........r.r.....
1 ...............r
2 ................
3 ................
4 ................
5 .........f......
6 ....r...........
7 ................
8 r......f...f....
9 ............r..t

Turn = 40.
  0123456789012345
0 .r.............r
1 ..............r.
2 ................
3 ...............r
4 .............r.r
5 .........f......
6 ..............r.
7 ................
8 .......f...f....
9 ................

Turn = 50.
  0123456789012345
0 ...........r...r
1 .........r......
2 .........r......
3 .......r........
4 ...r............
5 .........f......
6 ................
7 ................
8 .......f...f....
9 ...............r

*** Darwin 19x8 ***
Turn = 0.
  01234567
0 ........
1 ........
2 .....f..
3 ........
4 .fft...t
5 ........
6 ....r...
7 ........
8 .....hf.
9 ........
0 ..h.....
1 ...f....
2 ........
3 ........
4 ........
5 ........
6 h.......
7 ........
8 ........

Turn = 5.
  01234567
0 ........
1 ........
2 .....f..
3 ........
4 .ttt...t
5 ........
6 r.......
7 ........
8 h.....f.
9 ........
0 .......h
1 h..f....
2 ........
3 ........
4 ........
5 ........
6 ........
7 ........
8 ........

Turn = 10.
  01234567
0 ........
1 r.......
2 .....f..
3 ........
4 .ttt...t
5 ........
6 ........
7 ........
8 h.....f.
9 h.......
0 .......h
1 ...f....
2 ........
3 ........
4 ........
5 ........
6 ........
7 ........
8 ........

Turn = 15.
  01234567
0 .r......
1 ........
2 .....f..
3 ........
4 .ttt...t
5 ........
6 ........
7 ........
8 h.....f.
9 h.......
0 .......h
1 ...f....
2 ........
3 ........
4 ........
5 ........
6 ........
7 ........
8 ........

Turn = 20.
  01234567
0 ......r.
1 ........
2 .....f..
3 ........
4 .ttt...t
5 ........
6 ........
7 ........
8 h.....f.
9 h.......
0 .......h
1 ...f....
2 ........
3 ........
4 ........
5 ........
6 ........
7 ........
8 ........

*** Darwin 18x24 ***
Turn = 0.
  012345678901234567890123
0 ......f.....f...........
1 ........................
2 ...........rr...........
3 ..r......f...........h..
4 ......................t.
5 ...............r....f...
6 .......................r
7 ...t.t........f.........
8 .......r................
9 ........................
0 .....f..................
1 ...........rf...........
2 ...........r............
3 ........................
4 ................r....r..
5 .h.........ht.........f.
6 .................fr.....
7 ........................

Turn = 2.
  012345678901234567890123
0 ......f....rr...........
1 ..r.........r........h..
2 ........................
3 .........f.....r........
4 ......................t.
5 ....................f...
6 .....................r..
7 ...t.t........f.........
8 .........r..............
9 ........................
0 .....f......r...........
1 ...........r............
2 .....................r..
3 ........................
4 ...........r......r.....
5 ...h.......ht.........f.
6 .................f......
7 ..................r.....

Turn = 4.
  012345678901234567890123
0 ..r...f....rr.r......h..
1 ...............r........
2 ........................
3 .........f..............
4 ......................t.
5 ....................f...
6 ...................r....
7 ...t.t........f.........
8 ...........rr...........
9 ...........r............
0 .....f...............r..
1 ........................
2 ........................
3 ........................
4 ...........rr.......r...
5 .....h.....r..........f.
6 .................f......
7 ................r.......

Turn = 6.
  012345678901234567890123
0 ....r.f...r.r...r....h..
1 ..............r.........
2 ........................
3 .........f..............
4 ......................t.
5 ....................f...
6 ............r....r......
7 ...t.t........f.........
8 ...........r.........r..
9 ............r...........
0 .....f..................
1 ........................
2 ............r...........
3 ........................
4 .........r............r.
5 .......h..............f.
6 .................f......
7 ...........r..r.........

Turn = 8.
  012345678901234567890123
0 .....rr.r.r.......r..h..
1 ............r...........
2 ........................
3 .........f..............
4 ............r.........t.
5 ....................f...
6 ...............r.....r..
7 ...t.t........f.........
8 .............r..........
9 ..............r.........
0 .....f......r...........
1 ........................
2 ........................
3 ........................
4 .......r...............r
5 .........h............f.
6 .................f......
7 ............rr..........

Turn = 10.
  012345678901234567890123
0 .....rrrr...........rh..
1 ..........r.............
2 ............r...........
3 .........f..............
4 .....................rt.
5 ....................f...
6 .............r..........
7 ...t.t........f.........
8 ............r..r........
9 ................r.......
0 .....f..................
1 ........................
2 .......................r
3 ........................
4 .....r..................
5 ...........h.r........f.
6 .................f......
7 ............r...........

Turn = 12.
  012345678901234567890123
0 ...rr.r.....r.......r.r.
1 ........r...............
2 .......r.............r..
3 .........f..............
4 ......................t.
5 ....................f...
6 ...........rr...........
7 ...t.t........f.........
8 .................r......
9 ..................r.....
0 .....f.................r
1 ........................
2 ........................
3 .............r..........
4 ...r....................
5 .............h........f.
6 .................f......
7 ..........r.............

Turn = 14.
  012345678901234567890123
0 .rr.r........r.......r.r
1 ......r.................
2 ....................r...
3 .........f..............
4 .......r....r.........t.
5 ....................f...
6 .........r..............
7 ...t.t........f.........
8 ...................r...r
9 ....................r...
0 .....f..................
1 .............r..........
2 ........................
3 ........................
4 .r......................
5 ...............h......f.
6 .................f......
7 ........r...............

Turn = 16.
  012345678901234567890123
0 rrr............r....r.r.
1 ....r...................
2 ............r...........
3 .........f..............
4 ....................r.t.
5 ....................f...
6 .......rr..............r
7 ...t.t........f.........
8 .....................r..
9 .............r........r.
0 .....f..................
1 ........................
2 ........................
3 ........................
4 r.......................
5 .................h....f.
6 .................f......
7 ......r.................

Turn = 18.
  012345678901234567890123
0 rrr.........r....rr.r...
1 ..r.....................
2 ........................
3 .........f..............
4 ........r...........r.tr
5 .....................r..
6 ........................
7 ...t.t.......rf.........
8 .......r...............r
9 .......................r
0 .....f..................
1 ........................
2 ........................
3 ........................
4 ........................
5 ...................h..f.
6 r................f......
7 ....r...................

Turn = 20.
  012345678901234567890123
0 r.r........r......r.....
1 r................rr.....
2 r.......r..............r
3 .........f..............
4 ..................r...t.
5 .............r........t.
6 ........................
7 ...t.t........f.........
8 .......................r
9 ......................r.
0 .....f.r................
1 ........................
2 ........................
3 ........................
4 ........................
5 .....................hf.
6 .................f......
7 r.r.....................

*** Darwin 26x10 ***
Turn = 0.
  0123456789
0 .........h
1 r........r
2 .......r..
3 .f........
4 ........r.
5 ......f...
6 ..........
7 .r........
8 .....h....
9 ..........
0 ..........
1 t.....h...
2 ..t..f....
3 ........r.
4 t..fh.....
5 r.........
6 .......r.f
7 ..........
8 ..........
9 ..........
0 ..f...h...
1 ....r.....
2 f.........
3 ..........
4 ........h.
5 ...h......

Turn = 2.
  0123456789
0 .......r..
1 ..r....r.h
2 ........r.
3 .f........
4 ..........
5 ......f...
6 ..........
7 ...r......
8 .......h..
9 ..........
0 ..........
1 t.......r.
2 ..t..f..r.
3 ..........
4 r..f..hr..
5 r.........
6 .........f
7 ..........
8 ......h...
9 ..........
0 ..f.......
1 ......r...
2 f.......h.
3 ..........
4 ..........
5 ...h......

Turn = 4.
  0123456789
0 ........r.
1 ....rr..r.
2 ..........
3 .f.......h
4 ..........
5 ......f...
6 ..........
7 .....r....
8 .........h
9 ..........
0 ........r.
1 t........r
2 r.t..f.r..
3 ..........
4 r..f...h..
5 ..........
6 ......h..f
7 ..........
8 ..........
9 ..........
0 ..f.....r.
1 .......r..
2 f.........
3 ..........
4 ..........
5 ...h......

Turn = 6.
  0123456789
0 ....r....r
1 .........r
2 .....r....
3 .f........
4 ..........
5 ......f..h
6 ..........
7 .......r..
8 ........rh
9 ..........
0 .......r..
1 t.........
2 r.t..f....
3 r........r
4 ...f..h..h
5 ..........
6 .........f
7 ..........
8 ........r.
9 ..........
0 ..f.......
1 .........r
2 f.........
3 ..........
4 ..........
5 ...h......

Turn = 8.
  0123456789
0 ...r....r.
1 ..........
2 ..........
3 .f.......r
4 .....r....
5 ......f...
6 ..........
7 ........rr
8 .......r.h
9 .......r..
0 ..........
1 t.........
2 r.t..fh...
3 .r.......r
4 ...f.....r
5 ..........
6 ........rf
7 ..........
8 ..........
9 ..........
0 ..f......r
1 ..........
2 f.........
3 ..........
4 ..........
5 ...h......

Turn = 10.
  0123456789
0 .r....r...
1 ..........
2 ..........
3 .f........
4 ..........
5 ......f..r
6 .....r..r.
7 .........r
8 .....r....
9 .....r...r
0 ......h...
1 t.........
2 ..t..f....
3 ...r.....r
4 r..f....rr
5 ..........
6 .........f
7 ..........
8 .........r
9 ..........
0 ..f.......
1 ..........
2 f.........
3 ..........
4 ..........
5 ...h......

Turn = 12.
  0123456789
0 r...r.....
1 ..........
2 ..........
3 .f........
4 ........r.
5 ......f...
6 .........r
7 ..........
8 ...r.rh..r
9 ...r......
0 ..........
1 t........r
2 ..t..f..r.
3 .....r...r
4 ...f......
5 .........r
6 r........r
7 .........r
8 ..........
9 ..........
0 ..f.......
1 ..........
2 f.........
3 ..........
4 ..........
5 ...h......

Turn = 14.
  0123456789
0 ..r.......
1 ..........
2 r.......r.
3 .f........
4 ..........
5 ......f...
6 ......h...
7 .........r
8 .r........
9 .r........
0 .....r..rr
1 t.........
2 ..t..f...r
3 .......r..
4 ...f.....r
5 ........r.
6 .........r
7 .........r
8 r.........
9 ..........
0 ..f.......
1 ..........
2 f.........
3 ..........
4 ..........
5 ...h......

Turn = 16.
  0123456789
0 r.......r.
1 ..........
2 ..........
3 .f........
4 r.........
5 ......f...
6 ......h...
7 ..........
8 r.......r.
9 r........r
0 ..........
1 t....r...r
2 ..t.r.....
3 ........rr
4 ...f......
5 ......r..r
6 ........r.
7 ..........
8 ..........
9 .........r
0 r.f.......
1 ..........
2 f.........
3 ..........
4 ..........
5 ...h......

Turn = 18.
  0123456789
0 .........r
1 r.........
2 ..........
3 .f........
4 ..........
5 ......f...
6 r.....h.r.
7 ..........
8 .r........
9 .r........
0 .........r
1 t.......rr
2 ..rr......
3 .....r....
4 ...f......
5 ....r..r.r
6 ......r...
7 ..........
8 ..........
9 ..........
0 ..f.......
1 r........r
2 r.........
3 ..........
4 ..........
5 ...h......

Turn = 20.
  0123456789
0 .........r
1 ..........
2 ..........
3 rf........
4 ........r.
5 ......f...
6 ......h...
7 ..........
8 r..r......
9 ...r....rr
0 ..........
1 t.........
2 rr.......r
3 ..........
4 ...f......
5 ..r..rr...
6 ....r.....
7 .........r
8 ..........
9 ..........
0 ..f.......
1 r.........
2 r.........
3 .........r
4 ..........
5 ...h......

*** Darwin 9x8 ***
Turn = 0.
  01234567
0 .h......
1 ........
2 .t...t..
3 ...t.h..
4 ........
5 ..r.f...
6 .f..r.r.
7 ....t..t
8 .tf.....

Turn = 1.
  01234567
0 ........
1 .h......
2 .t...t..
3 ...t.h..
4 ........
5 ...rf.r.
6 .f.r....
7 ....t..t
8 .tf.....

Turn = 2.
  01234567
0 ........
1 .t......
2 .t...t..
3 ...t.t..
4 ....r.r.
5 ...r....
6 .fr.....
7 ....t..t
8 .tf.....

Turn = 3.
  01234567
0 ........
1 .t......
2 .t...t..
3 ...trtr.
4 ........
5 ....r...
6 .rr.....
7 ....t..t
8 .tf.....

Turn = 4.
  01234567
0 ........
1 .t......
2 .t...tr.
3 ...ttt..
4 ........
5 .r...r..
6 .r......
7 ....t..t
8 .tt.....

Turn = 5.
  01234567
0 ........
1 .t....r.
2 .t...t..
3 ...ttt..
4 .r......
5 ......r.
6 r.......
7 ....t..t
8 .tt.....

Turn = 6.
  01234567
0 ......r.
1 .t......
2 .t...t..
3 .r.ttt..
4 ........
5 .......r
6 r.......
7 ....t..t
8 .tt.....

Turn = 7.
  01234567
0 ......r.
1 .t......
2 .r...t..
3 .r.ttt..
4 ........
5 r......r
6 ........
7 ....t..t
8 .tt.....

Turn = 8.
  01234567
0 .....r..
1 .t......
2 rr...t..
3 ...ttt..
4 r.......
5 ........
6 .......r
7 ....t..t
8 .tt.....

Turn = 9.
  01234567
0 ....r...
1 .r......
2 rr...t..
3 r..ttt..
4 ........
5 ........
6 .......r
7 ....t..r
8 .tt.....

Turn = 10.
  01234567
0 ...r....
1 rr......
2 r....t..
3 r..ttt..
4 ........
5 ........
6 .......r
7 ....t...
8 .tt....r

*** Darwin 19x23 ***
Turn = 0.
  01234567890123456789012
0 .......................
1 ..........h............
2 .......................
3 .f..f............h.....
4 .......................
5 .......................
6 .......................
7 ....................r..
8 ..............r.....r..
9 .......................
0 ...r...................
1 .....f.................
2 .....................h.
3 ................h......
4 .t.....................
5 ...h...................
6 ......................t
7 ....r..................
8 .......................

Turn = 10.
  01234567890123456789012
0 ...............r......r
1 .......................
2 .....................h.
3 .f..f..................
4 .......................
5 .......................
6 .......................
7 ....r..................
8 .......................
9 .......................
0 .......................
1 .....f....h............
2 .....................r.
3 .................h.....
4 tt.....................
5 ......................r
6 ......................t
7 .......................
8 ...h...................

Turn = 20.
  01234567890123456789012
0 ..r...............r....
1 ......r..............rr
2 .......................
3 .f.....................
4 .......................
5 .......................
6 .......................
7 .......................
8 .......................
9 .......................
0 .......................
1 .....f.................
2 ...........r...........
3 .......................
4 tt.....................
5 ..............r........
6 .............r.........
7 .......................
8 ...h......h......h.....

Turn = 30.
  01234567890123456789012
0 ........r..............
1 ................r......
2 .......................
3 .f.....................
4 .......................
5 .......................
6 .......................
7 r......................
8 .......................
9 .......................
0 .......................
1 .....f...............rr
2 .r.....................
3 .......................
4 tt.....................
5 ....r..................
6 ...r...................
7 .......................
8 ...h......h......h.....

Turn = 40.
  01234567890123456789012
0 ......................r
1 r......................
2 .......................
3 .f.....................
4 .......................
5 .......................
6 .......................
7 .......................
8 .......................
9 r......................
0 .......................
1 r....f.................
2 .......................
3 ...r...................
4 .......................
5 .......................
6 r......................
7 .......................
8 rr.h......h......h...rr

Turn = 50.
  01234567890123456789012
0 .............r.........
1 .......................
2 .......................
3 .f.....................
4 .......................
5 .......................
6 ....r.r................
7 r......................
8 .......................
9 .r....................r
0 .......................
1 .....f.................
2 .......................
3 .............r.........
4 .......................
5 .......................
6 .......................
7 ....r..................
8 ..rr......h...r.....r..

*** Darwin 8x12 ***
Turn = 0.
  012345678901
0 f...........
1 ..h..r.hr...
2 .....h...rh.
3 ...t..ht.f..
4 ...hr..h..t.
5 ..t...r.....
6 ..........h.
7 .......h.fr.

Turn = 5.
  012345678901
0 f...rhh....r
1 ...h........
2 ...r.....r..
3 ....r..tr..r
4 .......t..tr
5 .rr....h....
6 .....h......
7 ...h.r...f..

Turn = 10.
  012345678901
0 f......r..r.
1 h.....rr....
2 r....r.....r
3 ....r......r
4 .......tt.rr
5 .......t....
6 h..r.....r..
7 .r.r....r...

Turn = 15.
  012345678901
0 .r.r.......r
1 r.r.........
2 ...r...r....
3 .......r...r
4 .......t....
5 ......trrr.r
6 h...r.rr....
7 .....rr....r

Turn = 20.
  012345678901
0 rr....r.....
1 ......r.....
2 ......r.....
3 r.rr.r.....r
4 ....rr.tr...
5 ....r..rr..r
6 h......tr...
7 .........r..

Turn = 25.
  012345678901
0 ..rrrr.....r
1 .........r..
2 ............
3 r.r.....r.r.
4 r.........r.
5 r.rr...r....
6 .......r...r
7 r.r.r..r....

Turn = 30.
  012345678901
0 rr.......rr.
1 ..r.......r.
2 ..........r.
3 .r..r..r.r..
4 r...........
5 r.r.........
6 .rrr......rr
7 ..rr.......r

Turn = 35.
  012345678901
0 r...r...r.rr
1 ....r....rr.
2 .r..rr.....r
3 r...r....r..
4 .....r......
5 .....r......
6 r..........r
7 rr.......r..

Turn = 40.
  012345678901
0 r...rrr..r..
1 r.....r.r.rr
2 rr.....r...r
3 .......r.r..
4 .........rr.
5 ..........r.
6 ....r......r
7 r...........

Turn = 45.
  012345678901
0 .rr...r....r
1 r...r.....rr
2 r....r......
3 ............
4 ....rrrr...r
5 ...........r
6 ..........rr
7 ..r...rrr...

Turn = 50.
  012345678901
0 ..rr...rr...
1 r..r.r......
2 .....r...r.r
3 .......r...r
4 ............
5 ..r.r.r.r...
6 .....r.r....
7 ...r..rrr...

*** Darwin 22x10 ***
Turn = 0.
  0123456789
0 ..........
1 ..........
2 ......t...
3 ..........
4 f.t.ht....
5 ..........
6 .........h
7 .......t..
8 ..........
9 ...f....th
0 ..........
1 ..........
2 .r.t..h...
3 r.........
4 ..........
5 ..........
6 ..........
7 ....t.h...
8 ...r......
9 ..........
0 ...t...rt.
1 ...h......

Turn = 5.
  0123456789
0 ..........
1 ..........
2 ......t...
3 ..........
4 f.t.tt....
5 ..........
6 .........h
7 .r.....t..
8 ..........
9 ...f....tt
0 ..........
1 ..........
2 ...t.....h
3 ..........
4 ..........
5 ..........
6 ..........
7 r...t.....
8 r.........
9 ..........
0 ...rr...t.
1 ....r.h...

Turn = 10.
  0123456789
0 ..........
1 ..........
2 .r....t...
3 ..........
4 f.t.tt....
5 ..........
6 .........h
7 .......t..
8 ..........
9 ...f....tt
0 ..........
1 ..........
2 ...t.....h
3 ..........
4 ..........
5 ..........
6 ..........
7 ...tt.....
8 ....t.....
9 ...r.r....
0 ........t.
1 r....r....

Turn = 15.
  0123456789
0 ...r......
1 ..........
2 ......t...
3 ..........
4 f.t.tt....
5 ..........
6 .........h
7 .......t..
8 ..........
9 ...f....tt
0 ..........
1 ..........
2 ...t.....h
3 ..........
4 .....r....
5 ..........
6 ..........
7 ...tt.....
8 ....t.....
9 r.........
0 ...r....t.
1 ......r...

Turn = 20.
  0123456789
0 ........r.
1 ..........
2 ......t...
3 ..........
4 f.t.tt....
5 ..........
6 .........h
7 .......t..
8 ..........
9 ...f.r..tt
0 ..........
1 ..........
2 ...t.....h
3 ..........
4 r.........
5 ..........
6 ..........
7 ...tt.....
8 ...tt.....
9 ..........
0 ........tr
1 ..........

*** Darwin 29x12 ***
Turn = 0.
  012345678901
0 ...h........
1 ............
2 .........r.f
3 ............
4 ....r.....t.
5 .....t......
6 f...........
7 ............
8 ........h.r.
9 ............
0 ......f.....
1 ...........r
2 ............
3 ....t.......
4 ............
5 ............
6 .........f.f
7 ...f......r.
8 .....h......
9 ...r........
0 ..........h.
1 ............
2 ..r....t....
3 ....h.......
4 .......h....
5 ............
6 ............
7 ............
8 ......r.....

Turn = 5.
  012345678901
0 ...h........
1 ............
2 ...........f
3 ............
4 r........tt.
5 .....t......
6 f...........
7 ............
8 ...........h
9 ............
0 ......f.....
1 ............
2 ............
3 ....t.....r.
4 ............
5 ...........r
6 .........f.f
7 ...f.r......
8 r...........
9 r...........
0 ............
1 ............
2 .......t....
3 h...........
4 r...........
5 ..........h.
6 ............
7 ............
8 .r.....h....

Turn = 10.
  012345678901
0 r..h........
1 ............
2 ...........f
3 ............
4 .........tt.
5 .....t......
6 f...........
7 ............
8 ...........h
9 ............
0 ......f.....
1 ............
2 ............
3 ....t.......
4 r...........
5 ............
6 r........f..
7 .r.........r
8 ..........r.
9 ...........r
0 ...r........
1 ............
2 .......t....
3 h...........
4 ............
5 ............
6 ............
7 r...........
8 ..r....h..h.

Turn = 15.
  012345678901
0 ..rr........
1 ............
2 ...........f
3 ............
4 .........tt.
5 .....t......
6 f...........
7 ............
8 ...........h
9 r...........
0 ......f.....
1 r...........
2 ............
3 ....t.......
4 ............
5 ............
6 .........f..
7 ............
8 ............
9 ............
0 r...........
1 ............
2 .......t...r
3 h.........r.
4 ...........r
5 ...r........
6 ............
7 ............
8 ...r..rr..h.

Turn = 20.
  012345678901
0 .r......r...
1 ............
2 ...........f
3 ............
4 .........tt.
5 .....t......
6 r...........
7 r...........
8 r..........h
9 ............
0 ......f.....
1 ............
2 ............
3 ....t.......
4 ............
5 ............
6 .........f..
7 ............
8 ............
9 ............
0 ............
1 ............
2 .r.....t....
3 .r..........
4 ......r.....
5 ............
6 ............
7 ..........rr
8 ..r.....rrrr

*** Darwin 11x20 ***
Turn = 0.
  01234567890123456789
0 ........r..........f
1 ........h..h......t.
2 .....r...t.......t..
3 ..h...............h.
4 .......r............
5 .............h......
6 .r............h.....
7 ...r...............r
8 ..t.........h.f.h...
9 .....r...........t..
0 ...f...........t....

Turn = 10.
  01234567890123456789
0 ............r.h..r.r
1 h................trr
2 .........t.......t..
3 ..........hh........
4 ....................
5 ...................h
6 ....................
7 ....................
8 ..tt..........f..t..
9 ...............t.t..
0 r..fr.......h..t....

Turn = 20.
  01234567890123456789
0 .......rr..r........
1 r................t.r
2 r........t.......ttr
3 ..........hh........
4 ....r.........r.....
5 ....................
6 ....................
7 ....................
8 ..tt..........f..t..
9 ...............t.t..
0 .r..........h..t....

*** Darwin 26x23 ***
Turn = 0.
  01234567890123456789012
0 .......................
1 .......................
2 .......h...............
3 ...............h.......
4 .h..............r......
5 .......................
6 .................r.....
7 .............t.........
8 .......................
9 fh...................h.
0 .f.....................
1 ..h....................
2 .......................
3 .......................
4 .......................
5 ...................h...
6 fh.....................
7 .....t.................
8 .......................
9 ..........t............
0 t...t..................
1 ...........rf..........
2 .....t.................
3 ......t................
4 .........r.............
5 ....r..................

Turn = 10.
  01234567890123456789012
0 .h.....h............r..
1 .......................
2 .......................
3 .......................
4 .......................
5 .......................
6 .......................
7 .............t........r
8 .......................
9 fh.....................
0 .f.....................
1 h......................
2 .......................
3 ...............h.......
4 .......................
5 ......................h
6 f......................
7 .....t.................
8 .......................
9 ..........t..........h.
0 tt..t..................
1 r...........f..........
2 .....t.................
3 ......t................
4 r......................
5 ................r......

Turn = 20.
  01234567890123456789012
0 .h.....h...............
1 .......................
2 .......................
3 .......................
4 .......................
5 ......................r
6 .......................
7 .............t.........
8 .......................
9 fh.....................
0 .f.....................
1 h......................
2 .......................
3 .r.....................
4 ......................r
5 .....................r.
6 .r.....................
7 .r...t.................
8 r......................
9 ..........t............
0 ....t..................
1 ....t.......f..........
2 .....t................r
3 ......t........h.......
4 .......................
5 .....................h.

Turn = 30.
  01234567890123456789012
0 .h.....h...............
1 .......................
2 .......................
3 .......................
4 .......................
5 .......................
6 .......................
7 .............t.........
8 .......................
9 rr.....................
0 r.r....r...............
1 ..r....................
2 .......................
3 .......................
4 .......................
5 ...........r..........r
6 ...........r...........
7 ..........r.r..........
8 .................r.....
9 ..........t.....r......
0 ....t..................
1 ....t.......f..........
2 .....t.................
3 ......t................
4 .......................
5 ...............h.....h.

Turn = 40.
  01234567890123456789012
0 rh.....h...............
1 .......................
2 .......................
3 .......................
4 .......................
5 .......................
6 .......................
7 .............t.........
8 .......................
9 .......................
0 ............r....r.....
1 ............r..........
2 .......................
3 .......................
4 .......................
5 .r.....................
6 .....................r.
7 ....................r.r
8 .r.....r...............
9 ..........tt...........
0 r...t..................
1 ....t.......f..........
2 .....t.................
3 ......t................
4 .......................
5 ...............h.....hr

Turn = 50.
  01234567890123456789012
0 .....r.r...............
1 ......r................
2 .......................
3 .......................
4 .......................
5 .......................
6 ......................r
7 .............t.........
8 .......................
9 .......................
0 ....................r.r
1 ......................r
2 .......................
3 .......................
4 .......................
5 .......................
6 .......................
7 .......................
8 .......................
9 ..........tt...........
0 r...t..................
1 ....t.......f..........
2 r....t.................
3 r.....t................
4 ......................r
5 r..............rr.r...r

*** Darwin 23x11 ***
Turn = 0.
  01234567890
0 ...........
1 .....t.....
2 ...........
3 .f...f.....
4 .....r.....
5 .....f.....
6 .f.........
7 ...........
8 ...........
9 ...........
0 ...........
1 ...........
2 ...........
3 .......f...
4 ..........t
5 ...........
6 ...........
7 ...........
8 ...........
9 ...........
0 ........r..
1 ...........
2 ..........r

Turn = 2.
  01234567890
0 ...........
1 .....t.....
2 ...........
3 .f...f.....
4 ...r.......
5 .....f.....
6 .f.........
7 ...........
8 ...........
9 ...........
0 ...........
1 ...........
2 ...........
3 .......f...
4 ..........t
5 ...........
6 ...........
7 ...........
8 ...........
9 ...........
0 ......r....
1 ...........
2 ........r..

Turn = 4.
  01234567890
0 ...........
1 .....t.....
2 ...........
3 .f...f.....
4 .r.........
5 .....f.....
6 .f.........
7 ...........
8 ...........
9 ...........
0 ...........
1 ...........
2 ...........
3 .......f...
4 ..........t
5 ...........
6 ...........
7 ...........
8 ...........
9 ...........
0 ....r......
1 ...........
2 ......r....

Turn = 6.
  01234567890
0 ...........
1 .....t.....
2 ...........
3 .f...f.....
4 r..........
5 .....f.....
6 .f.........
7 ...........
8 ...........
9 ...........
0 ...........
1 ...........
2 ...........
3 .......f...
4 ..........t
5 ...........
6 ...........
7 ...........
8 ...........
9 ...........
0 ..r........
1 ...........
2 ....r......

Turn = 8.
  01234567890
0 ...........
1 .....t.....
2 r..........
3 .f...f.....
4 ...........
5 .....f.....
6 .f.........
7 ...........
8 ...........
9 ...........
0 ...........
1 ...........
2 ...........
3 .......f...
4 ..........t
5 ...........
6 ...........
7 ...........
8 ...........
9 ...........
0 r..........
1 ...........
2 ..r........

Turn = 10.
  01234567890
0 r..........
1 .....t.....
2 ...........
3 .f...f.....
4 ...........
5 .....f.....
6 .f.........
7 ...........
8 ...........
9 ...........
0 ...........
1 ...........
2 ...........
3 .......f...
4 ..........t
5 ...........
6 ...........
7 ...........
8 ...........
9 ...........
0 ...........
1 r..........
2 r..........

Turn = 12.
  01234567890
0 .r.........
1 .....t.....
2 ...........
3 .f...f.....
4 ...........
5 .....f.....
6 .f.........
7 ...........
8 ...........
9 ...........
0 ...........
1 ...........
2 ...........
3 .......f...
4 ..........t
5 ...........
6 ...........
7 ...........
8 ...........
9 ...........
0 ...........
1 r..........
2 r..........

Turn = 14.
  01234567890
0 ...r.......
1 .....t.....
2 ...........
3 .f...f.....
4 ...........
5 .....f.....
6 .f.........
7 ...........
8 ...........
9 ...........
0 ...........
1 ...........
2 ...........
3 .......f...
4 ..........t
5 ...........
6 ...........
7 ...........
8 ...........
9 r..........
0 ...........
1 ...........
2 r..........

Turn = 16.
  01234567890
0 .....r.....
1 .....t.....
2 ...........
3 .f...f.....
4 ...........
5 .....f.....
6 .f.........
7 ...........
8 ...........
9 ...........
0 ...........
1 ...........
2 ...........
3 .......f...
4 ..........t
5 ...........
6 ...........
7 r..........
8 ...........
9 ...........
0 ...........
1 r..........
2 ...........

Turn = 18.
  01234567890
0 .......r...
1 .....t.....
2 ...........
3 .f...f.....
4 ...........
5 .....f.....
6 .f.........
7 ...........
8 ...........
9 ...........
0 ...........
1 ...........
2 ...........
3 .......f...
4 ..........t
5 r..........
6 ...........
7 ...........
8 ...........
9 r..........
0 ...........
1 ...........
2 ...........

Turn = 20.
  01234567890
0 .........r.
1 .....t.....
2 ...........
3 .f...f.....
4 ...........
5 .....f.....
6 .f.........
7 ...........
8 ...........
9 ...........
0 ...........
1 ...........
2 ...........
3 r......f...
4 ..........t
5 ...........
6 ...........
7 r..........
8 ...........
9 ...........
0 ...........
1 ...........
2 ...........

*** Darwin 23x11 ***
Turn = 0.
  01234567890
0 ...........
1 ...........
2 ...........
3 ...........
4 ....r..h...
5 ...........
6 ...........
7 ..........f
8 ...r.......
9 ...........
0 ...h.......
1 ...........
2 ...........
3 ...........
4 ..r........
5 ...........
6 ...........
7 ...........
8 .......r...
9 .h.........
0 .h......t..
1 ...........
2 .r.....f...

Turn = 5.
  01234567890
0 ....r......
1 ...........
2 ...........
3 ...........
4 ..h........
5 ...........
6 ...........
7 ..........f
8 ........r..
9 ...........
0 ........h..
1 ...........
2 ...........
3 ...........
4 ...........
5 .h.........
6 ...........
7 .r.........
8 ..r........
9 h.r........
0 ........t..
1 ...........
2 .......f...

Turn = 10.
  01234567890
0 .........r.
1 ...........
2 ...........
3 ...........
4 h..........
5 ...........
6 ...........
7 ..........r
8 ..........r
9 ...........
0 .h........h
1 ...........
2 .r.........
3 ...........
4 ...........
5 ...........
6 r..........
7 ...........
8 ...........
9 h..........
0 ........t..
1 ...........
2 .r.....f...

*** Darwin 10x20 ***
Turn = 0.
  01234567890123456789
0 .....ft......t......
1 .................hrf
2 .........r....f..r..
3 .........r..h..t....
4 .............t......
5 ...t..h.............
6 ............h.......
7 .........t...t......
8 ..............r.....
9 ..............ht...t

Turn = 1.
  01234567890123456789
0 .....ft......t......
1 ................h..f
2 .........r....f...r.
3 ........r......t.r..
4 ............ht......
5 ...t.h..............
6 .............h......
7 .........t...t......
8 ..............r.....
9 .............r.t...t

Turn = 2.
  01234567890123456789
0 .....ft......t......
1 ...............h...f
2 ........r.....f.....
3 .......r.......t..r.
4 .............t...r..
5 ...th.......h.......
6 ..............h.....
7 .........t...t......
8 ....................
9 ............r.rt...t

Turn = 3.
  01234567890123456789
0 .....ft......t......
1 ..............h....f
2 .......r......f.....
3 ......r........t....
4 .............t....r.
5 ...th............r..
6 ............h..h....
7 .........t...t......
8 ....................
9 ...........r..rt...t

Turn = 4.
  01234567890123456789
0 .....tt......t......
1 .............h.....f
2 ......r.......f.....
3 .....r.........t....
4 .............t......
5 ...th.............r.
6 ................hr..
7 .........t..ht......
8 ...............r....
9 ..........r...r....t

Turn = 5.
  01234567890123456789
0 .....tt......t......
1 ............h......f
2 .....r........f.....
3 ....r..........t....
4 .............t......
5 ...th...............
6 ................h.r.
7 .........t...t.r.r..
8 ............h.......
9 .........r.....r...t

Turn = 6.
  01234567890123456789
0 .....tt......t......
1 ...........h.......f
2 ....r.........f.....
3 ...r...........t....
4 .............t......
5 ...tt...............
6 ...............r.h..
7 .........t...t....r.
8 .................r..
9 ........r...h...r..t

Turn = 7.
  01234567890123456789
0 .....tt......t......
1 ..........h........f
2 ...r..........f.....
3 ..r............t....
4 .............t......
5 ...tt..........r....
6 ..................h.
7 .........t...t......
8 ..................r.
9 .......r....h...rr.t

Turn = 8.
  01234567890123456789
0 .....tt......t......
1 .........h.........f
2 ..r...........f.....
3 .r.............t....
4 .............t.r....
5 ...tt...............
6 ...................h
7 .........t...t......
8 ....................
9 ......r.....h...rrrt

Turn = 9.
  01234567890123456789
0 .....tt......t......
1 ........h..........f
2 .r............f.....
3 r..............r....
4 .............t.r....
5 ...tt...............
6 ...................h
7 .........t...t......
8 ....................
9 .....r......h..rr.rt

Turn = 10.
  01234567890123456789
0 .....tt......t......
1 .......h...........f
2 r.............f.....
3 r.............rr....
4 .............t......
5 ...tt...............
6 ...................h
7 .........t...t......
8 ....................
9 ....r.......h.rr.r.t

*** Darwin 27x5 ***
Turn = 0.
  01234
0 .r...
1 ..h..
2 .ft..
3 .....
4 .....
5 ..hh.
6 .....
7 .h...
8 .....
9 .....
0 .....
1 ....h
2 .....
3 f....
4 ....f
5 .....
6 .....
7 ..t..
8 .....
9 .....
0 .....
1 ....t
2 ....h
3 ..t..
4 .f...
5 .....
6 .....

Turn = 2.
  01234
0 .rr..
1 .....
2 .tt..
3 .....
4 .....
5 .....
6 ..h..
7 ..hh.
8 .....
9 ....h
0 .....
1 .....
2 .....
3 f....
4 ....f
5 .....
6 .....
7 ..t..
8 .....
9 .....
0 .....
1 ....t
2 ....t
3 ..t..
4 .f...
5 .....
6 .....

Turn = 4.
  01234
0 ..r..
1 .r...
2 .tt..
3 .....
4 .....
5 .....
6 ..h..
7 ...hh
8 .....
9 ...h.
0 .....
1 .....
2 .....
3 f....
4 ....f
5 .....
6 .....
7 ..t..
8 .....
9 .....
0 .....
1 ....t
2 ....t
3 ..t..
4 .f...
5 .....
6 .....

Turn = 6.
  01234
0 ....r
1 .....
2 .tt..
3 .....
4 .r...
5 ....h
6 .....
7 ....h
8 ..h..
9 .....
0 .....
1 ...h.
2 .....
3 f....
4 ....f
5 .....
6 .....
7 ..t..
8 .....
9 .....
0 .....
1 ....t
2 ....t
3 ..t..
4 .f...
5 .....
6 .....

Turn = 8.
  01234
0 .....
1 ....r
2 .tt..
3 ....h
4 .....
5 .....
6 .r...
7 ....h
8 .....
9 .....
0 ..h..
1 .....
2 .....
3 f..h.
4 ....f
5 .....
6 .....
7 ..t..
8 .....
9 .....
0 .....
1 ....t
2 ....t
3 ..t..
4 .f...
5 .....
6 .....

Turn = 10.
  01234
0 .....
1 .....
2 .tt.r
3 ....r
4 .....
5 .....
6 .....
7 ....h
8 .r...
9 .....
0 .....
1 .....
2 ..h..
3 f....
4 ....f
5 ...h.
6 .....
7 ..t..
8 .....
9 .....
0 .....
1 ....t
2 ....t
3 ..t..
4 .f...
5 .....
6 .....

Turn = 12.
  01234
0 .....
1 .....
2 .tt.r
3 ..r..
4 .....
5 .....
6 .....
7 ....h
8 .....
9 .....
0 .r...
1 .....
2 .....
3 f....
4 ..h.f
5 .....
6 .....
7 ..th.
8 .....
9 .....
0 .....
1 ....t
2 ....t
3 ..t..
4 .f...
5 .....
6 .....

Turn = 14.
  01234
0 .....
1 .....
2 .tt..
3 r....
4 ....r
5 .....
6 .....
7 ....h
8 .....
9 .....
0 .....
1 .....
2 .r...
3 f....
4 ....f
5 .....
6 ..h..
7 ..t..
8 .....
9 ...h.
0 .....
1 ....t
2 ....t
3 ..t..
4 .f...
5 .....
6 .....

Turn = 16.
  01234
0 .....
1 .....
2 rtt..
3 .....
4 .....
5 .....
6 ....r
7 ....h
8 .....
9 .....
0 .....
1 .....
2 .....
3 f....
4 .r..f
5 .....
6 ..t..
7 ..t..
8 .....
9 .....
0 .....
1 ...ht
2 ....t
3 ..t..
4 .f...
5 .....
6 .....

Turn = 18.
  01234
0 r....
1 .....
2 .tt..
3 .....
4 .....
5 .....
6 ....r
7 ....r
8 .....
9 .....
0 .....
1 .....
2 .....
3 f....
4 ....f
5 .....
6 .rt..
7 ..t..
8 .....
9 .....
0 .....
1 ....t
2 ....t
3 ..th.
4 .f...
5 .....
6 .....

Turn = 20.
  01234
0 .r...
1 .....
2 .tt..
3 .....
4 .....
5 .....
6 ..r..
7 ..r..
8 .....
9 .....
0 .....
1 .....
2 .....
3 f....
4 ....f
5 .....
6 ..t..
7 ..t..
8 .r...
9 .....
0 .....
1 ....t
2 ....t
3 ..tt.
4 .f...
5 .....
6 .....

*** Darwin 29x25 ***
Turn = 0.
  0123456789012345678901234
0 ..............r..........
1 .........................
2 ......f..................
3 .hh......................
4 .........................
5 ...h.....................
6 ..............t......t...
7 .............h...........
8 ............r.......ft...
9 ....r....................
0 ..............f..........
1 .........................
2 ............t............
3 .........................
4 f......................r.
5 ................t........
6 .........................
7 ...h.....................
8 .........................
9 .r.......................
0 .................h.......
1 .........................
2 ....................r....
3 ...............h.........
4 .........................
5 .........................
6 .....................r...
7 .........h...............
8 .........................

Turn = 10.
  0123456789012345678901234
0 ............r............
1 .........................
2 ......f..................
3 hh.......................
4 .......................r.
5 .........................
6 .....................t...
7 ...r.....................
8 ..............r.....tt...
9 .........................
0 ..............r..h.......
1 ...h.....................
2 ...h........t.r..........
3 .........................
4 f........................
5 ................t........
6 .........................
7 .........................
8 .........................
9 ....r......r.............
0 .........................
1 .........................
2 ..........r..............
3 ........................h
4 .........................
5 .........................
6 ...........r.............
7 h........................
8 .........................

*** Darwin 12x14 ***
Turn = 0.
  01234567890123
0 ...t.h........
1 ......h..r....
2 ..............
3 .........t..t.
4 .....h........
5 h....t.f......
6 .............h
7 ....f.......ft
8 f............r
9 .....f........
0 .......f..r...
1 .....t........

Turn = 2.
  01234567890123
0 ...t.hh.......
1 ...........r..
2 ..............
3 .........t..t.
4 .....h.......h
5 ..h..t.f......
6 ..............
7 ....f.......ft
8 f.........rr..
9 .....f........
0 .......f......
1 .....t........

Turn = 4.
  01234567890123
0 ...t.hh.......
1 .............r
2 .............h
3 .........t..t.
4 .....t........
5 ....ht.f......
6 ..........r...
7 ....f.......tt
8 f........r....
9 .....f........
0 .......f......
1 .....t........

Turn = 6.
  01234567890123
0 ...t.hh.......
1 .............r
2 .............r
3 .........t..t.
4 .....t....r...
5 ....tt.f......
6 ..............
7 ....f.......tt
8 f......r......
9 .....f........
0 .......f......
1 .....t........

Turn = 8.
  01234567890123
0 ...t.hh.......
1 ............r.
2 ..........rr..
3 .........t..t.
4 .....t........
5 ....tt.f......
6 ..............
7 ....f.......tt
8 f....r........
9 .....f........
0 .......f......
1 .....t........

Turn = 10.
  01234567890123
0 ...t.hh...r...
1 ..........r...
2 .........t....
3 .........t..t.
4 .....t........
5 ....tt.f......
6 ..............
7 ....f.......tt
8 f..r..........
9 .....f........
0 .......f......
1 .....t........

Turn = 12.
  01234567890123
0 ...t.hh....r..
1 ........r.....
2 .........t....
3 .........t..t.
4 .....t........
5 ....tt.f......
6 ..............
7 ....f.......tt
8 fr............
9 .....f........
0 .......f......
1 .....t........

Turn = 14.
  01234567890123
0 ...t.hh......r
1 ......r.......
2 .........t....
3 .........t..t.
4 .....t........
5 ....tt.f......
6 ..............
7 ....f.......tt
8 rr............
9 .....f........
0 .......f......
1 .....t........

Turn = 16.
  01234567890123
0 ...t.hh......r
1 ....r.........
2 .........t....
3 .........t..t.
4 .....t........
5 ....tt.f......
6 rr............
7 ....f.......tt
8 ..............
9 .....f........
0 .......f......
1 .....t........

Turn = 18.
  01234567890123
0 ...t.hh....r..
1 ..r...........
2 .........t....
3 .........t..t.
4 rr...t........
5 ....tt.f......
6 ..............
7 ....f.......tt
8 ..............
9 .....f........
0 .......f......
1 .....t........

Turn = 20.
  01234567890123
0 ...t.hh..r....
1 r.............
2 rr.......t....
3 .........t..t.
4 .....t........
5 ....tt.f......
6 ..............
7 ....f.......tt
8 ..............
9 .....f........
0 .......f......
1 .....t........

*** Darwin 20x16 ***
Turn = 0.
  0123456789012345
0 .....hr.r.......
1 f...............
2 ..............f.
3 ............f.r.
4 ................
5 ..t.............
6 ....f.......h...
7 ................
8 ...............f
9 ........h...t...
0 ................
1 ....h...........
2 ................
3 ................
4 ...............r
5 ...h............
6 ....r..r........
7 ...........h....
8 ................
9 ................

Turn = 5.
  0123456789012345
0 .....h.......r..
1 f...............
2 ...............r
3 ............f...
4 ...............r
5 ..t...r.........
6 ....f..........h
7 ................
8 ...............f
9 ...........ht...
0 ...h............
1 h......r........
2 ................
3 ................
4 ................
5 ................
6 ................
7 ..............h.
8 ...............r
9 ...r............

Turn = 10.
  0123456789012345
0 .....h.........r
1 f...............
2 ...............r
3 ............f...
4 ...............r
5 ..th............
6 ....f..r........
7 ...............r
8 ...............r
9 ...........tt...
0 ......r.........
1 h...............
2 ................
3 ................
4 ................
5 ................
6 ................
7 ...............h
8 ................
9 r...........r...

Turn = 15.
  0123456789012345
0 ...h.h.........r
1 f......r........
2 ................
3 ............rr..
4 ................
5 ..t............r
6 ....f...........
7 .............r.r
8 ................
9 ...........tt...
0 ................
1 h...............
2 ................
3 ................
4 ................
5 ......r.........
6 ................
7 ...............h
8 ................
9 .....r.r........

Turn = 20.
  0123456789012345
0 ...h.rr.........
1 f...............
2 ...............r
3 .......rr.......
4 ................
5 ..t.............
6 ....f...........
7 ........r.......
8 ................
9 ...........tt...
0 ...............r
1 h...............
2 ...............r
3 ................
4 ................
5 .......r........
6 ................
7 ...............h
8 .......r........
9 ....r...........

*** Darwin 5x20 ***
Turn = 0.
  01234567890123456789
0 .......r...t..f.....
1 r....f.f..........f.
2 ....t...........h...
3 ...tt.....ht.t......
4 .........t..rh......

Turn = 1.
  01234567890123456789
0 ......r....t..f.....
1 r....f.f..........f.
2 ....t.....h....h....
3 ...tt......t.t......
4 .........t..r.r.....

Turn = 2.
  01234567890123456789
0 r....r.....t..f.....
1 .....f.f..h.......f.
2 ....t.........h.....
3 ...tt......t.t......
4 .........t...r.r....

Turn = 3.
  01234567890123456789
0 r...r.....ht..f.....
1 .....f.f..........f.
2 ....t........h......
3 ...tt......t.t......
4 .........t...t..r...

Turn = 4.
  01234567890123456789
0 r..r......ht..f.....
1 .....f.f..........f.
2 ....t.......h.......
3 ...tt......t.t......
4 .........t...t...r..

Turn = 5.
  01234567890123456789
0 r.r.......tt..f.....
1 .....f.f..........f.
2 ....t......h........
3 ...tt......t.t......
4 .........t...t....r.

Turn = 6.
  01234567890123456789
0 .rr.......tt..f.....
1 .....f.f..........f.
2 ....t.....h.........
3 ...tt......t.t......
4 .........t...t.....r

Turn = 7.
  01234567890123456789
0 .rr.......tt..f.....
1 .....f.f..........f.
2 ....t....h..........
3 ...tt......t.t......
4 .........t...t.....r

Turn = 8.
  01234567890123456789
0 .r........tt..f.....
1 .r...f.f..........f.
2 ....t...h...........
3 ...tt......t.t.....r
4 .........t...t......

Turn = 9.
  01234567890123456789
0 r.........tt..f.....
1 .....f.f..........f.
2 .r..t..h...........r
3 ...tt......t.t......
4 .........t...t......

Turn = 10.
  01234567890123456789
0 r.........tt..f.....
1 .....f.f..........fr
2 ....t.h.............
3 .r.tt......t.t......
4 .........t...t......
