*** Darwin 10x10 ***
Turn = 0.
  0123456789
0 rrrrrrrrrr
1 ..........
2 ..........
3 ..........
4 ..........
5 ..........
6 ..........
7 ..........
8 ..........
9 ..........

Turn = 10.
  0123456789
0 ..r.......
1 ..........
2 ..........
3 r.........
4 ..........
5 ..........
6 ......r.r.
7 r..rr.....
8 ..........
9 .r....rr..

Turn = 20.
  0123456789
0 ..........
1 .r........
2 .....r....
3 ..........
4 ..rr......
5 ..........
6 ..........
7 r........r
8 ..........
9 rrr......r

Turn = 30.
  0123456789
0 rr........
1 .r.......r
2 .r........
3 rr........
4 ..........
5 ....r.....
6 ..........
7 ..........
8 .r........
9 ..r.......

Turn = 40.
  0123456789
0 .r........
1 ...r....r.
2 ....r.....
3 .........r
4 ..........
5 ..........
6 ..........
7 ..........
8 r......r..
9 r.......rr

Turn = 50.
  0123456789
0 r........r
1 ..........
2 ......r..r
3 ..........
4 ..........
5 ..........
6 ...r......
7 ....r.....
8 ...r......
9 r.....r..r

Turn = 60.
  0123456789
0 rrr...r...
1 r.........
2 r.........
3 ..........
4 ..........
5 .....r....
6 ..........
7 ..........
8 .........r
9 .rr.......

Turn = 70.
  0123456789
0 ..r...r..r
1 ..........
2 .r....r...
3 ..........
4 .r..r.....
5 r.........
6 r.........
7 ..........
8 ..........
9 .........r

Turn = 80.
  0123456789
0 r.....r...
1 .........r
2 ..........
3 .........r
4 .......rr.
5 ........r.
6 r.........
7 .........r
8 ..........
9 ......r...

Turn = 90.
  0123456789
0 ..r.......
1 ..........
2 .r......r.
3 r.........
4 ..........
5 ..........
6 r.........
7 ..........
8 .....r....
9 r....rr..r

Turn = 100.
  0123456789
0 .r...r....
1 ..........
2 ........r.
3 ..........
4 .........r
5 r.........
6 ..........
7 r.........
8 r.........
9 r.....r..r

*** Darwin 10x10 ***
Turn = 0.
  0123456789
0 r.f.r.r.t.
1 .tr..h....
2 .r..fhr...
3 r...rrt..r
4 ht...t...f
5 .h.ff.ht..
6 ....f.h...
7 ..t..t.fr.
8 h.....t.hr
9 .t...h....

Turn = 5.
  0123456789
0 rttt....t.
1 .t..rh....
2 ...r.r....
3 rr..rrrr..
4 .t...t...f
5 ...ff..tt.
6 ....f.t...
7 r.t..ttt..
8 hh...t.t..
9 tt...h..h.

Turn = 10.
  0123456789
0 rrtrr...t.
1 rr.......r
2 rr.r......
3 .t........
4 .t.ttrr..f
5 ........r.
6 ......t..r
7 .rtrtttt..
8 .r.r.t.t..
9 .r.rtt..h.

Turn = 15.
  0123456789
0 rr.rr...rt
1 r.r.....r.
2 r.r.r.....
3 ..r.......
4 rr.ttt...f
5 ..r...t...
6 r.....t...
7 r...tttt..
8 ....rttt..
9 ..rrr..rhr

Turn = 20.
  0123456789
0 rr...rr.tt
1 r.....r...
2 .rr.rr.r..
3 ..r.......
4 ...t..t.rr
5 ..tr..t...
6 ..rrr...r.
7 ....tttt..
8 .r..t.t.r.
9 rr..r..rr.

Turn = 25.
  0123456789
0 ...rr...tr
1 ........tr
2 r.r.......
3 .r..rt....
4 rr.tttt..r
5 r.rt..t..r
6 r...t.....
7 rr..tttt..
8 ....t.tt.r
9 ...rr....r

Turn = 30.
  0123456789
0 rr...r..tt
1 ..r...r.tt
2 .r........
3 .r...t....
4 ...rrtrr.r
5 r..rr.rr..
6 ..rrrt....
7 ...r.ttt..
8 ....t.tt..
9 rr..t..t..

Turn = 35.
  0123456789
0 ......rttt
1 r.....rttr
2 ..r......r
3 r....t....
4 rrr.rt....
5 r...tt....
6 .r...t.t.r
7 ...ttttt..
8 r...t.tt..
9 r..rt..t..

Turn = 40.
  0123456789
0 rrr...rrrt
1 rr..rr..tt
2 .......r.t
3 .......r..
4 ...r...r..
5 ....tt....
6 .....t.t..
7 ..tttttt..
8 r...r.tt..
9 .r.rr.ttr.

Turn = 45.
  0123456789
0 rr.r.r..rt
1 r....r..tt
2 ........tt
3 r.......rr
4 .r........
5 ....tt.r..
6 ..rt.t.t..
7 ..rrtttt..
8 ...rt.tt..
9 r...t.ttt.

Turn = 50.
  0123456789
0 ...r....rt
1 ..r.....tr
2 ..rrrrrr.r
3 ..rr......
4 .....r....
5 ....tr....
6 r.rrt.r...
7 rr.r.ttt..
8 ......tttr
9 ...rt.ttt.

*** Darwin 15x15 ***
Turn = 0.
  012345678901234
0 hr.......f.....
1 .......h..t.t..
2 ......t...h.t..
3 ..hh....h......
4 ...............
5 .....rr........
6 ...t...........
7 ...r.......hr..
8 .........f.h...
9 .f.t..f..hf....
0 ..........f....
1 ...t...t....h..
2 ............th.
3 ..............h
4 .....ff......tr

Turn = 100.
  012345678901234
0 rr...r.......rr
1 .....r.........
2 .....r..r......
3 r.......rr.....
4 rr......r......
5 ........r......
6 ........r.....r
7 .r......r......
8 ..r............
9 ......r........
0 .r............r
1 ...r.........r.
2 rr.............
3 rr.r...........
4 .rrr.....r..r.r

Turn = 200.
  012345678901234
0 rrrr..r.r......
1 r.r..r........r
2 r.....r....r...
3 r..............
4 .r.r....r..r...
5 ........r......
6 ...............
7 ..r............
8 ...............
9 .............r.
0 ..............r
1 r....rr.....r..
2 .....r...r.....
3 .....rr.......r
4 r....rr..rr....

Turn = 300.
  012345678901234
0 r..r..r.r.r.r..
1 .r...r...rr....
2 r............rr
3 rr.....r......r
4 ....r.........r
5 ..........r....
6 .............r.
7 ..r....r.......
8 ..r..r.........
9 ...............
0 r..............
1 r..............
2 ...r...........
3 ...rr........r.
4 r...r.rr......r

Turn = 400.
  012345678901234
0 ..r....rr.rrr..
1 .r.............
2 r.r...r........
3 ..........r....
4 ......r.r....r.
5 r....r.r......r
6 r.r.r..........
7 ........r....r.
8 ..r............
9 ...............
0 ...............
1 ..r....r.....r.
2 ...r........r.r
3 ..r....r.......
4 r....r..r.r....

Turn = 500.
  012345678901234
0 ..rr.........rr
1 ...............
2 ...............
3 r..............
4 r.............r
5 r.r.r..........
6 r......r.......
7 ..r....rr......
8 .......r.......
9 r.r..r......r..
0 ......rr.......
1 ...rr..........
2 .....r.........
3 r.....r........
4 rr.rr.rrrr..r..

Turn = 600.
  012345678901234
0 .....r.........
1 r..r..r....r...
2 .......rr....rr
3 .....r.r.......
4 .....rrr....rrr
5 .......r.......
6 rr......r...r..
7 ...............
8 ............r..
9 .............rr
0 ..............r
1 .r..........r..
2 ..r.....r.rrr..
3 ..........r....
4 ....r......r...

Turn = 700.
  012345678901234
0 r....rr......r.
1 r..r.....r..rr.
2 .r............r
3 ..............r
4 ............r..
5 r.........r....
6 ...............
7 rr............r
8 ..............r
9 ..r.........r.r
0 ..r............
1 .......r.......
2 ....r.rr..r....
3 .....rr..r.....
4 ......r.rr..r.r

Turn = 800.
  012345678901234
0 r..r.....rr..r.
1 .............r.
2 .....r........r
3 r..r..rrr....r.
4 ..r......r....r
5 rr......r.r....
6 ........r.r....
7 .........r.r...
8 ...............
9 ...............
0 .....r.....r..r
1 ...............
2 r..rr..........
3 r....r.........
4 .......rr....r.

Turn = 900.
  012345678901234
0 ..rr.......rrrr
1 r............rr
2 .........r.....
3 ....r...r...r..
4 ....r......r.r.
5 ..r..........rr
6 ...............
7 r.r............
8 r......r.......
9 r.............r
0 ..............r
1 r..............
2 .r......r.....r
3 ..........r..r.
4 ....r....rr...r

Turn = 1000.
  012345678901234
0 ....rr.......rr
1 ....rrr......r.
2 r.....r.r......
3 r.....r........
4 ...r...........
5 r..r...........
6 ..r...........r
7 rrrrr.........r
8 r.rr...........
9 r.r............
0 r...r..........
1 r....r.........
2 ...............
3 r..............
4 ...r......r....

*** Darwin 100x100 ***
Turn = 0.
  0123456789012345678901234567890123456789012345678901234567890123456789012345678901234567890123456789
0 h...........................r....r.r............f...................................................
1 .f...................................r.........r.r..................................................
2 .....h...f...............................................r...f......................................
3 ..........t.h.....................r...............r.................................................
4 ...................t..h......t......................................................................
5 .................f........................h.............f...........................................
6 ...r................................................................................................
7 .............................h..........................r...........................................
8 .................t..........h...........................r...........................................
9 ...................t..............................r.t......f........................................
0 ...........h.........rf....t........................................................................
1 ....................................................................................................
2 ....................................................................................................
3 ....................................................................................................
4 ....................................................................................................
5 ....................................................................................................
6 ....................................................................................................
7 ....................................................................................................
8 ....................................................................................................
9 ....................................................................................................
0 ....................................................................................................
1 ....................................................................................................
2 ....................................................................................................
3 .....r..............................................................................................
4 ....................................................................................................
5 ....................................................................................................
6 ....................................................................................................
7 ........t...........................................................................................
8 ....................................................................................................
9 ....................................................................................................
0 ....................................................................................................
1 ....................................................................................................
2 ....................................................................................................
3 ....................................................................................................
4 ....................................................................................................
5 .......f............................................................................................
6 ..f.................................................................................................
7 t...................................................................................................
8 ....................................................................................................
9 ....................................................................................................
0 ......rf............................................................................................
1 t...................................................................................................
2 ..r.................................................................................................
3 ...h................................................................................................
4 ...h................................................................................................
5 ....................................................................................................
6 ....................................................................................................
7 ....................................................................................................
8 ......f.............................................................................................
9 ....................................................................................................
0 ....................................................................................................
1 ....................................................................................................
2 ....................................................................................................
3 ....................................................................................................
4 ....................................................................................................
5 ....................................................................................................
6 ....................................................................................................
7 ....................................................................................................
8 ....................................................................................................
9 ....................................................................................................
0 ....................................................................................................
1 ....................................................................................................
2 ....................................................................................................
3 ....................................................................................................
4 ....................................................................................................
5 ....................................................................................................
6 ....................................................................................................
7 ....................................................................................................
8 ....................................................................................................
9 ....................................................................................................
0 ....................................................................................................
1 ....................................................................................................
2 ....................................................................................................
3 ....................................................................................................
4 ....................................................................................................
5 ....................................................................................................
6 ....................................................................................................
7 ....................................................................................................
8 ....................................................................................................
9 ....................................................................................................
0 ....................................................................................................
1 ....................................................................................................
2 ....................................................................................................
3 ....................................................................................................
4 ....................................................................................................
5 ....................................................................................................
6 ....................................................................................................
7 ....................................................................................................
8 ....................................................................................................
9 ....................................................................................................
0 ....................................................................................................
1 ....................................................................................................
2 ....................................................................................................
3 ....................................................................................................
4 ....................................................................................................
5 ....................................................................................................
6 ....................................................................................................
7 ....................................................................................................
8 ....................................................................................................
9 ....................................................................................................

Turn = 25.
  0123456789012345678901234567890123456789012345678901234567890123456789012345678901234567890123456789
0 ........r....................................r..f..............................r....................
1 ........r.............r................r..................................r.........................
2 ........rf............................r.............................................................
3 ..........t..............r..........................................................................
4 ...................t........tt......................................................................
5 .................f...............r..................................................................
6 ....................................................................................................
7 ....................................................................................................
8 .................t...............................................................r..................
9 ...................t........t.......................t......f........................................
0 ......................f....ttt......................................................................
1 ....................................................................................................
2 r...................................................................................................
3 ....................................................................................................
4 ....................................................................................................
5 ......r.............................................................................................
6 ....................................................................................................
7 ....................................................................................................
8 ..r.................................................................................................
9 ....................................................................................................
0 ................................r...................................................................
1 ..............................r.....................................................................
2 r...........................................................r.......................................
3 r...................................................................................................
4 ....................................................................................................
5 ....................................................................................................
6 .....................................r..............................................................
7 ........t...........................................................................................
8 ............h.....................r.................................................................
9 ....................................................................................................
0 ....................................................................................................
1 ....................................................................................................
2 ....................................................................................................
3 ....................................................................................................
4 ....................................................................................................
5 .......f...h.........r..............................................................................
6 ....................................................................................................
7 t...................................................................................................
8 ....................................................................................................
9 ....................................................................................................
0 .......f............................................................................................
1 t...................................................................................................
2 ....................................................................................................
3 ............................h.......................................................................
4 ....................................................................................................
5 ....................................................................................................
6 ....................................................................................................
7 ....................................................................................................
8 ......f.............................................................................................
9 ....................................................................................................
0 ....................................................................................................
1 ....................................................................................................
2 ....................................................................................................
3 ....................................................................................................
4 ....................................................................................................
5 ....................................................................................................
6 ....................................................................................................
7 ....................................................................................................
8 ....................................................................................................
9 ....................................................................................................
0 ....................................................................................................
1 ....................................................................................................
2 ....................................................................................................
3 ....................................................................................................
4 ....................................................................................................
5 ....................................................................................................
6 ....................................................................................................
7 ....................................................................................................
8 ....................................................................................................
9 ...h................................................................................................
0 ....................................................................................................
1 ....................................................................................................
2 ....................................................................................................
3 ....................................................................................................
4 ....................................................................................................
5 ....................................................................................................
6 ....................................................................................................
7 ....................................................................................................
8 ....................................................................................................
9 ....................................................................................................
0 ....................................................................................................
1 ....................................................................................................
2 ....................................................................................................
3 ....................................................................................................
4 ....................................................................................................
5 ....................................................................................................
6 ....................................................................................................
7 ....................................................................................................
8 ....................................................................................................
9 ....................................................................................................
0 ....................................................................................................
1 ....................................................................................................
2 ....................................................................................................
3 ....................................................................................................
4 ....................................................................................................
5 ....................................................................................................
6 ....................................................................................................
7 ....................................................................................................
8 ....................................................................................................
9 ....................................................................................................

Turn = 50.
  0123456789012345678901234567890123456789012345678901234567890123456789012345678901234567890123456789
0 ..r............rrr...............r...................................r.............................r
1 ..............................r....................................................................r
2 ...............r...................................................................................r
3 ....................................................................................................
4 ...................t........tt......................................................................
5 .................f..........t.......................................................................
6 ....................................................................................................
7 ......................r.............................................................................
8 .................t..................................................................................
9 ...................t........t.......................t......f........................................
0 ......................f....ttt......................................................................
1 ....................................................................................................
2 ..........rr........................................................................................
3 ....................................................................................................
4 ....................................................................................................
5 ....................................................................................................
6 ....................................................................................................
7 ....................................................................................................
8 ....................................................................................................
9 ....................................................................................................
0 ....................................................................................................
1 ....................................................................................................
2 ....................................................................................................
3 ................................................r...................................................
4 ....................................................................................................
5 ........r...........................................................................................
6 ....................................................................................................
7 ........t...........................................................................................
8 ....................................................................................................
9 ....................................................................................................
0 ....................................................................................................
1 ....................................................................................................
2 ....................................................................................................
3 .......r............................................................................................
4 ....................................................................................................
5 .......r............................................................................................
6 r........r..........................................................................................
7 .r..................................................................................................
8 ....................................................................................................
9 ....................................................................................................
0 .......f............................................................................................
1 t...................................................................................................
2 ....................................................................................................
3 .....................................................h..............................................
4 ....................................................................................................
5 ................................r...................................................................
6 ..............................r.....................................................................
7 ............................................................r.......................................
8 ......f.............................................................................................
9 ....................................................................................................
0 ....................................................................................................
1 .....................................r..............................................................
2 ....................................................................................................
3 ............h.....................r.................................................................
4 ....................................................................................................
5 ....................................................................................................
6 ....................................................................................................
7 ....................................................................................................
8 ....................................................................................................
9 ....................................................................................................
0 ...........h.........r..............................................................................
1 ....................................................................................................
2 ....................................................................................................
3 ....................................................................................................
4 ....................................................................................................
5 ....................................................................................................
6 ....................................................................................................
7 ....................................................................................................
8 ....................................................................................................
9 ....................................................................................................
0 ....................................................................................................
1 ....................................................................................................
2 ....................................................................................................
3 ....................................................................................................
4 ....................................................................................................
5 ....................................................................................................
6 ....................................................................................................
7 ....................................................................................................
8 ....................................................................................................
9 ....................................................................................................
0 ....................................................................................................
1 ....................................................................................................
2 ....................................................................................................
3 ....................................................................................................
4 ....................................................................................................
5 ....................................................................................................
6 ....................................................................................................
7 ....................................................................................................
8 ....................................................................................................
9 ....................................................................................................
0 ....................................................................................................
1 ....................................................................................................
2 ....................................................................................................
3 ....................................................................................................
4 ...h................................................................................................
5 ....................................................................................................
6 ....................................................................................................
7 ....................................................................................................
8 ....................................................................................................
9 ....................................................................................................

Turn = 75.
  0123456789012345678901234567890123456789012345678901234567890123456789012345678901234567890123456789
0 ...........................r.......r....r.................r...................rr....................
1 .......................................................r....................r.......................
2 ...........................................................................r........................
3 ....................................................................................................
4 ...................t........tt......................................................................
5 .................f..........t.......................................................................
6 ....................................................................................................
7 ....................................................................................................
8 .......r.........t..................................................................................
9 ...................t................................t......f........................................
0 .............r...............t......................................................................
1 r...................................................................................................
2 ....................................................................................................
3 ....................................................................................................
4 ....................................................................................................
5 ....................................................................................................
6 ....................................................................................................
7 ....................................................................................................
8 ....................................................................................................
9 ....................................................................................................
0 ....................................................................................................
1 ....................................................................................................
2 ....................................................................................................
3 ............................r.......................................................................
4 ...............rr...................................................................................
5 ...........................r........................................................................
6 ........t...........................................................................................
7 ........t...........................................................................................
8 ....................................................................................................
9 ....................................................................................................
0 ....................................................................................................
1 ......................r.............................................................................
2 ....................................................................................................
3 ....................................................................................................
4 ....................................................................................................
5 ................................r...................................................................
6 ..................................r.................................................................
7 ..........rr..............r.........................................................................
8 ....................................................................................................
9 ....................................................................................................
0 .......f............................................................................................
1 .....................r..............................................................................
2 ....................................................................................................
3 ..............................................................................h.....................
4 ....................................................................................................
5 ....................................................................................................
6 ....................................................................................................
7 ....................................................................................................
8 ......f.........................................r...................................................
9 ....................................................................................................
0 ....................................................................................................
1 ....................................................................................................
2 ....................................................................................................
3 ....................................................................................................
4 ....................................................................................................
5 ....................................................................................................
6 ....................................................................................................
7 ....................................................................................................
8 ....................................................................................................
9 ....................................................................................................
0 r...................................................................................................
1 ....................................................................................................
2 ....................................................................................................
3 ....................................................................................................
4 ....................................................................................................
5 ....................................................................................................
6 ....................................................................................................
7 ....................................................................................................
8 ....................................................................................................
9 ....................................................................................................
0 ................................r...................................................................
1 ..............................r.....................................................................
2 ............................................................r.......................................
3 ....................................................................................................
4 ....................................................................................................
5 ....................................................................................................
6 .....................................r..............................................................
7 ....................................................................................................
8 ............h.....................r.................................................................
9 ....................................................................................................
0 ....................................................................................................
1 ....................................................................................................
2 ....................................................................................................
3 ....................................................................................................
4 ....................................................................................................
5 ...........h.........r..............................................................................
6 ....................................................................................................
7 ....................................................................................................
8 ....................................................................................................
9 ....................................................................................................
0 ....................................................................................................
1 ....................................................................................................
2 ....................................................................................................
3 ....................................................................................................
4 ....................................................................................................
5 ....................................................................................................
6 ....................................................................................................
7 ....................................................................................................
8 ....................................................................................................
9 ...h................................................................................................

Turn = 100.
  0123456789012345678901234567890123456789012345678901234567890123456789012345678901234567890123456789
0 ....................................................r.......r....r..................................
1 r...................................................................................................
2 ..................................................r.................................................
3 ....r...............................................................................................
4 ...................t........tt......................................................................
5 .................f..........t.......................................................................
6 ....................................................................................................
7 ....................................................................................................
8 .................t..................................................................................
9 ...................t................................t......f........................................
0 .............................t......................................................................
1 ....................................................................................................
2 ....................................................................................................
3 ....................................................................................................
4 ....................................................................r...............................
5 .................................................................rr..rr.............................
6 ....................................................................................................
7 ....................................................................................................
8 ....................................................................................................
9 ....................................................................................................
0 ....................................................................................................
1 ....................................................................................................
2 ....................................................................................................
3 ....................................................................................................
4 ....................................................................................................
5 ....................................................................................................
6 ........t...........................................................................................
7 ........t...........................................................................................
8 ....................................................................................................
9 ....................................................................................................
0 ....................................................................................................
1 ....................................................................................................
2 ....................................................................................................
3 ....................................................................................................
4 ....................................................................................................
5 .........................................................r..........................................
6 r..........................................................r........................................
7 ...................................................r................................................
8 ....................................................................................................
9 ....................................................................................................
0 .......f............................................................................................
1 ..............................................r.....................................................
2 ....................................................................................................
3 ...................................................................................................h
4 ....................................................................................................
5 ....................................................................................................
6 ....................................................................................................
7 ....................................................................................................
8 ......f.....................r.......................................................................
9 ...............rr...................................................................................
0 ...........................r........................................................................
1 ....................................................................................................
2 ....................................................................................................
3 ....................................................................................................
4 ....................................................................................................
5 ....................................................................................................
6 ......................r.............................................................................
7 ....................................................................................................
8 ....................................................................................................
9 ....................................................................................................
0 ....................................................................................................
1 ....................................................................................................
2 ..........rr........................................................................................
3 ....................................................................................................
4 ....................................................................................................
5 ....................................................................................................
6 ....................................................................................................
7 ....................................................................................................
8 ....................................................................................................
9 ....................................................................................................
0 ....................................................................................................
1 ....................................................................................................
2 ....................................................................................................
3 ................................................r...................................................
4 ....................................................................................................
5 ....................................................................................................
6 ....................................................................................................
7 ....................................................................................................
8 ....................................................................................................
9 ....................................................................................................
0 ....................................................................................................
1 ....................................................................................................
2 ....................................................................................................
3 ....................................................................................................
4 ....................................................................................................
5 r...................................................................................................
6 ....................................................................................................
7 ....................................................................................................
8 ....................................................................................................
9 ....................................................................................................
0 ....................................................................................................
1 ....................................................................................................
2 ....................................................................................................
3 ....................................................................................................
4 ....................................................................................................
5 ................................r...................................................................
6 ..............................r.....................................................................
7 ............................................................r.......................................
8 ....................................................................................................
9 ...h.......hh..................r....r.r.............................................................

*** Darwin 50x50 ***
Turn = 0.
  01234567890123456789012345678901234567890123456789
0 ..................................................
1 ................................f.................
2 .............f....................................
3 .f...............f................................
4 .............................f...r................
5 .......h.......h.....h............................
6 ....fh............................................
7 ...........h....f.......r.........................
8 ...f..............................................
9 .........f........h...............................
0 ...r.......r........r.............................
1 ....h.....h..r.......h............................
2 ..................................................
3 ......h.h.........................................
4 ...........hr......r..............................
5 .........h.....r..................................
6 ..................h...............................
7 ..h...........f..f................................
8 r........h.f......................................
9 ..................................................
0 f......h....................f.....................
1 ........rf.r..................fr..................
2 ..............r...................................
3 .......h...............r........f.r...............
4 ..................................................
5 ...........f.......h..............................
6 ........h.................f.......................
7 ..h...............................................
8 ......................h...........................
9 ..............................r...................
0 ..........r..............h........................
1 ..................................................
2 ........h.......r.................................
3 ..................................................
4 ..................................................
5 ..................................................
6 ..................................................
7 ..................................................
8 ..................................................
9 ..................................................
0 ..................................................
1 ..................................................
2 ..................................................
3 ..................................................
4 ..................................................
5 ..................................................
6 ..................................................
7 ..................................................
8 ..................................................
9 ..................................................

Turn = 6.
  01234567890123456789012345678901234567890123456789
0 .....h.........h..................................
1 ................................f.................
2 .............f....................................
3 .f...............fh...............................
4 ...........................rr.....................
5 .............h.............h......................
6 ....f.............................................
7 ...............hf.r...............................
8 ...f..h...........................................
9 .........f........................................
0 .........r.......r........r.......................
1 h...h............r................................
2 r...............r.r...............................
3 .............rh...................................
4 .....h............................................
5 ..................................................
6 ........r...h..r..............r...................
7 .......h....rrr..f.....r..........................
8 ...h...h...f......................................
9 ..................................................
0 f............r..............f.....................
1 .....rr...................r.......................
2 ..................................................
3 ..................................................
4 ..................................................
5 ...........f.............h........................
6 ..h.......................f.....rr................
7 ........h.........................................
8 ................h.................................
9 ....................................r.............
0 ................r..............h..................
1 ..................................................
2 ..h...................r...........................
3 ..................................................
4 ..................................................
5 ..................................................
6 ..................................................
7 ..................................................
8 ..................................................
9 ..................................................
0 ..................................................
1 ..................................................
2 ..................................................
3 ..................................................
4 ..................................................
5 ..................................................
6 ..................................................
7 ..................................................
8 ..................................................
9 ..................................................

Turn = 12.
  01234567890123456789012345678901234567890123456789
0 .....h.........h..h...............................
1 ................................f.................
2 ......h......f....................................
3 .f..............rf................................
4 .....................rr...........................
5 .................r.h.............h................
6 ....f...........r.................................
7 r............r....................................
8 ...f........r..rr.................................
9 .........f........................................
0 ........r..............r......r.r.................
1 h.............r........r..........................
2 ....r..h..........................................
3 ....................h.............................
4 h.................................................
5 ..................................................
6 ......h...........................................
7 ...........r.....f................................
8 h.................r...............................
9 ..........rr......................................
0 f..................r........f.....................
1 rr..................r.............................
2 ...............r..................................
3 ............r.....................................
4 ..................................................
5 ...........f...................h..................
6 h.........................f.......................
7 ..............h...................................
8 ..........h.......................................
9 ..........................................r.......
0 ......................r..............h............
1 ..................................................
2 h...........................r...rr................
3 ..................................................
4 ..................................................
5 ..................................................
6 ..................................................
7 ..................................................
8 ..................................................
9 ..................................................
0 ..................................................
1 ..................................................
2 ..................................................
3 ..................................................
4 ..................................................
5 ..................................................
6 ..................................................
7 ..................................................
8 ..................................................
9 ..................................................

Turn = 18.
  01234567890123456789012345678901234567890123456789
0 .....hh........h.rr...............................
1 r................r..............f.................
2 ............rr....................................
3 .f...........rr...................................
4 ........r....r.rr.............r...................
5 ..............r........r.h.............h..........
6 ....f..h..........................................
7 ..................................................
8 ...f..............................................
9 .........f........................................
0 .............................r........r...........
1 h.................................................
2 ..........r.......................................
3 ..........................h.......................
4 h..............rr.................................
5 ..................................................
6 rr................................................
7 ................rr................................
8 h.................................................
9 ..................................................
0 f..............r.........r..f.....................
1 ..............r...................................
2 ..................................................
3 ..................................................
4 ...........r......................................
5 r.........rr.........................h............
6 ..........................f.......................
7 r...................h.............................
8 ....h..........r..................................
9 ............r...................................r.
0 ............................r..............h......
1 ..................................................
2 h.................................r...............
3 ..................................................
4 ..................................................
5 ..................................................
6 ..................................................
7 ..................................................
8 ................................rr................
9 ..................................................
0 ..................................................
1 ..................................................
2 ..................................................
3 ..................................................
4 ..................................................
5 ..................................................
6 ..................................................
7 ..................................................
8 ..................................................
9 ..................................................

Turn = 24.
  01234567890123456789012345678901234567890123456789
0 ....rhhr.r....rrr.....rr.......r..................
1 .......h...r..r.................f.................
2 .......r..........................................
3 .f................................................
4 .......r....r.....................................
5 ...................r...........h.............h....
6 ....f.............................................
7 ..................................................
8 ...f.........r....................................
9 .........f........................................
0 .r.................................r........r.....
1 h................r................................
2 ................r.................................
3 ................................h.................
4 h.................................................
5 ..................................................
6 ............................r.....................
7 ..................................................
8 r.................................................
9 ..................................................
0 r........r.....rr.............r...................
1 ........r.........................................
2 r...............r.................................
3 ..................................................
4 ................r.................................
5 ......r....................................h......
6 ..........................f.......................
7 ..........................h.......................
8 h.................................................
9 ..................................................
0 ..................................r..............h
1 r.........rr......................................
2 ........................................r.........
3 r................................................r
4 ...............r..................................
5 ............r.....................................
6 ..................................................
7 ..................................................
8 ..................................................
9 ..................................................
0 ..................................................
1 ..................................................
2 ..................................................
3 ..................................................
4 ................................rr................
5 ..................................................
6 ..................................................
7 ..................................................
8 ..................................................
9 ..................................................

Turn = 30.
  01234567890123456789012345678901234567890123456789
0 .r..r..h..r..........r.......r.......r............
1 ........r.......................f.................
2 .r................................................
3 .f....r...........................................
4 .r....r.rr....rr..................................
5 .r...............r....r..r...........h...........h
6 ....f.............................................
7 ..................................................
8 ...f..............................................
9 .........f........................................
0 ............................r............r.......r
1 h.................................................
2 ......................r...........................
3 ......................................h...........
4 h............r....................................
5 ..................................................
6 ..................................................
7 ..................................................
8 ..................................................
9 ..................................................
0 ...r................................r.............
1 ..r...............................................
2 ..................................................
3 ..................................................
4 r.....................r...........................
5 ............r....................................h
6 r..............rr.........f.......................
7 r...............................h.................
8 r...............r.................................
9 r.................................................
0 ........................................r........h
1 ..................................................
2 ..............................................r...
3 ..................................................
4 ..................................................
5 ..................................................
6 ..................................................
7 ..........rr......................................
8 ..................................................
9 r................................................r
0 ...............r..................................
1 ............r.....................................
2 ..................................................
3 ..................................................
4 ..................................................
5 ..................................................
6 ..................................................
7 ..................................................
8 ..................................................
9 ................................rr................

Turn = 36.
  01234567890123456789012345678901234567890123456789
0 .......h........rr.........r.......r.......r......
1 r.r.............................f.................
2 .r................................................
3 rf.........r......................................
4 rr..........................r.....................
5 .......r.......................r...........h.....h
6 ....f.............................................
7 ..................................................
8 ...f.....r........................................
9 ..................................................
0 ........rr....rr...............................r..
1 h.....................r...........................
2 ............................r.....................
3 ............................................h.....
4 h.................................................
5 ..................................................
6 .................................................r
7 ..................................................
8 ..................................................
9 ..................................................
0 .............r............................r.......
1 ..................................................
2 r.................................................
3 r.................................................
4 r...........................r.....................
5 ..................r..............................h
6 ..........................f.......................
7 ......r...............................h...........
8 ..................................................
9 ..................................................
0 r.............................................r..h
1 ..................................................
2 ...............rr.................................
3 r.................................................
4 ................r................................r
5 r.................................................
6 ..................................................
7 ..................................................
8 ..................................................
9 ..................................................
0 ..................................................
1 ..................................................
2 ..................................................
3 ..........rr......................................
4 ................................r.................
5 r................................................r
6 ...............r..................................
7 ............r.....................................
8 ..................................................
9 .......................................r..........

Turn = 42.
  01234567890123456789012345678901234567890123456789
0 .r.....h...............r...r.....r.......r.......r
1 r...............................f.................
2 .......r..........................................
3 ..................................................
4 ...............r..................................
5 r............r..r....................r..........hh
6 .r..f.............................................
7 ..................................................
8 ...rr.............................................
9 ..................................................
0 rr................................................
1 h.................................................
2 ..................................r..............r
3 .................................................r
4 h.................................................
5 ..................................................
6 ........rr....rr..................................
7 ......................r...........................
8 r.................................................
9 ..................................................
0 ................................................r.
1 ..................................................
2 .................................................r
3 ....r.r...........................................
4 ..................................r...............
5 ........................r........................h
6 .............r............f.......................
7 ............r...............................h.....
8 ................................................r.
9 ..................................................
0 ..................................................
1 ..................................................
2 ..................................................
3 .................................................r
4 ..................................................
5 ..................................................
6 r.................................................
7 ..................................................
8 ...............rr...............r.................
9 r.................................................
0 ................r................................r
1 r.................................................
2 ..................................................
3 ..................................................
4 ..................................................
5 ..................................................
6 ..................................................
7 ..................................................
8 ...............r..................................
9 .r........rr..r..............................r..r.

Turn = 48.
  01234567890123456789012345678901234567890123456789
0 ....r.rr.................r.............r.......r..
1 .........................r......f................r
2 .............r....................................
3 ..................................................
4 ..................................................
5 ...........................................r....hh
6 ....f.............................................
7 ..................................................
8 .................................................r
9 r.............r...................................
0 ....r..........r..................................
1 r...............r.................................
2 ........................................r.........
3 r..rr.............................................
4 r.................................................
5 r.................................................
6 .r...............................................r
7 .................................................r
8 ..................................................
9 ..................................................
0 ..................................................
1 ..................................................
2 ........rr..r.rr................................r.
3 ..........rr..........r...........................
4 ........................................r.........
5 ..............................r..................r
6 ..........................f.......................
7 ................................................h.
8 .................................................r
9 ..................................................
0 ..................................................
1 ..................................................
2 .............r..................r.................
3 ..................................................
4 ..................................................
5 ..................................................
6 ..................................................
7 ..................................................
8 ..................................................
9 .................................................r
0 ..................................................
1 ..................................................
2 r.................................................
3 ..............rr..................................
4 ..............r.r.................................
5 r.................................................
6 ................r................................r
7 r.............................................rr..
8 .......r..........................................
9 ......r.........r.................................

Turn = 54.
  01234567890123456789012345678901234567890123456789
0 ..r.r........r.....r.........................r....
1 ................................f.................
2 ...................r..............................
3 r................................................r
4 ...............................................r.r
5 ...............................................r.r
6 ....f...........................................r.
7 .........................r........................
8 ..................................................
9 ..................................................
0 ..........r.......................................
1 ..................................................
2 ....r.........................................r...
3 ..................................................
4 ......r...........................................
5 ..............r...................................
6 ............r..r................................r.
7 ................r.................................
8 r.................................................
9 ...rr............................................r
0 ..................................................
1 r.................................................
2 .r...............................................r
3 ..................................................
4 ..............................................r..r
5 ....................................r.............
6 ..........................f.....r.................
7 ..............................................r...
8 ........rrr...rr..................................
9 ...........r..........r...........................
0 ..................................................
1 ..................................................
2 ..................................................
3 ..................................................
4 .................................................r
5 ..................................................
6 ..................................................
7 ..............r...................................
8 .............r....................................
9 ..................................................
0 ..................................................
1 ..............................................rr..
2 .......r..........................................
3 .....................r............................
4 ........r.........................................
5 .................................................r
6 ..................................................
7 r.................................................
8 r..............r..................................
9 .r.........r......r...r........................r..

Turn = 60.
  01234567890123456789012345678901234567890123456789
0 r..............................................r.r
1 r...............................f...............r.
2 ................r........r........................
3 r................r..........................r.....
4 .........................................r.r......
5 ..................................................
6 ....f.............................................
7 ..................................................
8 ..................................................
9 ..................................................
0 ............r...r................................r
1 ................................................r.
2 ..........r......................................r
3 .........................r........................
4 ............r.....................................
5 ..................................................
6 ..................................................
7 ..................................................
8 ..................................................
9 ..................................................
0 ................................r.................
1 ..............r...................................
2 ...............r...............................r..
3 ................r..............................r..
4 r.................................................
5 ...rr.....................................r.......
6 ..........................f.......................
7 r.......................................r.......r.
8 .r...............................................r
9 ..................................................
0 ..................................................
1 ..................................................
2 ...............r..................................
3 .............r....................................
4 ........rrr....r..................................
5 ...........r..........r.......................rr..
6 .......r..........................................
7 ..................................................
8 ..................................................
9 ..................................................
0 .................................................r
1 ..................................................
2 ..................................................
3 ...........................r......................
4 ..r..........r....................................
5 ..................................................
6 ..................................................
7 ..................................................
8 ....r....r........................................
9 r......r.........r......r...r............r.......r

