*** Darwin 8x8 ***
Turn = 0.
  01234567
0 f.......
1 ........
2 ........
3 ...hh...
4 ...hh...
5 ........
6 ........
7 .......f

Turn = 1.
  01234567
0 f.......
1 ........
2 ...h....
3 .....h..
4 ..h.....
5 ....h...
6 ........
7 .......f

Turn = 2.
  01234567
0 f.......
1 ...h....
2 ........
3 ......h.
4 .h......
5 ........
6 ....h...
7 .......f

Turn = 3.
  01234567
0 f..h....
1 ........
2 ........
3 .......h
4 h.......
5 ........
6 ........
7 ....h..f

Turn = 4.
  01234567
0 f..h....
1 ........
2 ........
3 .......h
4 h.......
5 ........
6 ........
7 ....h..f

Turn = 5.
  01234567
0 f..h....
1 ........
2 ........
3 .......h
4 h.......
5 ........
6 ........
7 ....h..f

*** Darwin 5x5 ***
Turn = 0.
  01234
0 .....
1 ..r..
2 rrr..
3 .r...
4 .....

Turn = 1.
  01234
0 .....
1 ...r.
2 rr...
3 .rr..
4 .....

Turn = 2.
  01234
0 .....
1 r...r
2 .r...
3 .....
4 .rr..

Turn = 3.
  01234
0 r....
1 ....r
2 r....
3 .....
4 .rr..

Turn = 4.
  01234
0 r....
1 .....
2 r...r
3 .....
4 r..r.

Turn = 5.
  01234
0 r....
1 r....
2 .....
3 ....r
4 r...r

Turn = 6.
  01234
0 r....
1 r....
2 .....
3 ....r
4 r...r

Turn = 7.
  01234
0 .r...
1 r....
2 .....
3 ...rr
4 r....

Turn = 8.
  01234
0 ..r..
1 .....
2 r...r
3 ..r..
4 r....

Turn = 9.
  01234
0 ...r.
1 ....r
2 .....
3 rr...
4 .r...

Turn = 10.
  01234
0 ....r
1 ....r
2 .....
3 r....
4 r.r..

*** Darwin 38x9 ***
Turn = 0.
  012345678
0 .........
1 ....r..h.
2 ......h..
3 ..h....t.
4 ..r......
5 .........
6 ....r....
7 h........
8 .......r.
9 .........
0 ...h..f.t
1 t........
2 ...r.t...
3 .....f.h.
4 ......r..
5 .f.t.....
6 .........
7 .........
8 r........
9 ..r..r...
0 tt..h....
1 ..t......
2 h...r....
3 ...rh....
4 .f.f.....
5 t.f......
6 ..f......
7 ......t..
8 ..f......
9 .........
0 ......r..
1 ..f......
2 ..r......
3 ..f.h..t.
4 r......t.
5 tt.......
6 .f.......
7 .f.......

Turn = 1.
  012345678
0 .........
1 .....r...
2 .......h.
3 ..h...tt.
4 .r.......
5 .........
6 ...r.....
7 .......r.
8 h........
9 .........
0 ....h.f.t
1 t........
2 .....t.h.
3 ...r.f...
4 .........
5 .f.t..r..
6 .........
7 r........
8 .....r...
9 ...r.....
0 tt.......
1 ..t.h....
2 ...r.....
3 h.r..h...
4 .f.f.....
5 t.f......
6 ..f......
7 ......t..
8 ..f......
9 .........
0 .......r.
1 ..r......
2 ..r......
3 r.fh...t.
4 .......t.
5 tt.......
6 .f.......
7 .f.......

Turn = 2.
  012345678
0 .........
1 ......r..
2 .......h.
3 ......tt.
4 r.h......
5 .........
6 ..r....r.
7 .........
8 .........
9 h........
0 .....hf.t
1 t......h.
2 .....t...
3 .....f...
4 ...r.....
5 .f.t.....
6 r.....r..
7 .....r...
8 .........
9 ....r....
0 tt.......
1 ..t......
2 ..r.h....
3 .r....h..
4 tf.f.....
5 t.f......
6 ..f......
7 ......t..
8 ..f......
9 .........
0 ........r
1 ..rr.....
2 r........
3 ..fh...t.
4 .......t.
5 tt.......
6 .t.......
7 .f.......

Turn = 3.
  012345678
0 .........
1 .......r.
2 .......h.
3 ......tt.
4 r........
5 ..h....r.
6 .r.......
7 .........
8 .........
9 .........
0 t....hfht
1 t........
2 .....t...
3 .....t...
4 ...r.....
5 rf.......
6 ...r.r...
7 ......r..
8 .........
9 .....r...
0 tt.......
1 ..t......
2 .r.......
3 r...h..h.
4 tf.f.....
5 t.f......
6 ..f......
7 ......t..
8 ..f......
9 .........
0 ..r.....r
1 r...r....
2 .........
3 ..fh...t.
4 .......t.
5 tt.......
6 .t.......
7 .f.......

Turn = 4.
  012345678
0 .........
1 ........r
2 .......h.
3 r.....tt.
4 .......r.
5 .........
6 r.h......
7 .........
8 .........
9 .......h.
0 t....hf.t
1 t........
2 .....t...
3 .....t...
4 r........
5 .f.r.r...
6 .........
7 ...r.....
8 ......r..
9 ......r..
0 tt.......
1 ..t......
2 r........
3 r.......h
4 tt.fh....
5 t.f......
6 ..f......
7 ......t..
8 ..f......
9 ..r.....r
0 r........
1 .....r...
2 .........
3 ..fh...t.
4 .......t.
5 tt.......
6 .t.......
7 .f.......

Turn = 5.
  012345678
0 .........
1 ........r
2 r......t.
3 ......tr.
4 .......r.
5 .........
6 r........
7 ..h......
8 .......h.
9 .........
0 t....hf.t
1 t........
2 .....t...
3 r....t...
4 .....r...
5 .f.......
6 ...r.....
7 .........
8 ...r..r..
9 .......r.
0 tt.......
1 ..t......
2 r........
3 r.......h
4 tt.f.....
5 t.f.h....
6 ..f......
7 ......t..
8 ..r.....r
9 r.r......
0 .........
1 ......r..
2 .........
3 ..fh...t.
4 .......t.
5 tt.......
6 .t.......
7 .t.......

Turn = 6.
  012345678
0 .........
1 r........
2 .......tr
3 ......tr.
4 .......r.
5 r........
6 .........
7 .......h.
8 ..h......
9 .........
0 t....hf.t
1 t........
2 r....t...
3 .....r...
4 .....r...
5 .f.......
6 .........
7 ...r.....
8 .....r...
9 ...r....r
0 tt.......
1 ..t......
2 r........
3 t.......h
4 tt.f.....
5 t.f......
6 ..f.h....
7 ......t.r
8 r.rr.....
9 .........
0 .........
1 .......r.
2 .........
3 ..fh...t.
4 .......t.
5 tt.......
6 .t.......
7 .t.......

Turn = 7.
  012345678
0 r........
1 .........
2 .......t.
3 ......trr
4 r......r.
5 .........
6 .......h.
7 .........
8 .........
9 ..h......
0 t....hf.t
1 r........
2 r....t...
3 .....r...
4 .....r...
5 .f.......
6 .........
7 .........
8 ...rr....
9 ........r
0 tt.r.....
1 ..t......
2 t........
3 t.......h
4 tt.f.....
5 t.f......
6 ..f.....r
7 r.r.h.t..
8 ....r....
9 .........
0 .........
1 ........r
2 .........
3 ..fh...t.
4 .......t.
5 tt.......
6 .t.......
7 .t.......

Turn = 8.
  012345678
0 r........
1 .........
2 .......t.
3 r.....tt.
4 .......tr
5 .......h.
6 .........
7 .........
8 .........
9 .........
0 t.h..hf.t
1 r........
2 r....t...
3 .....t...
4 ......r..
5 .f.......
6 .........
7 .........
8 ...r....r
9 ...r.....
0 tt.......
1 ..tr.....
2 t........
3 t.......h
4 tt.f.....
5 t.f.....r
6 r.r......
7 ..r.h.t..
8 .....r...
9 .........
0 .........
1 ........r
2 .........
3 ..fh...t.
4 .......t.
5 tt.......
6 .t.......
7 .t.......

Turn = 9.
  012345678
0 .r.......
1 .........
2 r......t.
3 ......tt.
4 .......t.
5 .......hr
6 .........
7 .........
8 .........
9 .........
0 t....hf.t
1 r.h......
2 r....t...
3 .....t...
4 .......r.
5 .f.......
6 .........
7 ........r
8 ..r......
9 .........
0 tt.r.....
1 ..t......
2 t..r.....
3 t.......h
4 tt.f....r
5 t.f......
6 t.rr.....
7 ......t..
8 ....h.r..
9 .........
0 ........r
1 .........
2 .........
3 ..fh...t.
4 .......t.
5 tt.......
6 .t.......
7 .t.......

Turn = 10.
  012345678
0 ..r......
1 r........
2 .......t.
3 ......tt.
4 .......t.
5 .......t.
6 ........r
7 .........
8 .........
9 .........
0 t....hf.t
1 t........
2 t.h..t...
3 .....t...
4 ........r
5 .f.......
6 ........r
7 .........
8 .r.......
9 .........
0 tt.......
1 ..tt.....
2 t........
3 t..r....r
4 tt.f....r
5 t.r......
6 t.r.r....
7 ......t..
8 .......r.
9 ....h...r
0 .........
1 .........
2 .........
3 ..fh...t.
4 .......t.
5 tt.......
6 .t.......
7 .t.......

*** Darwin 1x1 ***
Turn = 0.
  0
0 t

Turn = 1.
  0
0 t

Turn = 2.
  0
0 t

Turn = 3.
  0
0 t

Turn = 4.
  0
0 t

Turn = 5.
  0
0 t

*** Darwin 1x1 ***
Turn = 0.
  0
0 r

Turn = 1.
  0
0 r

Turn = 2.
  0
0 r

Turn = 3.
  0
0 r

Turn = 4.
  0
0 r

Turn = 5.
  0
0 r

*** Darwin 42x42 ***
Turn = 0.
  012345678901234567890123456789012345678901
0 ..........................................
1 ..........................................
2 ..........................................
3 ...................t......................
4 ...................t......................
5 ...................t......................
6 ...................t......................
7 ...................t......................
8 ...................t......................
9 ..........................................
0 ..........................................
1 ..........................................
2 ..........................................
3 ..........................................
4 ..........................................
5 ..........................................
6 ..........................................
7 ..........................................
8 ..........................................
9 ..........................................
0 ..........................................
1 ..........................................
2 ..........................................
3 ..........................................
4 ..........................................
5 ..........................................
6 ..........................................
7 ..........................................
8 ..........................................
9 ..........................................
0 ..........................................
1 ..........................................
2 ..........................................
3 ..........................................
4 ..........................................
5 ..........................................
6 ..........................................
7 ..........................................
8 ..........................................
9 ..........................................
0 ..........................................
1 ..........................................

Turn = 20.
  012345678901234567890123456789012345678901
0 ..........................................
1 ..........................................
2 ..........................................
3 ...................t......................
4 ...................t......................
5 ...................t......................
6 ...................t......................
7 ...................t......................
8 ...................t......................
9 ..........................................
0 ..........................................
1 ..........................................
2 ..........................................
3 ..........................................
4 ..........................................
5 ..........................................
6 ..........................................
7 ..........................................
8 ..........................................
9 ..........................................
0 ..........................................
1 ..........................................
2 ..........................................
3 ..........................................
4 ..........................................
5 ..........................................
6 ..........................................
7 ..........................................
8 ..........................................
9 ..........................................
0 ..........................................
1 ..........................................
2 ..........................................
3 ..........................................
4 ..........................................
5 ..........................................
6 ..........................................
7 ..........................................
8 ..........................................
9 ..........................................
0 ..........................................
1 ..........................................

Turn = 40.
  012345678901234567890123456789012345678901
0 ..........................................
1 ..........................................
2 ..........................................
3 ...................t......................
4 ...................t......................
5 ...................t......................
6 ...................t......................
7 ...................t......................
8 ...................t......................
9 ..........................................
0 ..........................................
1 ..........................................
2 ..........................................
3 ..........................................
4 ..........................................
5 ..........................................
6 ..........................................
7 ..........................................
8 ..........................................
9 ..........................................
0 ..........................................
1 ..........................................
2 ..........................................
3 ..........................................
4 ..........................................
5 ..........................................
6 ..........................................
7 ..........................................
8 ..........................................
9 ..........................................
0 ..........................................
1 ..........................................
2 ..........................................
3 ..........................................
4 ..........................................
5 ..........................................
6 ..........................................
7 ..........................................
8 ..........................................
9 ..........................................
0 ..........................................
1 ..........................................

Turn = 60.
  012345678901234567890123456789012345678901
0 ..........................................
1 ..........................................
2 ..........................................
3 ...................t......................
4 ...................t......................
5 ...................t......................
6 ...................t......................
7 ...................t......................
8 ...................t......................
9 ..........................................
0 ..........................................
1 ..........................................
2 ..........................................
3 ..........................................
4 ..........................................
5 ..........................................
6 ..........................................
7 ..........................................
8 ..........................................
9 ..........................................
0 ..........................................
1 ..........................................
2 ..........................................
3 ..........................................
4 ..........................................
5 ..........................................
6 ..........................................
7 ..........................................
8 ..........................................
9 ..........................................
0 ..........................................
1 ..........................................
2 ..........................................
3 ..........................................
4 ..........................................
5 ..........................................
6 ..........................................
7 ..........................................
8 ..........................................
9 ..........................................
0 ..........................................
1 ..........................................

Turn = 80.
  012345678901234567890123456789012345678901
0 ..........................................
1 ..........................................
2 ..........................................
3 ...................t......................
4 ...................t......................
5 ...................t......................
6 ...................t......................
7 ...................t......................
8 ...................t......................
9 ..........................................
0 ..........................................
1 ..........................................
2 ..........................................
3 ..........................................
4 ..........................................
5 ..........................................
6 ..........................................
7 ..........................................
8 ..........................................
9 ..........................................
0 ..........................................
1 ..........................................
2 ..........................................
3 ..........................................
4 ..........................................
5 ..........................................
6 ..........................................
7 ..........................................
8 ..........................................
9 ..........................................
0 ..........................................
1 ..........................................
2 ..........................................
3 ..........................................
4 ..........................................
5 ..........................................
6 ..........................................
7 ..........................................
8 ..........................................
9 ..........................................
0 ..........................................
1 ..........................................

Turn = 100.
  012345678901234567890123456789012345678901
0 ..........................................
1 ..........................................
2 ..........................................
3 ...................t......................
4 ...................t......................
5 ...................t......................
6 ...................t......................
7 ...................t......................
8 ...................t......................
9 ..........................................
0 ..........................................
1 ..........................................
2 ..........................................
3 ..........................................
4 ..........................................
5 ..........................................
6 ..........................................
7 ..........................................
8 ..........................................
9 ..........................................
0 ..........................................
1 ..........................................
2 ..........................................
3 ..........................................
4 ..........................................
5 ..........................................
6 ..........................................
7 ..........................................
8 ..........................................
9 ..........................................
0 ..........................................
1 ..........................................
2 ..........................................
3 ..........................................
4 ..........................................
5 ..........................................
6 ..........................................
7 ..........................................
8 ..........................................
9 ..........................................
0 ..........................................
1 ..........................................

*** Darwin 56x42 ***
Turn = 0.
  012345678901234567890123456789012345678901
0 h.................f.......f......rr.......
1 r...........................r..f...h......
2 ..f................h......................
3 ...........r..f.............t.............
4 ..........rf...........t..r......h........
5 ..r..r.r.......r................t..h....h.
6 .hf..........ht..............f............
7 ............f.f.....ft..........t.........
8 .................t...................r....
9 ............r...r..t......f...............
0 ..............h...........t...h...........
1 ..........f...............r..........f....
2 f..ht.......ft...............r....r.....r.
3 ..........f.......................h.......
4 ................h..................hf.....
5 ....................t...................t.
6 .....................r...........f......r.
7 .....hf..........................f....ff..
8 ...................f...r..................
9 .........tf...............................
0 .............................h............
1 .t..t.............h......rr....ht.f.......
2 ....................h........f............
3 ..........................t.......h.......
4 ..............t...............r.......f...
5 r.................h....f...........r......
6 .t........f............f..................
7 .............h...t.........hr....r..t.....
8 .........r...t............................
9 ..........................r....h..........
0 .....t.............................f.h....
1 ...............f.........f.t..............
2 ...............t.........r..t.............
3 t...f...h...............f.................
4 ..f...........t...........t.............t.
5 .................................f....h...
6 .........t..........r..........r..........
7 ............fr.h..........................
8 .f......fr..............t.................
9 r....f....h....................t..........
0 ......t........f..........................
1 ......r......t.......................h...r
2 ....r.........................r......h....
3 ..........................................
4 f....fh..t......f....f..r.................
5 ..r......r.............f.............h..t.
6 ...................h.....................h
7 .........t.......t.....f.....r............
8 ..........................................
9 ..........t....................h..........
0 f.......................r..........h......
1 .....r..........h..........r...ht.........
2 ...t.....f...................r............
3 ......h.....f.............r.....h.t.......
4 .............r.h.....h...............h.f..
5 ....................................r.....

Turn = 1.
  012345678901234567890123456789012345678901
0 r.................f.......f......r.r......
1 r............................r.f....h.....
2 ..f.......................................
3 ..........rr..f....h........t.............
4 ............r..r.......t.r................
5 .r....r......h..................tt.....h..
6 h.f....r......t..............f.....h......
7 ............f.t.....ft..........t....r....
8 .................t........................
9 ...........r.......t......f...............
0 .............h..r.........t....h..........
1 ..........f...............t.......r..f....
2 f...t.......ft..............r.............
3 ...h......f......................h......r.
4 ...............h..................h.f.....
5 ....................tr..................t.
6 .................................f.......r
7 .....hf................r.........f....ff..
8 ...................f......................
9 .........tf...............................
0 ..........................r....h..........
1 .t..t...............h....r...h..t.f.......
2 ..................h..........f............
3 ..........................t...r...........
4 ..............t...................h...f...
5 r..................h...f............r.....
6 .t........f............f.........r........
7 ..............h..t........h..r......t.....
8 ........r....t.................h..........
9 .........................r................
0 .....t.............................f......
1 ...............f.........f.t.........h....
2 ...............t........r...t.............
3 t...f....h..............f.................
4 ..f...........t...........t.............t.
5 .................................f.....h..
6 .........t....................r...........
7 ............rr......r.....................
8 .f......f......h........t.................
9 r....f...r.h...................t..........
0 ......t........f.........................r
1 .............t.......................h....
2 ......r........................r.....h....
3 ....r.....................................
4 f....f...t......f....f.r..................
5 ......h..t.............f................t.
6 ..r...............h..................h....
7 .........t.......t.....f....r............h
8 ..........................................
9 ..........t.....................h.........
0 f....r..........h..........r...h..........
1 ........................r.......t..h......
2 ...t.....f....................r...........
3 ............f..h.........r.....h..t..h....
4 ......h.....r..........................f..
5 .....................h..............r.....

Turn = 2.
  012345678901234567890123456789012345678901
0 r.................f.......f.........r.....
1 r.............................rf.r...h....
2 ..f.......r...............................
3 ..............fr............t.............
4 ...........r.r.....h...tr.................
5 r......r.....h..................tt....h...
6 h.f...........t..............f.......r....
7 .......r....f.t.....tt..........t..h......
8 .................t........................
9 ..........r........t......f...............
0 ............h.............t.....h.r.......
1 ..........f.....r.........t..........f....
2 f...t.......tt.............r..............
3 ..........f.....................h.........
4 ...h..........h......r...........h..f...t.
5 ....................t...................t.
6 .......................r.........f.......r
7 .....hf..........................f....ff..
8 ...................f......................
9 .........tf...............r....h..........
0 ....................h....r................
1 .t..t........................h..t.f.......
2 .............................fr...........
3 ..................h.......t...............
4 r.............t.......................f...
5 ....................h..f.........rh..r....
6 .t........f............f..................
7 ...............h.t.......h....rh....t.....
8 .......r.....t............................
9 ........................r.................
0 .....t.............................f......
1 ...............t.........f.t..............
2 ...............t.......r....t........h....
3 t...f.....h.............f.................
4 ..f...........t...........t.............t.
5 .................................f......h.
6 .........t..r................r............
7 ............r.............................
8 rf......f...........r...t.................
9 .....f......h..h...............t.........r
0 ......t..r.....f..........................
1 .............t.......................h....
2 ................................r....h....
3 ......r...................................
4 f...rf...t......f....fr...................
5 .........t.............f................t.
6 ......h..........h........................
7 ..r......t.......t.....f...r.........h....
8 .........................................h
9 .....r....t.....h..........r...h.h........
0 f.........................................
1 ................................t.........
2 ...t.....f.....h........r......r...h.h....
3 ............f...........r.....h...t.......
4 ...........r...........................f..
5 ......h..............h.............r......

Turn = 3.
  012345678901234567890123456789012345678901
0 .r................f.......f..........r....
1 r.........r...................rr......h...
2 ..f............r.................r........
3 ..............f.............t.............
4 .............hr........rr.................
5 r.......r..r.......h............tt...r....
6 h.f...........t..............f.......r....
7 ............f.t.....tt..........t.........
8 .......r.........t.................h......
9 .........r.........t......f.......r.......
0 ...........h..............t......h........
1 ..........f...............t..........f....
2 f...t.......tt..r.........r...............
3 ..........f..........r.........h..........
4 .............h..................h...f...t.
5 ...h................t..r................tr
6 .................................f........
7 .....hf..........................f....ff..
8 ...................f......r....h..........
9 .........tt.........h....r................
0 ..........................................
1 .t..t........................hr.t.f.......
2 .............................f............
3 r.........................t...............
4 ..............t...h..............r....f...
5 .....................h.f..............r...
6 .t........f............f.......r..h.......
7 ................ht......h.....r.....t.....
8 ......r......t............................
9 .......................r..................
0 .....t.............................f......
1 ...............t.........f.t..............
2 ...............t......r.....t.............
3 t...f......h............f............h....
4 ..f...........t...........t.............t.
5 ............r....................f......t.
6 .........t..................r.............
7 r..........r..............................
8 .f......f...............t................r
9 .....f.......h.h....r..........t..........
0 ......t........f..........................
1 .........r...t.......................h....
2 .................................r...h....
3 ..........................................
4 f....fr..t......f....rr...................
5 ....r....t.............f................t.
6 ................h.........................
7 ......h..t.......t.....f..r...............
8 ..r..r..........h..........r...h.....h....
9 ..........t.......................h......h
0 f.........................................
1 ...............h................t....h....
2 ...t.....f..............r.......r.........
3 ............f..........r.....h....tt......
4 ..........r............................f..
5 ......h..............h............r.......

Turn = 4.
  012345678901234567890123456789012345678901
0 r.r.......r.......f.......f....r......r...
1 ...............r..............r........h..
2 ..f.......................................
3 .............hf.............t....r........
4 ...............r.......rr.................
5 r........r......................tt..rr....
6 r.f........r..t....h.........f............
7 ............f.t.....tt..........t.........
8 .................t................r.......
9 .......rr..........t......t........h......
0 ..........h...............t.......h.......
1 ..........f...............t..........f....
2 f...t.......tt.......r....t...............
3 ..........f.....r.............h...........
4 ............h..........r.......h....f...tr
5 ....................t...................t.
6 ...h.............................f........
7 .....hf...................r....h.f....ff..
8 ...................fh....r................
9 .........tt...............................
0 ..............................r...........
1 .t..t........................h..t.f.......
2 r............................f............
3 ..........................t......r........
4 ..............t.......................f...
5 ..................h...hf.......r.......r..
6 .t........f............f..................
7 ................tt.....h.......r..h.t.....
8 .....r.......t............................
9 ......................r...................
0 .....t.............................f......
1 ...............t.........f.t..............
2 ...............t.....r......t.............
3 t...f.......h...........f.................
4 ..f.........r.t...........t..........h..t.
5 .................................f......t.
6 r........t.................r..............
7 ..........r..............................r
8 .f......f...............t.................
9 .....f........hh...............t..........
0 ......t........f....r.....................
1 .............t.......................h....
2 .........r........................r..h....
3 .....................r....................
4 f....f...t......f....r....................
5 ......r..t.............f................t.
6 ....r..........h..........................
7 .....r...t......ht.....f.r.r...h..........
8 ......h...................................
9 ..r.......t........................h.h....
0 f..............h.....................h...h
1 ................................t.........
2 ...t.....f.............r.........r........
3 ............f.........r.....h.....tt......
4 .........r.............................f..
5 ......h..............h...........r........

Turn = 5.
  012345678901234567890123456789012345678901
0 r..r......r....r..f.......f...rr.......r..
1 ........................................h.
2 ..f..........h............................
3 ..............f.........r...t.............
4 ................r................r...r....
5 r.........r............r........tt.r......
6 ..f...........t..............f............
7 r..........rf.t....htt..........t.r.......
8 .................t........................
9 .......r...........t......t...............
0 .......r.h................t.......hh......
1 ..........f..........r....t..........f....
2 f...t.......tt............t...............
3 ..........f............r.....h...........r
4 ...........h....r.............h.....f...t.
5 ....................t...................t.
6 ..........................r....h.f........
7 ...h.hf.............h....r.......f....ff..
8 ...................f......................
9 .........tt...................r...........
0 ..........................................
1 rt..t........................h..t.f.......
2 .............................f...r........
3 ..........................t...............
4 ..............t................r......f...
5 ......................hf................r.
6 .t........f.......h....f..................
7 ................tt....h.........r...t.....
8 ....r........t....................h.......
9 .....................r....................
0 .....t.............................f......
1 ...............t.........f.t..............
2 ...............t....r.......t.............
3 t...f.......rh..........f.................
4 ..f...........t...........t.............t.
5 r................................f...h..t.
6 .........t................r..............r
7 .........r................................
8 .f......f...............t.................
9 .....f........hh...............t..........
0 ......t........f..........................
1 .............t......r................h....
2 .....................r.............r.h....
3 .........r................................
4 f....f...t......f...r.....................
5 .........t.............f................t.
6 .....rr.......h.h..........r...h..........
7 ....r....t.......t.....fr.................
8 ..........................................
9 ......h...t....h....................hh....
0 f.r..................................h....
1 ................................t........h
2 ...t.....f............r...........t.......
3 ............f........r.....h......tt......
4 ........r..............................f..
5 ......h..............h..........r.........

Turn = 6.
  012345678901234567890123456789012345678901
0 r...r....r.....r..f.......f...rr........r.
1 .............h...........................h
2 ..f.....................r.................
3 ..............f.............t........r....
4 .................r...............r........
5 .r.........r....................ttr.......
6 ..f...........t........r.....f....r.......
7 ............f.t.....tt..........t.........
8 r..........r.....t.h......................
9 ......r............t......t...............
0 ........h............r....t.......h.......
1 .......r..f...............t........h.f....
2 f...t.......tt.........r..t..............r
3 ..........f.................h.............
4 ..........h..................h......f...t.
5 ................r...t.....r....h........t.
6 ....................h....r.......f........
7 .....hf..........................f....ff..
8 ...h...............f..........r...........
9 .........tt...............................
0 r.........................................
1 .t..t........................h..trf.......
2 .............................f............
3 ..........................t....r..........
4 ..............t.......................f...
5 ......................hf.................r
6 .t........f............f..................
7 ................tth..h...........r..t.....
8 ...r.........t............................
9 ....................r.............h.......
0 .....t.............................f......
1 ...............t.........f.t..............
2 ............r..t...r........t.............
3 t...f.........t.........f.................
4 r.f...........t...........t.............t.
5 .................................f......tr
6 .........t...............r...........h....
7 ........r.................................
8 .f......f...............t.................
9 .....f........hh...............t..........
0 ......t........f..........................
1 .............t.......r...............h....
2 ....................r...............rh....
3 .........r................................
4 f....f...r......f..r......................
5 .....r..........h......f...r...h........t.
6 .........r...h............................
7 ......r..t.......t.....rr.................
8 ....r..........h..........................
9 ..........t.........................hh....
0 f.....h..............................h....
1 ..r.............................t.........
2 ...t.....f...........r............t......h
3 ............f.......r.....h.......tt......
4 .......r...............................f..
5 ......h..............h.........r..........

Turn = 7.
  012345678901234567890123456789012345678901
0 r....r..r....hr...f.......f...rr.........r
1 ........................r................h
2 ..f..................................r....
3 ..............f.............t.............
4 ..................r..............r........
5 ..r.........r...................ttr.......
6 ..f...........t..............f....r.......
7 ............f.t.....tt.r........t.........
8 .................t.h......................
9 r....r.....r.......t.r....t...............
0 .......h..................t........h......
1 ..........f............r..t..........f...r
2 f...t..r....tt............t........h......
3 ..........f................h..............
4 .........h................r.h..h....f...t.
5 ....................t....r..............t.
6 ................r...h............f........
7 .....hf.......................r..f....ff..
8 ...................f......................
9 r..h.....tt...............................
0 .................................r........
1 .t..t........................h..t.f.......
2 .............................f.r..........
3 ..........................t...............
4 ..............t.......................f...
5 ......................hf.................r
6 .t........f............f..................
7 ................ttt.h.............r.t.....
8 ..r..........t............................
9 ...................r......................
0 .....t............................hf......
1 ............r..t.........f.t..............
2 ...............t..r.........t.............
3 r...f.........t.........f.................
4 r.f...........t...........t.............t.
5 .................................f......tt
6 .........t..............r.................
7 .......r.............................h....
8 .f......f...............t.................
9 .....f........hh...............t..........
0 ......t........f.....r....................
1 .............t.......................r....
2 ....................................rr....
3 .........r..........r.....................
4 f....r..........f.r........r...h..........
5 .....r...r......h......f................t.
6 .........r..h..........r..................
7 ...............h.t.....r..................
8 ......r..r................................
9 ....r.....t.........................hh....
0 f....................................h....
1 ......h.........................t.........
2 ..rt.....f..........r.............t.......
3 ............f......r.....h........tt.....h
4 ......r................................f..
5 ......h..............h........r...........

Turn = 8.
  012345678901234567890123456789012345678901
0 r.....rr.....rr...f.....r.f...rr.........r
1 .....................................r...h
2 ..f.......................................
3 ..............f.............t.............
4 ...................r.............r........
5 ...r.........r..................ttt.......
6 ..f...........t..............f....t.......
7 ............f.t.....tt..........t.........
8 .................t.t.r.r..................
9 ....r..............t......t...............
0 r.....h....r...........r..t.........h....r
1 ..........f...............t..........f....
2 f...t.......tt............t...............
3 .......r..f...............r....h...h......
4 ........h................rrh........f...t.
5 ....................t...................t.
6 ....................h.........r..f........
7 .....hf.........r................f....ff..
8 r..................f......................
9 .........tt......................r........
0 ...h......................................
1 .t..t........................h.rt.f.......
2 .............................f............
3 ..........................t...............
4 ..............t.......................f...
5 ......................hf..................
6 .t........f............f.................r
7 ................ttth...............rt.....
8 .r...........t............................
9 ..................r.......................
0 .....t......r......................f......
1 ...............t.........f.t......h.......
2 ...............t.r..........t.............
3 r...f.........t.........f.................
4 r.f...........t...........t.............t.
5 .................................f......tt
6 .........t.............r..................
7 ......r...................................
8 .f......f...............t............h....
9 .....f........hh.....r.........t..........
0 ......t........f..........................
1 .............t.......................r....
2 ....................................rr....
3 ........r..................r...h..........
4 f....r..........fr..r.....................
5 .....r...r......h......r................t.
6 ...........h...h.......r..................
7 .........r.......t....r...................
8 ..........................................
9 ......r..rt.........................hh....
0 f...r................................h....
1 ................................t.........
2 ...t..h..f.........r..............t.......
3 ..r.........f.....r.....h.........tt......
4 .....r.................................f.h
5 ......h..............h.......r............

Turn = 9.
  012345678901234567890123456789012345678901
0 r.....rr.....rr...f.....r.f...r......r...r
1 ...............................r.........h
2 ..f.......................................
3 ..............f.............t.............
4 ....................r............r........
5 ....r.........r.................ttt.......
6 ..f...........t..............f....t.......
7 ............f.t.....tr..........t.........
8 .................t.t.r....................
9 ...r...............t...r..t..............r
0 .....h.................r..t..........h....
1 r.........fr..............t..........f....
2 f...t.......tt............t....h..........
3 ..........f..............rr...............
4 .......rh.................rh.......hf...t.
5 ....................t.........r.........t.
6 ....................h............f........
7 r....hf..........................f....ff..
8 ................r..f.............r........
9 .........tt...............................
0 ...............................r..........
1 .t.tt........................h..t.f.......
2 .............................f............
3 ..........................t...............
4 ..............t.......................f...
5 ......................hf..................
6 .t........f............f..................
7 ................ttth...............rr....r
8 r............t............................
9 ............r....r........................
0 .....t.............................f......
1 ...............t.........f.t..............
2 ...............tr...........t.....h.......
3 .r..f.........t.........f.................
4 .rf...........t...........t.............t.
5 .................................f......tt
6 .........t............r...................
7 .....r....................................
8 .f......f............r..t.................
9 .....f........hh...............t.....h....
0 ......t........f..........................
1 .............t......................r.....
2 ...........................r...h....r.....
3 .......r............................r.....
4 f...r...........rr........................
5 ....r...r......hh...r..rr...............t.
6 ..........h...............................
7 .................t...r....................
8 .........r................................
9 ..........t.........................hh....
0 f.....r..r...........................h....
1 ....r...........................t.........
2 ...t.....f........r...............t.......
3 ......h.....f....r.....h..........tt......
4 ..r.r..................................f..
5 ......h..............h......r............h

Turn = 10.
  012345678901234567890123456789012345678901
0 .r.....r....r.r...f....r..f...r......r...r
1 ......r..................................h
2 ..f............................r..........
3 ..............f.............t.............
4 .....................r...........t........
5 .....r.........r................ttt.......
6 ..f...........t......r.......f....t.......
7 ............f.t.....tr..........t.........
8 .................t.t.....................r
9 ..r................t...r..t...............
0 ....h.................r...t...........h...
1 r.........f...............t....h.....f....
2 ....t......rtt...........rt...............
3 r.........f...............t...............
4 .......h..................th..r.....f...t.
5 .......r............t..............h....t.
6 r...................t............f........
7 .....hf..........................r....ff..
8 ...................f.............r........
9 .........tt.....r..............r..........
0 ..........................................
1 .t.tt........................h..t.f.......
2 .............................f............
3 ..........................t...............
4 ..............t.......................f...
5 ......................hf..................
6 .t........f............f............r.....
7 ................ttth...............r......
8 r...........rt...........................r
9 ................r.........................
0 .....t.............................f......
1 ...............t.........f.t..............
2 ...............tt...........t.............
3 ..r.f.........t.........f.........h.......
4 .rr...........t...........t.............t.
5 .................................f......tt
6 .........t...........r....................
7 ....r................r....................
8 .f......f...............t.................
9 .....f........hh...............t..........
0 ......t........f.....................h....
1 .............t.............r...h...r......
2 ...................................r......
3 ......r...................................
4 f..r...........hrr.....r............r.....
5 ...r...r........r........r..............t.
6 .........h..........r.....................
7 .................t..r.....................
8 ..........................................
9 .........rt.........................hh....
0 f....................................h....
1 ......r..r......................t.........
2 ...tt....f.......r................t.......
3 ............f...r.....h...........tt......
4 ...r..h................................f..
5 ..r...h..............h.....r.............h

*** Darwin 15x15 ***
Turn = 0.
  012345678901234
0 .........f.....
1 ...............
2 ......t...h....
3 ...h...........
4 .....r.........
5 ...............
6 ...............
7 ...r.......h...
8 ...........h...
9 .f......hhf....
0 ...t......f....
1 ....rr.........
2 ............th.
3 .............h.
4 .....f.........

Turn = 20.
  012345678901234
0 ..r......f.....
1 ...r..........r
2 ......t.......h
3 ..rr...........
4 ...............
5 ...............
6 ...............
7 ...............
8 h..............
9 .............rr
0 ...t......f....
1 ...............
2 ............tt.
3 .....r......t..
4 ....r.....r..r.

Turn = 40.
  012345678901234
0 ...............
1 r...........r..
2 ......t.....r..
3 ...........rr.r
4 ...............
5 ...............
6 .............r.
7 ...............
8 h..............
9 r............rr
0 ......r.......r
1 ...............
2 ..........r....
3 .............tt
4 .......r.r...t.

Turn = 60.
  012345678901234
0 .........r.r...
1 rr.............
2 ......t........
3 r..............
4 ..............r
5 ...............
6 ...............
7 .r.............
8 ..r..r.........
9 ...............
0 ...............
1 r...r......r..r
2 ..............r
3 .....r..r......
4 .......r.r...r.

Turn = 80.
  012345678901234
0 r........r...r.
1 .r.............
2 .r........r....
3 r..............
4 .r.............
5 r..............
6 .............r.
7 ....r.........r
8 ...............
9 ...............
0 ......r........
1 ....r..........
2 ...............
3 ..............r
4 .r.r...r...r..r

Turn = 100.
  012345678901234
0 ..r.........rrr
1 r..........r..r
2 ............r..
3 r..........r...
4 ...............
5 ...............
6 ..r............
7 ...r...........
8 ...............
9 ...............
0 r..............
1 ..............r
2 ...............
3 ..r............
4 rr.rr.........r