*** Darwin 34x37 ***
Turn = 0.
  0123456789012345678901234567890123456
0 .....................................
1 f...........................r...f....
2 ....r........f.......................
3 .f...............f...................
4 ...r.........................f...r...
5 .......h.......h.....h...............
6 ....fh...............................
7 ...........h....f.......r............
8 ...f.................................
9 .........f........h..................
0 ...r.......r........r................
1 ....h.....h..r.......h...............
2 ..........r..........................
3 ......h.h.....................f......
4 ...........hr......r...f.............
5 .........h.....r................f....
6 ..................h..................
7 ..h...........f..f...................
8 r........h.f...................f.....
9 .....................................
0 f.h....h....................f......h.
1 ........rf.r..................fr.....
2 ..............r......................
3 .......h...............r........f.r..
4 .....................................
5 ...........f.......h.................
6 ........h.................f..........
7 ..h..................................
8 ......................h..............
9 ..............................r......
0 ..........r..............h...........
1 ....................f................
2 ........h.......r....................
3 .....................................

Turn = 5.
  0123456789012345678901234567890123456
0 ...r...........h.....................
1 f....h.................r........f....
2 r............f.......................
3 .f...............f...................
4 ..................h.........rr.......
5 ............h.............h..........
6 ....f................................
7 ..........r....hf..r.................
8 ...f.................................
9 ......h..f...........................
0 ........r.......r........r...........
1 h....h...........rr..................
2 .....................................
3 r............h..r.............f......
4 ......h......r.........f.............
5 ...............r................f....
6 ............rh.......................
7 .......hr.....r..f............r......
8 ....h..h...f..r........r.......f.....
9 .....................................
0 f......h....r...............f.h......
1 ......rr...................r.........
2 .....................................
3 .....................................
4 .....................................
5 ...........f............h.......rr...
6 ...h......................f..........
7 .......h.............................
8 .................h...................
9 ...................................r.
0 ...............r..............h......
1 ....................f................
2 ...h.................r...............
3 .....................................

Turn = 10.
  0123456789012345678901234567890123456
0 r....h.........h..h..................
1 f.................r.............f....
2 ..........r..f.......................
3 .f...............f...................
4 ......h................rr............
5 ................rh.............h.....
6 ....f.............r..................
7 r..............rrr...................
8 ...f............r....................
9 .........f...r.......................
0 ............r.................r......
1 rr...................................
2 ..r.....r.....................r......
3 ..............r..h............r......
4 .h.....h...............r.............
5 .................r.....r........f....
6 ........h............................
7 ..........rr.....f...................
8 h..........f...................f.....
9 .....................................
0 f..........h...r.r..........fh.......
1 .rr.........r.........r..............
2 .....................................
3 .....................................
4 .....................................
5 ...........f.................h.......
6 h.........................f..........
7 ............h........................
8 ............h........................
9 .....................................
0 ....................r...........rr.h.
1 ....................f................
2 h.........................r.........r
3 .....................................

Turn = 15.
  0123456789012345678901234567890123456
0 ...r.hh.r......hr.h..................
1 f............r..................f....
2 .............f....r..................
3 .f.............rrr...................
4 .............r....rr.................
5 ............r.........r.............h
6 ....f................................
7 ........r....r................r......
8 ...f........r.r...............r......
9 .......h.f...........................
0 ...................................r.
1 .....................................
2 r......r..rr.........................
3 r.....................h..............
4 r...........................r........
5 ............................r...f....
6 .r.h.................................
7 .....................r...............
8 h..........f...................f.....
9 r................r...................
0 ................h.....r.....fh.......
1 r................r...................
2 .....................................
3 .....................................
4 .r...................................
5 ...........f...r..................h..
6 h...........r.............f..........
7 .................h...................
8 .......h.............................
9 .....................................
0 .........................r..........h
1 ....................f................
2 h..............................r.....
3 ...............................r..rr.

Turn = 20.
  0123456789012345678901234567890123456
0 ....r.......r..rrr..r................
1 f.......r....r......r...........f....
2 ....rr.rr......r..............r......
3 .f..............r.............r......
4 .......h.....rr......................
5 .............r.r...........r........h
6 ....f................................
7 ........r.rr.........................
8 ...f...r.............................
9 .........f...........................
0 .....................................
1 .....................................
2 ............r........................
3 ...........................h........r
4 r....r...........................r...
5 r...............................r.r..
6 r....................................
7 rr........................r..........
8 r..........f...................f.....
9 .....................................
0 ...................h.......rfh.......
1 .r..........r........................
2 .....................................
3 .....................................
4 .................r...................
5 ...........f........................h
6 h.........................f..........
7 ......................h..............
8 ..h..................................
9 .r................................rr.
0 ...............r..............r.....h
1 ............r.......f................
2 h....................................
3 ..........................r......r...

Turn = 25.
  0123456789012345678901234567890123456
0 r.....r.......r.r........r......r....
1 f..r....r..........r.....r.....rr....
2 ..........r..........................
3 .f.......r..r.r.r....................
4 ....r....r.........r.................
5 ........r.......................r...h
6 ....rr........r......................
7 ....r................................
8 ..rr.r...............................
9 .........f...........................
0 ...............r.....................
1 .....................................
2 r................r.................r.
3 r...............................h.r..
4 .....r....r..........................
5 .....r......................r.......r
6 .....r...............................
7 ......r........................r.....
8 ...........f...............r...f....r
9 .....................................
0 ........................h............
1 .......r.............................
2 .....................................
3 ............................r........
4 ..................................rr.
5 ...........f........................h
6 hr........................f..........
7 ...........................h.........
8 h....................................
9 .................r...................
0 ...................................rh
1 ....................f................
2 h....................................
3 .r........r.....r....r......r........

Turn = 30.
  0123456789012345678901234567890123456
0 .rr........rr......r.........rr.....r
1 ...rr...................r.....r.....r
2 .r...................................
3 .r.........r...r.....................
4 r...r...................r...........r
5 ...r...............................r.
6 r........rr........r.................
7 r........r.........................r.
8 r.............r...................r..
9 r........f...........................
0 .r..........................r........
1 .....................................
2 ......................r..............
3 .....r.....................r........h
4 ..........r...r......................
5 ..........r....r.....................
6 ..........r..........................
7 ...........r........................r
8 ...........f...................f.....
9 ..................................rr.
0 .............................h......r
1 ..r..................................
2 .....................................
3 ....................................r
4 .....................................
5 ...........f........................h
6 h.........................f.........r
7 ................................h....
8 h...........................r........
9 .....................................
0 .....................................
1 rr..................f................
2 .....................................
3 r....r...........rrr...r...........r.

Turn = 35.
  0123456789012345678901234567890123456
0 .r.r...........r.r......rrr.....rrr.r
1 ..r......r...................r.......
2 r....................................
3 .r..r.r..r........................r..
4 r............................r.......
5 r...........................r.......r
6 ...r....................r............
7 .....r...............................
8 ...............r...........r.........
9 .....r...f..........................r
0 r....................................
1 ..........r..........................
2 r..........................r.........
3 ..............r.....................h
4 ...............r..................rr.
5 .r.............r.....................
6 ...............r.....................
7 .....................................
8 .....r.....f...................f.....
9 r............rr......................
0 ...............r..................h..
1 ....................................r
2 .....................................
3 .....................................
4 .................................r..r
5 ...........f.........................
6 h.........................f......r..r
7 r...................................h
8 .....................................
9 .r...................................
0 r....................................
1 ....................f................
2 .r...................................
3 ..r.........r.rr..r.........r..r.....

Turn = 40.
  0123456789012345678901234567890123456
0 r.r...r.r...........rrr....rr....r..r
1 r...........................r....r..r
2 rr................................r..
3 r..........................r.......r.
4 ..........................r.......r..
5 .....................................
6 ..r..r...............................
7 ......r...r..........................
8 ..........................r..........
9 ........r.........................rr.
0 .........r...........................
1 ...r.................................
2 ................................r...r
3 ...............r....................r
4 r...................r................
5 .r..................r................
6 .r........r.........r................
7 .....................................
8 ...........f..r................f.....
9 .....................................
0 .r..................................h
1 .....................................
2 .....................................
3 .....r...............................
4 .............rr.............r..r.....
5 r..........f...r.....................
6 ..r.......................f.r.......r
7 .r.r.............................r...
8 ....................................r
9 ......r..............................
0 .....................................
1 ....................f................
2 .....................................
3 .......rrrr..r..........r.r..........

Turn = 45.
  0123456789012345678901234567890123456
0 ...rr............r.......r......r.r.r
1 .r...r.................r.....r.r.....
2 ...................................r.
3 .....r..............................r
4 r...................r................
5 ......................r..............
6 .................................rrr.
7 rr.............r..................r..
8 ....................................r
9 ..........................r..........
0 r....................................
1 ..r..r...............................
2 ......r.............................r
3 ..........................r....r.....
4 ........r................r...........
5 ......r..r...............r...........
6 ...r..r..................r...........
7 .....................................
8 ...........f...r...............f.....
9 .....................................
0 r...................................h
1 ..........r..........................
2 .....................................
3 r.............r......................
4 ..r.r..................r..r..........
5 ...........f.........................
6 .......................rr............
7 ........r...................r........
8 .....r..r............................
9 ...........r.rr......................
0 ...............r.....................
1 .......r............f...............r
2 .....................................
3 ......rrr..........r.r..............r

*** Darwin 10x37 ***
Turn = 0.
  0123456789012345678901234567890123456
0 .....................................
1 .....................................
2 ................f....................
3 .............h.......................
4 f........r...........................
5 ..r.....h.....................f......
6 ...........r.........................
7 ................r...h................
8 .............r.......................
9 .....................................

Turn = 2.
  0123456789012345678901234567890123456
0 .....................................
1 .............h.......................
2 ................f....................
3 ........h............................
4 f..........r.........................
5 ....r.........................f......
6 .............r.......................
7 ..................r...h..............
8 ...........r.........................
9 .....................................

Turn = 4.
  0123456789012345678901234567890123456
0 .............h.......................
1 ........h............................
2 ................f....................
3 .....................................
4 f............r.......................
5 ......r.......................f......
6 ...............r.....................
7 ....................r...h............
8 .........r...........................
9 .....................................

Turn = 6.
  0123456789012345678901234567890123456
0 ........h....h.......................
1 .....................................
2 ................f....................
3 .....................................
4 f..............r.....................
5 ........r.....................f......
6 .................r...................
7 ......................r...h..........
8 .......r.............................
9 .....................................

*** Darwin 25x41 ***
Turn = 0.
  01234567890123456789012345678901234567890
0 .........................................
1 .....h...................................
2 ....h....................................
3 ................f........................
4 ......................h..................
5 .........................................
6 ...................r.....................
7 .........................................
8 .............h...........................
9 ................r........................
0 ..........................h..............
1 .........................................
2 .........................................
3 .........................................
4 .........................................
5 .........................................
6 ............................h............
7 .........................................
8 ............................h............
9 .........................................
0 .........................................
1 .........................................
2 .........................................
3 .........................................
4 .........................................

Turn = 11.
  01234567890123456789012345678901234567890
0 .............h.........r.................
1 ...............h.........................
2 ...............h.........................
3 ................f........................
4 .................................h.......
5 .........................................
6 .........................................
7 .........................................
8 .........................................
9 .....r...................................
0 .....................................h...
1 .........................................
2 .........................................
3 .........................................
4 .........................................
5 .........................................
6 .................h.......................
7 .........................................
8 .................h.......................
9 .........................................
0 .........................................
1 .........................................
2 .........................................
3 .........................................
4 .........................................

Turn = 22.
  01234567890123456789012345678901234567890
0 .............h....................r......
1 ..........................h..............
2 ..........................h..............
3 ................f........................
4 ........................................h
5 .........................................
6 .........................................
7 .........................................
8 .........................................
9 .........................................
0 ........................................h
1 .........................................
2 .........................................
3 .........................................
4 r........................................
5 .........................................
6 ......h..................................
7 .........................................
8 ......h..................................
9 .........................................
0 .........................................
1 .........................................
2 .........................................
3 .........................................
4 .........................................

Turn = 33.
  01234567890123456789012345678901234567890
0 .............h...........................
1 .....................................h...
2 .....................................h...
3 ................f.......................r
4 ........................................r
5 .........................................
6 .........................................
7 .........................................
8 .........................................
9 .........................................
0 ........................................h
1 .........................................
2 .........................................
3 .........................................
4 .........................................
5 .........................................
6 h........................................
7 .........................................
8 h........................................
9 .........................................
0 .........................................
1 .........................................
2 .........................................
3 .........................................
4 r........................................

Turn = 44.
  01234567890123456789012345678901234567890
0 .............h...........................
1 ........................................h
2 ........................................h
3 ................f.............r..........
4 .........................................
5 .........................................
6 .........................................
7 .........................................
8 .........................................
9 ....................................r....
0 .........................................
1 .........................................
2 .........................................
3 .........................................
4 .........................................
5 ........................................r
6 h........................................
7 .........................................
8 h........................................
9 .........................................
0 .........................................
1 .........................................
2 .........................................
3 .........................................
4 .........r...............................

*** Darwin 49x37 ***
Turn = 0.
  0123456789012345678901234567890123456
0 .....................................
1 .....................................
2 .....................................
3 .....................................
4 .....................................
5 .....................................
6 .....................................
7 .....................................
8 ...............h.....................
9 .....................................
0 .....................................
1 .....................................
2 ..........................h..........
3 .....................................
4 .....................................
5 .....................................
6 .....................................
7 .....f...............................
8 ........h............................
9 .....................................
0 .................................h...
1 ........f............................
2 .....................................
3 .....................................
4 .....................................
5 .....................................
6 .....................................
7 .....................................
8 .....................................
9 .....................................
0 ............r........................
1 .....................................
2 ..............................h......
3 .....................................
4 .....................................
5 .....................................
6 .....................................
7 .....................................
8 .....................................
9 .....................................
0 .....................................
1 .....................................
2 .....................................
3 .....................................
4 .....................................
5 .....................................
6 ...................r.................
7 .....................................
8 .....................................

Turn = 1.
  0123456789012345678901234567890123456
0 .....................................
1 .....................................
2 .....................................
3 .....................................
4 .....................................
5 .....................................
6 .....................................
7 ...............h.....................
8 .....................................
9 .....................................
0 .....................................
1 .....................................
2 .........................h...........
3 .....................................
4 .....................................
5 .....................................
6 .....................................
7 .....f...............................
8 .......h.............................
9 .....................................
0 ................................h....
1 ........f............................
2 .....................................
3 .....................................
4 .....................................
5 .....................................
6 .....................................
7 .....................................
8 .....................................
9 .....................................
0 .............r.......................
1 .....................................
2 .............................h.......
3 .....................................
4 .....................................
5 .....................................
6 .....................................
7 .....................................
8 .....................................
9 .....................................
0 .....................................
1 .....................................
2 .....................................
3 .....................................
4 .....................................
5 ...................r.................
6 .....................................
7 .....................................
8 .....................................

Turn = 2.
  0123456789012345678901234567890123456
0 .....................................
1 .....................................
2 .....................................
3 .....................................
4 .....................................
5 .....................................
6 ...............h.....................
7 .....................................
8 .....................................
9 .....................................
0 .....................................
1 .....................................
2 ........................h............
3 .....................................
4 .....................................
5 .....................................
6 .....................................
7 .....f...............................
8 ......h..............................
9 .....................................
0 ...............................h.....
1 ........f............................
2 .....................................
3 .....................................
4 .....................................
5 .....................................
6 .....................................
7 .....................................
8 .....................................
9 .....................................
0 ..............r......................
1 .....................................
2 ............................h........
3 .....................................
4 .....................................
5 .....................................
6 .....................................
7 .....................................
8 .....................................
9 .....................................
0 .....................................
1 .....................................
2 .....................................
3 .....................................
4 ...................r.................
5 .....................................
6 .....................................
7 .....................................
8 .....................................

Turn = 3.
  0123456789012345678901234567890123456
0 .....................................
1 .....................................
2 .....................................
3 .....................................
4 .....................................
5 ...............h.....................
6 .....................................
7 .....................................
8 .....................................
9 .....................................
0 .....................................
1 .....................................
2 .......................h.............
3 .....................................
4 .....................................
5 .....................................
6 .....................................
7 .....f...............................
8 .....h...............................
9 .....................................
0 ..............................h......
1 ........f............................
2 .....................................
3 .....................................
4 .....................................
5 .....................................
6 .....................................
7 .....................................
8 .....................................
9 .....................................
0 ...............r.....................
1 .....................................
2 ...........................h.........
3 .....................................
4 .....................................
5 .....................................
6 .....................................
7 .....................................
8 .....................................
9 .....................................
0 .....................................
1 .....................................
2 .....................................
3 ...................r.................
4 .....................................
5 .....................................
6 .....................................
7 .....................................
8 .....................................

Turn = 4.
  0123456789012345678901234567890123456
0 .....................................
1 .....................................
2 .....................................
3 .....................................
4 ...............h.....................
5 .....................................
6 .....................................
7 .....................................
8 .....................................
9 .....................................
0 .....................................
1 .....................................
2 ......................h..............
3 .....................................
4 .....................................
5 .....................................
6 .....................................
7 .....f...............................
8 ....h................................
9 .....................................
0 .............................h.......
1 ........f............................
2 .....................................
3 .....................................
4 .....................................
5 .....................................
6 .....................................
7 .....................................
8 .....................................
9 .....................................
0 ................r....................
1 .....................................
2 ..........................h..........
3 .....................................
4 .....................................
5 .....................................
6 .....................................
7 .....................................
8 .....................................
9 .....................................
0 .....................................
1 .....................................
2 ...................r.................
3 .....................................
4 .....................................
5 .....................................
6 .....................................
7 .....................................
8 .....................................

Turn = 5.
  0123456789012345678901234567890123456
0 .....................................
1 .....................................
2 .....................................
3 ...............h.....................
4 .....................................
5 .....................................
6 .....................................
7 .....................................
8 .....................................
9 .....................................
0 .....................................
1 .....................................
2 .....................h...............
3 .....................................
4 .....................................
5 .....................................
6 .....................................
7 .....f...............................
8 ...h.................................
9 .....................................
0 ............................h........
1 ........f............................
2 .....................................
3 .....................................
4 .....................................
5 .....................................
6 .....................................
7 .....................................
8 .....................................
9 .....................................
0 .................r...................
1 .....................................
2 .........................h...........
3 .....................................
4 .....................................
5 .....................................
6 .....................................
7 .....................................
8 .....................................
9 .....................................
0 .....................................
1 ...................r.................
2 .....................................
3 .....................................
4 .....................................
5 .....................................
6 .....................................
7 .....................................
8 .....................................

*** Darwin 11x5 ***
Turn = 0.
  01234
0 hrh..
1 hrr..
2 ...r.
3 .f...
4 .h.h.
5 .fr..
6 f.h..
7 h.fh.
8 ..h..
9 rrhf.
0 .....

Turn = 2.
  01234
0 rrh..
1 h....
2 .rr.r
3 .f...
4 ...hh
5 .f..r
6 f...h
7 h.f.h
8 r.h..
9 .r.rr
0 .....

Turn = 4.
  01234
0 .rr..
1 r.h..
2 .r...
3 .r..r
4 ..rhr
5 .f..r
6 r...r
7 rrf.r
8 r.hrr
9 .....
0 .....

Turn = 6.
  01234
0 .r.r.
1 ....h
2 r....
3 rr.r.
4 ...hr
5 .r..r
6 rrrr.
7 rrfrr
8 ..h.r
9 .....
0 .....

Turn = 8.
  01234
0 r...r
1 ....h
2 ..r..
3 .r...
4 rr.rr
5 rr.r.
6 rrr.r
7 r.r.r
8 ..rrr
9 .....
0 .....

*** Darwin 35x7 ***
Turn = 0.
  0123456
0 .....r.
1 .......
2 .......
3 ....rf.
4 .......
5 .......
6 .f.....
7 .......
8 .......
9 ...r...
0 ...hf..
1 .......
2 .......
3 .f.....
4 .......
5 .......
6 .......
7 .......
8 .......
9 .r.....
0 .......
1 .......
2 .......
3 .......
4 .......
5 .....r.
6 .h.....
7 .......
8 ...h...
9 .r.....
0 f......
1 ...h...
2 r......
3 f....h.
4 .......

Turn = 45.
  0123456
0 r....rr
1 r.....r
2 .......
3 .......
4 ..r..r.
5 r..r...
6 r.....r
7 .......
8 .......
9 .......
0 .......
1 .......
2 .......
3 .......
4 .......
5 .......
6 ......r
7 .......
8 .......
9 .......
0 .......
1 .......
2 .......
3 .......
4 .......
5 .......
6 .......
7 r......
8 ......r
9 .......
0 r.....r
1 .......
2 .......
3 r......
4 .r.....

Turn = 90.
  0123456
0 r....r.
1 .....r.
2 .......
3 .....r.
4 .......
5 .......
6 .......
7 .......
8 .......
9 .......
0 .......
1 .......
2 .......
3 .....r.
4 .......
5 ......r
6 .......
7 .......
8 .......
9 ..r....
0 .......
1 ......r
2 .......
3 .......
4 .......
5 .......
6 .......
7 ......r
8 r...r..
9 .......
0 .......
1 r.r.rr.
2 ..r....
3 .r.....
4 ......r

*** Darwin 47x5 ***
Turn = 0.
  01234
0 .fr..
1 .....
2 h....
3 ..h..
4 .....
5 ...f.
6 .....
7 .....
8 f....
9 fr...
0 .....
1 ..rf.
2 ...r.
3 .....
4 ...f.
5 .....
6 .....
7 .....
8 .h...
9 ..r..
0 .....
1 ...h.
2 .....
3 .....
4 ..f..
5 .....
6 h.rr.
7 .....
8 f....
9 rr...
0 ...h.
1 .....
2 ..rr.
3 .f...
4 .h...
5 .....
6 ...r.
7 ff...
8 ..r..
9 ..f..
0 .....
1 .....
2 r....
3 .....
4 .....
5 ..rr.
6 .....

Turn = 1.
  01234
0 .rr..
1 .....
2 h....
3 .h...
4 .....
5 ...f.
6 .....
7 .....
8 f....
9 f.r..
0 ..r..
1 ...f.
2 ....r
3 .....
4 ...f.
5 .....
6 .....
7 .....
8 h....
9 .r...
0 .....
1 ....h
2 .....
3 .....
4 ..f..
5 ..r..
6 h...r
7 .....
8 r....
9 rr...
0 ....h
1 ...r.
2 .r...
3 .f...
4 ..h..
5 .....
6 ..r..
7 ff...
8 ...r.
9 ..f..
0 .....
1 .....
2 r....
3 .....
4 .....
5 .r..r
6 .....

Turn = 2.
  01234
0 .rr..
1 .....
2 h....
3 h....
4 .....
5 ...f.
6 .....
7 .....
8 f....
9 f.rr.
0 .....
1 ...f.
2 ....r
3 .....
4 ...f.
5 .....
6 .....
7 .....
8 h....
9 r....
0 .....
1 ....h
2 .....
3 .....
4 ..r..
5 ..r..
6 h...r
7 .....
8 rr...
9 r....
0 ...rh
1 .....
2 r....
3 .f...
4 ...h.
5 .....
6 .r...
7 ff...
8 ....r
9 ..f..
0 .....
1 .....
2 .....
3 r....
4 .....
5 r...r
6 .....

*** Darwin 49x24 ***
Turn = 0.
  012345678901234567890123
0 ............h...........
1 ........................
2 ........................
3 ..................h.....
4 ........................
5 ...........r............
6 ........................
7 .....................r..
8 ........................
9 ....................h...
0 .........f.r............
1 ..........f.............
2 ........................
3 ........................
4 ........................
5 ........................
6 ....................h...
7 f..................h....
8 .....................h..
9 ..................f.....
0 ........................
1 ........................
2 ........................
3 ..........f......h......
4 ........................
5 ...f....................
6 ........................
7 .................h......
8 ........................
9 ........................
0 ........................
1 ........................
2 ......h.................
3 ..................f.....
4 .f......................
5 ........................
6 ........................
7 ........................
8 ........................
9 ..h..........r..........
0 ........................
1 ........................
2 ........................
3 ........................
4 h.......................
5 ................f.......
6 ........r...............
7 ........................
8 ........................

Turn = 4.
  012345678901234567890123
0 ........h.........h.....
1 ........................
2 ........................
3 ........................
4 ........................
5 ...............r....h...
6 ........................
7 ........................
8 .......................r
9 ........................
0 .........f.....r........
1 ..........f.............
2 ........................
3 ........................
4 ........................
5 ........................
6 ................h.......
7 f..............h........
8 .................h......
9 ..................f.....
0 ........................
1 ........................
2 ........................
3 ..........f..........h..
4 ........................
5 ...f....................
6 ........................
7 .....................h..
8 ......h.................
9 ........................
0 ........................
1 ........................
2 ........................
3 ..................f.....
4 .f......................
5 ..h.....................
6 ........................
7 ........................
8 ........................
9 .................r......
0 h.......................
1 ........................
2 ........................
3 ........................
4 ........................
5 ................f.......
6 ....r...................
7 ........................
8 ........................

Turn = 8.
  012345678901234567890123
0 ....h.............h.....
1 ....................h...
2 ........................
3 ........................
4 ........................
5 ...................r....
6 ........................
7 ........................
8 ........................
9 ........................
0 .........f.........r....
1 ..........f.............
2 .......................r
3 ........................
4 ........................
5 ........................
6 ............h...........
7 f..........h............
8 .............h..........
9 ..................f.....
0 ........................
1 ........................
2 ........................
3 ..........f............h
4 ......h.................
5 ...f....................
6 ........................
7 .......................h
8 ........................
9 ........................
0 ........................
1 ..h.....................
2 ........................
3 ..................f.....
4 .f......................
5 ........................
6 h.......................
7 ........................
8 ........................
9 .....................r..
0 ........................
1 ........................
2 ........................
3 ........................
4 ........................
5 ................f.......
6 r.......................
7 ........................
8 ........................

Turn = 12.
  012345678901234567890123
0 h.................h.h...
1 ........................
2 ........................
3 ........................
4 ........................
5 .......................r
6 ........................
7 ........................
8 ........................
9 ........................
0 .........f.............r
1 ..........f.............
2 ........................
3 ........................
4 ........................
5 ........................
6 ........h..............r
7 f......h................
8 .........h..............
9 ..................f.....
0 ......h.................
1 ........................
2 ........................
3 ..........f............h
4 ........................
5 ...f....................
6 ........................
7 ..h....................h
8 ........................
9 ........................
0 ........................
1 ........................
2 h.......................
3 ..................f.....
4 .f......................
5 ........................
6 ........................
7 ........................
8 ........................
9 ........................
0 .......................r
1 ........................
2 ........................
3 ........................
4 ........................
5 ................f.......
6 ........................
7 ........................
8 r.......................

Turn = 16.
  012345678901234567890123
0 h.................h.h...
1 ........................
2 ........................
3 ........................
4 ........................
5 ........................
6 ........................
7 ........................
8 .......................r
9 ........................
0 .........f..............
1 ..........f.............
2 ........................
3 .......................r
4 ........................
5 ........................
6 ....h.h.................
7 f..h....................
8 .....h..................
9 ..................f.....
0 .......................r
1 ........................
2 ........................
3 ..h.......f............h
4 ........................
5 ...f....................
6 ........................
7 .......................h
8 h.......................
9 ........................
0 ........................
1 ........................
2 ........................
3 ..................f.....
4 .f......................
5 ........................
6 ........................
7 ........................
8 ........................
9 ........................
0 ........................
1 ........................
2 ........................
3 ........................
4 .......................r
5 ................f.......
6 ........................
7 ........................
8 ..r.....................

Turn = 20.
  012345678901234567890123
0 h.................h.h...
1 ........................
2 ........................
3 ........................
4 ........................
5 ........................
6 ........................
7 ........................
8 ........................
9 ........................
0 .........f..............
1 ..........f.............
2 ......h................r
3 ........................
4 ........................
5 ........................
6 h.......................
7 fh.....................r
8 .h......................
9 ..h...............f.....
0 ........................
1 ........................
2 .......................r
3 ..........f.............
4 h......................r
5 ...f....................
6 ........................
7 .......................h
8 ........................
9 ........................
0 ........................
1 ........................
2 ........................
3 ..................f.....
4 .f......................
5 ........................
6 ........................
7 ........................
8 ........................
9 ........................
0 ........................
1 ........................
2 ........................
3 ........................
4 ........................
5 ................f.......
6 ........................
7 ........................
8 ......r................r

Turn = 24.
  012345678901234567890123
0 h.................h.h...
1 ........................
2 ........................
3 ........................
4 ........................
5 ........................
6 ........................
7 ........................
8 ......h.................
9 ........................
0 .........f..............
1 ..........f.............
2 ........................
3 ........................
4 ........................
5 ..h.....................
6 h......................r
7 fh......................
8 h.......................
9 ..................f.....
0 h.......................
1 .......................r
2 ...................r....
3 ..........f.............
4 ........................
5 ...f....................
6 .......................r
7 .......................r
8 ........................
9 ........................
0 ........................
1 ........................
2 ........................
3 ..................f.....
4 .f......................
5 ........................
6 ........................
7 ........................
8 ........................
9 ........................
0 ........................
1 ........................
2 ........................
3 ........................
4 ........................
5 ................f.......
6 ........................
7 ........................
8 ..........r...........r.

Turn = 28.
  012345678901234567890123
0 h.................h.h...
1 ........................
2 ........................
3 ........................
4 ......h.................
5 ........................
6 ........................
7 ........................
8 ........................
9 ........................
0 .........f..............
1 ..h.......f.............
2 ........................
3 ........................
4 ........................
5 ........................
6 h.......................
7 fh......................
8 h.......................
9 h.................f.....
0 .......................r
1 ........................
2 ...............r........
3 ..........f.............
4 ........................
5 ...f...................r
6 ...................r....
7 ...................r....
8 ........................
9 ........................
0 ........................
1 ........................
2 ........................
3 ..................f.....
4 .f......................
5 ........................
6 ........................
7 ........................
8 ........................
9 ........................
0 ........................
1 ........................
2 ........................
3 ........................
4 ........................
5 ................f.......
6 ........................
7 ........................
8 ..............r...r.....

Turn = 32.
  012345678901234567890123
0 h.....h...........h.h...
1 ........................
2 ........................
3 ........................
4 ........................
5 ........................
6 ........................
7 ..h.....................
8 ........................
9 ........................
0 .........f..............
1 ..........f.............
2 ........................
3 ........................
4 ........................
5 ........................
6 h.......................
7 fh......................
8 h.......................
9 h.................f.....
0 ........................
1 ........................
2 ...........r............
3 ..........f.............
4 .......................r
5 ...f....................
6 ...............r........
7 ...............r........
8 ........................
9 .......................r
0 ........................
1 ........................
2 ........................
3 ..................f.....
4 .f......................
5 ........................
6 ........................
7 ........................
8 ........................
9 ........................
0 ........................
1 ........................
2 ........................
3 ........................
4 ........................
5 ................f.......
6 ........................
7 ................r.......
8 ..................r.....

Turn = 36.
  012345678901234567890123
0 h.....h...........h.h...
1 ........................
2 ........................
3 ..h.....................
4 ........................
5 ........................
6 ........................
7 ........................
8 ........................
9 ........................
0 .........f..............
1 ..........f.............
2 ........................
3 ........................
4 ........................
5 ........................
6 h.......................
7 fh......................
8 h.......................
9 h.................f.....
0 ........................
1 ........................
2 .......r................
3 ..........f.............
4 ........................
5 ...f....................
6 ...........r............
7 ...........r............
8 .......................r
9 ........................
0 ........................
1 ........................
2 ........................
3 ..................f....r
4 .f......................
5 ........................
6 ........................
7 ........................
8 ........................
9 ........................
0 ........................
1 ........................
2 ........................
3 ........................
4 ........................
5 .................r......
6 .................r......
7 ........................
8 ......................r.

Turn = 40.
  012345678901234567890123
0 h.h...h...........h.h...
1 ........................
2 ........................
3 ........................
4 ........................
5 ........................
6 ........................
7 ........................
8 ........................
9 ........................
0 .........f..............
1 ..........f.............
2 ........................
3 ........................
4 ........................
5 ........................
6 h.......................
7 fh......................
8 h.......................
9 h.................f.....
0 ........................
1 ........................
2 ...r....................
3 ..........f.............
4 ........................
5 ...f....................
6 .......r................
7 .......r................
8 ........................
9 ........................
0 ........................
1 ........................
2 .......................r
3 ..................f.....
4 .f......................
5 ........................
6 ........................
7 .......................r
8 ........................
9 ........................
0 ........................
1 ........................
2 ........................
3 ........................
4 ........................
5 .....................r..
6 .....................r.r
7 ........................
8 ........................

*** Darwin 33x33 ***
Turn = 0.
  012345678901234567890123456789012
0 ..r.............f................
1 r........h.....................h.
2 f...r............................
3 .......h.........................
4 ............h....................
5 .................................
6 .................................
7 .................................
8 ..........rr...........f.........
9 .................................
0 .................................
1 ........f........................
2 .................................
3 .................................
4 ................f................
5 .................................
6 .................................
7 ......................r..........
8 .................................
9 .................................
0 .........h.......................
1 .......................f......f..
2 ...f...................h.........
3 .................................
4 .................................
5 .................................
6 .................................
7 ............................f....
8 .................................
9 .................................
0 .................................
1 ..........r......................
2 .................................

Turn = 6.
  012345678901234567890123456789012
0 .r......r.......f................
1 ...h.....................h.......
2 f.........r......................
3 .h...............................
4 ......h..........................
5 .................................
6 .................................
7 .................................
8 ....rr.................f.........
9 .................................
0 .................................
1 ........f.............r..........
2 .................................
3 .................................
4 .........h......f................
5 .................................
6 .................................
7 .................................
8 .................................
9 .................................
0 .................................
1 .......................f......f..
2 ...f.............h...............
3 .................................
4 .................................
5 .................................
6 .................................
7 ............................f....
8 .................................
9 .................................
0 .................................
1 ....r............................
2 .................................

Turn = 12.
  012345678901234567890123456789012
0 .......r......r.f................
1 h..................h.............
2 f...............r................
3 h................................
4 h................................
5 ......................r..........
6 .................................
7 rr...............................
8 .........h.............f.........
9 .................................
0 .................................
1 ........f........................
2 .................................
3 .................................
4 ................f................
5 .................................
6 .................................
7 .................................
8 .................................
9 .................................
0 .................................
1 .......................f......f..
2 ...f.......h.....................
3 .................................
4 .................................
5 .................................
6 .................................
7 ............................f....
8 .................................
9 .................................
0 .................................
1 .................................
2 r................................

Turn = 18.
  012345678901234567890123456789012
0 .............r......r.r..........
1 hr............h..................
2 f........h............r..........
3 h..............r.................
4 .r...............................
5 ..r..............................
6 .................................
7 .................................
8 .......................f.........
9 .................................
0 .................................
1 ........f........................
2 .................................
3 .................................
4 ................f................
5 .................................
6 .................................
7 .................................
8 .................................
9 .................................
0 .................................
1 .......................f......f..
2 ...f.h...........................
3 .................................
4 .................................
5 .................................
6 .................................
7 ............................f....
8 .................................
9 .................................
0 .................................
1 .................................
2 .....r...........................

Turn = 24.
  012345678901234567890123456789012
0 .....r...h.........r......r.r....
1 h.......h........................
2 f...........................r....
3 h................................
4 .......r.........................
5 ........r........................
6 .................................
7 .................................
8 .......................f.........
9 ...............r.................
0 .................................
1 ........f........................
2 .................................
3 .................................
4 ................f................
5 .................................
6 .................................
7 .................................
8 .................................
9 .................................
0 .................................
1 .......................f......f..
2 ...fh............................
3 .................................
4 .................................
5 .................................
6 .................................
7 ............................f....
8 .................................
9 .................................
0 .................................
1 .................................
2 ...........r.....................

Turn = 30.
  012345678901234567890123456789012
0 ........r................r.....rr
1 h.h......r......................r
2 f................................
3 h................................
4 .............r...................
5 ..............r..................
6 .................................
7 .................................
8 .......................f.........
9 .................................
0 .................................
1 ........f........................
2 .................................
3 .................................
4 ................f................
5 ...............r.................
6 .................................
7 .................................
8 .................................
9 .................................
0 .................................
1 .......................f......f..
2 ...fh............................
3 .................................
4 .................................
5 .................................
6 .................................
7 ............................f....
8 .................................
9 .................................
0 .................................
1 .................................
2 .................r...............

Turn = 36.
  012345678901234567890123456789012
0 ..............r................r.
1 hh.........................r.....
2 f..............................r.
3 h...............................r
4 ...................r.............
5 ....................r............
6 .................................
7 .........r.......................
8 .......................f.........
9 .................................
0 .................................
1 ........f........................
2 .................................
3 .................................
4 ................f................
5 .................................
6 .................................
7 .................................
8 .................................
9 .................................
0 .................................
1 ...............r.......f......f..
2 ...fh............................
3 .................................
4 .................................
5 .................................
6 .................................
7 ............................f....
8 .................................
9 .................................
0 .................................
1 .................................
2 .......................r.........

*** Darwin 46x1 ***
Turn = 0.
  0
0 r
1 h
2 h
3 .
4 .
5 .
6 h
7 .
8 .
9 f
0 .
1 r
2 .
3 .
4 f
5 .
6 f
7 .
8 .
9 .
0 .
1 .
2 .
3 .
4 .
5 .
6 f
7 r
8 .
9 r
0 r
1 h
2 r
3 r
4 r
5 .
6 h
7 .
8 .
9 f
0 .
1 h
2 r
3 r
4 .
5 .

Turn = 1.
  0
0 r
1 h
2 h
3 .
4 .
5 .
6 h
7 .
8 .
9 f
0 r
1 .
2 .
3 .
4 f
5 .
6 f
7 .
8 .
9 .
0 .
1 .
2 .
3 .
4 .
5 .
6 f
7 r
8 .
9 r
0 r
1 h
2 r
3 r
4 r
5 .
6 h
7 .
8 .
9 f
0 .
1 h
2 r
3 r
4 .
5 .

Turn = 2.
  0
0 r
1 h
2 h
3 .
4 .
5 .
6 h
7 .
8 .
9 r
0 r
1 .
2 .
3 .
4 f
5 .
6 f
7 .
8 .
9 .
0 .
1 .
2 .
3 .
4 .
5 .
6 r
7 r
8 r
9 r
0 .
1 h
2 r
3 r
4 r
5 .
6 h
7 .
8 .
9 f
0 .
1 h
2 r
3 r
4 .
5 .

*** Darwin 16x15 ***
Turn = 0.
  012345678901234
0 .......r.......
1 ..r....h.......
2 r...h......f...
3 .........r.....
4 ..h............
5 ............h..
6 ...f...........
7 ..........h....
8 .....f.........
9 .....r.........
0 ............f..
1 ........f......
2 .h..........r..
3 h.r.f........h.
4 .......r..ff.h.
5 ...............

Turn = 1.
  012345678901234
0 ..r....r.......
1 ......h........
2 .r.h.......f...
3 ........r......
4 ...h...........
5 ...........h...
6 ...f......h....
7 ...............
8 .....f.........
9 ......r........
0 ............f..
1 .h......f...r..
2 h............h.
3 ...rf..r.....h.
4 ..........ff...
5 ...............

Turn = 2.
  012345678901234
0 ..r.....r......
1 .....h.........
2 ..rh.......f...
3 .......r.......
4 ....h..........
5 ..........h....
6 ...f......h....
7 ...............
8 .....f.........
9 .......r.......
0 .h..........r..
1 h.......f...rh.
2 .......r.....h.
3 ...r...........
4 ....r.....ff...
5 ...............

Turn = 3.
  012345678901234
0 .r.......r.....
1 ....h..........
2 ..rr.......f...
3 ......r........
4 .....h.........
5 .........hh....
6 ...f...........
7 ...............
8 .....f.........
9 .h......r......
0 h...........rr.
1 .......rf....h.
2 .............h.
3 ....r..........
4 ..........ff...
5 ....r..........

Turn = 4.
  012345678901234
0 r.........r....
1 ...r...........
2 ..rr.......f...
3 .....r.........
4 ......h...h....
5 ........h......
6 ...f...........
7 ...............
8 .h...f.........
9 h........r..r..
0 .......r.....hr
1 ........f....h.
2 ...............
3 .....r.........
4 ..........ff...
5 ....r..........

Turn = 5.
  012345678901234
0 r..........r...
1 ..rr...........
2 ...........f...
3 ..r.r.....h....
4 .......h.......
5 .......h.......
6 ...f...........
7 .h.............
8 h....f......r..
9 .......r..r..h.
0 .............hr
1 ........f......
2 ...............
3 ......r........
4 ..........ff...
5 ...r...........

Turn = 6.
  012345678901234
0 r..r........r..
1 .r.............
2 ..........hf...
3 ...r...........
4 ..r.....h......
5 ......h........
6 .h.f...........
7 h...........r..
8 .....f.r.....h.
9 ...........r.hr
0 ...............
1 ........f......
2 ...............
3 .......r.......
4 ..........ff...
5 ..r............

Turn = 7.
  012345678901234
0 r..r.........r.
1 r.........h....
2 ...........f...
3 ..r............
4 .........h.....
5 .hr..h.........
6 h..f........r..
7 .......r.....h.
8 .....f.......hr
9 ............r..
0 ...............
1 ........f......
2 ...............
3 ........r......
4 ..........ff...
5 .r.............

*** Darwin 50x14 ***
Turn = 0.
  01234567890123
0 .........h....
1 ...f....f.....
2 ..............
3 ..............
4 ..............
5 ..............
6 ..............
7 ..............
8 ..............
9 ..............
0 ..............
1 ..............
2 ..............
3 ..............
4 ..............
5 ..............
6 ..............
7 ..............
8 ..............
9 ....h.........
0 ..............
1 ..............
2 ..............
3 ..............
4 ..............
5 ..............
6 ..............
7 ..............
8 ..............
9 ..............
0 ......r.......
1 ..............
2 ..............
3 ..............
4 ..............
5 ..............
6 ..............
7 ...f..........
8 ..............
9 ..............
0 ..............
1 ..............
2 ..............
3 ..............
4 ..............
5 ..............
6 ..............
7 ..............
8 ...r..........
9 ..............

Turn = 1.
  01234567890123
0 .........h....
1 ...f....f.....
2 ..............
3 ..............
4 ..............
5 ..............
6 ..............
7 ..............
8 ..............
9 ..............
0 ..............
1 ..............
2 ..............
3 ..............
4 ..............
5 ..............
6 ..............
7 ..............
8 ..............
9 .....h........
0 ..............
1 ..............
2 ..............
3 ..............
4 ..............
5 ..............
6 ..............
7 ..............
8 ..............
9 ..............
0 .....r........
1 ..............
2 ..............
3 ..............
4 ..............
5 ..............
6 ..............
7 ...f..........
8 ..............
9 ..............
0 ..............
1 ..............
2 ..............
3 ..............
4 ..............
5 ..............
6 ..............
7 ...r..........
8 ..............
9 ..............

Turn = 2.
  01234567890123
0 .........h....
1 ...f....f.....
2 ..............
3 ..............
4 ..............
5 ..............
6 ..............
7 ..............
8 ..............
9 ..............
0 ..............
1 ..............
2 ..............
3 ..............
4 ..............
5 ..............
6 ..............
7 ..............
8 ..............
9 ......h.......
0 ..............
1 ..............
2 ..............
3 ..............
4 ..............
5 ..............
6 ..............
7 ..............
8 ..............
9 ..............
0 ....r.........
1 ..............
2 ..............
3 ..............
4 ..............
5 ..............
6 ..............
7 ...f..........
8 ..............
9 ..............
0 ..............
1 ..............
2 ..............
3 ..............
4 ..............
5 ..............
6 ...r..........
7 ..............
8 ..............
9 ..............

Turn = 3.
  01234567890123
0 .........h....
1 ...f....f.....
2 ..............
3 ..............
4 ..............
5 ..............
6 ..............
7 ..............
8 ..............
9 ..............
0 ..............
1 ..............
2 ..............
3 ..............
4 ..............
5 ..............
6 ..............
7 ..............
8 ..............
9 .......h......
0 ..............
1 ..............
2 ..............
3 ..............
4 ..............
5 ..............
6 ..............
7 ..............
8 ..............
9 ..............
0 ...r..........
1 ..............
2 ..............
3 ..............
4 ..............
5 ..............
6 ..............
7 ...f..........
8 ..............
9 ..............
0 ..............
1 ..............
2 ..............
3 ..............
4 ..............
5 ...r..........
6 ..............
7 ..............
8 ..............
9 ..............

Turn = 4.
  01234567890123
0 .........h....
1 ...f....f.....
2 ..............
3 ..............
4 ..............
5 ..............
6 ..............
7 ..............
8 ..............
9 ..............
0 ..............
1 ..............
2 ..............
3 ..............
4 ..............
5 ..............
6 ..............
7 ..............
8 ..............
9 ........h.....
0 ..............
1 ..............
2 ..............
3 ..............
4 ..............
5 ..............
6 ..............
7 ..............
8 ..............
9 ..............
0 ..r...........
1 ..............
2 ..............
3 ..............
4 ..............
5 ..............
6 ..............
7 ...f..........
8 ..............
9 ..............
0 ..............
1 ..............
2 ..............
3 ..............
4 ...r..........
5 ..............
6 ..............
7 ..............
8 ..............
9 ..............

Turn = 5.
  01234567890123
0 .........h....
1 ...f....f.....
2 ..............
3 ..............
4 ..............
5 ..............
6 ..............
7 ..............
8 ..............
9 ..............
0 ..............
1 ..............
2 ..............
3 ..............
4 ..............
5 ..............
6 ..............
7 ..............
8 ..............
9 .........h....
0 ..............
1 ..............
2 ..............
3 ..............
4 ..............
5 ..............
6 ..............
7 ..............
8 ..............
9 ..............
0 .r............
1 ..............
2 ..............
3 ..............
4 ..............
5 ..............
6 ..............
7 ...f..........
8 ..............
9 ..............
0 ..............
1 ..............
2 ..............
3 ...r..........
4 ..............
5 ..............
6 ..............
7 ..............
8 ..............
9 ..............

*** Darwin 12x15 ***
Turn = 0.
  012345678901234
0 ...hr..........
1 ......rhh......
2 ...f....h.rr...
3 r..fr.h........
4 .rh.....r.fff..
5 .rf..f...h.....
6 ...hf..r.r..h..
7 .f..........h..
8 ...f..fhf......
9 ..........h.h..
0 f...fr.h.h.....
1 ...............

Turn = 10.
  012345678901234
0 r.h..r.r.....rr
1 r.r......h...h.
2 r.....r......rr
3 r..............
4 .rr..rr...fff..
5 rr.r.fr........
6 ......r.......h
7 rf...r.........
8 ...fr...f......
9 ...h..........h
0 rrr............
1 ....r..........

Turn = 20.
  012345678901234
0 .r.rr.r.r..r...
1 ....rr.rr...r..
2 r.r.....rrr....
3 .rr..........rr
4 ..........rrr..
5 r.r.......r....
6 .r.......r..r..
7 ...............
8 r......r.r....r
9 r.............r
0 rr..r..........
1 .rr..........r.
