*** Darwin 50x42 ***
Turn = 0.
  012345678901234567890123456789012345678901
0 ..........................................
1 ..........................................
2 ..f.....h....................f............
3 .h.....................f..................
4 ...................h......................
5 ......f................f..........h.......
6 .........t......h.........................
7 ..........................................
8 ..........................................
9 .................................f........
0 .........h..............................r.
1 ....f...........h.............h...........
2 ..f..........r.....h......................
3 ......r.....................r.t.........t.
4 .........r................................
5 ..........................................
6 ..........................................
7 ......h..th...............................
8 ...................f......t..t............
9 ....h....r...h............r...............
0 ..........t.............t....f........r...
1 ...................................h......
2 ...........f....f.f..........rf...........
3 ........t.................................
4 .t.h............................r.........
5 .........f................................
6 ..............t.......................rh..
7 .t.................t......................
8 ...............t..f.......................
9 t.....................r..r................
0 ..........................................
1 .....h................h..f................
2 ..f........f......r.......................
3 ..........................................
4 ................h...........t....h........
5 ..........................................
6 r............h................h....h......
7 ........f.......................t.t.......
8 ..........................................
9 ......................f........h..........
0 ..r......f......................f.........
1 ......................................f...
2 f.................r.r........f............
3 ..............r..........t...........f....
4 ......................f......h.....r......
5 ............f.............................
6 ........t......................r.....r.f..
7 ....................t.....................
8 ..f.......................................
9 ........................................t.

Turn = 100.
  012345678901234567890123456789012345678901
0 .........rr..........................r....
1 ..........................................
2 ..f.r........................rr...........
3 .......................f.....r............
4 ....r..rr.................................
5 ..........................................
6 .......................r..................
7 ....r...........r.........................
8 ..........................................
9 ..........................................
0 ..........................................
1 .........................................r
2 ..................r......................r
3 ...........r........................r.....
4 .........r................................
5 r.......................................r.
6 ..........................................
7 .............................tt...........
8 ..........................t..t..r.........
9 .........................tt...............
0 ..........................................
1 .........................................r
2 rr...r.......................r...........r
3 .....................r................r...
4 ..........................................
5 ................r.........................
6 ..........................................
7 .......................................rrr
8 .r........................................
9 ..........................................
0 ..............................r......r....
1 ..........................................
2 ..........................................
3 ...................r......................
4 ............................t.............
5 ..........................................
6 ..................................t.....r.
7 ............r......................t......
8 ................r...............r.tt......
9 ..............r..................r........
0 r.........................................
1 ......r...............r...................
2 r......rr..............................r..
3 r....r................r...................
4 .........rr...........f.........r.........
5 ..........ttt..........r..................
6 ......ttr..t....r.........................
7 ........rrr...............................
8 r....r..rr...rr.r............r............
9 .......r..rtrrr.r...........r....r........

Turn = 200.
  012345678901234567890123456789012345678901
0 .r...................rr.................r.
1 ........r...........r....r................
2 r.........................r...............
3 rr........................................
4 rrr.....................r.................
5 r...................................r.....
6 ..r.......................r..r........r...
7 ......r...................................
8 .....rr.................................r.
9 .........................................r
0 ......................r.....r..r........rr
1 .............................rr..........r
2 ..........................................
3 ..........r...............................
4 .......................r...........r......
5 ..........................................
6 ........................................r.
7 ..........r...r...........................
8 ..........rr..............................
9 ...r......................................
0 .......r................................r.
1 ..........................................
2 r............................r............
3 ..........................................
4 ..........................................
5 ..........................................
6 .....................r....................
7 r.......................................r.
8 ..............................r..........r
9 r..r...................................r..
0 ............r.........................rr..
1 ..........................................
2 .............rrr..r..r...................r
3 r.....................r..........rr.......
4 r.................................r......r
5 ...................................rrr....
6 ..........................................
7 ........r.................................
8 rr........................................
9 r...r.....................................
0 r.........................................
1 ..........................................
2 ....rrr.................................r.
3 ..........................................
4 .........r..................r.............
5 ..........................................
6 ....r................rr.....r.............
7 .....rr...................................
8 ..............................r...........
9 ..r.......r...r......rr..rr...............

Turn = 300.
  012345678901234567890123456789012345678901
0 r...................r..r....r.......r.....
1 ........................r..............r.r
2 .............................r...........r
3 ..r....................................r.r
4 ..................................r...r...
5 .............r............................
6 r.....r...r...............................
7 .......................r..................
8 r.....rr..................................
9 .........r.....r........................rr
0 ........................................r.
1 ..........................................
2 .........r................................
3 .........................................r
4 ...............................r..........
5 .............................r......r.r...
6 ...............................r..........
7 .........r.....................r.......r.r
8 .................................r........
9 rr........r...............................
0 .........r................................
1 r.......r.................................
2 .............r......r.......r..........r..
3 ...............................r..........
4 r.........................................
5 ........................r.................
6 ..........................................
7 rr.....................r..................
8 .......................................r.r
9 .........................r...............r
0 ..........................................
1 .................r........................
2 ....r...........r....................rr...
3 ..........................................
4 ....r...r................................r
5 r..r......r.................r.............
6 ...r...........r............r............r
7 .....r....r........r......................
8 ...r.................r....................
9 r....................r...................r
0 ...................r......................
1 .....................................r....
2 ..........................................
3 r....r.........................r..........
4 .r........................................
5 ........r................................r
6 .......r............................r.....
7 ..........................................
8 .................................r........
9 .....r.......r....r.........r.......r.....

Turn = 400.
  012345678901234567890123456789012345678901
0 ..........r..rr..r.r........r.......r.....
1 ..........r...............................
2 .........r............................rr..
3 .........................................r
4 ...............rr........................r
5 r.....r...................................
6 .....rr...................................
7 ............r.........r...................
8 rrrr......................................
9 .r.r.....................r................
0 ..........................................
1 rrr...........r...........................
2 ..................r.......................
3 ....r............r.......r................
4 ...........................r..............
5 ........................r..r..............
6 ..........................................
7 ..........................................
8 ..........................r..............r
9 ................r..........r..............
0 .......................r..................
1 .........r......r.....r...................
2 r.......rr...........r...r.......r........
3 r........r......r......................r..
4 r........r..r..r........................r.
5 .......r..........r.....................r.
6 .......r..................................
7 ......r.......................r...........
8 ..........rr.............................r
9 ......rr..rr.............................r
0 r.........r...............................
1 ..........rr....r.........................
2 ..........................................
3 ....r.....................................
4 r....................r....................
5 ..........................................
6 ..........................................
7 .............................r............
8 ..........................................
9 .............................r............
0 .r.............................r..........
1 ..........................................
2 ..........................................
3 ..........................................
4 .........r................................
5 r.........................................
6 ....r.....................................
7 r...r...........r.........................
8 ....r................r....................
9 ..........r.......r.....r................r

Turn = 500.
  012345678901234567890123456789012345678901
0 r.......r.....r.r..............r.......r.r
1 ........r....r............................
2 ...r...r.............................r....
3 rr..........r................r............
4 ................r.............r..........r
5 ..............................r...........
6 .......rr.........r.r.....................
7 ...................r......................
8 ....r.....................................
9 r.........................................
0 ....................r.............r.......
1 .......................r.....r..r.........
2 ..............................r...........
3 ..........................................
4 ..r.....r.................................
5 .........................................r
6 r..r......................................
7 ..........................................
8 ......r..r................................
9 .r......r...............r..........r......
0 .........r...............r................
1 .........r.r..............................
2 ............r............................r
3 ..........................................
4 ...............r.....................r....
5 .............r.....................r......
6 r..r..........................r...........
7 r...............r..r..............rr......
8 r........................................r
9 .............................r............
0 ................r.............rr..........
1 ..r.............r...........r............r
2 ....r.......................r.............
3 ..........................................
4 ...........r..............................
5 ..........................................
6 ..........................................
7 r.........................................
8 ..........................................
9 .....r....................................
0 ....r.....................r............r.r
1 r.........................................
2 ......r...................................
3 ................................r.........
4 .........................................r
5 ..........................................
6 .r...r....................................
7 .............................r...r....r...
8 r.......r.....r.....r..........r.....r....
9 .......r......r......r...........r........

Turn = 600.
  012345678901234567890123456789012345678901
0 .r.....r.........r.rr......r............r.
1 ..................r......r...............r
2 ..............r..........r................
3 ...r...r..................................
4 r.........................................
5 ................r....................r...r
6 .................r........................
7 ..........................................
8 ...r..r...................................
9 .........r..............................r.
0 ......r...................................
1 ..r.......................................
2 .r........................................
3 ......r......rr..........................r
4 r......................r....rr............
5 .r......................r.........r.......
6 ...r....................r........r.......r
7 ..........................................
8 ..........................................
9 ..........................................
0 ..........................................
1 .........................................r
2 ..........................................
3 ............................r............r
4 ..........................................
5 ............................rr............
6 ..........................................
7 r.........................................
8 ........r....r............................
9 r.......r......r............r............r
0 .................................r........
1 ..........................................
2 ..........................................
3 ..............................r........r..
4 ........................................r.
5 .......................r..................
6 ..........................................
7 ......................................r...
8 .........................................r
9 .............r................r........r..
0 ................r.....................r...
1 ..................rr..................r...
2 .........r.....................r....r.r...
3 ...............r.r...................r....
4 r.................r......r.........r......
5 rr....r............................r......
6 .........................................r
7 r............................r............
8 rrr...................r....r..r...........
9 r....r.r.........r........r........r....r.

Turn = 700.
  012345678901234567890123456789012345678901
0 .....rr.....r..r.rrr.....r.r.r............
1 r....r....................................
2 r.r..........r.......rr...................
3 r....r...................................r
4 .........................................r
5 r....r............rr....................r.
6 r........r...r.....r......................
7 ..........................................
8 ..........................................
9 ...r..r.....r.r...........................
0 .......r.......r.r........................
1 ..........................................
2 ..r.............r.....r...................
3 ........................r................r
4 rr....................r.............r.....
5 r.r......................................r
6 ..........................................
7 rrr...............................r.......
8 r.................................r.......
9 .................................r...r....
0 .................................r..r.....
1 ..r......................................r
2 .......................................r..
3 .........................................r
4 ............................r.............
5 ............r..............r..............
6 ......................r.r.................
7 .r............r........r..r...............
8 .......................r..r............r..
9 ..........................................
0 .r........................................
1 ..........................................
2 ...r....................r.................
3 .....................rr...................
4 ...r......................................
5 ..........................................
6 r...rr..................................r.
7 ..........................................
8 ..........................................
9 ..........................................
0 .........................................r
1 .........................r................
2 ......................................r...
3 ......................................r..r
4 ........................r.................
5 ......................r...................
6 ..........................................
7 ..........................................
8 ....r............r..................r.....
9 .....rr.....rr.....................r......

Turn = 800.
  012345678901234567890123456789012345678901
0 ...............r.r.......r....r...........
1 ..............r...........................
2 ..............................r........r..
3 ................................r.........
4 ...................r......................
5 ..r.......................................
6 r....................................rr.r.
7 rr.......r................................
8 r.........................................
9 .....r........r.r.........................
0 .r.............r..........................
1 ...............r..........................
2 ..................r...................r...
3 ..........................................
4 ..........................................
5 ...........r............r.................
6 .........................r................
7 .........r................................
8 ..........................r...........r...
9 ....r......................r..............
0 .....r..............r..r.r................
1 .....................r.r..r...rr..........
2 ..........................................
3 .........................................r
4 .................r...r....................
5 r............................r.........r..
6 ......................................r...
7 ...................................r......
8 ..................r..............r.r.....r
9 .................................r........
0 ...................................r.....r
1 ...r......................................
2 ...r.................................r...r
3 ..........................................
4 r.........................r...............
5 ..........................................
6 r.rr......................................
7 rr...r....................................
8 ......r...................................
9 ......r...........r................rr.....
0 ....r.....................................
1 ....r.....................................
2 r................r...............rr.......
3 .....................................r....
4 .....................r...r................
5 ....................r......r...........r.r
6 ..................r.......r.r.............
7 r.....r....r.....r......r................r
8 ..........................................
9 ...................r.......r....r.........

Turn = 900.
  012345678901234567890123456789012345678901
0 r..................r.............r.......r
1 .....................rr..................r
2 ......................r....r..............
3 ....................r.........r.r.........
4 ...r.........r..............r.............
5 ....r......r...r.........r...............r
6 ..........................................
7 ..................................r.......
8 ..r.r..................r..................
9 .r....................r........r..........
0 ....r.........r......r....................
1 ..........r..r............................
2 ..........................................
3 r...........r.............................
4 ..........................................
5 ..............r...........................
6 .............r............................
7 ..........................r.r.............
8 .rr........................r..............
9 r................r.......................r
0 r........................r................
1 ...r......................................
2 ........................................r.
3 .....................................r....
4 r.....................................r...
5 r...............................r........r
6 ..............................r........r..
7 r.........rr....r.......................r.
8 ................r.........................
9 .......................................r..
0 .......................................r..
1 ........rr............................r...
2 ..............r..........................r
3 .........r........................r.......
4 ....r.....r..r............................
5 ...................r......................
6 r........................................r
7 r........r............r...................
8 .........................r.............r..
9 ..........r.r.........r...................
0 ..........................................
1 r.................r.......................
2 .........r................................
3 ........r.................................
4 ....................r.....................
5 .............r.....r......................
6 r.........................................
7 ..........................................
8 r...............................r.........
9 ....r...........rr.................r....r.

Turn = 1000.
  012345678901234567890123456789012345678901
0 ........r.r........r...........r..r.......
1 ....r...r........................r........
2 ...r...............r..r...................
3 ...r.........r............................
4 r.............r...........................
5 ..................r.......................
6 ......................................r..r
7 ..r.......................................
8 ...........r..............................
9 .........................................r
0 ...............................r..........
1 ...............................r..........
2 ......r..........................r........
3 ..................................r....r..
4 .........................................r
5 ............................r.............
6 .......r..................................
7 ...........r...................r..........
8 ..........................................
9 ..........................r...............
0 ..........................r...............
1 ........r.........r.r.....................
2 .................r...........rr..........r
3 ...r.....r................................
4 ...r.........................r............
5 ..........................r...............
6 ........................r...........r.....
7 .r....r...................................
8 r...................................r.....
9 .............r............................
0 .............................r............
1 r...............r.....r..................r
2 ...r......................................
3 ....r.............r............r.........r
4 ................rrr.......................
5 .........r......r............r..........r.
6 .r..........r....................r........
7 ................................r.........
8 ...........r..............................
9 .................rr.....................r.
0 ...........r.......r....................rr
1 ........................................r.
2 r..........r..............................
3 ......r..................................r
4 ......r....r...r..........................
5 ..........................................
6 ..........................................
7 ......r...................................
8 ....r.....................................
9 r..rr..r.......r..r........r.......r......

*** Darwin 10x10 ***
Turn = 0.
  0123456789
0 tftfrhhhhr
1 thhfhhhfhh
2 ftfrhffhfr
3 fftftrrrrf
4 frrhrhhrrh
5 rtrrhfrfht
6 hfhhhftfrf
7 hrhtrthttt
8 fthffrftfr
9 tfttrtrrfh

Turn = 1.
  0123456789
0 tttrrhhhhr
1 tthfhhhfhr
2 ftrrhffhrr
3 ffttrrrrrf
4 rrttrrrrrh
5 rrrthrtftt
6 hfrrrftfrr
7 rthrtrhttr
8 fthtfrrtfr
9 tttrttttfh

Turn = 2.
  0123456789
0 tttrrhhhhr
1 tttthhhfrr
2 ttrrhfrhrr
3 fftrrrrrrf
4 rrrrrrrrrh
5 rrrrhrtttt
6 rrrrtfttrr
7 ttrrrrhttr
8 ftttfrrttr
9 tttttttttt

Turn = 3.
  0123456789
0 tttrrhhhhr
1 tttthhhrrr
2 ttrthrrrrr
3 rftrrrrrrf
4 rrrrrrrrrr
5 rrrrtrtttr
6 rrrrrftttr
7 trtrrrhttr
8 ttttfrrttt
9 tttttrtttt

Turn = 4.
  0123456789
0 ttttthhhhr
1 tttthhrrrr
2 trtthrrrrr
3 rttrrrrrrr
4 rrrrrrrrrr
5 rrrrrrttrr
6 rrrrrttttr
7 tttrrrtttt
8 rrtttrrttt
9 tttttttttt

Turn = 5.
  0123456789
0 ttttthrhrr
1 ttttthrrrr
2 tttttrrrrr
3 trtrrrrrrr
4 rrrrrrrrrr
5 rrrrrrttrr
6 rrrrrrrtrr
7 ttrrrrtttt
8 ttttrrtttt
9 tttttttttt

Turn = 6.
  0123456789
0 tttttrrrrr
1 tttttrrrrr
2 tttttrrrrr
3 rrtttrrrrr
4 rrttrrrrrr
5 rrrrrrrrrr
6 rrrrrrrttr
7 rtrtrrrttt
8 ttrrtrtttt
9 ttrrtttttt

Turn = 7.
  0123456789
0 tttttrrtrr
1 tttttrrtrr
2 rttttrrrrr
3 rrtttrrrrr
4 rrtttrrrrr
5 rrrttrrrrr
6 rrrrrrrrtt
7 rrrtrrrttt
8 ttrrtrtttt
9 ttrrtrtttt

Turn = 8.
  0123456789
0 tttttrrtrr
1 rtttttrtrr
2 rtttttrrrr
3 rrtttrrrrr
4 rttrtrrrrr
5 rrrtrrrrrr
6 rrrrrrrrtt
7 trrrrrtttt
8 ttrrtttttt
9 ttrttttttt

Turn = 9.
  0123456789
0 tttttrttrr
1 rtttttrtrr
2 rttttttrrr
3 rttttrrrrr
4 rttrrrrrrr
5 rrrrrrrrrt
6 trrrrrrrtt
7 trrrrrrttt
8 ttrrttrttt
9 tttttttttt

Turn = 10.
  0123456789
0 ttttttttrr
1 rttttttttt
2 rttttttttt
3 rtttrrrrrr
4 tttrtrrrrr
5 rrtttrrrrr
6 trrrrrrrrr
7 trrrtrrttt
8 tttrtttttt
9 tttttttttt

*** Darwin 5x5 ***
Turn = 0.
  01234
0 .....
1 ..r..
2 rrr..
3 .r...
4 .....

Turn = 1.
  01234
0 .....
1 ...r.
2 rr...
3 .rr..
4 .....

Turn = 2.
  01234
0 .....
1 r...r
2 .r...
3 .....
4 .rr..

Turn = 3.
  01234
0 r....
1 ....r
2 r....
3 .....
4 .rr..

Turn = 4.
  01234
0 r....
1 .....
2 r...r
3 .....
4 r..r.

Turn = 5.
  01234
0 r....
1 r....
2 .....
3 ....r
4 r...r

Turn = 6.
  01234
0 r....
1 r....
2 .....
3 ....r
4 r...r

Turn = 7.
  01234
0 .r...
1 r....
2 .....
3 ...rr
4 r....

Turn = 8.
  01234
0 ..r..
1 .....
2 r...r
3 ..r..
4 r....

Turn = 9.
  01234
0 ...r.
1 ....r
2 .....
3 rr...
4 .r...

Turn = 10.
  01234
0 ....r
1 ....r
2 .....
3 r....
4 r.r..

*** Darwin 38x9 ***
Turn = 0.
  012345678
0 .........
1 ....r..h.
2 ......h..
3 ..h....t.
4 ..r......
5 .........
6 ....r....
7 h........
8 .......r.
9 .........
0 ...h..f.t
1 t........
2 ...r.t...
3 .....f.h.
4 ......r..
5 .f.t.....
6 .........
7 .........
8 r........
9 ..r..r...
0 tt..h....
1 ..t......
2 h...r....
3 ...rh....
4 .f.f.....
5 t.f......
6 ..f......
7 ......t..
8 ..f......
9 .........
0 ......r..
1 ..f......
2 ..r......
3 ..f.h..t.
4 r......t.
5 tt.......
6 .f.......
7 .f.......

Turn = 1.
  012345678
0 .........
1 .....r...
2 .......h.
3 ..h...tt.
4 .r.......
5 .........
6 ...r.....
7 .......r.
8 h........
9 .........
0 ....h.f.t
1 t........
2 .....t.h.
3 ...r.f...
4 .........
5 .f.t..r..
6 .........
7 r........
8 .....r...
9 ...r.....
0 tt.......
1 ..t.h....
2 ...r.....
3 h.r..h...
4 .f.f.....
5 t.f......
6 ..f......
7 ......t..
8 ..f......
9 .........
0 .......r.
1 ..r......
2 ..r......
3 r.fh...t.
4 .......t.
5 tt.......
6 .f.......
7 .f.......

Turn = 2.
  012345678
0 .........
1 ......r..
2 .......h.
3 ......tt.
4 r.h......
5 .........
6 ..r....r.
7 .........
8 .........
9 h........
0 .....hf.t
1 t......h.
2 .....t...
3 .....f...
4 ...r.....
5 .f.t.....
6 r.....r..
7 .....r...
8 .........
9 ....r....
0 tt.......
1 ..t......
2 ..r.h....
3 .r....h..
4 tf.f.....
5 t.f......
6 ..f......
7 ......t..
8 ..f......
9 .........
0 ........r
1 ..rr.....
2 r........
3 ..fh...t.
4 .......t.
5 tt.......
6 .t.......
7 .f.......

Turn = 3.
  012345678
0 .........
1 .......r.
2 .......h.
3 ......tt.
4 r........
5 ..h....r.
6 .r.......
7 .........
8 .........
9 .........
0 t....hfht
1 t........
2 .....t...
3 .....t...
4 ...r.....
5 rf.......
6 ...r.r...
7 ......r..
8 .........
9 .....r...
0 tt.......
1 ..t......
2 .r.......
3 r...h..h.
4 tf.f.....
5 t.f......
6 ..f......
7 ......t..
8 ..f......
9 .........
0 ..r.....r
1 r...r....
2 .........
3 ..fh...t.
4 .......t.
5 tt.......
6 .t.......
7 .f.......

Turn = 4.
  012345678
0 .........
1 ........r
2 .......h.
3 r.....tt.
4 .......r.
5 .........
6 r.h......
7 .........
8 .........
9 .......h.
0 t....hf.t
1 t........
2 .....t...
3 .....t...
4 r........
5 .f.r.r...
6 .........
7 ...r.....
8 ......r..
9 ......r..
0 tt.......
1 ..t......
2 r........
3 r.......h
4 tt.fh....
5 t.f......
6 ..f......
7 ......t..
8 ..f......
9 ..r.....r
0 r........
1 .....r...
2 .........
3 ..fh...t.
4 .......t.
5 tt.......
6 .t.......
7 .f.......

Turn = 5.
  012345678
0 .........
1 ........r
2 r......t.
3 ......tr.
4 .......r.
5 .........
6 r........
7 ..h......
8 .......h.
9 .........
0 t....hf.t
1 t........
2 .....t...
3 r....t...
4 .....r...
5 .f.......
6 ...r.....
7 .........
8 ...r..r..
9 .......r.
0 tt.......
1 ..t......
2 r........
3 r.......h
4 tt.f.....
5 t.f.h....
6 ..f......
7 ......t..
8 ..r.....r
9 r.r......
0 .........
1 ......r..
2 .........
3 ..fh...t.
4 .......t.
5 tt.......
6 .t.......
7 .t.......

Turn = 6.
  012345678
0 .........
1 r........
2 .......tr
3 ......tr.
4 .......r.
5 r........
6 .........
7 .......h.
8 ..h......
9 .........
0 t....hf.t
1 t........
2 r....t...
3 .....r...
4 .....r...
5 .f.......
6 .........
7 ...r.....
8 .....r...
9 ...r....r
0 tt.......
1 ..t......
2 r........
3 t.......h
4 tt.f.....
5 t.f......
6 ..f.h....
7 ......t.r
8 r.rr.....
9 .........
0 .........
1 .......r.
2 .........
3 ..fh...t.
4 .......t.
5 tt.......
6 .t.......
7 .t.......

Turn = 7.
  012345678
0 r........
1 .........
2 .......t.
3 ......trr
4 r......r.
5 .........
6 .......h.
7 .........
8 .........
9 ..h......
0 t....hf.t
1 r........
2 r....t...
3 .....r...
4 .....r...
5 .f.......
6 .........
7 .........
8 ...rr....
9 ........r
0 tt.r.....
1 ..t......
2 t........
3 t.......h
4 tt.f.....
5 t.f......
6 ..f.....r
7 r.r.h.t..
8 ....r....
9 .........
0 .........
1 ........r
2 .........
3 ..fh...t.
4 .......t.
5 tt.......
6 .t.......
7 .t.......

Turn = 8.
  012345678
0 r........
1 .........
2 .......t.
3 r.....tt.
4 .......tr
5 .......h.
6 .........
7 .........
8 .........
9 .........
0 t.h..hf.t
1 r........
2 r....t...
3 .....t...
4 ......r..
5 .f.......
6 .........
7 .........
8 ...r....r
9 ...r.....
0 tt.......
1 ..tr.....
2 t........
3 t.......h
4 tt.f.....
5 t.f.....r
6 r.r......
7 ..r.h.t..
8 .....r...
9 .........
0 .........
1 ........r
2 .........
3 ..fh...t.
4 .......t.
5 tt.......
6 .t.......
7 .t.......

Turn = 9.
  012345678
0 .r.......
1 .........
2 r......t.
3 ......tt.
4 .......t.
5 .......hr
6 .........
7 .........
8 .........
9 .........
0 t....hf.t
1 r.h......
2 r....t...
3 .....t...
4 .......r.
5 .f.......
6 .........
7 ........r
8 ..r......
9 .........
0 tt.r.....
1 ..t......
2 t..r.....
3 t.......h
4 tt.f....r
5 t.f......
6 t.rr.....
7 ......t..
8 ....h.r..
9 .........
0 ........r
1 .........
2 .........
3 ..fh...t.
4 .......t.
5 tt.......
6 .t.......
7 .t.......

Turn = 10.
  012345678
0 ..r......
1 r........
2 .......t.
3 ......tt.
4 .......t.
5 .......t.
6 ........r
7 .........
8 .........
9 .........
0 t....hf.t
1 t........
2 t.h..t...
3 .....t...
4 ........r
5 .f.......
6 ........r
7 .........
8 .r.......
9 .........
0 tt.......
1 ..tt.....
2 t........
3 t..r....r
4 tt.f....r
5 t.r......
6 t.r.r....
7 ......t..
8 .......r.
9 ....h...r
0 .........
1 .........
2 .........
3 ..fh...t.
4 .......t.
5 tt.......
6 .t.......
7 .t.......

*** Darwin 1x1 ***
Turn = 0.
  0
0 t

Turn = 1.
  0
0 t

Turn = 2.
  0
0 t

Turn = 3.
  0
0 t

Turn = 4.
  0
0 t

Turn = 5.
  0
0 t

*** Darwin 1x1 ***
Turn = 0.
  0
0 r

Turn = 1.
  0
0 r

Turn = 2.
  0
0 r

Turn = 3.
  0
0 r

Turn = 4.
  0
0 r

Turn = 5.
  0
0 r

*** Darwin 42x42 ***
Turn = 0.
  012345678901234567890123456789012345678901
0 ..........................................
1 ..........................................
2 ..........................................
3 ..........................................
4 ..........................................
5 ..........................................
6 ..........................................
7 ..........................................
8 ..........................................
9 ...................t......................
0 ..........................................
1 ..........................................
2 ..........................................
3 ..........................................
4 ..........................................
5 ..........................................
6 ..........................................
7 ..........................................
8 ..........................................
9 ..........................................
0 ..........................................
1 ..........................................
2 ..........................................
3 ..........................................
4 ..........................................
5 ..........................................
6 ..........................................
7 ..........................................
8 ..........................................
9 ..........................................
0 ..........................................
1 ..........................................
2 ..........................................
3 ..........................................
4 ..........................................
5 ..........................................
6 ..........................................
7 ..........................................
8 ..........................................
9 ..........................................
0 ..........................................
1 ..........................................

Turn = 20.
  012345678901234567890123456789012345678901
0 ..........................................
1 ..........................................
2 ..........................................
3 ..........................................
4 ..........................................
5 ..........................................
6 ..........................................
7 ..........................................
8 ..........................................
9 ...................t......................
0 ..........................................
1 ..........................................
2 ..........................................
3 ..........................................
4 ..........................................
5 ..........................................
6 ..........................................
7 ..........................................
8 ..........................................
9 ..........................................
0 ..........................................
1 ..........................................
2 ..........................................
3 ..........................................
4 ..........................................
5 ..........................................
6 ..........................................
7 ..........................................
8 ..........................................
9 ..........................................
0 ..........................................
1 ..........................................
2 ..........................................
3 ..........................................
4 ..........................................
5 ..........................................
6 ..........................................
7 ..........................................
8 ..........................................
9 ..........................................
0 ..........................................
1 ..........................................

Turn = 40.
  012345678901234567890123456789012345678901
0 ..........................................
1 ..........................................
2 ..........................................
3 ..........................................
4 ..........................................
5 ..........................................
6 ..........................................
7 ..........................................
8 ..........................................
9 ...................t......................
0 ..........................................
1 ..........................................
2 ..........................................
3 ..........................................
4 ..........................................
5 ..........................................
6 ..........................................
7 ..........................................
8 ..........................................
9 ..........................................
0 ..........................................
1 ..........................................
2 ..........................................
3 ..........................................
4 ..........................................
5 ..........................................
6 ..........................................
7 ..........................................
8 ..........................................
9 ..........................................
0 ..........................................
1 ..........................................
2 ..........................................
3 ..........................................
4 ..........................................
5 ..........................................
6 ..........................................
7 ..........................................
8 ..........................................
9 ..........................................
0 ..........................................
1 ..........................................

Turn = 60.
  012345678901234567890123456789012345678901
0 ..........................................
1 ..........................................
2 ..........................................
3 ..........................................
4 ..........................................
5 ..........................................
6 ..........................................
7 ..........................................
8 ..........................................
9 ...................t......................
0 ..........................................
1 ..........................................
2 ..........................................
3 ..........................................
4 ..........................................
5 ..........................................
6 ..........................................
7 ..........................................
8 ..........................................
9 ..........................................
0 ..........................................
1 ..........................................
2 ..........................................
3 ..........................................
4 ..........................................
5 ..........................................
6 ..........................................
7 ..........................................
8 ..........................................
9 ..........................................
0 ..........................................
1 ..........................................
2 ..........................................
3 ..........................................
4 ..........................................
5 ..........................................
6 ..........................................
7 ..........................................
8 ..........................................
9 ..........................................
0 ..........................................
1 ..........................................

Turn = 80.
  012345678901234567890123456789012345678901
0 ..........................................
1 ..........................................
2 ..........................................
3 ..........................................
4 ..........................................
5 ..........................................
6 ..........................................
7 ..........................................
8 ..........................................
9 ...................t......................
0 ..........................................
1 ..........................................
2 ..........................................
3 ..........................................
4 ..........................................
5 ..........................................
6 ..........................................
7 ..........................................
8 ..........................................
9 ..........................................
0 ..........................................
1 ..........................................
2 ..........................................
3 ..........................................
4 ..........................................
5 ..........................................
6 ..........................................
7 ..........................................
8 ..........................................
9 ..........................................
0 ..........................................
1 ..........................................
2 ..........................................
3 ..........................................
4 ..........................................
5 ..........................................
6 ..........................................
7 ..........................................
8 ..........................................
9 ..........................................
0 ..........................................
1 ..........................................

Turn = 100.
  012345678901234567890123456789012345678901
0 ..........................................
1 ..........................................
2 ..........................................
3 ..........................................
4 ..........................................
5 ..........................................
6 ..........................................
7 ..........................................
8 ..........................................
9 ...................t......................
0 ..........................................
1 ..........................................
2 ..........................................
3 ..........................................
4 ..........................................
5 ..........................................
6 ..........................................
7 ..........................................
8 ..........................................
9 ..........................................
0 ..........................................
1 ..........................................
2 ..........................................
3 ..........................................
4 ..........................................
5 ..........................................
6 ..........................................
7 ..........................................
8 ..........................................
9 ..........................................
0 ..........................................
1 ..........................................
2 ..........................................
3 ..........................................
4 ..........................................
5 ..........................................
6 ..........................................
7 ..........................................
8 ..........................................
9 ..........................................
0 ..........................................
1 ..........................................

*** Darwin 56x42 ***
Turn = 0.
  012345678901234567890123456789012345678901
0 ..................f..............rr.......
1 ............................r..f...h......
2 ..f................h......................
3 ...........r..f.............t.............
4 ..........rf...........t..r......h........
5 ..r..r.r.......r..........f.....t..h....h.
6 .hf..........ht..............f............
7 ............f.f.....ft..........t.........
8 .................t...................r....
9 ............r...r..t......f...............
0 ..............h...........t.t.h...........
1 ..........f...............r..........f....
2 f..ht.......ftt...r..........r....r.....r.
3 ..........f...............................
4 ................h..................hf.....
5 ....................t...................t.
6 r....................r...........f......r.
7 .....hf..........................f....ff..
8 ...................f...r..................
9 .........tf...............................
0 ........h....................h............
1 .t..t.............h......rr....ht.f.......
2 ....................h........f............
3 ..................................h.......
4 ..............................r.......f...
5 r.................h....f...........r......
6 .t........f............f..................
7 .............h...t.........hr....r..t.....
8 .........r...t............................
9 ..........................r....h..........
0 .....t.............................f.h....
1 ...............f.........ftt..............
2 ...............t.........r..t.............
3 t...f...h...............f.................
4 ..f...........t...........t.............t.
5 ......................ff.........f....h...
6 .........t..........r..........r..........
7 ............fr.h..........................
8 .f......fr..............t.................
9 r....f....h....................t..........
0 ......t...................................
1 ......r......t.......................h...r
2 ....r..........f..............r......h....
3 ..........................................
4 f....fh..t....t.f....f..r.................
5 ..r......r.............f.............h..t.
6 ...................h...............r.....h
7 .........t.......t.....f.....r............
8 ..........................................
9 ..........t.........t..........h..h.......
0 f.......................r..........h......
1 .....r........r.h..........r...ht.........
2 ...t.....f...................r............
3 ......h.....f.............r.....h.t.......
4 .............r.h.....h...............h.f..
5 ....................................r.....

Turn = 1.
  012345678901234567890123456789012345678901
0 ..................f..............r.r......
1 .............................r.f....h.....
2 ..f.......................................
3 ..........rr..f....h........t.............
4 ............r..r.......t.r................
5 .r....r......h............f.....tt.....h..
6 h.f....r......t..............f.....h......
7 ............f.t.....ft..........t....r....
8 .................t........................
9 ...........r.......t......f...............
0 .............h..r.........t.t..h..........
1 ..........f...............t.......r..f....
2 f...t.......ftt....r........r.............
3 ...h......f.............................r.
4 ...............h..................h.f.....
5 r...................tr..................t.
6 .................................f.......r
7 .....hf................r.........f....ff..
8 ...................f......................
9 ........htf...............................
0 ..........................r....h..........
1 .t..t...............h....r...h..t.f.......
2 ..................h..........f............
3 ..............................r...........
4 ..................................h...f...
5 r..................h...f............r.....
6 .t........f............f.........r........
7 ..............h..t........h..r......t.....
8 ........r....t.................h..........
9 .........................r................
0 .....t.............................f......
1 ...............f.........ftt.........h....
2 ...............t........r...t.............
3 t...f....h..............f.................
4 ..f...........t...........t.............t.
5 ......................ff.........f.....h..
6 .........t....................r...........
7 ............rr......r.....................
8 .f......f......h........t.................
9 r....f...r.h...................t..........
0 ......t..................................r
1 .............t.......................h....
2 ......r........f...............r.....h....
3 ....r.....................................
4 f....f...t....t.f....f.r..................
5 ......h..t.............f................t.
6 ..r...............h...............r..h....
7 .........t.......t.....f....r............h
8 ..........................................
9 ..........t.........t...........hh........
0 f....r........r.h..........r...h..........
1 ........................r.......t..h......
2 ...t.....f....................r...........
3 ............f..h.........r.....h..t..h....
4 ......h.....r..........................f..
5 .....................h..............r.....

Turn = 2.
  012345678901234567890123456789012345678901
0 ..................f.................r.....
1 ..............................rf.r...h....
2 ..f.......r...............................
3 ..............fr............t.............
4 ...........r.r.....h...tr.................
5 r......r.....h............f.....tt....h...
6 h.f...........t..............f.......r....
7 .......r....f.t.....tt..........t..h......
8 .................t........................
9 ..........r........t......f...............
0 ............h.............t.t...h.r.......
1 ..........f.....r.........t..........f....
2 f...t.......ttt.....r......r..............
3 ..........f...............................
4 r..h..........h......r...........h..f...t.
5 ....................t...................t.
6 .......................r.........f.......r
7 .....hf..........................f....ff..
8 ........h..........f......................
9 .........tf...............r....h..........
0 ....................h....r................
1 .t..t........................h..t.f.......
2 .............................fr...........
3 ..................h.......................
4 r.....................................f...
5 ....................h..f.........rh..r....
6 .t........f............f..................
7 ...............h.t.......h....rh....t.....
8 .......r.....t............................
9 ........................r.................
0 .....t.............................f......
1 ...............t.........ftt..............
2 ...............t.......r....t........h....
3 t...f.....h.............f.................
4 ..f...........t...........t.............t.
5 ......................ff.........f......h.
6 .........t..r................r............
7 ............r.............................
8 rf......f...........r...t.................
9 .....f......h..h...............t.........r
0 ......t..r................................
1 .............t.......................h....
2 ...............f................r....h....
3 ......r...................................
4 f...rf...t....t.f....fr...................
5 .........t.............f................t.
6 ......h..........h...............r........
7 ..r......t.......t.....f...r.........h....
8 .........................................h
9 .....r....t...r.h...t......r...hhh........
0 f.........................................
1 ................................t.........
2 ...t.....f.....h........r......r...h.h....
3 ............f...........r.....h...t.......
4 ...........r...........................f..
5 ......h..............h.............r......

Turn = 3.
  012345678901234567890123456789012345678901
0 ..................f..................r....
1 ..........r...................rr......h...
2 ..f............r.................r........
3 ..............f.............t.............
4 .............hr........rr.................
5 r.......r..r.......h......f.....tt...r....
6 h.f...........t..............f.......r....
7 ............f.t.....tt..........t.........
8 .......r.........t.................h......
9 .........r.........t......f.......r.......
0 ...........h..............t.t....h........
1 ..........f...............t..........f....
2 f...t.......ttt.r....r....r...............
3 r.........f..........r....................
4 .............h..................h...f...t.
5 ...h................t..r................t.
6 .................................f........
7 .....hf.h........................f....ff.r
8 ...................f......r....h..........
9 .........tt.........h....r................
0 ..........................................
1 .t..t........................hr.t.f.......
2 .............................f............
3 r.........................................
4 ..................h..............r....f...
5 .....................h.f..............r...
6 .t........f............f.......r..h.......
7 ................ht......h.....r.....t.....
8 ......r......t............................
9 .......................r..................
0 .....t.............................f......
1 ...............t.........ttt..............
2 ...............t......r.....t.............
3 t...f......h............f............h....
4 ..f...........t...........t.............t.
5 ............r.........ff.........f......t.
6 .........t..................r.............
7 r..........r..............................
8 .f......f...............t................r
9 .....f.......h......r..........t..........
0 ......t........h..........................
1 .........r...t.......................h....
2 ...............f.................r...h....
3 ..........................................
4 f....fr..t....t.f....rr...................
5 ....r....t.............f................t.
6 ................h...............r.........
7 ......h..t.......t.....f..r...............
8 ..r..r........r.h..........r...h.....h....
9 ..........t.........t...........hh.......h
0 f.........................................
1 ...............h................t....h....
2 ...t.....f..............r.......r.........
3 ............f..........r.....h....tt......
4 ..........r............................f..
5 ......h..............h............r.......

Turn = 4.
  012345678901234567890123456789012345678901
0 ..........r.......f...................r...
1 ...............r..............r........h..
2 ..f............................r..........
3 .............hf.............t....r........
4 ...............r.......rr.................
5 r........r................f.....tt..rr....
6 r.f........r..t....h.........f............
7 ............f.t.....tt..........t.........
8 .................t................r.......
9 .......rr..........t......t........h......
0 ..........h...............t.t.....h.......
1 ..........f...............t..........f....
2 r...t.......ttt......rr...t...............
3 r.........f.....r.........................
4 ............h..........r.......h....f...t.
5 ....................t...................t.
6 ...h....h........................f........
7 .....hf...................r....h.f....ff..
8 ...................fh....r...............r
9 .........tt...............................
0 ..............................r...........
1 .t..t........................h..t.f.......
2 r............................f............
3 .................................r........
4 ......................................f...
5 ..................h...hf.......r.......r..
6 .t........f............f..................
7 ................tt.....h.......r..h.t.....
8 .....r.......t............................
9 ......................r...................
0 .....t.............................f......
1 ...............t.........ttt..............
2 ...............t.....r......t.............
3 t...f.......h...........f.................
4 ..f.........r.t...........t..........h..t.
5 ......................ff.........f......t.
6 r........t.................r..............
7 ..........r..............................r
8 .f......f...............t.................
9 .....f........h................t..........
0 ......t.............r.....................
1 .............t.h.....................h....
2 .........r.....f..................r..h....
3 .....................r....................
4 f....f...t....t.f....r....................
5 ......r..t.............f................t.
6 ....r..........h...............r..........
7 .....r...t....r.ht.....f.r.r...h..........
8 ......h...................................
9 ..r.......t.........t...........hh...h....
0 f..............h.....................h...h
1 ................................t.........
2 ...t.....f.............r.........r........
3 ............f.........r.....h.....tt......
4 .........r.............................f..
5 ......h..............h...........r........

Turn = 5.
  012345678901234567890123456789012345678901
0 ..........r....r..f....................r..
1 ........................................h.
2 ..f..........h................r...........
3 ..............f........rr...t..r..........
4 ................r................r...r....
5 r.........r...............f.....tt.r......
6 ..f...........t..............f............
7 r..........rf.t....htt..........t.r.......
8 .................t........................
9 .......r...........t......t...............
0 .......r.h................t.t.....hh......
1 ..........f..........r....t..........f....
2 r...t.......ttt........r..t...............
3 r.........f............r..................
4 ...........h....r.............h.....f...t.
5 ........h...........t...................t.
6 ..........................r....h.f........
7 ...h.hf.............h....r.......f....ff..
8 ...................f......................
9 .........tt...................r..........r
0 ..........................................
1 rt..t........................h..t.f.......
2 .............................f...r........
3 ..........................................
4 ...............................r......f...
5 ......................hf................r.
6 .t........f.......h....f..................
7 ................tt....h.........r...t.....
8 ....r........t....................h.......
9 .....................r....................
0 .....t.............................f......
1 ...............t.........ttt..............
2 ...............t....r.......t.............
3 t...f.......rh..........f.................
4 ..f...........t...........t.............t.
5 r.....................ff.........f...h..t.
6 .........t................r..............r
7 .........r................................
8 .f......f...............t.................
9 .....f.........h...............t..........
0 ......t...................................
1 .............t.h....r................h....
2 ...............f.....r.............r.h....
3 .........r................................
4 f....f...t....t.f...r.....................
5 .........t.............f................t.
6 .....rr.......r.h..........r..rh..........
7 ....r....t....r..t.....fr.................
8 ..........................................
9 ......h...t....h....t...........hh...h....
0 f.r..................................h....
1 ................................t........h
2 ...t.....f............r...........t.......
3 ............f........r.....h......tt......
4 ........r..............................f..
5 ......h..............h..........r.........

Turn = 6.
  012345678901234567890123456789012345678901
0 ...........r...r..f.....................r.
1 .............h...........................h
2 ..f....................rr.................
3 ..............f.............t.r......r....
4 .................r.............r.r........
5 r..........r..............f.....ttr.......
6 ..f...........t..............f....r.......
7 ............f.t.....tt..........t.........
8 r..........r.....t.h......................
9 ......r............t......t...............
0 ........h............r....t.t.....h.......
1 .......r..f...............t........h.f....
2 r...t.......ttt........rr.t...............
3 r.........f...............................
4 ........h.h..................h......f...t.
5 ................r...t.....r....h........t.
6 ....................h....r.......f........
7 .....hf..........................f....ff..
8 ...h...............f..........r...........
9 .........tt...............................
0 r........................................r
1 .t..t........................h..trf.......
2 .............................f............
3 ...............................r..........
4 ......................................f...
5 ......................hf.................r
6 .t........f............f..................
7 ................tth..h...........r..t.....
8 ...r.........t............................
9 ....................r.............h.......
0 .....t.............................f......
1 ...............t.........ttt..............
2 ............r..t...r........t.............
3 t...f.........t.........f.................
4 r.f...........t...........t.............t.
5 ......................ff.........f......tr
6 .........t...............r...........h....
7 ........r.................................
8 .f......f...............t.................
9 .....f..........h..............t..........
0 ......t...................................
1 .............t.h.....r...............h....
2 ...............f....r...............rh....
3 .........r................................
4 f....f...r....t.f..r......................
5 .....r..........h......f...r...h........t.
6 .........r...rr..............r............
7 ......r..t.......t.....rr.................
8 ....r..........h..........................
9 ..........t.........t...........hh...h....
0 f.....h..............................h....
1 ..r.............................t.........
2 ...t.....f...........r............t......h
3 ............f.......r.....h.......tt......
4 .......r...............................f..
5 ......h..............h.........r..........

Turn = 7.
  012345678901234567890123456789012345678901
0 ............rhr...f......................r
1 .......................rr................h
2 ..f..................................r....
3 ..............f.............t.............
4 ..................r...........r..r........
5 ............r.............f....rttr.......
6 r.f...........t..............f....r.......
7 ............f.t.....tt..........t.........
8 .................t.h......................
9 r....r.....r.......t.r....t...............
0 .......h..................t.t......h......
1 ..........f............r..t..........f....
2 rr..t..r....ttt..........rt........h......
3 ........h.f...............................
4 .........h................r.h..h....f...t.
5 ....................t....r..............t.
6 ................r...h............f........
7 .....hf.......................r..f....ff..
8 ...................f......................
9 r..h.....tt...............................
0 .................................r........
1 .t..t........................h..t.f......r
2 .............................f.r..........
3 ..........................................
4 ......................................f...
5 ......................hf.................r
6 .t........f............f..................
7 ................ttt.h.............r.t.....
8 ..r..........t............................
9 ...................r......................
0 .....t............................hf......
1 ............r..t.........ttt..............
2 ...............t..r.........t.............
3 r...f.........t.........f.................
4 r.f...........t...........t.............t.
5 ......................ff.........f......tt
6 .........t..............r.................
7 .......r.............................h....
8 .f......f...............t.................
9 .....f...........h.............t..........
0 ......t..............r....................
1 .............t.h.....................r....
2 ...............f....................rr....
3 .........r..........r.....................
4 f....r........t.f.r........r...h..........
5 .....r...r....r.h......f................t.
6 .........r..r..........r....r.............
7 ...............h.t.....r..................
8 ......r..r................................
9 ....r.....t.........t...........hh...h....
0 f....................................h....
1 ......h.........................t.........
2 ..rt.....f..........r.............t.......
3 ............f......r.....h........tt.....h
4 ......r................................f..
5 ......h..............h........r...........

Turn = 8.
  012345678901234567890123456789012345678901
0 ............rrr...f....rr................r
1 .....................................r...h
2 ..f.......................................
3 ..............f.............t.............
4 ...................r.............r........
5 .............r............f...r.ttt.......
6 ..f...........t..............f.r..t.......
7 r...........f.t.....tt..........t.........
8 .................t.t.r....................
9 ....r..............t......t...............
0 r.....h....r...........r..t.t.......h.....
1 r.........f...............t..........f....
2 ..r.t...h...ttt..........rr...............
3 .......r..f...............r....h...h......
4 ........h................r.h........f...t.
5 ....................t...................t.
6 ....................h.........r..f........
7 .....hf.........r................f....ff..
8 r..................f......................
9 .........tt......................r........
0 ...h......................................
1 .t..t........................h.rt.f.......
2 .............................f...........r
3 ..........................................
4 ......................................f..r
5 ......................hf..................
6 .t........f............f..................
7 ................ttth...............rt.....
8 .r...........t............................
9 ..................r.......................
0 .....t......r......................f......
1 ...............t.........ttt......h.......
2 ...............t.r..........t.............
3 r...f.........t.........f.................
4 r.f...........t...........t.............t.
5 ......................ff.........f......tt
6 .........t.............r..................
7 ......r...................................
8 .f......f...............t............h....
9 .....f............h..r.........t..........
0 ......t...................................
1 .............t.h.....................r....
2 ...............f....................rr....
3 ........r..................r...h..........
4 f....r........r.fr..r.....................
5 .....r...r....r.h......r................t.
6 ...........r...h.......r...r..............
7 .........r.......t....r...................
8 ..........................................
9 ......r..rt.........t...........hh...h....
0 f...r................................h....
1 ................................t.........
2 ...t..h..f.........r..............t.......
3 ..r.........f.....r.....h.........tt......
4 .....r.................................f.h
5 ......h..............h.......r............

Turn = 9.
  012345678901234567890123456789012345678901
0 ............rr....f....rr............r...r
1 ..............r..........................h
2 ..f.......................................
3 ..............f.............t.............
4 ....................r............r........
5 ..............r...........f.....ttt.......
6 ..f...........t..............fr...t.......
7 ............f.t.....tr.........tt.........
8 r................t.t.r....................
9 ...r...............t...r..t...............
0 r....h....................t.t........h....
1 r.......h.fr..............t..........f....
2 ...tt.......ttt..........rr....h..........
3 ..........f..............rr...............
4 .......rh.................h........hf...t.
5 ....................t.........r.........t.
6 ....................h............f........
7 r....hf..........................f....ff..
8 ................r..f.............r........
9 .........tt...............................
0 ...............................r..........
1 .t.tt........................h..t.f.......
2 .............................f............
3 .........................................r
4 ......................................f..r
5 ......................hf..................
6 .t........f............f..................
7 ................ttth...............rr.....
8 r............t............................
9 ............r....r........................
0 .....t.............................f......
1 ...............t.........ttt..............
2 ...............tr...........t.....h.......
3 r...f.........t.........f.................
4 .rf...........t...........t.............t.
5 ......................ff.........f......tt
6 .........t............r...................
7 .....r....................................
8 .f......f............r..t.................
9 .....f.............h...........t.....h....
0 ......t...................................
1 .............t.h....................r.....
2 ...............f...........r...h....r.....
3 .......r......r.....................r.....
4 f.....r.......r.rr........................
5 ....r...r......hh...r..rr...............t.
6 ..........r...............r...............
7 .................t...r....................
8 .........r................................
9 ..........t.........t...........hh...h....
0 f.....r..r...........................h....
1 ....r...........................t.........
2 ...t.....f........r...............t.......
3 ......h.....f....r.....h..........tt......
4 ..r.r..................................f..
5 ......h..............h......r............h

Turn = 10.
  012345678901234567890123456789012345678901
0 ..................f...r..r...........r..r.
1 ............rr...........................h
2 ..f...........r...........................
3 ..............f.............t.............
4 .....................r...........t........
5 ...............r..........f.....ttt.......
6 ..f...........t......r.......f....t.......
7 ............f.t.....tr........rtt.........
8 .................t.t...r..................
9 r.r................t......t...............
0 r...h...h.................t.t.........h...
1 .r........f...............t....h.....f....
2 ...tt......rttt..........rr...............
3 ..........f..............r.r..............
4 .......h.................h....r.....f...t.
5 .......r............t..............h....t.
6 r...................t............f........
7 .....hf..........................r....ff..
8 ...................f.............r........
9 .........tt.....r..............r..........
0 ..........................................
1 .t.tt........................h..t.f.......
2 .............................f............
3 .........................................r
4 ......................................f.r.
5 ......................hf..................
6 .t........f............f............r.....
7 ................ttth...............r......
8 r...........rt............................
9 ................r.........................
0 .....t.............................f......
1 ...............t.........ttt..............
2 ...............tt...........t.............
3 ..r.f.........t.........f.........h.......
4 rr............t...........t.............t.
5 ......................ff.........f......tt
6 .........t...........r....................
7 ....r................r....................
8 .f......f...............t.................
9 .....f..............h..........t..........
0 ......t..............................h....
1 .............t.h...........r...h...r......
2 ..............rf...................r......
3 ......r.......r...........................
4 f......r.......hrr.....r............r.....
5 ...r...r........r........r..............t.
6 .........r..........r....r................
7 .................t..r.....................
8 ..........................................
9 .........rt.........t...........hh...h....
0 f....................................h....
1 ......r..r......................t.........
2 ...tt....f.......r................t.......
3 ............f...r.....h...........tt......
4 ...r..h................................f..
5 ..r...h..............h.....r.............h
