*** Darwin 8x8 ***
Turn = 0.
  01234567
0 f.......
1 ........
2 ........
3 ...hh...
4 ...hh...
5 ........
6 ........
7 .......f

Turn = 1.
  01234567
0 f.......
1 ........
2 ...h....
3 .....h..
4 ..h.....
5 ....h...
6 ........
7 .......f

Turn = 2.
  01234567
0 f.......
1 ...h....
2 ........
3 ......h.
4 .h......
5 ........
6 ....h...
7 .......f

Turn = 3.
  01234567
0 f..h....
1 ........
2 ........
3 .......h
4 h.......
5 ........
6 ........
7 ....h..f

Turn = 4.
  01234567
0 f..h....
1 ........
2 ........
3 .......h
4 h.......
5 ........
6 ........
7 ....h..f

Turn = 5.
  01234567
0 f..h....
1 ........
2 ........
3 .......h
4 h.......
5 ........
6 ........
7 ....h..f

*** Darwin 7x9 ***
Turn = 0.
  012345678
0 t........
1 .........
2 .........
3 ..h......
4 .........
5 ....r....
6 ........t

Turn = 1.
  012345678
0 t........
1 .........
2 .........
3 ...h.....
4 ....r....
5 .........
6 ........t

Turn = 2.
  012345678
0 t........
1 .........
2 .........
3 ....r....
4 ....r....
5 .........
6 ........t

Turn = 3.
  012345678
0 t........
1 .........
2 .........
3 ....rr...
4 .........
5 .........
6 ........t

Turn = 4.
  012345678
0 t........
1 .........
2 ....r....
3 ......r..
4 .........
5 .........
6 ........t

Turn = 5.
  012345678
0 t........
1 ....r....
2 .........
3 .......r.
4 .........
5 .........
6 ........t

*** Darwin 7x9 ***
Turn = 0.
  012345678
0 t........
1 .........
2 .........
3 ..h......
4 .........
5 ....r....
6 ........t

Turn = 3.
  012345678
0 t........
1 .........
2 .........
3 ....rr...
4 .........
5 .........
6 ........t

Turn = 6.
  012345678
0 t...r....
1 .........
2 .........
3 ........r
4 .........
5 .........
6 ........t

Turn = 9.
  012345678
0 t.....r..
1 ........r
2 .........
3 .........
4 .........
5 .........
6 ........t

Turn = 12.
  012345678
0 t.......r
1 .......r.
2 .........
3 .........
4 .........
5 .........
6 ........t

Turn = 15.
  012345678
0 t........
1 .........
2 .........
3 ........r
4 .......r.
5 .........
6 ........t

Turn = 18.
  012345678
0 t........
1 .........
2 .........
3 .........
4 .........
5 ........r
6 .......rr

Turn = 21.
  012345678
0 t........
1 .........
2 .........
3 .........
4 .........
5 ......r..
6 .......rr

Turn = 24.
  012345678
0 t........
1 .........
2 .........
3 .......rr
4 .........
5 ...r.....
6 .........

Turn = 27.
  012345678
0 t......rr
1 .........
2 .........
3 .........
4 .........
5 r........
6 .........

Turn = 30.
  012345678
0 t....r..r
1 .........
2 .........
3 r........
4 .........
5 .........
6 .........

Turn = 33.
  012345678
0 t.r..r...
1 t........
2 .........
3 .........
4 .........
5 .........
6 .........

Turn = 36.
  012345678
0 ttr......
1 t........
2 .........
3 .........
4 .........
5 .........
6 .........

Turn = 39.
  012345678
0 ttt......
1 t........
2 .........
3 .........
4 .........
5 .........
6 .........

Turn = 42.
  012345678
0 ttt......
1 t........
2 .........
3 .........
4 .........
5 .........
6 .........

Turn = 45.
  012345678
0 ttt......
1 t........
2 .........
3 .........
4 .........
5 .........
6 .........

Turn = 48.
  012345678
0 ttt......
1 t........
2 .........
3 .........
4 .........
5 .........
6 .........

*** Darwin 101x101 ***
Turn = 0.
  01234567890123456789012345678901234567890123456789012345678901234567890123456789012345678901234567890
0 ................r..........................................................................f.........
1 .................................f.........................h........h................................
2 .............................................................................................h.......
3 .......................f....................................................t....f..h................
4 .............................t........t............r.......h...................................h.....
5 ...................................h.......................f.....................................h...
6 r........................................................................................f...........
7 .....................................................................................................
8 .....................................................................................................
9 ...........................t...................................................................t.....
0 .....................................................r.........r.....................................
1 ....................r................................................................................
2 ...f..................h....................f.........................................................
3 ...................................................................................................h.
4 ..........r..........................................................................................
5 ............................h...........................h...........r..............t.................
6 ........r........................f..................................t................................
7 ..............................................................h......................................
8 ..............................r......................................................................
9 .....h........................................................f......h....f..........................
0 .............................................................h.................................r.....
1 ...t.......t...................................................................................r.....
2 .........r............................................r..................................h........r..
3 .h.......................t...............................t.....................h.....................
4 ................................................................f...h............................r...
5 ......................r..............................................................................
6 .....................h.................f.............................................................
7 ..............................................................................ht.....................
8 ........................................................h............................................
9 .....................................................................................................
0 ...................................f.......................................................t.........
1 .......h........................................................................................h....
2 ...............................t....h...........................f...f................................
3 .................................................................................h...................
4 .....................t..t....h...t....f..............................................................
5 ...............................f..................................h...........h............h.........
6 ......f.................................................h..........t.................................
7 ....................................................................h.....f..........................
8 ...............t..h..t..............r...................................t............................
9 ...................................................................................f.....h...........
0 ..................................................................................................f..
1 ........................................f...................t..............h.........f...............
2 ............................f.........................f..............................................
3 .....................................................................................................
4 .....................................................................................................
5 ................................................................r...........h........................
6 t........................................................................h...........................
7 ...................f..............................t.......rr................t................f.......
8 ..................................................................t..............................t...
9 .............................................................................r.......................
0 ...............................................r..............f......................f...............
1 ........................................h.r....................................r.....................
2 ............f.................................................................................t......
3 ..............................................................................f......................
4 ....................................h................................................................
5 ...............h....................................................................h................
6 .....................................................................................................
7 ....................h..............................f.................................................
8 .....................................................................................................
9 ............................f....................................................h...................
0 .....................................................................h...............................
1 .......................f...................................................f...............h.........
2 .............h.......................................................................................
3 ..........................r..........................................................................
4 ............................................................................r........................
5 .........r...........................................................................................
6 ..........................................................r...........................t..............
7 ..........................................................f..........................................
8 .....................................................................................................
9 ....r...r.............................................................t.............t................
0 .....................................................................................................
1 ...........................................................t.........................................
2 .......................................................r...........h.................................
3 ................................................f.....f............f.................................
4 ......................................h................................t.............................
5 ...........................................................................................f.........
6 .................................t.................t.................................................
7 .............r...........r..............f............................................................
8 .....................................................................................................
9 .........f.......h.....f.....f................................................................t......
0 ............r.......f................................................................................
1 ........................................................................f............................
2 ............................................................................................f........
3 ...................................................................................................h.
4 ......t...............................................................................f..............
5 .....................f.........................................................................t.....
6 ......................................................................h..............................
7 ....................................................................t................r...............
8 .....................................................................................................
9 .............................f..f.....................t..............................................
0 .....................................................................................................
1 ....................f.........t......................................................................
2 ...................r.........................................................................t.......
3 .........................................................................r...................t.......
4 ...............................f...................................................................f.
5 .........................t.................................h.....f...................................
6 ............................................................................................r........
7 .........................h...........................................................................
8 .................................................................................r...................
9 ............t......................h.r...f.....f...................................................t.
0 .....................................................................................................

Turn = 20.
  01234567890123456789012345678901234567890123456789012345678901234567890123456789012345678901234567890
0 ..........r...........h......r.....r.rr.................h.r.r.......................h......f.....h...
1 .................................f.....h........h..............................................r.....
2 .........................................................................h........................r..
3 .......................f....................................................t..h.f...................
4 .............................t......................................................................h
5 ...............h......r....................................f.........................................
6 .........................................................................................f...........
7 .........................................................................................h...........
8 .....................................................................................................
9 ...........................t..........................................................r..............
0 ...rr......................................r.........................................................
1 r......h.............................................................................................
2 r..........................................f.........................................................
3 ...............................................................................h.....................
4 .....................................................................................................
5 ................................................r..................................t.................
6 .................................f......................h...........tt...............................
7 ..........................................h..........................................................
8 ....................................r................................................................
9 h.............................................................f...........f..........................
0 .....................................................................................................
1 ...t.......t...............................................................r.........................
2 ..................................r..................................................................
3 .........................t...............................t...........................................
4 ................................................................f.......................h............
5 .....................................................................................................
6 .......................................f.............................................................
7 ..........................................................r....................t.....................
8 ....................................h................................................................
9 .............................................................................r.......................
0 ...................................f...........r...........................................t.........
1 ...............................................................................r....................r
2 ...............................tt...............................f...f................................
3 .....................t..............................................................................h
4 ..........r..........t..t.......tt....f..............................................................
5 ............................h..f...................................t.................................
6 ......f............................................................t.................................
7 .........................................................................hf..........................
8 ...............t....tt..................................................t...........................r
9 ...............t...................................................................f.................
0 .............................................................h.......h............................f.r
1 ........................................f...................t........................f...............
2 ............................f...........h.............f..............................................
3 .h...................................................................................................
4 ..........................................................................r..........................
5 .........r..................................r...........h............................................
6 t.............................................................................h......................
7 ...................f..............................t............................r.............f.......
8 ..................................................................t.............................tt...
9 .....................................................................................................
0 ..............................................................f......................f...............
1 .....................................................................................................
2 ............f...............................................................r.h...............t......
3 ..............................................................................f......................
4 r....................................................................................................
5 .....................................................................................................
6 .....................................................................................................
7 h..................................................f.................................................
8 .....................................................................................................
9 .................h..........f.......................................................................h
0 .....................................................................................................
1 .......................f...................................................f.........................
2 .....................................................................................................
3 .............................................r.......................................................
4 ........................................................r............................................
5 .....................................................................................................
6 ......................................r..................................h............t..............
7 ..........................................................f..........................................
8 ....................................................................................t................
9 ......................................................................t.............t................
0 ......................................................................t..............................
1 ..........................................r................t.........................................
2 ...................................r...................................................h.............
3 ................................................f.....f............f.................................
4 ..................h.................r..................................t...................h.........
5 ...........................................................h...............................f.........
6 .................................t.................t.................................................
7 .....r..................................f............................................................
8 .....................................................................................................
9 .........f.............f.....f.....h..........................................................t......
0 ....................f................................................................................
1 ........................................................................f............................
2 .............h..............................................................................f........
3 ...............................................................................h.....................
4 ......t...............................................................................f..............
5 .....................f.........................................................................t.....
6 .....................................................................................................
7 ....................................................................t................................
8 .....................................................................................................
9 ........r....................f..f.....................t..............................................
0 .....................................................................................................
1 ....................f.........t......................................................................
2 .............................................................................................t.......
3 ............................................................................................tt.......
4 ...............................f...................................................................f.
5 .........................t.......................................f...................................
6 .....................................................................................................
7 .............r...............................h.......................................................
8 ...................................................................................................t.
9 ............r............................f.....f..............................r....................t.
0 ........r...r......r.........................................................r.......................

Turn = 40.
  01234567890123456789012345678901234567890123456789012345678901234567890123456789012345678901234567890
0 ..............................r.....r...................h.....................r.r...h...r............
1 ........r........................fhh....................h............................................
2 r....................................................h...............................................
3 ......rr....................................................................t....f..........r........
4 .............................t...............................................................r.......
5 h.r........................................................f.........................................
6 ...........................r.............................................................f...........
7 ............................r............................................................h...........
8 ...........................r.........................................................................
9 ...........................t......................................r..........r......................r
0 .......................r.......................r.....................................................
1 ..............................................................r................r....................r
2 .......................r...................f.................r.................r.....................
3 .....................................................................................................
4 .......................r........................................r....................................
5 ............................r......................................................t............r....
6 .................................f..................................tt...............................
7 ......................h..............................................................................
8 ............r........................................................................................
9 ............r........................r........................f...........f..........................
0 .....................................................................h...............................
1 ...t.......t...........................................r.............................................
2 .........................t...........................................................................
3 .........................t...............................t...........................................
4 ................................................................f...................................h
5 .........r................................................................r..........................
6 .......................................f.............................................................
7 .....................................................................................................
8 ................h....................................................................................
9 .....................................................................................................
0 ...................................f.......................................................t.........
1 .....................................................................................................
2 ...............................tt...............................f...f................................
3 .....................t..............................................................................h
4 .....................t..t.......tt....f..............................................................
5 ...............................f...................................t.................................
6 ......f............................................................t.................................
7 ....................................................................................h..r.............
8 ...............t....tt..................................................t............................
9 ...............t.h.................................................................f.................
0 .............................................................................................r....f..
1 ............................h...........f...................tt.......................f...............
2 ............................f...........h.............f..............................................
3 .....................................................................................................
4 .....................................................................................................
5 ........................r...........h................................................................
6 tt...................................................................................................
7 t..................f..............................t...............................................r..
8 ..................................................................t.............................tt...
9 .....................................................................................................
0 ..............................................................f......................f...............
1 ..............................................................................h......................
2 ............f.................................................................h...............t......
3 ..............................................................................f......................
4 ..........r..........................................................................................
5 .....................................................................................................
6 .....................................................................................................
7 h..................................................f................................................r
8 ....................................................................................................r
9 ............................f......h................................................................r
0 .....................................................................................................
1 .......................f...................................................f.........................
2 .....................................................................................................
3 r................................................................r...................................
4 ....................................r................................................................
5 .....................................................................................................
6 ..................r...................................................................t..............
7 ..........................................................f..........................................
8 ....................................................................................t................
9 ......................................................................t.............t................
0 ......................................................................t..............................
1 ...........................................................t.........................................
2 ...............r...........................................t................r.......................h
3 ................................................f.....f............f.................................
4 h......................................................................t...................h.........
5 ...........................................................................................f.........
6 .................................t.................t.................................................
7 ........................................f............................................................
8 .....................................................................................................
9 .........f.............f.....f................................................................t......
0 ....................f................................................................................
1 ........................................................................f............................
2 ............................................................................................f........
3 ...........................................................h.........................................
4 ......t........r......................................................................f..............
5 ............r........f.........................................................................t.....
6 .........................................................................h...........................
7 ....................................................................t................................
8 .....................................................................................................
9 .............................f..f.....................t..............................................
0 .....................................................................................................
1 r...................f.........t...........r..........................................................
2 .............................................................................................t.......
3 ....................r.......................................................................tt.......
4 ......r........................f....r..............................................................f.
5 .........................t.......................................f...................................
6 .....................................................................................................
7 .................................................................h...................................
8 ...................................................................................................t.
9 .........................................f.....f..........r........................................t.
0 ................r..............r.........................r...........................................

Turn = 60.
  01234567890123456789012345678901234567890123456789012345678901234567890123456789012345678901234567890
0 ..................................................r..r.rr..r.......r...................r..........r.r
1 .................................fhh....................h..............r.............................
2 .................................h...................................................................
3 ............................................................................t....f...................
4 ................r............t......................................................................r
5 .........r.................................................f.........................................
6 .............................................................r............r..............f...........
7 ..............................................................r..........................h...........
8 .......r.............................................................................................
9 ..............................................r......................................................
0 ...r..............................................................................r..................
1 .................................................................................r...................
2 r..........................................f.........................................................
3 ..................................................................................r..................
4 ..........................r........................................................r.................
5 ........r............................................................................................
6 .................................f..................................tt.............r.................
7 ..h..................................................................t...............................
8 ................................r....................................................................
9 .................h............................................f.........................r............
0 .............................................................................................r.......
1 ...t.......t.......................r.................................................................
2 r........................t...........................................................................
3 ......rr.................t...............................t..................................r........
4 ................................................................f...................................h
5 ..r........................r.........................................................................
6 .......................................f.............................................................
7 ...........................rr........................................................................
8 h....................................................................................................
9 .....................................................................................................
0 ...................................f.......................................................t.........
1 .....................................................................................................
2 .......................r.......tt...............................f...f................................
3 .....................t..............................................................................h
4 .....................t.rt.......tt....f..............................................................
5 ...............................f...................................t............................r....
6 ......f............................................................t.................................
7 ....................................................................................................h
8 ...............t....tt..................................................t............................
9 ...............t...................h.r.............................................f.................
0 ..................................................................................................f..
1 ............................h...........f...................tt.......................f...............
2 ............................f...........h.............f..............................................
3 ....................................................................................................r
4 .....................................................................................................
5 ....r...........h....................................................................................
6 tt...................................................................................................
7 ...................f..............................t..................................................
8 r.r...............................................................t.............................tt...
9 .....................................................................................................
0 ..............................................................f......................f...............
1 ..............................................................................h.........r............
2 ............f.................................................................h...........rr.........
3 ..............................................................................f......................
4 .....................................................................................................
5 .....................................................................................................
6 .....................................................................................................
7 ...................................................f.................................................
8 .............r..................................................................r....................
9 ............................f........................................................................
0 .....................................................................................................
1 .......................f...................................................f.........................
2 .....................................................................................................
3 .....................................................................................r...............
4 ...............rr...................................................................................r
5 r...........r........................................................................................
6 ......................................................................................t..............
7 ..........................................................f..........................................
8 ....................................................................................t................
9 ......................................................................t.............t................
0 ......................................................................t..............................
1 ...........................................................t.........................................
2 ...........................................................t........................................h
3 r...............................................f.....f............f.................................
4 .r........r............................................................t...................h.........
5 ...........................................................................................f.........
6 r................................t.................t.................................................
7 ........................................f............................................................
8 .....................................................................................................
9 .........f.............f.....f................................................................t......
0 ....................f................................................................................
1 r.......................................................................f............................
2 ............................................................................................f........
3 .......................................h.............................................................
4 ......t...............................................................................f..............
5 .....................f.........................................................................t.....
6 .....................................................................................................
7 ....................................................................t................................
8 .....................................................................................................
9 .............................f..f.....................t..............................................
0 ...............................................r.....................................................
1 ....................f.........t......................................................................
2 ............................................................................r................t.......
3 ........................................r...r...............................................tt.......
4 ...............................f...................................................................f.
5 .........................t.......................................f...................................
6 .....................................................................................................
7 .....................................................................................h...............
8 ...................................................................................................t.
9 ......................r...........r....rr..........................................................t.
0 ...................................r...............r.....................h...........................

Turn = 80.
  01234567890123456789012345678901234567890123456789012345678901234567890123456789012345678901234567890
0 ...r.............h.....r...........................r..................r......r........r......r.......
1 .................................fhh......r..........................................................
2 .............h......................................................................................r
3 ............................................................................t....f...................
4 r..................................r.r...............................................................
5 r...................................r................................................................
6 .........................................................................................f...........
7 .........................................................................................h...........
8 ...........................................................r.........................................
9 ..........................r..........................................................................
0 ...........................................................r..r................................r.....
1 .............................................................rr......................................
2 ...........................................f.........................................................
3 .....................................................................................................
4 ........................................................r............................................
5 ......................................................r..............................................
6 ..............r..................f..................................tt...............................
7 .....................................................................t...............................
8 ....................................................r.rr.............................................
9 .....................................................r..............................................r
0 .....................................................................................................
1 ...t.......t...r.....................................................................................
2 .........................t..........................................................................r
3 .........................t...............................t.........................................r.
4 ................................................................f...................................r
5 .....................................................................................................
6 .......................................f......................r......................................
7 .............r.......................................................................................
8 .....................................................................................................
9 .....................................................................................................
0 ...................................f.......................................................tt........
1 .r.................................h.................................................................
2 r..............................tt...............................f...f................................
3 .....................t..............................................................................h
4 .....................t..t.......tt....f............................................r.................
5 ...............................f...................................t.................................
6 ...................................................................t...............r.................
7 r....r..............................................................................................h
8 ....r..........t....tt..................................................t............................
9 ...............t...................................................................f.................
0 .................................r................................................................f..
1 .................................r......f...................tt.......................f...............
2 r.....r...........................r.....h.............f..............................................
3 .......r.............................................................................................
4 ...............r...............................................................r.....................
5 ..r........................r..................................................r......................
6 ............r.r......................................................................................
7 ...................f.......r......................t.......................................r..........
8 ......................r...........................................t......................r.......t...
9 .....................................................................................................
0 ..............................................................f......................f...............
1 ......................................................................r................r.............
2 ...................r...r.............................................................................
3 .....................................................................r...............................
4 .......................r.............................................................................
5 .....................................................................................................
6 ...........r.........................................................................................
7 ...........r.......................................f.................................................
8 .................................r..........................r........................................
9 ............................f........r...............................................................
0 ................................................................................r....................
1 .......................f...................................................f........................r
2 ..................................................................................................r.r
3 .....................................................................................................
4 r.r..................................................................................................
5 .....................................................................................................
6 ......................................................................................t..............
7 ..........................................................f..........................................
8 ....................................................................................t................
9 ......................................................................t.............t................
0 ...............................................r......................t..............................
1 ...........................................................t.........................................
2 ...........................................................t.........................................
3 ....................r.......................r...f.....f............f.................................
4 .....................r.................................................t...................h.........
5 ...........................................................................................f.........
6 .................................t.................t.................................................
7 ........................................f............................................................
8 .....................................................................................................
9 ................r......f.....f....r...........................................................t......
0 ....................f................................................................................
1 ........................................................................f............................
2 ............................................................................................f........
3 ...................h.................................................................................
4 ......t...............................................................................f.............r
5 .....................f.........................................................................t.....
6 .....................................................................................................
7 ....................................................................t................................
8 .........r...........................................................................................
9 .............................f..f.....................t..............................................
0 .....................................................................................................
1 ....................f.........t......................................................................
2 .............................................................................................t.......
3 ............................................................r.............r.................tt.......
4 ..........r....................f...................................................................f.
5 .........................t.......................................f...................................
6 .....................................................................................................
7 ....................................................................................................h
8 ...................................................................................................t.
9 ..r................rr..............................................................................t.
0 ...............r.......................................................r......r......................

Turn = 100.
  01234567890123456789012345678901234567890123456789012345678901234567890123456789012345678901234567890
0 ............r..........r.........r......................r.............r.......................r......
1 ......................rr.............................................................................
2 h....................................................................................................
3 ............................................................................t....f...................
4 ......................................r...............rr.r...........................................
5 ....................r................................................................................
6 .......................................................r.................................f...........
7 .........................................................................................h..........r
8 .....................................................................................................
9 ......r..............................................................................................
0 ..........................................r..........................................................
1 .r...................................................................................................
2 r..................................r.......f.........................................................
3 ....................................r................................................................
4 .................................r...................................................................
5 .....................................................................................................
6 .................................r..................................tt...rr..........................
7 .....r...............................r...............................t...............................
8 ....r................................................................................................
9 .................................r...................................................................
0 ..................................................................................r..................
1 ...t.......tt.....................................................................r..................
2 .........................t..........................................................................r
3 .........................t..............................tt.....................r.....................
4 ................................................................f..............r.....................
5 ..............................................................................r......................
6 ............r..........................f.............................................................
7 .................................r...................................................................
8 .......................................r...................r.........................................
9 .......................................r.............................................................
0 ...................................f.......................r...............................tt..r.....
1 ...................................h.........................r......................................r
2 ...............................tt...............................f...f................................
3 .....................t...............................................................................
4 .....................t..t.......tt....f..............................................................
5 ...............................f...................................t.................................
6 ...................................................................t..........................r......
7 ...................................................................r.................................
8 ...............t....tt................................r.................t............................
9 ...............t.................................................r...................................
0 ...............t.....................................r............................................f..
1 ............................r...............................ttt......................f...............
2 ...........................r..........................f.............................................r
3 ...................................................................................................r.
4 .....................................................................................................
5 .....................................................................................................
6 ..................................r..................................................................
7 ...................f..............................t...................r..............................
8 ..........................................r.......................t..r...........................t...
9 .....................................................................................................
0 ...............................................r..............f......................f...............
1 ...r..............................................r..................................................
2 r.............................................rr.....................................................
3 ........r...................................r....r...................................................
4 .....................................................................................................
5 ...................................................................................r.................
6 r..............................r.....................................................................
7 ...............................r...................f................................................r
8 .....................................................................................................
9 ............................f........................................................................
0 ...........r.........................................................................................
1 ..........r................................................................f.........................
2 ......r.......................................................................r.r....................
3 .......r.............................................................................................
4 ......................r...r..........................................................................
5 ..r....................r...r.........................................................................
6 ......................................................................................t..............
7 ..........................rr..............................f..........................................
8 ....................................................................................t................
9 ......................................................................t.............t................
0 ......................................................................t..............................
1 ...........................................................t.........................................
2 ...........................................................t.........................................
3 ........................................r.......f.....f............f......r..........................
4 .......................................................................t...................h.........
5 ...........................................................................................f.........
6 .................................tt................t.................................................
7 ........................................f............................................................
8 ....................................r................................................................
9 ..................................r.rr........................................................t......
0 ....................f...........................................................r....................
1 ........................................................................f............................
2 ............................................................................................f........
3 r....................................................................................................
4 r.....t...............................................................................f..............
5 .....................f.........................................................................t.....
6 .....................................................................................................
7 ...........rr.......................................................t................................
8 .....................................................................................................
9 .............................f..f.....................t..............................................
0 .....................................................................................................
1 ....................f.........t......................................................................
2 .............................................................................................t.......
3 ................................................................................r...........tt.......
4 ...............................f...................................................................f.
5 .........................t.......................................f...................................
6 r....................................................................................................
7 ....................................................................................................r
8 ...................................................................................................tt
9 ...................................................................................................t.
0 ................r......r...................................................................r......r..

