*** Darwin 10x10 ***
Turn = 0.
  0123456789
0 rrrrrrrrrr
1 rrrrrrrrrr
2 rrrrrrrrrr
3 rrrrrrrrrr
4 rrrrrrrrrr
5 rrrrrrrrrr
6 rrrrrrrrrr
7 rrrrrrrrrr
8 rrrrrrrrrr
9 rrrrrrrrrr

Turn = 100.
  0123456789
0 rrrrrrrrrr
1 rrrrrrrrrr
2 rrrrrrrrrr
3 rrrrrrrrrr
4 rrrrrrrrrr
5 rrrrrrrrrr
6 rrrrrrrrrr
7 rrrrrrrrrr
8 rrrrrrrrrr
9 rrrrrrrrrr

*** Darwin 10x10 ***
Turn = 0.
  0123456789
0 r.h.tt...f
1 ...h....hf
2 ..f....f..
3 .h.tftt.r.
4 r.ffh..trf
5 .......ftt
6 ....r.rh..
7 thh...rr..
8 r.trh...h.
9 ......f...

Turn = 50.
  0123456789
0 rr..rr..r.
1 r.....r..t
2 .r.r..rr.t
3 .r.....trr
4 .r.....ttr
5 ...t...ttt
6 ...t...ttt
7 r.tt....rr
8 ...r.r...r
9 ..tt..r...

Turn = 100.
  0123456789
0 rrrrr...r.
1 rrrr....r.
2 rr.......r
3 rrr.....r.
4 rr.rrr...r
5 r.r.r....r
6 r.rrr....r
7 r..r..r...
8 ..........
9 r.r...r.r.

*** Darwin 20x20 ***
Turn = 0.
  01234567890123456789
0 fr.f...t....r.....tr
1 ....h.t.......h..t..
2 .rr......ft.....r.r.
3 ..h........r.t...t..
4 ..........f......hf.
5 .fhth...........t...
6 h.f.....h..fh.......
7 .....hhr.h..r....f.h
8 ..frf...t....t.t..hh
9 f.f...hf.......h..r.
0 ............f...th..
1 .t.h..t...r.........
2 ........r......h..t.
3 ...rhrr..........t.f
4 ....f......f......r.
5 tt..f...............
6 .h.f.tr...t....h....
7 .tt..t.th........t.h
8 t....h...t.......r..
9 h..h..f....f.t..f..r

Turn = 100.
  01234567890123456789
0 r.r..r...r......rr.r
1 r..........ttt...r..
2 .....r......t....rrr
3 ..r......r......r.r.
4 ..rrr........r......
5 ....r.....r.rr......
6 .r.........rr.......
7 r..rr..r.r..r.......
8 r.......r...r.r...r.
9 r...r.r.............
0 ...r...r............
1 ..............r..r.r
2 r................t.r
3 ................tttr
4 .........rr.....r.rr
5 t...r......r....tttt
6 t....r....r.....tttt
7 tttt.....r.........t
8 ttttt.t...........tt
9 tttttttt..r.......t.

Turn = 200.
  01234567890123456789
0 r..rrr.......rrr.rrt
1 .r..r.....rr....rrrt
2 ...rrrr....r...r...t
3 ......r..r.r....rrt.
4 ...r..............tr
5 ....r...r.r........r
6 ..........r.r....r.r
7 .....r.....r........
8 r...................
9 .r...r..........r...
0 ....................
1 rr..r...............
2 rr...r...r..........
3 rrr..rr..r........r.
4 r......t.r.r........
5 rr.....t..r.r.......
6 rr....tt..t.........
7 rr....ttttt.........
8 ..rr..ttttt.........
9 ...rrttttttt.r.r....

Turn = 300.
  01234567890123456789
0 .rrr.rr.r.........r.
1 r..r..rr.....r...r..
2 .....r..r..........r
3 ....rr...........r..
4 .....rrr............
5 .r..rr.rr..r.......r
6 ..r.rrrr............
7 r..r.r.r....r.......
8 rr.rrr..r.........r.
9 .r.........r.......r
0 rr......r......r....
1 rr.r....r.r.......r.
2 r.r..r....r.......r.
3 rrrr...r.....r...r.r
4 .r......r.r.....r...
5 .........r.....r....
6 r.......r........r..
7 .....r.rr.r......rrr
8 .r...r.rr..r.r..r.rr
9 r......rr..........r

Turn = 400.
  01234567890123456789
0 r..r.rrr.r.r........
1 rr.........r..r....r
2 r.rrr..rr....r......
3 rr.rr.r............r
4 rrr.r...r...r.......
5 r..r..r.........rr.r
6 r..rrr....r..r......
7 .................r..
8 rrr.......r..r......
9 r.rrr...............
0 ..r......r..r.....rr
1 rrr...r...r.........
2 rrr.....r..r........
3 r..r.r..............
4 r..rr...r.......r.rr
5 rr....r.............
6 .r................rr
7 r..rr.r...rr...r....
8 r..................r
9 r...rr..rr.r.r.....r

Turn = 500.
  01234567890123456789
0 rrrrrr.....r.r.rr...
1 r...r....rr......rrr
2 r....r..r........r..
3 rr.r.....r......r.r.
4 rrrr.......r...r...r
5 .r.....r.rr........r
6 ..r..r.r...rr......r
7 .r....r.r...r......r
8 r.....r...r.....r...
9 .r.rrr...........r.r
0 r...r..r...........r
1 ..................rr
2 r......r.rr.......r.
3 r.rrr.....r..r...r..
4 r..r..........r.....
5 rr.r................
6 rr.r........rr.r....
7 rr...........r.r....
8 ......r...........r.
9 rr....r........r...r

*** Darwin 25x25 ***
Turn = 0.
  0123456789012345678901234
0 ....r.h...r...r..........
1 rr..t.t..rtt.ht...rft....
2 ..h..f.....rh...t.fh...h.
3 .....h....f....hrt...f.r.
4 thr.....fh..r.tt.........
5 ....f..h.....th..r..r.r..
6 hh.trhr...r..tfhh...htf.h
7 .t.t......tr...ffhr...rf.
8 ...ht....h.rtt....rr.....
9 ........h..fh..r.........
0 ..ht......rh.h......hh...
1 rr..r.......r.....t..rr..
2 t..t.r...h.......r...tt.r
3 .t.....h.....h...hr......
4 .......h....fr...........
5 ..........fh.t.r..t......
6 h..t.tr..ftfr...rtf...t..
7 rf.f..ff...f....h.r......
8 .........................
9 .t.t....r.......t.......r
0 .t....fttt...ff.........f
1 f......h.r..r............
2 ..t.f.t.rr.h.h.f..t......
3 .tr.t..h.fh....hrr..r..tt
4 .....r.t...h.f.r.....r...

Turn = 100.
  0123456789012345678901234
0 rrr.....rr...rrr......r..
1 rrr....r...rr.r..........
2 rrrr.r..rr.rr..........r.
3 r.......r..r.......r.....
4 r.r.r.r..r..rr.rr.r......
5 r.r..r.r...r........r....
6 ..r...rr...............r.
7 rr..r.r.r................
8 ...rr........r...........
9 ...........r..r..r.......
0 ...rrr..rr...............
1 .r..rrt.............r...r
2 .r.rr.t.r................
3 ............t..r.....r...
4 rr.....rr...tt...........
5 ......r..rttttt.........r
6 r...r..r.tttttttt.......r
7 ........tttttt.t........r
8 rr..........tttt........r
9 rr...tt........t.........
0 .r..tttt........r.r......
1 ....tttt.t.......tt......
2 r..rtttttt.t.....tt...r..
3 t.rrt.tttttttttttttt.....
4 ...r..ttttt.t.ttttt......

Turn = 200.
  0123456789012345678901234
0 rr.r.r.r...rr..r..r.rrr.r
1 rrr.r..r..............r..
2 .rrr.............r....r..
3 rrr....r.rr...r.......r..
4 ...rr.rrr.....r....r.rr.r
5 ...r..r.....rrr.r.....r.r
6 .....r......r.r.........r
7 r.r.r....r..rr..........r
8 rrr..r........r.rr.......
9 rrr..r.r..........r......
0 r......r..r.....rr.r.....
1 r.rr..r.............r..rr
2 r...rr.r..r...rr.........
3 .....rr....r.............
4 r..r.......rr...........r
5 ..rr.....r...ttt.........
6 rrr.........tttrt........
7 r...r.r..r..r.ttttt......
8 .rrr....r...rrttttttt....
9 .r..........rr..rrttt....
0 ...r..rr.r..r.....tt.....
1 ...r..r.....r..........r.
2 rrr.........r.....ttttr..
3 rrr...............ttttt..
4 .r....r....r.r....tt..t..

Turn = 300.
  0123456789012345678901234
0 r.r..............r..rrrr.
1 ..rrr.........r..r......r
2 rrrr...........r......rrr
3 r.rr..r...r....rrr......r
4 .rr...r.........rr.r.r...
5 .r.rr.r...r.......rr..rrr
6 ..rrrrr....r............r
7 rr..rrrr................r
8 r.....r.r..r...........rr
9 rr..rr..rr..r.r........r.
0 r.rr.....r....r.........r
1 r..r......r......rr......
2 ...r.....r......rr.......
3 r....r..........r....r...
4 rr.rr...................r
5 rrr....r....r.........r..
6 .r..rr.r..........tt.t.tt
7 r...rr..........rrrtttttt
8 ..r.....r..r..r.r.rrttttt
9 rrrr.rrr..........trrrttt
0 r...r......r......tttrtt.
1 r.......rr..r......ttt...
2 r....................t...
3 r.......r............tt..
4 rr......r.....rr....tt...

Turn = 400.
  0123456789012345678901234
0 rrr.rr.rrrrrr.r..........
1 .rrrr.rrrr...rrr.........
2 rr..r.rrr..r..r.r.r.....r
3 rr.rrrr...r...r..r..r...r
4 r..r.rrrr..r.r......r....
5 r...rr.r..........r.r....
6 .r..r.r..rr........r.....
7 ......r...r.....r........
8 r.rr.........rrr...rr..rr
9 rr.....................r.
0 rrrr...rrr.........rr..r.
1 ........r................
2 rr.r.......r......rr.....
3 rr.....r....r......r.....
4 ..r.....r................
5 ..r.....r.r......r.rr....
6 .....rr....r.....rr......
7 r.r...rr..........r......
8 rrr.r..r.....r....r...rr.
9 r.rr..rrrrrrr.r........r.
0 rr....r..rr.rrr.........r
1 rr...rr....r.r.........r.
2 ..rr.r...........r.r....r
3 rrrr.....r....rr.........
4 r.r..r.r....rr.rr.r.r....

Turn = 500.
  0123456789012345678901234
0 rrrrr.......r....rr...r.r
1 rrr.r....r.r...rr........
2 rr.rrr..rrr........r...r.
3 .rrr..r...r.rr.r.rrr..r..
4 rrrr.rr.r......rrrrr.....
5 rrr...r.rr...............
6 r.rrrrrr............r.r..
7 .rrrrrr.........r........
8 rr.rrrr.r..r.rr..........
9 rr..r...r....r.....r.....
0 rrr...............r......
1 rrr........r..rr.....r.r.
2 rrr.r.....r..r.........r.
3 .r..r.r..rr.....r..r.....
4 rrr..rrr......r...r.....r
5 r....r...r.r.r......r..r.
6 rrr.r.r.r...r...........r
7 rrrr..r..................
8 .r.....r.................
9 ...r.r...r..r....r.......
0 rrr.............r.r....rr
1 .rrrr....................
2 rrrr.....................
3 r...r......r..rr........r
4 r.r..r.rrr..........r..rr

Turn = 600.
  0123456789012345678901234
0 r.r.r.rr...r..r.r.rr.....
1 ....rr.r.................
2 .r.rr..r..rrr....r......r
3 rr.rr....r.r...rrr....r..
4 r.r.r.....r.r...r.rrr...r
5 rrr....r..r....r....rr..r
6 r.r.........r.....rr...r.
7 rrr.r..r..r.rr..rrr..r..r
8 r..r..rr..r.r...r........
9 ...rrrrr...r.............
0 r.rr.rrrr................
1 rr...rr...r..........r.r.
2 .r......rr........r.r....
3 rrr.....rrr......r...r...
4 rrr....r.r....r..........
5 rrr..r..r.r..........r...
6 r...rrr..........r...r...
7 .r.rrr...r..r..........r.
8 ........r.r..............
9 .........r...r...........
0 .rr.r.r..rr..rr..r.r.....
1 rr...rr...r...rr.........
2 r.r.......r...rr.rr......
3 rrrr..r............r..rr.
4 rr.rr.rr......r......r.rr

Turn = 700.
  0123456789012345678901234
0 ..rr...r.rr.r...rr.r.r.r.
1 rrrr.r..rrr........r....r
2 rrrrrrr.....r.........r.r
3 rrrr.r.r...rr.........r.r
4 .r.r..r...r...r...r.rrr..
5 rrrr.rrr..r.........r....
6 ..r.rr.......r..r.......r
7 ....rr.r...r..r.rr.....r.
8 rrr.rrrr...r.rr....r.....
9 r..rr.rr.........r.r....r
0 rr.......................
1 rrrrr.rrr.r...r..........
2 ..rrrrrr................r
3 .rr..r.rr...r............
4 rrrrr....rrr.......r.....
5 rr..rr....r..............
6 .rrr...r.r..r....rr.r...r
7 rr.......r...............
8 .r.r..r................r.
9 ..r.r.......r..rr.......r
0 rrr.....r.............r.r
1 .........r.......r.r.....
2 r..................r...rr
3 r..r......r..r........r.r
4 ..r.rrr..rr.......rr.r...

Turn = 800.
  0123456789012345678901234
0 r..r.rrrrrrrr.r....rr..r.
1 ..rr.rr..rr...........r..
2 rr.r.r...rr.r............
3 rr..r..rr.r.........r....
4 rr....rr..r.r...........r
5 r.r..............rr.rr...
6 rrrrr..............r.....
7 rrrrrr...........r.......
8 rrrrr.r..............r..r
9 rrrr........r..........rr
0 rr.rr....r............r.r
1 .r..r......r.....rrrr....
2 r..rr..............r...rr
3 .r..rrr....r.r......r....
4 r.rrr............r.....r.
5 rrr..rr...r..............
6 rr.r.r.rr...r............
7 .r..rr.r...r.............
8 r...r......r.r.....r.....
9 .rr..r.rrr..r............
0 .......rr.......r........
1 .rrr...rr..rr.....r...r..
2 ..r...rr..........rr..r.r
3 rr.rrr.......r......rrrr.
4 rrr..rr.r.rrr......rrrr.r

Turn = 900.
  0123456789012345678901234
0 rrrrrrrr..r.r.r......rr..
1 rrrr.r..r.r...r..........
2 rrr........rr..r.r......r
3 r...r.rr...r.r.r.........
4 rr.rr.rrr..r.rr..........
5 rrrrr.r.r.r.r..........r.
6 rrr.r.r.rr..rr......r..rr
7 rrrr.r.rr.r..............
8 rrrr..r......r.......r...
9 rrr.r..r...r..r..r.....r.
0 r..r.........r..r......r.
1 rr.....r........r.......r
2 r.r.................r...r
3 .rrrr..r..r....rr........
4 .r.r.....r....r.r.....r..
5 ..rr......r......r.......
6 ...rrrr.rr...............
7 r.rr.rrr...r.........r..r
8 .rr...r.........rr.......
9 r.....rr..r..............
0 rr....r..r.rr.r......r...
1 rr..r.r........rr........
2 .r.....rrr...r.r.r.......
3 .....rrr.r....r..r......r
4 r.r...r.rr........r......

Turn = 1000.
  0123456789012345678901234
0 rrrr.....rrr..r...rr.r.rr
1 r.rrr..........r...rr....
2 rr.r.r.....rr....r.......
3 rr..r...r.r.r...r..r.....
4 rr..rr......r............
5 rr.r..rrr.r.............r
6 r.....r...r...r.r.r.r....
7 r...r.....rr......r..r...
8 rrrr.r.r..r..r...r....r..
9 .r.rr....r...rrr....rr.r.
0 r.rr..............r....rr
1 r.r..........r.......r...
2 rr..rr.rr...r.......r..rr
3 rrrr..rr.................
4 rr...r..rr...............
5 r.r......r..r....rr.r...r
6 r.r.r...........r..rrr...
7 .rr.r..r.....r...........
8 rrrr.r..rr.r.............
9 rr...rrrr.r...r..........
0 rrr.......r.............r
1 rrr..r......r..........r.
2 .r...r...r...rrr....r.r.r
3 r.rr...........r.......rr
4 ..rrrr..r..r...........rr
