*** Darwin 20x20 ***
Turn = 0.
  01234567890123456789
0 ....................
1 ........r...........
2 ................h...
3 ....................
4 ....r...............
5 ....................
6 ....................
7 ....................
8 .........t....h.....
9 ....................
0 .....r..............
1 .......h...t........
2 ............r...f...
3 ..............t.....
4 ....................
5 ..................h.
6 ...................f
7 ...h.f..............
8 ....................
9 ....................

Turn = 2.
  01234567890123456789
0 ....................
1 ....................
2 ....r...............
3 ........r...........
4 ................h...
5 ....................
6 ....................
7 ....................
8 .........t..h.......
9 ....................
0 ...r................
1 ...........t........
2 ..........r.....f...
3 .......h......t.....
4 ....................
5 ....................
6 ...................f
7 .....f............h.
8 ....................
9 ...h................

Turn = 4.
  01234567890123456789
0 ....r...............
1 ....................
2 ....................
3 ....................
4 ....................
5 ........r...........
6 ................h...
7 ....................
8 .........th.........
9 ....................
0 .r..................
1 ...........t........
2 ........r.......f...
3 ..............t.....
4 ....................
5 .......h............
6 ...................f
7 .....f..............
8 ....................
9 ...h..............h.

Turn = 6.
  01234567890123456789
0 .....r..............
1 ....................
2 ....................
3 ....................
4 ....................
5 ....................
6 ....................
7 ........r...........
8 .........tt.....h...
9 ....................
0 r...................
1 ...........t........
2 ......r.........f...
3 ..............t.....
4 ....................
5 ....................
6 ...................f
7 .....f.h............
8 ....................
9 ...h..............h.

Turn = 8.
  01234567890123456789
0 .......r............
1 ....................
2 ....................
3 ....................
4 ....................
5 ....................
6 ....................
7 ....................
8 .........tt.........
9 ........r...........
0 ................h...
1 ...........t........
2 r...r...........f...
3 ..............t.....
4 ....................
5 ....................
6 ...................f
7 .....f..............
8 ....................
9 ...h...h..........h.

Turn = 10.
  01234567890123456789
0 .........r..........
1 ....................
2 ....................
3 ....................
4 ....................
5 ....................
6 ....................
7 ....................
8 .........tt.........
9 ....................
0 ....................
1 ........r..t....h...
2 ..r.............f...
3 ..............t.....
4 r...................
5 ....................
6 ...................f
7 .....f..............
8 ....................
9 ...h...h..........h.

*** Darwin 10x50 ***
Turn = 0.
  01234567890123456789012345678901234567890123456789
0 t..f....t.ft....f.rf..r..t.f....fr....t.....th....
1 .r.h....tr.r.fh...ff.....f...t..f....t.r...hf..r.r
2 ...r.h..h.t...h..f..r.t..ht.......rfr.r....ff..r.h
3 h.rh....hft..ht..rh......hf....h.h..t...th....r...
4 .h.....t..h.f...h....rf..r.t...t....t...t....hh...
5 ..fr....h...ff...tf.....hr.......t.t.h.h.r.f.t.h..
6 h.h.hh...r.....t..f.f.r...h..hf....rhh.hr..r...hr.
7 t.ht..h..f..th.t..r..r.ht............f...h.t......
8 ...rr....f.ft.....ff.tftftr.....t..r....f...ht...f
9 .r......t.......r..h.t...h..r..rr..hh..h.....f..r.

Turn = 100.
  01234567890123456789012345678901234567890123456789
0 ...r.....rrr.r....r.r........r..r..........tttt...
1 ..........r..............................tttttt...
2 ............ttt........r............ttt..rtttt....
3 ..........ttttt....................ttt..tr.tt.....
4 ...t......ttttt.......t..ttttt......ttttt.tttttt..
5 r..r......tttt..t....ttttt.tt......tt.tt....t.ttt.
6 .tttr......tttt.ttttttt.t..t.......tttt...........
7 tttt.......ttt.tttttttt.tttttt.....ttt............
8 ..ttt......tt...rttt.tttt.tt..t......t............
9 ..t........r.rrrtttt.tt.ttttt.tt..................

Turn = 200.
  01234567890123456789012345678901234567890123456789
0 r..................r..........r...r..rr.r.rrttt...
1 r...............r.....................tt..rtttt...
2 ...............r..........t........tttt..rrttt....
3 .........................tt.t......tttt.t..tt.....
4 .......rrr..........ttt..ttttt......tttttttttttt..
5 ..t.t.rr.....rttt....ttttt.tt......tt.tt....t.ttt.
6 ..tttt.......tttttttttt.t..t.......tttt...........
7 .ttttt......r.ttttttttt.tttttt.....ttt............
8 .tttt..........ttttt.tttt.tt..t......t............
9 tttttt.........ttttt.tt.ttttt.tt..................

Turn = 300.
  01234567890123456789012345678901234567890123456789
0 ....................................ttttt.........
1 ...................................tttttt.........
2 .........................tt.......tttt.t.tt......t
3 r........................ttt......ttttt.ttttttt.tt
4 ....................ttt..t.ttt......tttttttttttttt
5 ..t..t........ttt....ttttt.t.......tt.tt....tttttt
6 rrttttt.......ttttttttt.t.tt.t.....ttttt.........t
7 t.tttt........ttttttttt.tttttt.....ttt............
8 ttttt..........rtttt.tttt.tt..t......t............
9 tttttt........rttttt.tt.ttttt.tt..................

Turn = 400.
  01234567890123456789012345678901234567890123456789
0 ..................................t.ttttt.........
1 ..................................t.ttttt.........
2 .........................tt.......tttt.t.tt......t
3 .........................ttt......ttttt.ttttttt.tt
4 ....................ttt..t.ttt......tttttttttttttt
5 ..t..t........ttt....ttttt.t.......tt.tt....tttttt
6 ttttttt.......ttttttttt.t.tt.t.....ttttt.........t
7 .ttttt........ttttttttt.tttttt.....ttt............
8 ttttt..........rtttt.tttt.tt..t......t............
9 tttttt........rttttt.tt.ttttt.tt..................

Turn = 500.
  01234567890123456789012345678901234567890123456789
0 ..................................t.ttttt.........
1 ..................................t.ttttt.........
2 .........................tt.......tttt.t.tt......t
3 .........................ttt......ttttt.ttttttt.tt
4 ....................ttt..t.ttt......tttttttttttttt
5 ..t..t........ttt....ttttt.t.......tt.tt....tttttt
6 ttttttt.......ttttttttt.t.tt.t.....ttttt.........t
7 .ttttt........ttttttttt.tttttt.....ttt............
8 ttttt..........rtttt.tttt.tt..t......t............
9 tttttt........rttttt.tt.ttttt.tt..................

Turn = 600.
  01234567890123456789012345678901234567890123456789
0 ..................................t.ttttt.........
1 ..................................t.ttttt.........
2 .........................tt.......tttt.t.tt......t
3 .........................ttt......ttttt.ttttttt.tt
4 ....................ttt..t.ttt......tttttttttttttt
5 ..t..t........ttt....ttttt.t.......tt.tt....tttttt
6 ttttttt.......ttttttttt.t.tt.t.....ttttt.........t
7 .ttttt........ttttttttt.tttttt.....ttt............
8 ttttt..........rtttt.tttt.tt..t......t............
9 tttttt........rttttt.tt.ttttt.tt..................

Turn = 700.
  01234567890123456789012345678901234567890123456789
0 ..................................t.ttttt.........
1 ..................................t.ttttt.........
2 .........................tt.......tttt.t.tt......t
3 .........................ttt......ttttt.ttttttt.tt
4 ....................ttt..t.ttt......tttttttttttttt
5 ..t..t........ttt....ttttt.t.......tt.tt....tttttt
6 ttttttt.......ttttttttt.t.tt.t.....ttttt.........t
7 .ttttt........ttttttttt.tttttt.....ttt............
8 ttttt..........rtttt.tttt.tt..t......t............
9 tttttt........rttttt.tt.ttttt.tt..................

Turn = 800.
  01234567890123456789012345678901234567890123456789
0 ..................................t.ttttt.........
1 ..................................t.ttttt.........
2 .........................tt.......tttt.t.tt......t
3 .........................ttt......ttttt.ttttttt.tt
4 ....................ttt..t.ttt......tttttttttttttt
5 ..t..t........ttt....ttttt.t.......tt.tt....tttttt
6 ttttttt.......ttttttttt.t.tt.t.....ttttt.........t
7 .ttttt........ttttttttt.tttttt.....ttt............
8 ttttt..........rtttt.tttt.tt..t......t............
9 tttttt........rttttt.tt.ttttt.tt..................

Turn = 900.
  01234567890123456789012345678901234567890123456789
0 ..................................t.ttttt.........
1 ..................................t.ttttt.........
2 .........................tt.......tttt.t.tt......t
3 .........................ttt......ttttt.ttttttt.tt
4 ....................ttt..t.ttt......tttttttttttttt
5 ..t..t........ttt....ttttt.t.......tt.tt....tttttt
6 ttttttt.......ttttttttt.t.tt.t.....ttttt.........t
7 .ttttt........ttttttttt.tttttt.....ttt............
8 ttttt..........rtttt.tttt.tt..t......t............
9 tttttt........rttttt.tt.ttttt.tt..................

Turn = 1000.
  01234567890123456789012345678901234567890123456789
0 ..................................t.ttttt.........
1 ..................................t.ttttt.........
2 .........................tt.......tttt.t.tt......t
3 .........................ttt......ttttt.ttttttt.tt
4 ....................ttt..t.ttt......tttttttttttttt
5 ..t..t........ttt....ttttt.t.......tt.tt....tttttt
6 ttttttt.......ttttttttt.t.tt.t.....ttttt.........t
7 .ttttt........ttttttttt.tttttt.....ttt............
8 ttttt..........rtttt.tttt.tt..t......t............
9 tttttt........rttttt.tt.ttttt.tt..................

*** Darwin 5x5 ***
Turn = 0.
  01234
0 .r.h.
1 .th..
2 ...t.
3 .ht..
4 .....

Turn = 1.
  01234
0 ..rh.
1 .tt..
2 ...t.
3 ..t..
4 .h...

Turn = 2.
  01234
0 ..rr.
1 .tt..
2 ...t.
3 ..t..
4 .h...

Turn = 3.
  01234
0 ..t.r
1 .tt..
2 ...t.
3 ..t..
4 .h...

Turn = 4.
  01234
0 ..t.r
1 .tt..
2 ...t.
3 ..t..
4 .h...

Turn = 5.
  01234
0 ..t..
1 .tt.r
2 ...t.
3 ..t..
4 .h...

Turn = 6.
  01234
0 ..t..
1 .tt..
2 ...tr
3 ..t..
4 .h...

Turn = 7.
  01234
0 ..t..
1 .tt..
2 ...t.
3 ..t.r
4 .h...

Turn = 8.
  01234
0 ..t..
1 .tt..
2 ...t.
3 ..t..
4 .h..r

Turn = 9.
  01234
0 ..t..
1 .tt..
2 ...t.
3 ..t..
4 .h..r

Turn = 10.
  01234
0 ..t..
1 .tt..
2 ...t.
3 ..t..
4 .h.r.

*** Darwin 70x1 ***
Turn = 0.
  0
0 .
1 .
2 f
3 .
4 .
5 .
6 .
7 .
8 .
9 r
0 f
1 .
2 .
3 .
4 .
5 .
6 t
7 .
8 .
9 r
0 .
1 .
2 t
3 .
4 .
5 .
6 .
7 h
8 .
9 .
0 .
1 .
2 .
3 .
4 .
5 .
6 .
7 .
8 .
9 .
0 .
1 .
2 h
3 .
4 .
5 .
6 .
7 .
8 .
9 .
0 .
1 .
2 f
3 .
4 .
5 .
6 .
7 .
8 .
9 .
0 .
1 .
2 .
3 .
4 .
5 .
6 .
7 .
8 .
9 .

Turn = 1.
  0
0 .
1 .
2 f
3 .
4 .
5 .
6 .
7 .
8 .
9 r
0 r
1 .
2 .
3 .
4 .
5 .
6 t
7 .
8 .
9 r
0 .
1 .
2 t
3 .
4 .
5 .
6 .
7 h
8 .
9 .
0 .
1 .
2 .
3 .
4 .
5 .
6 .
7 .
8 .
9 .
0 .
1 h
2 .
3 .
4 .
5 .
6 .
7 .
8 .
9 .
0 .
1 .
2 f
3 .
4 .
5 .
6 .
7 .
8 .
9 .
0 .
1 .
2 .
3 .
4 .
5 .
6 .
7 .
8 .
9 .

Turn = 2.
  0
0 .
1 .
2 f
3 .
4 .
5 .
6 .
7 .
8 .
9 r
0 r
1 .
2 .
3 .
4 .
5 .
6 t
7 .
8 r
9 .
0 .
1 .
2 t
3 .
4 .
5 .
6 .
7 h
8 .
9 .
0 .
1 .
2 .
3 .
4 .
5 .
6 .
7 .
8 .
9 .
0 h
1 .
2 .
3 .
4 .
5 .
6 .
7 .
8 .
9 .
0 .
1 .
2 f
3 .
4 .
5 .
6 .
7 .
8 .
9 .
0 .
1 .
2 .
3 .
4 .
5 .
6 .
7 .
8 .
9 .

Turn = 3.
  0
0 .
1 .
2 f
3 .
4 .
5 .
6 .
7 .
8 .
9 r
0 .
1 r
2 .
3 .
4 .
5 .
6 t
7 r
8 .
9 .
0 .
1 .
2 t
3 .
4 .
5 .
6 .
7 h
8 .
9 .
0 .
1 .
2 .
3 .
4 .
5 .
6 .
7 .
8 .
9 h
0 .
1 .
2 .
3 .
4 .
5 .
6 .
7 .
8 .
9 .
0 .
1 .
2 f
3 .
4 .
5 .
6 .
7 .
8 .
9 .
0 .
1 .
2 .
3 .
4 .
5 .
6 .
7 .
8 .
9 .

Turn = 4.
  0
0 .
1 .
2 f
3 .
4 .
5 .
6 .
7 .
8 r
9 .
0 .
1 .
2 r
3 .
4 .
5 .
6 t
7 t
8 .
9 .
0 .
1 .
2 t
3 .
4 .
5 .
6 .
7 h
8 .
9 .
0 .
1 .
2 .
3 .
4 .
5 .
6 .
7 .
8 h
9 .
0 .
1 .
2 .
3 .
4 .
5 .
6 .
7 .
8 .
9 .
0 .
1 .
2 f
3 .
4 .
5 .
6 .
7 .
8 .
9 .
0 .
1 .
2 .
3 .
4 .
5 .
6 .
7 .
8 .
9 .

Turn = 5.
  0
0 .
1 .
2 f
3 .
4 .
5 .
6 .
7 r
8 .
9 .
0 .
1 .
2 .
3 r
4 .
5 .
6 t
7 t
8 .
9 .
0 .
1 .
2 t
3 .
4 .
5 .
6 .
7 h
8 .
9 .
0 .
1 .
2 .
3 .
4 .
5 .
6 .
7 h
8 .
9 .
0 .
1 .
2 .
3 .
4 .
5 .
6 .
7 .
8 .
9 .
0 .
1 .
2 f
3 .
4 .
5 .
6 .
7 .
8 .
9 .
0 .
1 .
2 .
3 .
4 .
5 .
6 .
7 .
8 .
9 .

*** Darwin 50x32 ***
Turn = 0.
  01234567890123456789012345678901
0 .....f..t..fr.........rt.....h..
1 ..t..f....f....f...f....r......h
2 ..........................tth...
3 ..hf.....f.......t..h...ff....h.
4 .....f...h...r..h....h.h.t......
5 .f........f.....t...............
6 ....r.................rhh..h..f.
7 .h..................t..f..f....t
8 ..rhh..t..........t...........h.
9 ....t..h.h......................
0 ....f........htf.........f......
1 ......................h.........
2 fr.r..f.r..rh...........fr......
3 ...h.........................r..
4 .h..t.................f..f......
5 r.r..f......r..r........rf....r.
6 ...f..........rf...........f....
7 ........h.......................
8 ..r.r........rh.r.t.........h...
9 ........t....tt.fh.f......r.....
0 ...........t....r.hh....r..f.t..
1 ...h.....f..................r...
2 t..t....r...h....f......r..f..f.
3 ..t......f..........f.t.........
4 .t.fh..........r.......t........
5 .............t...h...hr.........
6 ....fr......ff.....t..h..h.....f
7 .h.hr................t..h..th...
8 .........h.t...............t....
9 f....f........r..........rrr....
0 ...........r..r....f.........h..
1 t....h.t...f....fh..............
2 ...............tr.....r...ht...t
3 ......h..................rt.....
4 ........fhr...f.....tt..r..f....
5 .....r.........t...f....h.......
6 ....rrf.t.......h.t...t...rf.r..
7 .f.h....t........h....f........r
8 .......r......h.......h.........
9 ..h.....f....tf..............f..
0 .....rrh.......h...r...hr.......
1 .........r.t..t....r.....t......
2 t.r.....................r....h..
3 t..........h.....h.........f....
4 r....f...t...f.h..h......f.r....
5 .h......fh..h..rh.f......rr.....
6 ...r.t...t..th....r...r.h...r...
7 .r..........h.........rr..h.....
8 ....r........hr........h....hr..
9 ..........r..h......h.f.........

Turn = 100.
  01234567890123456789012345678901
0 r.rr.r..............r....rrr..r.
1 .........r............r.......tt
2 ..r....r.r...................ttt
3 ...r....rr................rr..tt
4 ..............................tt
5 ...rr.......................r..t
6 .rr..r.....r..r..........r......
7 rr.r....r..r................r...
8 r.r...................r...r.....
9 ...........r..........r.........
0 ..r...r.............r.r.........
1 ..r......................r......
2 rr.....r..............r.........
3 .r.trrr.........................
4 ...rrr.t....................r.r.
5 r..r.....r.r...r.r..............
6 r.r............t....r..........r
7 ....r....rr....r...............r
8 .............tttr.r..r.........r
9 ..............tt................
0 ............tt................r.
1 ..rr.........rr..........r......
2 ........r..............t........
3 ........r....r.........tt......r
4 ......r.....tt...r....rtt.......
5 ...........tt.t.......rt........
6 r......r.r.ttrttt....ttttt..tt..
7 r..r.........r......ttttt.t..ttt
8 ..r.rrrr............tttt..rrttrt
9 ....rr..r...........tt.r..rrt.r.
0 ...r.rr................r.....r..
1 r.r.r.......................t...
2 rrr.......r.................t...
3 r......rr......rr..r............
4 rr.......rr.........r...........
5 rr.......rr......r..tt..........
6 rrr......rrtt.......tt..........
7 ..........tttt............r.....
8 rr......t.ttt...................
9 r...r...tttt....................
0 .r......tt.ttt..................
1 .......r.t.tt.................r.
2 ...........tt.tt.........r.....r
3 r...........tttt................
4 ...rrr.......tt....r............
5 ......r......t..................
6 r....r.......tt.................
7 .......r........................
8 ....r...........................
9 ....r...........rr...r..........

Turn = 200.
  01234567890123456789012345678901
0 ....r..rrrr...............r.r..r
1 rrr.....rr......................
2 .rr......rr..............rr.....
3 rr....r.........r............r..
4 rrr.rr.r.r......................
5 ....r...r...r..........r........
6 r..r..r...............r........r
7 .rr..r...rr...r.................
8 ...r.r...r...r..r.r.rr..........
9 ...r.r.............r..........rr
0 r.r...........r....r..........r.
1 ..................r.............
2 ..............r..r..............
3 ...rr.............r..r..........
4 .............r..........r.......
5 ........r...r..r......r........r
6 ......r.........r.........r.....
7 .....r.....r...r.rr........r....
8 ..........r.r...................
9 ........r.......................
0 ....r........................r..
1 r.r..........r.....r....tt.....r
2 ..r............r..r.r...t.......
3 r......rr........rtt....r.......
4 r.r..r..r....r...t.....rtt..t...
5 r..r........rr...tr......ttttt.t
6 r..r...............r..tttttttttt
7 r....r.....r......r.r.r...tt.ttt
8 r........r.....rr....r....tt.ttt
9 .r..r...r........r..r......ttttt
0 ...r.r...r..........r......t.ttt
1 .r...r....................ttt..t
2 r....r.....................tttt.
3 ................................
4 ..r.........................r...
5 r...........................r...
6 r.....r....t...t..........r.....
7 .....r.....trr.t...r............
8 ...r..r..r.tt..t..r.............
9 ..........rt.r.....r....r.......
0 ...........r.r.........r..r.....
1 r............t.....r..r.........
2 .............t.......r........r.
3 .......r.......tt...............
4 .......r.....t......r...........
5 r..r...r....rr.......r..........
6 ..........r.rrtt................
7 r.r.....r..rrttt................
8 r..r.......r........r...........
9 rrrrr...........r.rr..........rr

Turn = 300.
  01234567890123456789012345678901
0 r.r.r..r....r..r..r..r.......r.r
1 .......r....r..................r
2 ..................r...........r.
3 ......r.....r......rr..rr..r...r
4 ...................r...rr.....r.
5 ...rrr......rr.........rr.......
6 r..r............................
7 ..r...........r..rr.............
8 .r...r...r....rrr.r......rr.....
9 rr....r..r.....r.....r.........r
0 rr..r..........r.....r..........
1 ....rrrr....rr.......r....r.....
2 ..r....r..r.....r...r......r....
3 ....r..r........r.........r.r.r.
4 r........r......r.........r..r..
5 ......r................r.....r.r
6 rrr.............................
7 ............................r...
8 r.rr....r..r.....r.r...........r
9 ..r.................rr..........
0 ......r................rr.......
1 .....r.r.rr....r..............r.
2 ...r.r.r.r.....r..r.r........ttt
3 .........r.rr..........r.rr.tttt
4 ......r..r..........r.....tttttt
5 ....r......r...............ttttt
6 r......r...................ttttt
7 ........r...........r.......tttt
8 ....rr..r..........r.rr.....tttt
9 ..r.....r..........r.....tt.tttt
0 ..r.....r....r.........rrtttrttt
1 ...r......................rrrttt
2 ..........rr.......r.......r..tt
3 .....r............r.r......r..tt
4 ..................r............r
5 .r..........r....r............rr
6 .............r..............r...
7 ........r......r.......r.......r
8 ......r..rr...........rrr.......
9 r...r........................r..
0 ....r.................r.......r.
1 r.r...............r............r
2 ...r...........................r
3 ......rr........rr.............r
4 ......r.........................
5 ..........r..........r.....r....
6 r........r.....................r
7 .....r.r...rr...................
8 .......r......r...........r....r
9 r..rr.....rrr.rr...........r..r.

Turn = 400.
  01234567890123456789012345678901
0 .....r.r...r...rr.........r...rr
1 .r.r..r.r..r.................r..
2 .......r...r....................
3 r..r....r..r...r................
4 r..........r.......r....r.......
5 .......r.....r..................
6 .........rr................r.r..
7 ...rrrr...........r........rr.r.
8 r..r.rr.......................rr
9 r....rr.....r.........r........r
0 .r..rr.....r...........r........
1 rr....r...r....r....r.........r.
2 r..rr....r.r..........rrr......r
3 r..r.r....r.....................
4 .r...r...r......................
5 ............................r...
6 .r.r.....r..........r...r.......
7 .rrr..rr............rr..........
8 .....r...r.r...................r
9 r....r..........r..........r....
0 rr...r......rr.............r....
1 rr...r....r.....r...............
2 r......r..r.r.r.......r....r....
3 ....r.r....r.....r...r....r...tt
4 .......r................r...tttt
5 .......r..r..........r....r.tttt
6 r...r.......r..r....r......ttttt
7 .......r......r....r......rrtttt
8 ..................r.......rttttt
9 r.......................r.tttttt
0 r..r.........rr............ttttt
1 ...................r.......ttttt
2 r....................r.....ttttt
3 r...........r.....r.........tttt
4 rrr...............r..........ttt
5 .......r....r.................tt
6 .......r.......................t
7 r........................r.....t
8 rrr.......rr..r...........r....r
9 .......r......r...............rr
0 ..r...r....r...................r
1 r...........rr.r..............rr
2 rr.r.....r..r...............rr..
3 r......................r....r...
4 .r..........r.......r..........r
5 r.............r....r.........r..
6 r...r...........................
7 ..r...r.......r........r..r.....
8 .........r...r.............r....
9 rrr....................r...r....

Turn = 500.
  01234567890123456789012345678901
0 rr......r...r......rrr.r.r.r...r
1 r.rr.....r..r.....rrr.r.........
2 r..rrr....r..............r......
3 .rr.r...r.......................
4 r...............................
5 ..r........r........rr.......r.r
6 r..r........r...................
7 r....r.......................r.r
8 rr..............r.....r.........
9 r....r..r.....rr................
0 ..r.r..............r...........r
1 ..r................r............
2 ........r...r.r...............r.
3 ........rr......................
4 ..............r.r.r...........rr
5 ....r..........r.............rr.
6 .r....rr................r.r.....
7 ............r......r.....rr..r.r
8 r..........rrr................r.
9 ...rrrr...rrr...............r.r.
0 .........r.......rr.......rr.r.r
1 r.rr......................r...r.
2 ...r.r..............r...r.....rr
3 ..........r......r...r.r.r.....r
4 ....r............r.....r.r......
5 ..r.............r.r.r...........
6 ..r..............r............r.
7 .rr...r............r..........r.
8 .r..r..rr...r....r....rr........
9 r..................r...r..r.....
0 ............rr.....r...rr.r....r
1 .......rr...r.................rr
2 ....rrr...r.............r...ttrr
3 ....r.rr................r....rtt
4 ...r..........r.........rr...rtt
5 .....r..............r.......rrtt
6 ..r..........r..........r....trt
7 r....r...................r..rrrt
8 .............r.....rrr..r....ttt
9 rr.r.........r.........rr......t
0 r..r..........rrrr...rr.......tr
1 r.......................r.....rt
2 ......................r.......rt
3 .....r......r..............r...r
4 ...r..rr...r...r...............r
5 .............r..................
6 ......r.r....r....r.r..........r
7 .....r.........r..r............r
8 ...rrr..........r.rrr.........rr
9 r.....rrr.........rr.....r......

Turn = 600.
  01234567890123456789012345678901
0 .rrr.rrr.r.r.r.r.....r..r.......
1 r.rr.r............r.............
2 rr.r...........................r
3 r...r...............r...........
4 .....rr............r............
5 rr..r..r........................
6 r..rr.rr..r.....................
7 .r..r...r...r.......r.....rr....
8 r................r...r..........
9 .......r........r....r..r.......
0 ...r.r......................r...
1 r.r.rr.r.r.r....................
2 ...r..r.r...............r..r....
3 .......r......r..........rr.....
4 ......r..r.r...r.r........r.....
5 r....r.....r......r........r...r
6 .r....r.................r.......
7 r...rr....rr...........r........
8 rrr...r....r......r.....r.......
9 rr......r..r....................
0 .rr...r................r...r....
1 ...r................r......r...r
2 ..r............rr.......r.......
3 .r............rrr...r...r.......
4 ..........r.....r..r.........r.r
5 .r.....r................r.......
6 .........r..........r..........r
7 ...................rr...........
8 rr..r..rr.......................
9 .r...rr...................r....r
0 r...r........r.............tt..r
1 ....rr.r....rr...rr.........t..t
2 ......r.....................tttt
3 ........r.......rrrr........tttt
4 ......r..........r...........ttt
5 rr.....r.r...................trt
6 .....r...r..r...............rrr.
7 ..r..........r..r...r......r.rrr
8 .r...r.............r......r.rrrr
9 rr...r........r.......rr....ttrr
0 .....rr.............r...r...trtt
1 .r................r......r..t..t
2 .rr...................r..r...tt.
3 rr...........................ttt
4 rrr.r...r.....................tt
5 rr...r.....r.....rr.............
6 rr.r....................r.....r.
7 r.r.r...r..r..................r.
8 r.rr.......r.r..................
9 ...r...r........r.....r.........

Turn = 700.
  01234567890123456789012345678901
0 .rrr...r........r.....r.........
1 r...r..rr...........rr.r.......r
2 rrrrrr..r......rr..............r
3 rr.rr....rr....r.....rr.r.r.....
4 rr..rr.....r............r.......
5 ....r..r.rrr......r...r...r..r.r
6 r...r.r.rr.................rrrr.
7 ...rr...r......r...............r
8 ..........r.r................r.r
9 ..........rrrrr.............r..r
0 rr..........r...................
1 .r..r............r..............
2 r..r..r......r..................
3 r.....r.......................rr
4 ......r.....rr.........r........
5 .......r........rr.....r........
6 .......r......r....r............
7 .........rr.....r...........r...
8 ..r.r..r.....r................r.
9 rrr.......r.......r............r
0 .r.....r.....r..r...rr........r.
1 .......rr..r.r.........r..r...r.
2 ...r..r...r.......r..r...rr.....
3 r........r........r.........r...
4 .....r..r........rr.r...........
5 .r.................r.r.r........
6 .r...rr.........................
7 ..........r........r...r........
8 ...r.r.....r.........r..r...r...
9 r..r..r..r.r...r.....r..........
0 r...rrr..r....................rr
1 .........rr......r...r........rr
2 r........r........r....r........
3 r.rrr...r.........rrr.r.........
4 ..r.....................r.......
5 .rrr.r.rrr.r....................
6 .............r..r.....r........r
7 .......r....r...r.r.............
8 r..r..................r........r
9 ..r.r.............rr............
0 r............r..................
1 r...rr........r.................
2 rrrr.....rr...r..r..............
3 ..r......r......r...............
4 ..........r..........r......r...
5 .r.r...rrr...r........r....r....
6 ............r.r.r.....r...r....r
7 r.......r.....rr...r...........r
8 .r...........r......r...........
9 .rrr...r..r..r....r..r....rr....

Turn = 800.
  01234567890123456789012345678901
0 rrr......r..r.rr.....r.r.....rrr
1 rr...................r.....r..rr
2 rr..r...rr..rr............r....r
3 r.rr....r......r.r.......r.r....
4 .r....rr....r.rrrr...r..........
5 ..r.....r..r......r..r......r...
6 .........r.r........r.rr........
7 rr.r.......r..........r........r
8 r....r...r.........r............
9 r.rr...........................r
0 ....r...rr....................r.
1 .r......r..............r...r....
2 ...r.................r......r...
3 ..r....r.......rr...............
4 rrr......r..........r...........
5 ......r.r....r..................
6 .rrrrrr..r...rr.r..r...........r
7 r....r....rr.r.rrrr............r
8 .r...r......r.r...r............r
9 r............r.r...r............
0 ................................
1 r.......r.......................
2 r.r.r...........................
3 rrr.r.....r...r.....r...........
4 .rr..r...............r..........
5 ...r..rr..............r.......r.
6 r.......rr......................
7 .......rr....r..................
8 .r....rr.....r..r...............
9 .....rr..................rr.....
0 ....rr.......r..rr..............
1 ...rr.......r...................
2 rr............rr..r.............
3 ...............r...r........r...
4 ...r.r...r..r...r..........rr...
5 r.rrr..r...rrr.............r.r.r
6 ..r........r.r............r.....
7 ..r.........rr......r...........
8 r....r..r..r.....r.r............
9 ....r....r.......r..............
0 .rr.rrr...r......r............r.
1 r.r.r............r.r..r........r
2 ..r.r....r......rr..............
3 .r.....rr.......r...r...........
4 r...............r...............
5 rrr.r..........................r
6 r....r.r........................
7 rrrr..rr....r...............rr.r
8 r.........r.rr................r.
9 rrrrr.r.rrr.r.r...............rr

Turn = 900.
  01234567890123456789012345678901
0 rr.r.r.rrrr..r..r....r...r......
1 .rrrr..r.rr.....................
2 r.rr.r.r.rr...........r........r
3 r.rr....rr.r...r....r.....r...rr
4 r...r.r.........r..........r..rr
5 r.r..r...r.rr.......r..rr....r.r
6 r...r.......r.r...rr.......r...r
7 rr.r....r....r...r.............r
8 rrr..r..r.........r.............
9 ...................r............
0 rr.r....r...r.rr..........r..r..
1 rr.r..rrr........r...rrr........
2 rr......r.rr....................
3 r.......rr..r...................
4 .r.r...........r..rr..rrr.......
5 .r.r............................
6 .r..r.................rrr.......
7 .rr............r..............r.
8 ......................rr........
9 ...r........r...................
0 ...rr..r..............r.........
1 ..........r............r........
2 .r...r......rr..................
3 rr...r...r...r..rr.r....r...r...
4 rrr.............................
5 .r........rr....................
6 .r.......r.r..r.......r.........
7 .....rr................r........
8 ...r..r..r......................
9 ......rrr......................r
0 ...r.r.r.....................r..
1 ...rrr..........................
2 r.....r......r..................
3 ............................rr..
4 .r.....r......r................r
5 r..r.rr.r.......r..............r
6 r...rr...r.......r............rr
7 r....r..................r.......
8 r..r.........r...........r.r...r
9 .....r.rrr...r......r.....r.....
0 ....r.rr.......r.....r.rrrr.....
1 r.r...r.r.......................
2 .......r........................
3 rr......r.......................
4 rr...........r................r.
5 rr.......r....r.r.r............r
6 .r..r...........rr.............r
7 rrr....r..r..................r.r
8 r.r...r...r.....r...rr..........
9 .rrr.....rr.....rr.....r.r..r...

Turn = 1000.
  01234567890123456789012345678901
0 rr..rrr..rr..r.r....rrr..r...rr.
1 rrrrr.....r.........rr..........
2 rrrrr..rrr...........rr.........
3 rrr..r..r.rrr...................
4 r.rr.....r..rr..................
5 r...r..r...r..r.................
6 rrr...r...rr.r.........rr.......
7 rr..rr.rrr...r....r............r
8 r..rr............r.......r...r..
9 .....r...................r......
0 r......rrr....rrr..............r
1 ..r....r..rr...rr............rrr
2 .r..........rrr...........r.....
3 ..r....r......r......rr...rr....
4 r..rr...r............rrr.r..r...
5 ......................rr........
6 .....r..........r..............r
7 .r.........rr...................
8 r.r..........r.........r.r......
9 r..rr...........r.....r.........
0 r.r.........r.r.r..r..r.........
1 ..rr...............r............
2 ..r.r........................r..
3 r....rr..................r....r.
4 rr...........r...........r.....r
5 ................r..r.r.........r
6 ......r..r...................r..
7 ..r..................r........r.
8 ...r......r..r..................
9 r.rrr....rr.r...........rr.....r
0 r...................r.rr..rr....
1 rr...r..................rr......
2 rr.........r.............r......
3 r...rr............r...........r.
4 ...rr.r...r.......r.......r....r
5 r.............r.......r.........
6 ......r...r...r........rr.......
7 r.r..r....r.....r...........rrr.
8 r..r........r.r..r..............
9 r.........r...r.........r....r..
0 .........r.....r............r...
1 rr...r..r..r....rr.r....r.......
2 r................r.....r........
3 rr......................r.......
4 r............r...........r..r...
5 .r...r..................rr...r..
6 r............................r..
7 r....r........r.................
8 .........r.....................r
9 ......r..rrr......r.......r.....
