*** Darwin 50x50 ***
Turn = 0.
  01234567890123456789012345678901234567890123456789
0 h.................................................
1 h...f.............................................
2 ..................................................
3 ..................................................
4 ..................................................
5 ..................................................
6 ..................................................
7 ..................................................
8 ........r.........................................
9 ........rr...................f....................
0 .........rr..........f............................
1 ...........r......................................
2 ...................f..............................
3 ..................................................
4 ..................................................
5 ..................................................
6 ..................................................
7 ..................................................
8 ..................................................
9 ..................................................
0 ...............h..................................
1 ..................................................
2 ..................................................
3 ..................................................
4 ..................................................
5 ..................................................
6 ..................................................
7 ..................................................
8 ..............................t...................
9 .............................ttt..................
0 ............................ttttt.................
1 .............................ttt..................
2 ..............................t...................
3 ........................................h.........
4 ..................................................
5 ..................................................
6 ..................................................
7 ..................................................
8 ..................................................
9 ..................................................
0 ..............................h..........f........
1 ..................................................
2 ..................................................
3 ..................................................
4 ..................................................
5 ..................................................
6 ..................................................
7 ..................................................
8 ..................................................
9 ..................................................

Turn = 500.
  01234567890123456789012345678901234567890123456789
0 ....r....r........................................
1 ..................................................
2 ..................................................
3 ..................................................
4 ..................................................
5 ..................................................
6 ..................................................
7 ..................................................
8 ..................................................
9 r............................f....................
0 r....................f............................
1 ..................................................
2 ...................f..............................
3 ..................................................
4 ..................................................
5 ..................................................
6 ..................................................
7 ..................................................
8 ..........................................r.......
9 ..................................................
0 ..................................................
1 ..................................................
2 .................................................r
3 ...........................r......................
4 ..................................................
5 ..................................................
6 ..................................................
7 ..................................................
8 ..............................t...................
9 ........................r....ttt..................
0 ............................ttttt.................
1 .............................ttt..................
2 ......................r...........................
3 ..................................................
4 ..................................................
5 ........................r.........................
6 ..................................................
7 ..................................................
8 ..................................................
9 ..................................................
0 ........................................hf........
1 ..................................................
2 ..................................................
3 ..................................................
4 ..................................................
5 ..................................................
6 ..................................................
7 ..r...............................................
8 ..................................................
9 ......................................r...........

Turn = 1000.
  01234567890123456789012345678901234567890123456789
0 ...........................................r......
1 ..................................................
2 ..................................................
3 ..................................................
4 ..................................................
5 ..................................................
6 ..................................................
7 ..................................................
8 ..................................................
9 ..................................................
0 ..................................................
1 ..................................................
2 ...................f..............................
3 ..................................................
4 ..................................................
5 ..................................................
6 ..................................................
7 ..................................................
8 ..................................................
9 .................................................r
0 ..................................................
1 .................................................r
2 ..................................................
3 ..................................................
4 ..................................................
5 ..................................................
6 ..............................t...................
7 ..............................t...................
8 ..............................t...................
9 .............................ttttt................
0 r............................ttt..................
1 .............................ttttt................
2 .............................t..t.................
3 ..................................................
4 ..................................................
5 ..................................................
6 ..................................................
7 ..................................................
8 ..................................................
9 ..................................................
0 ........................................hf........
1 r.................................................
2 .rr...............................................
3 ..................................................
4 ..................................................
5 ..................................................
6 ..................................................
7 ..................................................
8 ..................................................
9 ..................r...............................

*** Darwin 30x4 ***
Turn = 0.
  0123
0 ....
1 h...
2 ..fh
3 ....
4 ....
5 ..r.
6 ....
7 ...r
8 ....
9 .t..
0 ....
1 ....
2 ..h.
3 h...
4 .h..
5 .f..
6 h...
7 ....
8 ....
9 ....
0 ....
1 ....
2 f...
3 ..r.
4 ....
5 ....
6 ....
7 .t.t
8 ....
9 ....

Turn = 50.
  0123
0 r...
1 ....
2 ....
3 ...r
4 ....
5 r...
6 ....
7 ....
8 r..r
9 ....
0 ....
1 ....
2 ....
3 ....
4 r..r
5 ...r
6 r.rr
7 ....
8 ....
9 r...
0 ....
1 ....
2 ....
3 ....
4 .rr.
5 ....
6 ....
7 ....
8 ....
9 r...

Turn = 100.
  0123
0 ....
1 ....
2 ....
3 ....
4 ....
5 ....
6 ....
7 ....
8 ....
9 .r..
0 ....
1 ....
2 .rr.
3 r..r
4 ....
5 ...r
6 ....
7 .r.r
8 r...
9 ....
0 ....
1 ....
2 .r..
3 r...
4 ....
5 r...
6 ....
7 ....
8 .r..
9 .r.r

*** Darwin 100x100 ***
Turn = 0.
  0123456789012345678901234567890123456789012345678901234567890123456789012345678901234567890123456789
0 ....................................................................................................
1 ....................................................................................................
2 ....................................................................................................
3 ...................................................f................................................
4 ....................................................................................................
5 ....................................................................................................
6 ....................................................................................................
7 ....................................................................................................
8 ....................................................................................................
9 ....................................................................................................
0 ....................................................................................................
1 ..........................................h.........................................................
2 ....................................................................................................
3 ..........................t.........................................................................
4 ...................................................................r................................
5 ....................................................................................................
6 ....................................................................................................
7 ....................................................................................................
8 ............................t................f......................................................
9 ........................r...........................................................................
0 ....................................................................................................
1 ...................h...................................r............................................
2 ....................................................................................................
3 ....................................................................................................
4 ..............r................................................................................h....
5 ....................................................................................................
6 ....................................................................................................
7 ....................................................................................................
8 .............................t......................................................................
9 ..t..................................r..............................................................
0 ....................................................................................................
1 .................f..................................................................................
2 .............................f..............................r.......................................
3 ....................................................................................................
4 ..............................................................................t.....................
5 ....................................................................................................
6 ....................................................................................................
7 ............................f.......................................................................
8 ....................................................................................................
9 ............f.......................................................................................
0 .................................................f..................................................
1 ....................................................................................................
2 ....................................................................................................
3 ..................................................r........................................t........
4 ...................h................................................................................
5 ....................................................................................................
6 .............................f......................................................................
7 ....................................................................................................
8 ....................................................................................................
9 ....................................................................................................
0 ....................................................................................................
1 ....................................................................................................
2 ........................................................h...........................................
3 ....................................................................................................
4 ....................................................................................................
5 ....................................................................................................
6 .........................................................................t..........................
7 ....................................................................................................
8 ....................................................................................................
9 ....................................t...............................................................
0 ....................................................................................................
1 ....................................................................................................
2 .......................r...h........................................................................
3 ..........................r.........................................................................
4 ............................t.......................................................................
5 ....................................................................................................
6 ....................................................................................................
7 .............................t..........................h...........................................
8 ....................................................................................................
9 ...................................................................r................................
0 ....................................................................t...............................
1 ....................................................................................................
2 ....................................f...............................................................
3 ....................................................................................................
4 .....................t..............................................................................
5 ....................................................................................................
6 ..............................................................................t.....................
7 ...............t....................................................................................
8 ....................................................................................................
9 ....................................................................................................
0 ....................................................................................................
1 ...........................................................................h........................
2 ....................................................................................................
3 ....................................................................................................
4 ...........................h........................................................................
5 ....................................................................................................
6 .........................................h.......................h..........................h.......
7 ....................................................................................................
8 ....................................................................................................
9 ....................................................................................................
0 ....................................................................................................
1 ....................................................................................................
2 ....................................................................................................
3 h...................................................................................................
4 .......................................r............................................................
5 ....................................................................................................
6 .................................................................................r..................
7 ..t.................................................................................................
8 ........................f...........................................................................
9 ....................................................................................................

Turn = 1000.
  0123456789012345678901234567890123456789012345678901234567890123456789012345678901234567890123456789
0 ..........................................r....r...................................................r
1 ....................................................................................................
2 ...................................................................................................r
3 ....................................................................................................
4 ...................................................................................................r
5 ....................................................................................................
6 ...................................................................................................r
7 ....................................................................................................
8 ....................................................................................................
9 ....................................................................................................
0 ....................................................................................................
1 ....................................................................................................
2 ....................................................................................................
3 ....................................................................................................
4 ....................................................................................................
5 ....................................................................................................
6 ....................................................................................................
7 ....................................................................................r...............
8 ............................t................f......................................................
9 ............................t.......................................................................
0 ............................t.......................................................................
1 ....................................................................................................
2 ....................................................................................................
3 ....................................................................................................
4 ....................................................................................................
5 ....................................................................................................
6 ....................................................................................................
7 .............................t......................................................................
8 ............................ttt.....................................................................
9 ....................................................................................................
0 ....................................................................................................
1 ...................................................................................r................
2 ....................................................................................................
3 ....................................................................................................
4 ....................................................................................................
5 ....................................................................................................
6 ....................................................................................................
7 .........................r..f.......................................................................
8 ..........................r.........................................................................
9 ............f.......................................................................................
0 .................................................f..................................................
1 ....................................................................................................
2 ....................................................................................................
3 ..........................................................................................t.........
4 ....................................................................................................
5 ....................................................................................................
6 .............................f......................................................................
7 ....................................................................................................
8 ....................................................................................................
9 ....................................................................................................
0 ....................................................................................................
1 ....................................................................................................
2 ....................................................................................................
3 ....................................................................................................
4 ....................................................................................................
5 ................................r...................................................................
6 ........................................................................tt..........................
7 ....................................................................................................
8 ....................................................................................................
9 ....................................................................................................
0 ....................................................................................................
1 ....................................................................................................
2 ....................................................................................................
3 ....................................................................................................
4 ...........................tt.......................................................................
5 ....................................................................................................
6 ....................................................................................................
7 ............................................................................r.......................
8 ....................................................................................................
9 r...................................................................................................
0 ....................................................................t...............................
1 ....................................................................................................
2 ..................r.................................................................................
3 ....................................................................................................
4 ....................................................................................................
5 ...............r..............................................................t.....................
6 ................r.............................................................t.....................
7 ..............................................................................t.....................
8 ....................................................................................................
9 ....................................................................................................
0 ....................................................................................................
1 ....................................................................................................
2 ....................................................................................................
3 ..............................r.r............................r......................................
4 r............................r.r.............................r......................................
5 .................................................................................................r..
6 ....................................................................................................
7 ....................................................................................................
8 ....................................................................................................
9 ....................................................................................................
0 ....................................................................................................
1 ....................................................................................................
2 ....................................................................................................
3 ....................................................................................................
4 ....................................................................................................
5 ....................................................................................................
6 ....................................................................................................
7 ....................................................................................................
8 ......r.............................................................................................
9 ...r......rr......................................................................r.................

*** Darwin 30x30 ***
Turn = 0.
  012345678901234567890123456789
0 ......r.......f...t....f......
1 .....r..............t.h.......
2 .......h.....r......f........f
3 ...........f.........t........
4 ......f......................h
5 ..................f..........f
6 .....h......r.................
7 ..................t........r..
8 ........t..t..f.r...r...ff....
9 ..rt.....ff.....t.............
0 ..r......f............r.......
1 ..............................
2 ...............f.f............
3 ..........h.rfh..r............
4 r.......t.....r....t.......r..
5 .t....f...r....f..............
6 ......t.....h.................
7 ..t...h..............r......f.
8 .........t........f...........
9 .h.........f..................
0 .........................h....
1 .....h.f.....................h
2 .....r..........f............f
3 ................r.............
4 .t..r.......................t.
5 ...............f..............
6 .f...f....h.......f...........
7 .........t..h...h........t....
8 .....h........................
9 ...r...r....t.r....h.f.....r..

Turn = 100.
  012345678901234567890123456789
0 rrr.................tt........
1 .rr................rtttr......
2 ....................t..t......
3 ....................tttt......
4 ....................ttt....r.r
5 .....................t........
6 ..r...........................
7 .........tt...................
8 r.....ttttt...........rr..r...
9 rr.tt.t........r...........r..
0 r.....t.......r...............
1 .....................r.....r.r
2 .....................r........
3 ................r....r.....r..
4 ............rr.............r..
5 ............................rr
6 ............................r.
7 ......................r.......
8 ..............................
9 ..............................
0 ..............................
1 ..............................
2 ..............................
3 ..............................
4 ...........................ttt
5 .r.............r..............
6 ..r.....t.....r...............
7 rr......tttt..........ttt.....
8 rr.r....tt...r................
9 r.rr..........r.r...........rr

Turn = 200.
  012345678901234567890123456789
0 ...r....r....r.rrr.r..........
1 .........r.r.................r
2 ........r..............r.....r
3 ..............................
4 ..............................
5 ...r..........................
6 ...r.............r............
7 r............................r
8 r................r............
9 .r........r........r..........
0 .rr...........................
1 r.............................
2 ...r..................r.......
3 .r...................r.......r
4 ....r..r......................
5 .r...r.r.r....................
6 ........................rr....
7 .rr.....r.................r..r
8 .........r...............rr.r.
9 r..r..r......................r
0 rr...r....rrr.................
1 .............r..............r.
2 ...........................r..
3 .............r................
4 r.....rr......................
5 .r..............r.............
6 .............r.r.............r
7 .....r...rr.r..........tttt...
8 .....rr..r.r.........r....t...
9 .r....rrr...r......r..........

Turn = 300.
  012345678901234567890123456789
0 .......r....rr...rr..rr.......
1 ..........................rrr.
2 .............r................
3 ......r.........r.............
4 ...................r.r.....r..
5 r..r....................r..rrr
6 ...r...................r.r....
7 ......r..r....................
8 ........................r....r
9 rr...........................r
0 .r..r.................r.......
1 ....r..........r..............
2 ....................r.r.....rr
3 ....................r...r....r
4 r..rr..................r......
5 r.r..r........................
6 ......r............r..........
7 .r.r.r.......rr...............
8 .....r..................r.....
9 .r.......r........r..........r
0 r..r........................r.
1 ...................r........r.
2 rr.r.........................r
3 ..............................
4 .....................r.......r
5 r.........rr..................
6 r....................r........
7 .r........r.........r...r.....
8 .....r........................
9 r......r..r.r........r........

Turn = 400.
  012345678901234567890123456789
0 rr..........r...........rr.r..
1 ........r.....................
2 ......................r.......
3 ..........r...................
4 ............r.................
5 ..............................
6 ...r......................r...
7 .rr.......................r...
8 ............r.................
9 ...............r..............
0 r.........................r...
1 rr..rr........................
2 rrr..rr.r..r..................
3 ..................r...........
4 .r...................r.....r..
5 r...................r.r...r...
6 .................r............
7 ...............r...r..r.......
8 r..........................r..
9 .................r......rr.r..
0 r....rr..r..................r.
1 rr.....r...........r........r.
2 ......r........r..r...........
3 .......rr.....................
4 .r.........rr.................
5 ....r....................rr...
6 .rr..r..................r.....
7 .rr..r...........r..........r.
8 ...r.r.....r...r.......r...r.r
9 ....r......r..r.r...........r.

Turn = 500.
  012345678901234567890123456789
0 .r.....r......r.......r.......
1 r...r..r...r.................r
2 ....................r.........
3 ..............................
4 ..r...............r..r.r......
5 r..r........r.r......r........
6 r............r......r.........
7 .....r..rr....................
8 .......r................r.....
9 ......r.......................
0 .......................r......
1 ........................r.....
2 ..............................
3 .....r........................
4 .....rr...........r.........r.
5 ....r.r.r.rr..................
6 .....r.r...................r.r
7 .rr....r.....................r
8 .............r.....rr.........
9 r............................r
0 rr.......r....................
1 ....................r..r....r.
2 ......r....................r.r
3 r............r................
4 .......r.............r........
5 .................r....r.....r.
6 ......rrr.r................r..
7 r............r...............r
8 .r.....rr.......rr..r.........
9 .r.....rrrr...........r...r...

*** Darwin 50x50 ***
Turn = 0.
  01234567890123456789012345678901234567890123456789
0 ....................................r.............
1 ..............................f...................
2 ..................................................
3 ...................f..............................
4 .................................................t
5 .t.......................f.............f..........
6 .................................r......h.........
7 ..................................................
8 ...............rr.................................
9 .........f.............t...h........t.............
0 ..................................................
1 ..........................................h.......
2 ....................f..r...h......................
3 .......r..............r...r.......................
4 ..................................................
5 .......................................r..........
6 ..................................................
7 .r...........................t............h...h...
8 ............................t.....................
9 .................r..............r.................
0 .................................f................
1 ...................h..............................
2 .........................r..........f.............
3 ...............................f..................
4 ..............h......t...............r............
5 ..................................................
6 ..................f.................t.....r.......
7 ...............t..................................
8 .....h...............t.......t........f...........
9 f.t..................................rh...........
0 ..................................................
1 ..................................................
2 .............................................f....
3 ............................................h.....
4 ..............r.........................r.........
5 ..................................................
6 .....f....................................h.......
7 ........t...t...............f.....................
8 ..................................f...............
9 ..................................................
0 ......................r......f...............h....
1 f.............................t...................
2 .....................................f............
3 .............f...........................t........
4 ..........................f.......................
5 ......f.............r.............................
6 .r.....................f..........................
7 ...t...r.............t............................
8 ...........t............f.........................
9 ...............................f...........r......

Turn = 500.
  01234567890123456789012345678901234567890123456789
0 ...r........r............................rr.......
1 .......................r..........................
2 .......................r..........................
3 ...........r.....................................r
4 .............r....r...............................
5 ................r................................r
6 ..............r...................t...............
7 ................................ttt...............
8 .................r..............tttt.r............
9 .................................ttrr.............
0 ..................................rr.........r....
1 ..................................................
2 ...................................r..........r...
3 ...............r..................................
4 ..................................................
5 ...........................r..................r...
6 ...........................rr.....................
7 .............................t....................
8 ............................ttt..................r
9 ..................r...........tt.................r
0 .............................tt..........rr.......
1 ..................................................
2 .......rr.........................................
3 ..................................................
4 ...............................................r..
5 .................................r................
6 ..................................................
7 .........................................r........
8 ..................................................
9 ...........................r......................
0 ..................................................
1 .....................r..................r.........
2 r................r................................
3 ..........r................................r......
4 r..........................................r......
5 r............................r..............r.....
6 .................................................r
7 ..................................................
8 ..................................................
9 .................................................r
0 ..................................................
1 .................................................r
2 ..................................................
3 ................................................rr
4 ..................................................
5 ......r.....r.....................................
6 .....r............................................
7 ....................................r.............
8 ...........r.....r................................
9 r................................r................

Turn = 1000.
  01234567890123456789012345678901234567890123456789
0 .............................r.rr...............rr
1 ..................................................
2 ...........r......................................
3 ..r...............................................
4 r......r..........................................
5 .......r..............................r...........
6 r.............................................r...
7 r..............................r.....r............
8 ..................................................
9 ..................................................
0 r.......................r..r......................
1 r.................................................
2 r................r................................
3 ................................r................r
4 r.............................rr.............r..r.
5 ................................................rr
6 ..................................................
7 .......r.........................................r
8 ......................r...........................
9 ...r..............................................
0 ................................ttt...............
1 ................................ttt...............
2 ............r....................t..............r.
3 .............................r....................
4 r...........................................r.....
5 ..........................r.......................
6 ..................................................
7 ..............................rr..................
8 .....................................r............
9 ..................................................
0 .........r........................................
1 ..................rr.........r....................
2 .r........r...........r...........................
3 .............................r....................
4 r...................r.............................
5 .....................r............................
6 .........................r........................
7 ..................................................
8 r.................................................
9 ..................................................
0 ..................................................
1 ........................................r.........
2 r...........................r.....................
3 ..................................................
4 .............r.................................r.r
5 r.................................................
6 ..............................r...................
7 ..........................r.......................
8 .........r...........................r.r..........
9 ........rr...............r......r.................

Turn = 1500.
  01234567890123456789012345678901234567890123456789
0 r.....r..r...rr.......rr...r......................
1 ......r...........................................
2 r.................................................
3 ..................................................
4 ..................................................
5 ..r...............................................
6 ...........r......................................
7 ..............................r...................
8 ..................................................
9 r................r................................
0 ................r.................................
1 ......................r.r.r.......................
2 ..................................................
3 ..................................................
4 r.........r....r........r.........................
5 ...............r.....r............................
6 r.................................................
7 ..................................................
8 ..................................................
9 .......r..........................ttt.............
0 ..............r...................tttt............
1 ...............................tt.tt.............r
2 ...............................tttt...............
3 .................................tttt............r
4 ................r................tttt.............
5 ..................................tt..............
6 .........................r........................
7 ..................................................
8 ..................................................
9 ..................................................
0 ..................................................
1 ........................r.........................
2 .r...........................r...................r
3 .r................................................
4 r.......r.........................................
5 .............................r....................
6 .............................r....................
7 ..................................................
8 ............................r.....................
9 ..................................................
0 ...................................r..............
1 .............r.r..................................
2 ........r...r.....................................
3 ..................................................
4 r.................................................
5 ..................................................
6 ..................................................
7 ......................r...........................
8 ............................................r.....
9 .rr...rr....................................r.....

*** Darwin 9x9 ***
Turn = 0.
  012345678
0 h.h.f..t.
1 .f.hfh...
2 .t....rrt
3 ..r...hh.
4 ..htr..h.
5 tffrh.h..
6 r.f..rrrt
7 ..hf...f.
8 th.tt..tf

Turn = 25.
  012345678
0 ...rr..rr
1 .t...rr..
2 .tt......
3 ttt......
4 t.ttt..t.
5 tttt...tt
6 .t....ttt
7 tt.tt.tt.
8 t..tttttt

Turn = 50.
  012345678
0 ttt......
1 .t.......
2 .tt......
3 ttt......
4 t.ttttttt
5 tttt...tt
6 .t....ttt
7 tt.tt.tt.
8 t..tttttt

Turn = 75.
  012345678
0 ttt......
1 .t.......
2 .tt......
3 ttt......
4 t.ttttttt
5 tttt...tt
6 .t....ttt
7 tt.tt.tt.
8 t..tttttt

Turn = 100.
  012345678
0 ttt......
1 .t.......
2 .tt......
3 ttt......
4 t.ttttttt
5 tttt...tt
6 .t....ttt
7 tt.tt.tt.
8 t..tttttt

*** Darwin 19x19 ***
Turn = 0.
  0123456789012345678
0 h..r....f.f.rt.....
1 ...hr....hrtt..th..
2 ...h...t......rf...
3 hh.t....f....h..r..
4 .....r.r.trh...t...
5 ........ffh......h.
6 ....t..r...........
7 ........r.......h..
8 .h.......r..tfh....
9 ..t..h...f....r.r..
0 .ft.rf....hh.......
1 t...h...f....r.f..r
2 ..t...t.rrt.r......
3 ..t..f.........rh..
4 ....f.r....h.rf.rff
5 .fh....f........ft.
6 .......tt.........f
7 .r....t.f.......f.r
8 ..rr.t..fh..hfr..f.

Turn = 100.
  0123456789012345678
0 rrr...r..r......t..
1 r....r.r.r....ttt..
2 ...rr..r...r...ttt.
3 rrr..trr.r....r.ttt
4 ....rrrrttt....rttt
5 .rrr..rtttttt.r.ttt
6 rr.r..tt.tt......tt
7 .....ttt..r........
8 r....tt...........r
9 r............r...r.
0 r.r.r............r.
1 ........r...r...r..
2 .................r.
3 r.................r
4 r..................
5 .r..r..............
6 .........r.........
7 .r.....r..r..r.....
8 r.rr....rr......r..


