*** Darwin 8x8 ***
Turn = 0.
  01234567
0 f.......
1 ........
2 ........
3 ...hh...
4 ...hh...
5 ........
6 ........
7 .......f

Turn = 1.
  01234567
0 f.......
1 ........
2 ...h....
3 .....h..
4 ..h.....
5 ....h...
6 ........
7 .......f

Turn = 2.
  01234567
0 f.......
1 ...h....
2 ........
3 ......h.
4 .h......
5 ........
6 ....h...
7 .......f

Turn = 3.
  01234567
0 f..h....
1 ........
2 ........
3 .......h
4 h.......
5 ........
6 ........
7 ....h..f

Turn = 4.
  01234567
0 f..h....
1 ........
2 ........
3 .......h
4 h.......
5 ........
6 ........
7 ....h..f

Turn = 5.
  01234567
0 f..h....
1 ........
2 ........
3 .......h
4 h.......
5 ........
6 ........
7 ....h..f

*** Darwin 7x9 ***
Turn = 0.
  012345678
0 t........
1 .........
2 .........
3 ..h......
4 .........
5 ....r....
6 ........t

Turn = 1.
  012345678
0 t........
1 .........
2 .........
3 ...h.....
4 ....r....
5 .........
6 ........t

Turn = 2.
  012345678
0 t........
1 .........
2 .........
3 ....r....
4 ....r....
5 .........
6 ........t

Turn = 3.
  012345678
0 t........
1 .........
2 .........
3 ....rr...
4 .........
5 .........
6 ........t

Turn = 4.
  012345678
0 t........
1 .........
2 ....r....
3 ......r..
4 .........
5 .........
6 ........t

Turn = 5.
  012345678
0 t........
1 ....r....
2 .........
3 .......r.
4 .........
5 .........
6 ........t

*** Darwin 6x10 ***
Turn = 0.
  0123456789
0 t.........
1 ..........
2 ...r......
3 ..r.......
4 ...h......
5 ...t......

Turn = 5.
  0123456789
0 t..r......
1 ..........
2 ........r.
3 ..........
4 ...t......
5 ...t......

Turn = 10.
  0123456789
0 t.......rr
1 ..........
2 ..........
3 ..........
4 ...t......
5 ...t......

*** Darwin 4x46 ***
Turn = 0.
  0123456789012345678901234567890123456789012345
0 ..t.............r....r.....f...t..........h...
1 ...r......f.......t...ht.h....r....r...f....f.
2 ...............f.h...t.......t...hr...f.......
3 ....f.......f......r...h.r....................

Turn = 12.
  0123456789012345678901234567890123456789012345
0 ..ttr..................rr.....r.r.....r.r.....
1 ..........f.......tt...tt........r..........f.
2 ...............f....tt.......t........f.......
3 ....f.......f..........h.....t..r.......r.h...

Turn = 24.
  0123456789012345678901234567890123456789012345
0 ..ttt..................tt................r.rrr
1 ..........f.......tt...t............r......rr.
2 ...............f....tt.......tt.......f......r
3 ....f.......f..........h.....t..............r.

Turn = 36.
  0123456789012345678901234567890123456789012345
0 ..ttt..................tt............rr..r.r..
1 ..........f.......tt...t......................
2 ...............f....tt.......tt.......f......r
3 ....f.......f..........h.....t..r...r...r....r

Turn = 48.
  0123456789012345678901234567890123456789012345
0 ..ttt..................ttrr..r.rr...r.r.......
1 ..........f.......tt...t......................
2 ...............f....tt.......t......r.f.......
3 ....f.......f..........h.....tt.....r.........

Turn = 60.
  0123456789012345678901234567890123456789012345
0 ..ttt..................t..r...................
1 ..........f.......tt...t.....rr..............r
2 ...............f....tt..r...r.................
3 ....f.......f.........r.r.rrr.r.r...........rr

*** Darwin 10x37 ***
Turn = 0.
  0123456789012345678901234567890123456
0 .....................................
1 .............................t.......
2 .........f...........r...............
3 .....................................
4 ...........f.........f.............h.
5 .....................................
6 .....................................
7 .............r.......................
8 .....................................
9 .....................................

Turn = 25.
  0123456789012345678901234567890123456
0 .....................................
1 .............................t.......
2 .........f...........................
3 .....................................
4 ...........f.........fh.............r
5 .....................................
6 .....................................
7 .....................................
8 ....................................r
9 .....................................

Turn = 50.
  0123456789012345678901234567890123456
0 .....................................
1 .............................t.......
2 .........f...........................
3 .....................................
4 ...........f.........fh..............
5 .....................................
6 .....................................
7 ....................................r
8 .....................................
9 .............r.......................

Turn = 75.
  0123456789012345678901234567890123456
0 .....................................
1 .............................t.......
2 .........f...........................
3 .....................................
4 ...........f.........fh..............
5 .....................................
6 .....................................
7 .....................................
8 .....................................
9 ..........r.......r..................

Turn = 100.
  0123456789012345678901234567890123456
0 ........................r............
1 .............................t.......
2 .........f...........................
3 .....................................
4 ...........f.........fh..............
5 .....................................
6 .....................................
7 .....................................
8 .....................................
9 ...................................r.

*** Darwin 16x10 ***
Turn = 0.
  0123456789
0 .tf.r..f.f
1 .....f....
2 h.t.......
3 ...tf.....
4 ..r..t....
5 ...t.f....
6 th....f.f.
7 ..t.......
8 .....h.h..
9 .r...h....
0 ..........
1 ..t...t.tt
2 t....t....
3 f.rh....f.
4 ..........
5 r..r....rt

Turn = 10.
  0123456789
0 .ttt...f.f
1 .....f....
2 .tt.......
3 ...tt.....
4 .....r....
5 ...t.r....
6 t...r.t.f.
7 t...r.....
8 t.........
9 .........h
0 ..........
1 .tt...tttt
2 t....t....
3 tr........
4 t........t
5 t..h....tt

Turn = 20.
  0123456789
0 .ttt...f.f
1 .....f....
2 .tt.......
3 ...tt.....
4 ....t.....
5 ....t.....
6 t.....t.f.
7 t.........
8 tt........
9 .........h
0 ..........
1 .ttt..tttt
2 tt...t....
3 t.........
4 t........t
5 t..h.r..tt

Turn = 30.
  0123456789
0 .ttt...f.f
1 .....f....
2 .tt.......
3 ...tt.....
4 ....t.....
5 ....t.....
6 t.....t.f.
7 t.........
8 tt........
9 .........h
0 ..........
1 .ttt..tttt
2 tt...t....
3 t.........
4 t........r
5 t..rr...rr

Turn = 40.
  0123456789
0 .ttt...f.f
1 .....f....
2 .tt.......
3 ...tt.....
4 ....t.....
5 ....t.....
6 t.....t.f.
7 t.........
8 tt........
9 .........h
0 ..........
1 .ttt..tttt
2 ttt..t....
3 tt........
4 rr........
5 rrr.......

Turn = 50.
  0123456789
0 .ttt...f.f
1 .....f....
2 .tt.......
3 ...tt.....
4 ....t.....
5 ....t.....
6 t.....t.f.
7 t.........
8 tt........
9 .........h
0 ..........
1 .ttt..tttt
2 ttt..t....
3 ttt.......
4 t.......r.
5 t......r..

*** Darwin 4x15 ***
Turn = 0.
  012345678901234
0 ........h..r..f
1 ...f.....r...h.
2 ..hf.....f.....
3 .hh..ft.....h.r

Turn = 25.
  012345678901234
0 r.rr..........r
1 .....rr........
2 ..r.r....f.....
3 rr..trr......r.

Turn = 50.
  012345678901234
0 rr..r..rrr...r.
1 .......r..r....
2 ....r..........
3 ..rr.r.r..r....

Turn = 75.
  012345678901234
0 rr.......r.r.r.
1 .r............r
2 .r......rr..r..
3 ..r.....r.r..r.

Turn = 100.
  012345678901234
0 ..r.r...rr..r..
1 r..r.....r.....
2 r........r.....
3 ....rrr......rr

*** Darwin 24x45 ***
Turn = 0.
  012345678901234567890123456789012345678901234
0 .............................................
1 ...........................f.................
2 .............................................
3 .....................................r.......
4 .............h............t..................
5 ......................t......................
6 .............................................
7 .........................t...................
8 ....................h........................
9 .....h....t..................................
0 .............................................
1 .............................................
2 ..........r...r..............................
3 .h............................r..............
4 .............................................
5 ....................f........................
6 ............................t................
7 ..h.......................................h..
8 .............................................
9 .............................................
0 .....................t.......................
1 .............................................
2 ..r..........................................
3 .............................................

Turn = 12.
  012345678901234567890123456789012345678901234
0 .............h...............................
1 .h.........................f.................
2 .............................................
3 .........................r...................
4 ..........................t..................
5 ......................t...................h..
6 .............................................
7 .........................t...................
8 .............................................
9 ..........t..................................
0 .............................................
1 r............................................
2 .............................................
3 ..................r..........................
4 ....................h........................
5 ....................f........................
6 ............................t................
7 .............................................
8 .............................................
9 .............................................
0 .....................t.......................
1 .....h.......................................
2 ..............r..............................
3 ..h...........r..............................

Turn = 24.
  012345678901234567890123456789012345678901234
0 rh...........h............................h..
1 ...........................f.................
2 .............................................
3 .............r...............................
4 ..........................t..................
5 ......................t......................
6 .............................................
7 .........................t...................
8 .............................................
9 ..........t..................................
0 .............................................
1 .............................................
2 .............................................
3 ......r......................................
4 ....................h........................
5 ....................f........................
6 ............................t................
7 .............................................
8 .............................................
9 .............................................
0 .....................t.......................
1 .............................................
2 ..........................r..................
3 ..h..h....................r..................

Turn = 36.
  012345678901234567890123456789012345678901234
0 ............rh............................h..
1 ...........................f.................
2 .............................................
3 .r...........................................
4 ..........................t..................
5 ......................t......................
6 .............................................
7 .........................t...................
8 .............................................
9 r.........t..................................
0 r............................................
1 .............................................
2 .............................................
3 .............................................
4 ....................h........................
5 ....................f........................
6 ............................t................
7 .............................................
8 .............................................
9 .............................................
0 .....................t.......................
1 .............................................
2 ......................................r......
3 ..h..h................................r......

Turn = 48.
  012345678901234567890123456789012345678901234
0 .r..rr..................r.................h..
1 ...........................f.................
2 .............................................
3 .............................................
4 ..........................t..................
5 ......................t......................
6 .............................................
7 .........................t...................
8 .............................................
9 .............................................
0 .........r...................................
1 ..........r..................................
2 .............................................
3 .............................................
4 ....................h........................
5 ....................f........................
6 ............................t................
7 .............................................
8 .............................................
9 ............................................r
0 .....................t.......................
1 .............................................
2 .............................................
3 ..h..h..................................r....

Turn = 60.
  012345678901234567890123456789012345678901234
0 .........r..........................r.....h..
1 ...........................f.................
2 .............................................
3 .............................................
4 ...r......................t..................
5 ......................t......................
6 ..r..........................................
7 .........................t..................r
8 .............................................
9 .............................................
0 .............................................
1 .............................................
2 .............................................
3 .............................................
4 ....................h........................
5 ....................f........................
6 ............................t................
7 .............................................
8 .............................................
9 .............................................
0 .....................t.......................
1 .............................................
2 .........r...................................
3 ..h..h....r.................r................

*** Darwin 26x12 ***
Turn = 0.
  012345678901
0 ....r.......
1 ............
2 ..r......h..
3 ....h.......
4 ......t.....
5 ............
6 .....h....r.
7 .........t..
8 ............
9 ............
0 h..ft.f.....
1 ............
2 ............
3 .r..........
4 r...........
5 ...f........
6 ..........t.
7 ...h........
8 ...h........
9 ............
0 .t.....h....
1 ............
2 .......h....
3 ..f.........
4 ...h........
5 ....h.....h.

Turn = 5.
  012345678901
0 .....r..rh..
1 ............
2 .....hr.....
3 ............
4 ......t.....
5 ............
6 .........t..
7 .........t..
8 ............
9 ............
0 ..htt.f.....
1 ............
2 ............
3 ............
4 ............
5 ...f........
6 ..........t.
7 ............
8 rr..........
9 ............
0 .t.h......h.
1 ...h........
2 ...h........
3 ..fh........
4 ............
5 ...hh.......

Turn = 10.
  012345678901
0 .....h..r..r
1 ............
2 ...........r
3 ........r...
4 ......t.....
5 ............
6 .........t..
7 .........t..
8 ............
9 ............
0 ..ttt.f.....
1 ............
2 ............
3 ............
4 ............
5 ...f........
6 ..........t.
7 ..........t.
8 ............
9 ...r........
0 .r..........
1 rr..........
2 r...........
3 ..fh........
4 ...h........
5 ...hh.......

Turn = 15.
  012345678901
0 .....h....rr
1 ...........r
2 ............
3 ............
4 ......t.....
5 ............
6 .........t..
7 .........t..
8 ........r...
9 ............
0 ..ttt.f.....
1 ............
2 ............
3 ............
4 ............
5 ...f........
6 ..........t.
7 r.........t.
8 ............
9 ........r...
0 r...........
1 ...r........
2 ............
3 ..fh........
4 ...h........
5 .r.hh.......

Turn = 20.
  012345678901
0 .....h.....r
1 ............
2 ............
3 ...........r
4 ......t.....
5 ...........r
6 .........t..
7 .........t..
8 ............
9 ............
0 ..ttt.f.....
1 ............
2 r...........
3 ........r...
4 ............
5 r..f........
6 ..........t.
7 ..........t.
8 ............
9 ............
0 ...........r
1 ........r...
2 r...........
3 ..fh........
4 ...h........
5 ...hh.......

Turn = 25.
  012345678901
0 .....h...r..
1 ............
2 ............
3 ............
4 ......t.....
5 ............
6 .........t..
7 r........t..
8 ...........r
9 ............
0 r.ttt.f....r
1 ............
2 ............
3 ............
4 ............
5 ...f........
6 ..........t.
7 r.........t.
8 ........r...
9 ............
0 ............
1 ............
2 ...........r
3 ..fh........
4 ...h........
5 ...hh......r

Turn = 30.
  012345678901
0 .....rr.....
1 ............
2 r...........
3 ............
4 ......t.....
5 r...........
6 .........t..
7 .........t..
8 ............
9 ............
0 ..ttt.f.....
1 ............
2 r...........
3 ...........r
4 ............
5 ...f.......r
6 ..........t.
7 ..........t.
8 ............
9 ............
0 ............
1 ............
2 ............
3 ..fh....r..r
4 ...h........
5 ...hh....r..

*** Darwin 16x45 ***
Turn = 0.
  012345678901234567890123456789012345678901234
0 .............................................
1 ......................t......................
2 ..............t........................h.....
3 ........h.................h..................
4 ..........h..................................
5 ................h............................
6 .............................................
7 .................f...........................
8 ...............h.............................
9 .............................................
0 .............................................
1 .............................................
2 .............................................
3 .............................................
4 ................................t............
5 .............................................

Turn = 10.
  012345678901234567890123456789012345678901234
0 ..........h.....h.........h............h.....
1 ......................t......................
2 ..............t..............................
3 .................h...........................
4 .............................................
5 .............................................
6 .............................................
7 .................f...........................
8 .....h.......................................
9 .............................................
0 .............................................
1 .............................................
2 .............................................
3 .............................................
4 ................................t............
5 .............................................

Turn = 20.
  012345678901234567890123456789012345678901234
0 ..........h.....h.........h............h.....
1 ......................t......................
2 ..............t..............................
3 ...........................h.................
4 .............................................
5 .............................................
6 .............................................
7 .................f...........................
8 h............................................
9 .............................................
0 .............................................
1 .............................................
2 .............................................
3 .............................................
4 ................................t............
5 .............................................

Turn = 30.
  012345678901234567890123456789012345678901234
0 ..........h.....h.........h............h.....
1 ......................t......................
2 ..............t..............................
3 .....................................h.......
4 .............................................
5 .............................................
6 .............................................
7 .................f...........................
8 h............................................
9 .............................................
0 .............................................
1 .............................................
2 .............................................
3 .............................................
4 ................................t............
5 .............................................

Turn = 40.
  012345678901234567890123456789012345678901234
0 ..........h.....h.........h............h.....
1 ......................t......................
2 ..............t..............................
3 ............................................h
4 .............................................
5 .............................................
6 .............................................
7 .................f...........................
8 h............................................
9 .............................................
0 .............................................
1 .............................................
2 .............................................
3 .............................................
4 ................................t............
5 .............................................

Turn = 50.
  012345678901234567890123456789012345678901234
0 ..........h.....h.........h............h.....
1 ......................t......................
2 ..............t..............................
3 ............................................h
4 .............................................
5 .............................................
6 .............................................
7 .................f...........................
8 h............................................
9 .............................................
0 .............................................
1 .............................................
2 .............................................
3 .............................................
4 ................................t............
5 .............................................

*** Darwin 29x50 ***
Turn = 0.
  01234567890123456789012345678901234567890123456789
0 ..................................................
1 ..................................................
2 ............................t.....................
3 ..................................t...............
4 ..................................................
5 ...r..............................................
6 ..................................................
7 ..................................................
8 ..................................................
9 ..................................................
0 ..................................................
1 ..................................................
2 ..................................................
3 ..................................................
4 ..................................................
5 ..................................................
6 ..................................................
7 ..................................................
8 ..................................................
9 ...........................f..................t...
0 ..................................................
1 ..................................................
2 ..................................................
3 ......................................t...........
4 ..........................................t.......
5 ...............r..................................
6 ..................................................
7 ................................r.................
8 ..................................................

Turn = 5.
  01234567890123456789012345678901234567890123456789
0 ..................................................
1 ..................................................
2 ............................t.....................
3 ..................................t...............
4 r.................................................
5 ..................................................
6 ..................................................
7 ..................................................
8 ..................................................
9 ..................................................
0 ..................................................
1 ..................................................
2 ..................................................
3 ..................................................
4 ..................................................
5 ..................................................
6 ..................................................
7 ..................................................
8 ..................................................
9 ...........................f..................t...
0 ..................................................
1 ..................................................
2 ..................................................
3 ......................................t...........
4 ..........................................t.......
5 ..........r.......................................
6 ..................................................
7 ...........................r......................
8 ..................................................

Turn = 10.
  01234567890123456789012345678901234567890123456789
0 r.................................................
1 ..................................................
2 ............................t.....................
3 ..................................t...............
4 ..................................................
5 ..................................................
6 ..................................................
7 ..................................................
8 ..................................................
9 ..................................................
0 ..................................................
1 ..................................................
2 ..................................................
3 ..................................................
4 ..................................................
5 ..................................................
6 ..................................................
7 ..................................................
8 ..................................................
9 ...........................f..................t...
0 ..................................................
1 ..................................................
2 ..................................................
3 ......................................t...........
4 ..........................................t.......
5 .....r............................................
6 ..................................................
7 ......................r...........................
8 ..................................................

Turn = 15.
  01234567890123456789012345678901234567890123456789
0 ...r..............................................
1 ..................................................
2 ............................t.....................
3 ..................................t...............
4 ..................................................
5 ..................................................
6 ..................................................
7 ..................................................
8 ..................................................
9 ..................................................
0 ..................................................
1 ..................................................
2 ..................................................
3 ..................................................
4 ..................................................
5 ..................................................
6 ..................................................
7 ..................................................
8 ..................................................
9 ...........................f..................t...
0 ..................................................
1 ..................................................
2 ..................................................
3 ......................................t...........
4 ..........................................t.......
5 r.................................................
6 ..................................................
7 .................r................................
8 ..................................................

Turn = 20.
  01234567890123456789012345678901234567890123456789
0 ........r.........................................
1 ..................................................
2 ............................t.....................
3 ..................................t...............
4 ..................................................
5 ..................................................
6 ..................................................
7 ..................................................
8 ..................................................
9 ..................................................
0 ..................................................
1 ..................................................
2 ..................................................
3 ..................................................
4 ..................................................
5 ..................................................
6 ..................................................
7 ..................................................
8 ..................................................
9 ...........................f..................t...
0 ..................................................
1 r.................................................
2 ..................................................
3 ......................................t...........
4 ..........................................t.......
5 ..................................................
6 ..................................................
7 ............r.....................................
8 ..................................................

Turn = 25.
  01234567890123456789012345678901234567890123456789
0 .............r....................................
1 ..................................................
2 ............................t.....................
3 ..................................t...............
4 ..................................................
5 ..................................................
6 ..................................................
7 ..................................................
8 ..................................................
9 ..................................................
0 ..................................................
1 ..................................................
2 ..................................................
3 ..................................................
4 ..................................................
5 ..................................................
6 r.................................................
7 ..................................................
8 ..................................................
9 ...........................f..................t...
0 ..................................................
1 ..................................................
2 ..................................................
3 ......................................t...........
4 ..........................................t.......
5 ..................................................
6 ..................................................
7 .......r..........................................
8 ..................................................

Turn = 30.
  01234567890123456789012345678901234567890123456789
0 ..................r...............................
1 ..................................................
2 ............................t.....................
3 ..................................t...............
4 ..................................................
5 ..................................................
6 ..................................................
7 ..................................................
8 ..................................................
9 ..................................................
0 ..................................................
1 r.................................................
2 ..................................................
3 ..................................................
4 ..................................................
5 ..................................................
6 ..................................................
7 ..................................................
8 ..................................................
9 ...........................f..................t...
0 ..................................................
1 ..................................................
2 ..................................................
3 ......................................t...........
4 ..........................................t.......
5 ..................................................
6 ..................................................
7 ..r...............................................
8 ..................................................

*** Darwin 17x46 ***
Turn = 0.
  0123456789012345678901234567890123456789012345
0 ..............................................
1 ..............................................
2 ..............................r...f...........
3 .............................t.............t..
4 ..................................f...........
5 ....................................t.........
6 ...f............h..t..........................
7 .....................r........................
8 ....f.........................................
9 ...................f................f.........
0 ...................h......................f...
1 ....................t.........................
2 .....................................r........
3 .....r........................................
4 ..............................................
5 .........................r.h..................
6 ..................t......................r...t

Turn = 12.
  0123456789012345678901234567890123456789012345
0 ..............................................
1 .......................r......................
2 ........................r.........f...........
3 .............................t.............t..
4 ..................................f...........
5 ...........................r........t.........
6 ...f...............t..........................
7 r.............................................
8 ....f.........................................
9 ...................f................f........r
0 ..............................h...........f...
1 ....................t.........................
2 ..............................................
3 ..............................................
4 ..............................................
5 ..............................................
6 ................h.tr.........r...............t

Turn = 24.
  0123456789012345678901234567890123456789012345
0 .................................r............
1 .............................................r
2 ..................................f...........
3 r............................t.............t..
4 ..................................f...........
5 ....................................t.........
6 ...f...............t..........................
7 ..............................................
8 ....f.........................................
9 ...................f................f.........
0 .........................................hf...
1 ....................t.r.......................
2 ..............................................
3 .......................r......................
4 ........................r.....................
5 ....................r.........................
6 ..........r..........r.......................t

Turn = 36.
  0123456789012345678901234567890123456789012345
0 ......................r......................r
1 ..............................................
2 ..................................f...........
3 .............................t.............t..
4 ....................r.............f...........
5 ....................................t.........
6 ...f...............t..........................
7 ..............................................
8 ....f.........................................
9 ...................f................f.........
0 .........................................hf...
1 ............r.................................
2 ..............................................
3 .............................................r
4 ..............................................
5 r.............r...............................
6 r..............r...............r.............t

Turn = 48.
  0123456789012345678901234567890123456789012345
0 ...........................r......r...........
1 ..............................................
2 ..................................f...........
3 .............................t.............t..
4 ..................................f...........
5 r...................................t.........
6 ...f...............t..........................
7 ..............................................
8 ....f.........................................
9 ...................f................f.........
0 .........................................hf...
1 r.....rr.....................................r
2 ..............................................
3 ..............................................
4 ........................................r.....
5 .....................................r........
6 ...r....................................r.....

Turn = 60.
  0123456789012345678901234567890123456789012345
0 .....rrr...............................r.....r
1 ..............................................
2 ..................................f.....r.....
3 .............................t.............t..
4 ..................................f...........
5 ....................................t.........
6 ...f...............t..........................
7 ..............................................
8 ....f.........................................
9 ...................f................f.........
0 .........................................hf...
1 ..............................................
2 ..............................................
3 ..............................................
4 ..............................................
5 ......r..................r....................
6 .....r......................r..........r......

*** Darwin 31x31 ***
Turn = 0.
  0123456789012345678901234567890
0 ...............t...............
1 ...............................
2 ..............................f
3 .............f.................
4 ............f..................
5 .............t.............t...
6 ..r............................
7 ..t..t.........................
8 ....t.........f................
9 ......h.................f.r....
0 ...............................
1 ..........................t....
2 ....f..........................
3 ...............................
4 .........t.....................
5 ....h.t................r.......
6 ...............................
7 ................h..............
8 ..........f....................
9 ...........f...................
0 ...............................
1 ..........t........h.......r...
2 .h.....r.......................
3 ..............................h
4 ..h............................
5 ..........t...........h.......t
6 h...................t..........
7 .......................r.......
8 .f......................t......
9 ...............h.............t.
0 t..f..r........................

Turn = 1.
  0123456789012345678901234567890
0 ...............t...............
1 ...............................
2 ..............................f
3 .............f.................
4 ............f..................
5 ..r..........t.............t...
6 ...............................
7 ..t..t.........................
8 ....t.........f...........r....
9 ........................f......
0 ......h........................
1 ..........................t....
2 ....f..........................
3 ...............................
4 .........t.....................
5 ......t...............r........
6 ....h...........h..............
7 ...............................
8 ..........f....................
9 ...........f...................
0 ...............................
1 ..........t.........h.....r....
2 h.............................h
3 .......r.......................
4 ...............................
5 h.h.......t............h......t
6 ....................t..........
7 ........................t......
8 .f......................t......
9 ..............h..............t.
0 t..f..r........................

Turn = 2.
  0123456789012345678901234567890
0 ...............t...............
1 ...............................
2 ..............................f
3 .............f.................
4 ..r.........f..................
5 .............t.............t...
6 ...............................
7 ..t..t....................r....
8 ....t.........f................
9 ........................f......
0 ...............................
1 ......h...................t....
2 ....f..........................
3 ...............................
4 .........t.....................
5 ......t.........h....r.........
6 ...............................
7 ....h..........................
8 ..........f....................
9 ...........f...................
0 ...............................
1 ..........t..........h...r....h
2 h..............................
3 ...............................
4 h......r.......................
5 ..........t.............h.....t
6 ..h.................t..........
7 ........................t......
8 .f......................t......
9 .............h...............t.
0 t..f.r.........................

Turn = 3.
  0123456789012345678901234567890
0 ...............t...............
1 ...............................
2 ..............................f
3 ..r..........f.................
4 ............f..................
5 .............t.............t...
6 ..........................r....
7 ..t..t.........................
8 ....t.........f................
9 ........................f......
0 ...............................
1 ..........................t....
2 ....f.h........................
3 ...............................
4 .........t......h..............
5 ......t.............r..........
6 ...............................
7 ...............................
8 ....h.....f....................
9 ...........f...................
0 ..............................h
1 ..........t...........h.r......
2 h..............................
3 h..............................
4 ...............................
5 .......r..t..............h....t
6 ....................t..........
7 ..h.....................t......
8 .f......................t......
9 ............h................t.
0 t..fr..........................

Turn = 4.
  0123456789012345678901234567890
0 ...............t...............
1 ...............................
2 ..r...........................f
3 .............f.................
4 ............f..................
5 .............t............rt...
6 ...............................
7 ..t..t.........................
8 ....t.........f................
9 ........................f......
0 ...............................
1 ..........................t....
2 ....f..........................
3 ......h.........h..............
4 .........t.....................
5 ......t............r...........
6 ...............................
7 ...............................
8 ..........f....................
9 ....h......f..................h
0 ...............................
1 ..........t............rr......
2 h..............................
3 h..............................
4 ...............................
5 ..........t...............h...t
6 .......r............t..........
7 ........................t......
8 .fh.....................t......
9 ...........h.................t.
0 t..rr..........................

Turn = 5.
  0123456789012345678901234567890
0 ...............t...............
1 ..r............................
2 ..............................f
3 .............f.................
4 ............f.............r....
5 .............t.............t...
6 ...............................
7 ..t..t.........................
8 ....t.........f................
9 ........................f......
0 ...............................
1 ..........................t....
2 ....f...........h..............
3 ...............................
4 ......t..t.....................
5 ......t...........r............
6 ...............................
7 ...............................
8 ..........f...................h
9 ...........f...................
0 ....h..........................
1 ..........t............rr......
2 h..............................
3 h..............................
4 ...............................
5 ..........t................h..t
6 ....................t..........
7 .......r................t......
8 .f......................t......
9 ..h.......h..................t.
0 t..rr..........................

Turn = 6.
  0123456789012345678901234567890
0 ..r............t...............
1 ...............................
2 ..............................f
3 .............f............r....
4 ............f..................
5 .............t.............t...
6 ...............................
7 ..t..t.........................
8 ....t.........f................
9 ........................f......
0 ...............................
1 ................h.........t....
2 ....f..........................
3 ...............................
4 ......t..t.....................
5 ......t..........r.............
6 ...............................
7 ..............................h
8 ..........f....................
9 ...........f...................
0 .......................rr......
1 ....h.....t....................
2 h..............................
3 h..............................
4 ...............................
5 ..........t.................h.t
6 ....................t..........
7 ........................t......
8 .f.....r................t......
9 ....r....h...................t.
0 t.hr...........................

Turn = 7.
  0123456789012345678901234567890
0 ..r............t...............
1 ...............................
2 ..........................r...f
3 .............f.................
4 ............f..................
5 .............t.............t...
6 ...............................
7 ..t..t.........................
8 ....t.........f................
9 ........................f......
0 ................h..............
1 ..........................t....
2 ....f..........................
3 ...............................
4 ......t..t.....................
5 ......t.........r..............
6 ..............................h
7 ...............................
8 ..........f....................
9 ...........f...........rr......
0 ...............................
1 ..........t....................
2 h...h..........................
3 h..............................
4 ...............................
5 ..........t..................ht
6 ....................t..........
7 ........................t......
8 .f..r...................t......
9 .......rh....................t.
0 t.rr...........................

Turn = 8.
  0123456789012345678901234567890
0 .r.............t...............
1 ..........................r....
2 ..............................f
3 .............f.................
4 ............f..................
5 .............t.............t...
6 ...............................
7 ..t..t.........................
8 ....t.........f................
9 ................h.......f......
0 ...............................
1 ..........................t....
2 ....f..........................
3 ...............................
4 ......t..t.....................
5 ......t........r..............h
6 ...............................
7 ...............................
8 ..........f............rr......
9 ...........f...................
0 ...............................
1 ..........t....................
2 h..............................
3 h...h..........................
4 ...............................
5 ..........t..................ht
6 ....................t..........
7 ....r...................t......
8 .f......................t......
9 .......h.....................t.
0 t.rr...r.......................

Turn = 9.
  0123456789012345678901234567890
0 r..............t..........r....
1 ...............................
2 ..............................f
3 .............f.................
4 ............f..................
5 .............t.............t...
6 ...............................
7 ..t..t.........................
8 ....t.........f.h..............
9 ........................f......
0 ...............................
1 ..........................t....
2 ....f..........................
3 ...............................
4 ......t..t....................h
5 ......t.......r................
6 ...............................
7 .......................rr......
8 ..........f....................
9 ...........f...................
0 ...............................
1 ..........t....................
2 h..............................
3 h..............................
4 ....h..........................
5 ..........t..................tt
6 ....r...............t..........
7 ........................t......
8 .f......................t......
9 ...r..h......................t.
0 t.r....r.......................

Turn = 10.
  0123456789012345678901234567890
0 r..............t..........r....
1 ...............................
2 ..............................f
3 .............f.................
4 ............f..................
5 .............t.............t...
6 ...............................
7 ..t..t..........h..............
8 ....t.........f................
9 ........................f......
0 ...............................
1 ..........................t....
2 ....f..........................
3 ..............................h
4 ......t..t.....................
5 ......t......r.................
6 .......................rr......
7 ...............................
8 ..........f....................
9 ...........f...................
0 ...............................
1 ..........t....................
2 h..............................
3 h..............................
4 ...............................
5 ....r.....t..................tt
6 ....r...............t..........
7 ........................t......
8 .f.r....................t......
9 .....h.......................t.
0 t.r.....r......................

*** Darwin 36x33 ***
Turn = 0.
  012345678901234567890123456789012
0 .................................
1 .................................
2 ............................r....
3 .................................
4 .................................
5 .................................
6 .................................
7 .................................
8 .................................
9 .................................
0 .................................
1 .................................
2 .................................
3 .................................
4 ....f..............r.............
5 .................................
6 ..h................h.............
7 .................................
8 .................................
9 ..........................h......
0 .................................
1 .................................
2 .................................
3 .................................
4 .................................
5 ..........t......................
6 .................................
7 .................................
8 .................................
9 .................................
0 .................................
1 .................................
2 .................................
3 .................................
4 ......................t..........
5 .................................

Turn = 1.
  012345678901234567890123456789012
0 .................................
1 ............................r....
2 .................................
3 .................................
4 .................................
5 .................................
6 .................................
7 .................................
8 .................................
9 .................................
0 .................................
1 .................................
2 .................................
3 .................................
4 ....f.............r..............
5 ..h..............................
6 ....................h............
7 .................................
8 .................................
9 .........................h.......
0 .................................
1 .................................
2 .................................
3 .................................
4 .................................
5 ..........t......................
6 .................................
7 .................................
8 .................................
9 .................................
0 .................................
1 .................................
2 .................................
3 .................................
4 ......................t..........
5 .................................

Turn = 2.
  012345678901234567890123456789012
0 ............................r....
1 .................................
2 .................................
3 .................................
4 .................................
5 .................................
6 .................................
7 .................................
8 .................................
9 .................................
0 .................................
1 .................................
2 .................................
3 .................................
4 ..h.f............r...............
5 .................................
6 .....................h...........
7 .................................
8 .................................
9 ........................h........
0 .................................
1 .................................
2 .................................
3 .................................
4 .................................
5 ..........t......................
6 .................................
7 .................................
8 .................................
9 .................................
0 .................................
1 .................................
2 .................................
3 .................................
4 ......................t..........
5 .................................

Turn = 3.
  012345678901234567890123456789012
0 ............................r....
1 .................................
2 .................................
3 .................................
4 .................................
5 .................................
6 .................................
7 .................................
8 .................................
9 .................................
0 .................................
1 .................................
2 .................................
3 ..h..............................
4 ....f...........r................
5 .................................
6 ......................h..........
7 .................................
8 .................................
9 .......................h.........
0 .................................
1 .................................
2 .................................
3 .................................
4 .................................
5 ..........t......................
6 .................................
7 .................................
8 .................................
9 .................................
0 .................................
1 .................................
2 .................................
3 .................................
4 ......................t..........
5 .................................

Turn = 4.
  012345678901234567890123456789012
0 .............................r...
1 .................................
2 .................................
3 .................................
4 .................................
5 .................................
6 .................................
7 .................................
8 .................................
9 .................................
0 .................................
1 .................................
2 ..h..............................
3 .................................
4 ....f..........r.................
5 .................................
6 .......................h.........
7 .................................
8 .................................
9 ......................h..........
0 .................................
1 .................................
2 .................................
3 .................................
4 .................................
5 ..........t......................
6 .................................
7 .................................
8 .................................
9 .................................
0 .................................
1 .................................
2 .................................
3 .................................
4 ......................t..........
5 .................................

Turn = 5.
  012345678901234567890123456789012
0 ..............................r..
1 .................................
2 .................................
3 .................................
4 .................................
5 .................................
6 .................................
7 .................................
8 .................................
9 .................................
0 .................................
1 ..h..............................
2 .................................
3 .................................
4 ....f.........r..................
5 .................................
6 ........................h........
7 .................................
8 .................................
9 .....................h...........
0 .................................
1 .................................
2 .................................
3 .................................
4 .................................
5 ..........t......................
6 .................................
7 .................................
8 .................................
9 .................................
0 .................................
1 .................................
2 .................................
3 .................................
4 ......................t..........
5 .................................

Turn = 6.
  012345678901234567890123456789012
0 ...............................r.
1 .................................
2 .................................
3 .................................
4 .................................
5 .................................
6 .................................
7 .................................
8 .................................
9 .................................
0 ..h..............................
1 .................................
2 .................................
3 .................................
4 ....f........r...................
5 .................................
6 .........................h.......
7 .................................
8 .................................
9 ....................h............
0 .................................
1 .................................
2 .................................
3 .................................
4 .................................
5 ..........t......................
6 .................................
7 .................................
8 .................................
9 .................................
0 .................................
1 .................................
2 .................................
3 .................................
4 ......................t..........
5 .................................

Turn = 7.
  012345678901234567890123456789012
0 ................................r
1 .................................
2 .................................
3 .................................
4 .................................
5 .................................
6 .................................
7 .................................
8 .................................
9 ..h..............................
0 .................................
1 .................................
2 .................................
3 .................................
4 ....f.......r....................
5 .................................
6 ..........................h......
7 .................................
8 .................................
9 ...................h.............
0 .................................
1 .................................
2 .................................
3 .................................
4 .................................
5 ..........t......................
6 .................................
7 .................................
8 .................................
9 .................................
0 .................................
1 .................................
2 .................................
3 .................................
4 ......................t..........
5 .................................

Turn = 8.
  012345678901234567890123456789012
0 ................................r
1 .................................
2 .................................
3 .................................
4 .................................
5 .................................
6 .................................
7 .................................
8 ..h..............................
9 .................................
0 .................................
1 .................................
2 .................................
3 .................................
4 ....f......r.....................
5 .................................
6 ...........................h.....
7 .................................
8 .................................
9 ..................h..............
0 .................................
1 .................................
2 .................................
3 .................................
4 .................................
5 ..........t......................
6 .................................
7 .................................
8 .................................
9 .................................
0 .................................
1 .................................
2 .................................
3 .................................
4 ......................t..........
5 .................................

Turn = 9.
  012345678901234567890123456789012
0 ................................r
1 .................................
2 .................................
3 .................................
4 .................................
5 .................................
6 .................................
7 ..h..............................
8 .................................
9 .................................
0 .................................
1 .................................
2 .................................
3 .................................
4 ....f.....r......................
5 .................................
6 ............................h....
7 .................................
8 .................................
9 .................h...............
0 .................................
1 .................................
2 .................................
3 .................................
4 .................................
5 ..........t......................
6 .................................
7 .................................
8 .................................
9 .................................
0 .................................
1 .................................
2 .................................
3 .................................
4 ......................t..........
5 .................................

Turn = 10.
  012345678901234567890123456789012
0 ................................r
1 .................................
2 .................................
3 .................................
4 .................................
5 .................................
6 ..h..............................
7 .................................
8 .................................
9 .................................
0 .................................
1 .................................
2 .................................
3 .................................
4 ....f....r.......................
5 .................................
6 .............................h...
7 .................................
8 .................................
9 ................h................
0 .................................
1 .................................
2 .................................
3 .................................
4 .................................
5 ..........t......................
6 .................................
7 .................................
8 .................................
9 .................................
0 .................................
1 .................................
2 .................................
3 .................................
4 ......................t..........
5 .................................
