*** Darwin 8x8 ***
Turn = 0.
  01234567
0 f.......
1 ........
2 ........
3 ...hh...
4 ...hh...
5 ........
6 ........
7 .......f

Turn = 1.
  01234567
0 f.......
1 ........
2 ...h....
3 .....h..
4 ..h.....
5 ....h...
6 ........
7 .......f

Turn = 2.
  01234567
0 f.......
1 ...h....
2 ........
3 ......h.
4 .h......
5 ........
6 ....h...
7 .......f

Turn = 3.
  01234567
0 f..h....
1 ........
2 ........
3 .......h
4 h.......
5 ........
6 ........
7 ....h..f

Turn = 4.
  01234567
0 f..h....
1 ........
2 ........
3 .......h
4 h.......
5 ........
6 ........
7 ....h..f

Turn = 5.
  01234567
0 f..h....
1 ........
2 ........
3 .......h
4 h.......
5 ........
6 ........
7 ....h..f

*** Darwin 7x9 ***
Turn = 0.
  012345678
0 t........
1 .........
2 .........
3 ..h......
4 .........
5 ....r....
6 ........t

Turn = 1.
  012345678
0 t........
1 .........
2 .........
3 ...h.....
4 ....r....
5 .........
6 ........t

Turn = 2.
  012345678
0 t........
1 .........
2 .........
3 ....r....
4 ....r....
5 .........
6 ........t

Turn = 3.
  012345678
0 t........
1 .........
2 .........
3 ....rr...
4 .........
5 .........
6 ........t

Turn = 4.
  012345678
0 t........
1 .........
2 ....r....
3 ......r..
4 .........
5 .........
6 ........t

Turn = 5.
  012345678
0 t........
1 ....r....
2 .........
3 .......r.
4 .........
5 .........
6 ........t

*** Darwin 10x10 ***
Turn = 0.
  0123456789
0 ffffffffff
1 ffffffffff
2 ffffffffff
3 ffffffffff
4 ffffrfffff
5 ffffffffff
6 ffffffffff
7 ffffffffff
8 ffffffffff
9 ffffffffff

Turn = 2.
  0123456789
0 ffffffffff
1 ffffffffff
2 ffffffffff
3 ffffrrrfff
4 ffffrrrfff
5 ffffffffff
6 ffffffffff
7 ffffffffff
8 ffffffffff
9 ffffffffff

Turn = 4.
  0123456789
0 ffffffffff
1 ffffffffff
2 ffffrfrfff
3 ffffrrrfrf
4 ffffrrrrrf
5 ffffrrffff
6 ffffffffff
7 ffffffffff
8 ffffffffff
9 ffffffffff

Turn = 6.
  0123456789
0 ffffffffff
1 ffffffffff
2 ffffrrrrff
3 ffffrrrrrf
4 ffffrrrrrf
5 ffffrrfrff
6 ffffrrffff
7 ffffrrffff
8 ffffffffff
9 ffffffffff

Turn = 8.
  0123456789
0 ffffffffff
1 fffffrrrff
2 fffrrrrrrr
3 ffffrrrrrr
4 fffrrrrrrr
5 fffrrrrrrr
6 fffrrrrfrr
7 ffffrrrfff
8 ffffrrrfff
9 ffffffffff

Turn = 10.
  0123456789
0 ffffffrfrr
1 ffffrrrrrf
2 fffrrrrrrr
3 fffrrrrrrr
4 ffrrrrrrrr
5 fffrrrrrrr
6 frrrrrrfrr
7 fffrrrrrfr
8 ffffrrrrfr
9 ffffrffffr

Turn = 12.
  0123456789
0 ffffrrrfrr
1 ffrfrrrrrr
2 ffrrrrrrrr
3 ffrrrrrrrr
4 ffrrrrrrrr
5 frrrrrrrrr
6 frrrrrrrrr
7 ffrrrrrrrr
8 fffrrrrrrr
9 ffffrrrfrr

Turn = 14.
  0123456789
0 fffrrrrrrr
1 ffrrrrrrrr
2 frrrrrrrrr
3 ffrrrrrrrr
4 frrrrrrrrr
5 frrrrrrrrr
6 rrrrrrrrrr
7 ffrrrrrrrr
8 fffrrrrrrr
9 ffrrrrrrrr

Turn = 16.
  0123456789
0 frrrrrrrrr
1 ffrrrrrrrr
2 frrrrrrrrr
3 rrrrrrrrrr
4 frrrrrrrrr
5 rrrrrrrrrr
6 rrrrrrrrrr
7 frrrrrrrrr
8 frrrrrrrrr
9 frrrrrrrrr

Turn = 18.
  0123456789
0 frrrrrrrrr
1 ffrrrrrrrr
2 frrrrrrrrr
3 rrrrrrrrrr
4 rrrrrrrrrr
5 rrrrrrrrrr
6 rrrrrrrrrr
7 frrrrrrrrr
8 frrrrrrrrr
9 rrrrrrrrrr

Turn = 20.
  0123456789
0 frrrrrrrrr
1 rrrrrrrrrr
2 rrrrrrrrrr
3 rrrrrrrrrr
4 rrrrrrrrrr
5 rrrrrrrrrr
6 rrrrrrrrrr
7 rrrrrrrrrr
8 rrrrrrrrrr
9 rrrrrrrrrr

*** Darwin 8x8 ***
Turn = 0.
  01234567
0 rtrtrtrt
1 rtrtrtrt
2 rtrtrtrt
3 rtrtrtrt
4 rtrtrtrt
5 rtrtrtrt
6 rtrtrtrt
7 rtrtrtrt

Turn = 4.
  01234567
0 ttttrrrt
1 rrttrrrr
2 rrttrrrr
3 rrrrrtrt
4 rrrrrrtt
5 rrrrrrtt
6 rrrttttt
7 rrrttttt

Turn = 8.
  01234567
0 rrrrrrrr
1 rrrrrrrr
2 rrrrrrrr
3 rrrrrrtr
4 rrrrtrtt
5 rrrrrrtt
6 rrrrrrrt
7 rrrrrrrt

Turn = 12.
  01234567
0 rrrrrrrr
1 rrrrrrrr
2 rrrrrrtr
3 rrrrrrtt
4 rrrrrrtt
5 rrrrrrtr
6 rrrrrrrr
7 rrrrrrtt

Turn = 16.
  01234567
0 rrrrrrrr
1 rrrrrrrr
2 rrrrrrrr
3 rrrrrrtt
4 rrrrrrtt
5 rrrrrtrt
6 rrrrrtrt
7 rrrrrttt

Turn = 20.
  01234567
0 rrrrrrrr
1 rrrrrrrr
2 rrrrrrrr
3 rrrrrrtt
4 rrrrrrrt
5 rrrrrrtt
6 rrrrrrtt
7 rrrrrttt

Turn = 24.
  01234567
0 rrrrrrrr
1 rrrrrrrr
2 rrrrrrrr
3 rrrrrttr
4 rrrrrrrr
5 rrrrrrrr
6 rrrrrrrt
7 rrrrrrrt

Turn = 28.
  01234567
0 rrrrrrrr
1 rrrrrrrr
2 rrrrrrrr
3 rrrrrrrr
4 rrrrrrrr
5 rrrrrrrr
6 rrrrrrrr
7 rrrrrrrr

*** Darwin 10x10 ***
Turn = 0.
  0123456789
0 r..r...rrt
1 f.f.hr....
2 t.........
3 ..h...h...
4 .r.r.th...
5 ........t.
6 .f........
7 ..........
8 t..r..t...
9 r........t

Turn = 20.
  0123456789
0 r...r....r
1 t.rrrr....
2 t.........
3 ..........
4 .....tt..r
5 ........r.
6 ....r.....
7 r....r....
8 .rr....r..
9 r..r.rr...

Turn = 40.
  0123456789
0 rr.....rrr
1 .r........
2 t....r....
3 tr.r......
4 .....r....
5 ...r.r....
6 ...rr.....
7 r..r......
8 .r.......r
9 r...r....r

Turn = 60.
  0123456789
0 .rrrr..r.r
1 .rr.......
2 t....r....
3 tt........
4 t....r....
5 ........rr
6 ..r.......
7 .r........
8 .r.......r
9 .rr......r

Turn = 80.
  0123456789
0 t.rr.....r
1 t.r......r
2 t..r......
3 t.........
4 tt..r.....
5 ..........
6 .....r...r
7 ......r...
8 ..r.r..r..
9 rr....rr..

Turn = 100.
  0123456789
0 ttt......r
1 tt........
2 t....r....
3 t.........
4 tt....r...
5 t........r
6 .........r
7 ...r.....r
8 .r........
9 rr.r..r..r

*** Darwin 15x15 ***
Turn = 0.
  012345678901234
0 hr.......f.....
1 ..........h.t..
2 ......t...h.t..
3 ..hh....h......
4 .....r.........
5 ......r........
6 ...t...........
7 ...r.......h...
8 ...........h...
9 .f.t..f.fhf....
0 ...t......f....
1 ....rr.t..t.h..
2 ............th.
3 .............h.
4 .....ff......t.

Turn = 20.
  012345678901234
0 .....rr..f.....
1 r.....r.....t..
2 .r....r....tt..
3 r.r............
4 r..............
5 ..r............
6 ...............
7 ...tt..........
8 ......r.r.r.r..
9 r..ttr..r......
0 ...t...........
1 ............tr.
2 ............t..
3 ..r.......r...r
4 .r........rr..r

Turn = 40.
  012345678901234
0 .......r.......
1 ........rr..r.r
2 .....r........r
3 ...............
4 ...............
5 rr...rr..r....r
6 ............r.r
7 ..r.....r......
8 ..r.t..........
9 .r.tt..r.....r.
0 .r.......r...r.
1 ...........rtt.
2 ....r...r....tt
3 r..............
4 r..............

Turn = 60.
  012345678901234
0 r.rr.r..r..rr..
1 .r.......r.....
2 r..............
3 ...............
4 .......r.......
5 ......rr.......
6 r..............
7 ...........r...
8 ..r.tt.........
9 r.r...t........
0 r.....t......t.
1 rr...rr........
2 ......r........
3 ...r.........r.
4 rrr..........rr

Turn = 80.
  012345678901234
0 ...rrr.r.....r.
1 ..r..r...r.....
2 ...............
3 ......r........
4 .....r......r..
5 ............r..
6 r..............
7 ....r..........
8 ....trr........
9 .r..ttt.......r
0 ...r.tt......r.
1 r...r..........
2 .r...r...r.r...
3 .......r.r.....
4 ........r.....r

Turn = 100.
  012345678901234
0 .r.r.r.......rr
1 ...........r..r
2 .rr.........rrr
3 r...r......r.r.
4 ...............
5 .........r.....
6 ......t........
7 ......t........
8 ....ttt........
9 r...ttt........
0 r....ttt.......
1 .....t.t.......
2 ..............r
3 ...............
4 .r.......r.r...

*** Darwin 15x15 ***
Turn = 0.
  012345678901234
0 hr.......f.....
1 ............t..
2 ......t...h.t..
3 ..hh....h......
4 ...............
5 .....rr........
6 ...t...........
7 ...r.......h...
8 ...........h...
9 .f.t..f.fhf....
0 ...t....h.f....
1 .....r.t..t.h..
2 ....r.......th.
3 ..............h
4 .....ff......t.

Turn = 20.
  012345678901234
0 ......r.....t..
1 r..........rr..
2 .....tt....tt..
3 .....t.........
4 ...............
5 ...r...........
6 ...r...........
7 ..rrt...r......
8 .....r.r.......
9 r..tt..........
0 ...r......t....
1 ...rr.....t.t..
2 r..r.......ttt.
3 r..............
4 r........h...t.

Turn = 40.
  012345678901234
0 ........r...t..
1 ...........tt..
2 .....ttt...t...
3 ..rr.t.........
4 ...............
5 ...............
6 ........r.r.r..
7 ...ttt....r....
8 ..............r
9 r..tt........r.
0 r..t.......rrr.
1 r........r.....
2 .............r.
3 ...............
4 ........rrrr..r

Turn = 60.
  012345678901234
0 r.......r.t..r.
1 ..........tttr.
2 r....ttt...tt..
3 r....ttt...t...
4 .r.............
5 .......r.......
6 .......r.......
7 .......r.......
8 ...tt..........
9 ...ttt........r
0 ...tt..........
1 .........r.....
2 ............r..
3 ..............r
4 r.........r....

Turn = 80.
  012345678901234
0 .....r....r.r.r
1 ..........ttttr
2 .....ttt...tt..
3 ...r.ttt...t...
4 ...........t...
5 ...r...........
6 ...............
7 r..............
8 .....t.........
9 r.rttt.........
0 r..tt..........
1 r..............
2 ..............r
3 ...............
4 r..r...r.......

Turn = 100.
  012345678901234
0 .rr..r.r.r.r...
1 ........r..rr..
2 .....rr.r...rrr
3 rr...ttt...t..r
4 ...........t...
5 ........r......
6 ............r..
7 ...............
8 .....t.......rr
9 ..tttt.......r.
0 ...tt..........
1 ...............
2 ...............
3 ...............
4 ..............r

