*** Darwin 10x10 ***
Turn = 0.
  0123456789
0 .r........
1 .f........
2 ..........
3 ...r......
4 ..........
5 .....t....
6 ..........
7 ..........
8 ..........
9 .........r

Turn = 10.
  0123456789
0 ..........
1 .f........
2 ..........
3 ..........
4 ..........
5 .....t....
6 .........r
7 ..........
8 r.........
9 r.........

Turn = 20.
  0123456789
0 r.........
1 .f........
2 ..........
3 ..........
4 ..........
5 .....t....
6 ..........
7 ..........
8 r.........
9 ...r......

Turn = 30.
  0123456789
0 r.........
1 .f........
2 ..........
3 ..........
4 ..........
5 .....t....
6 ..........
7 ..........
8 r.........
9 .....r....

Turn = 40.
  0123456789
0 .........r
1 .f........
2 ..........
3 ..........
4 .........r
5 .....t....
6 ..........
7 ..........
8 ..........
9 ........r.

Turn = 50.
  0123456789
0 ..........
1 .f.r......
2 ..........
3 .........r
4 ..........
5 .....t....
6 ..........
7 ..........
8 ..........
9 ..r.......

Turn = 60.
  0123456789
0 ..........
1 ..........
2 ..........
3 ..........
4 r.........
5 r....t....
6 ..........
7 ..........
8 ..........
9 .r....r...

Turn = 70.
  0123456789
0 r....r....
1 ..........
2 ....r.....
3 ...r......
4 ..........
5 .........r
6 ..........
7 ..........
8 ..........
9 ..........

Turn = 80.
  0123456789
0 .r.......r
1 ..........
2 ..........
3 .r........
4 ..........
5 ..........
6 ..........
7 ..........
8 r.........
9 .......r..

Turn = 90.
  0123456789
0 ..........
1 .........r
2 ..........
3 ..........
4 ..........
5 ..........
6 ..........
7 ..........
8 ..........
9 r...r..r.r

Turn = 100.
  0123456789
0 ..........
1 ........r.
2 ..........
3 .........r
4 ..........
5 ..........
6 .....r....
7 .........r
8 ..........
9 ........r.

*** Darwin 10x10 ***
Turn = 0.
  0123456789
0 .r........
1 .h........
2 ..........
3 ...r......
4 ..........
5 .....h....
6 ..........
7 ..........
8 ..........
9 .........r

Turn = 10.
  0123456789
0 .....h....
1 ..........
2 ..........
3 ..........
4 ..........
5 ..........
6 .........r
7 ..........
8 r.........
9 .rr.......

Turn = 20.
  0123456789
0 .rr..h....
1 ..........
2 ..........
3 ..........
4 ..........
5 ..........
6 ..........
7 ..........
8 ......rr..
9 ..........

Turn = 30.
  0123456789
0 .....hrr..
1 ..........
2 ..........
3 ..........
4 ..........
5 r.........
6 ..........
7 ..r.......
8 ..........
9 ..........

Turn = 40.
  0123456789
0 r........r
1 ..........
2 ..........
3 ..........
4 ..........
5 r.........
6 ..........
7 ..........
8 ..........
9 ......r..r

Turn = 50.
  0123456789
0 r.........
1 ..........
2 .......r..
3 .......r..
4 ..........
5 ..........
6 ..........
7 ..........
8 r.........
9 .r........

Turn = 60.
  0123456789
0 .r.......r
1 ..........
2 ...r......
3 ...r......
4 ..........
5 ..........
6 ..........
7 ..........
8 ..........
9 .......r..

Turn = 70.
  0123456789
0 .r.....r..
1 ..........
2 ........rr
3 ..........
4 ..........
5 ..........
6 ..........
7 ..........
8 ..........
9 r.........

Turn = 80.
  0123456789
0 r.........
1 ..........
2 ..........
3 ..........
4 ..........
5 ..........
6 ....r....r
7 ..........
8 ..........
9 .......r.r

Turn = 90.
  0123456789
0 .........r
1 ..........
2 ..........
3 ..........
4 ....r.....
5 ..........
6 ..........
7 ........rr
8 ..........
9 r.........

Turn = 100.
  0123456789
0 rr....r..r
1 ..........
2 ..........
3 ..........
4 ..........
5 ..........
6 ..........
7 ..........
8 ..........
9 .........r

*** Darwin 10x10 ***
Turn = 0.
  0123456789
0 rr........
1 .h........
2 ..........
3 ...r......
4 ..........
5 ..........
6 ..........
7 ..........
8 ..........
9 ..........

Turn = 10.
  0123456789
0 .....r....
1 ..........
2 ..........
3 ..........
4 ..........
5 ..........
6 .........r
7 ..........
8 ..........
9 rh........

Turn = 20.
  0123456789
0 .....r....
1 ..........
2 ..........
3 ..........
4 ..........
5 ..........
6 ..........
7 ..........
8 ..........
9 .r.rr.....

Turn = 30.
  0123456789
0 ....r.....
1 ..r.......
2 ..........
3 ..........
4 r.........
5 ..........
6 ..........
7 ..........
8 ..........
9 ........r.

Turn = 40.
  0123456789
0 ........rr
1 ..........
2 ..........
3 ..........
4 ..........
5 ..........
6 ..r.......
7 ..........
8 ..........
9 ..r.......

Turn = 50.
  0123456789
0 .....r....
1 ..........
2 ..........
3 ..........
4 ..........
5 ..........
6 ..........
7 ..........
8 ........r.
9 ........rr

Turn = 60.
  0123456789
0 .......r..
1 ..........
2 ..........
3 ..........
4 ..........
5 .........r
6 ..........
7 r.........
8 ..........
9 r.........

Turn = 70.
  0123456789
0 .r........
1 .r.r.....r
2 ..........
3 ..........
4 ..........
5 ..........
6 ..........
7 ..........
8 ..........
9 ..........

Turn = 80.
  0123456789
0 ........r.
1 .........r
2 ..........
3 ..........
4 .........r
5 ..........
6 ..........
7 ..........
8 ..........
9 .........r

Turn = 90.
  0123456789
0 ..........
1 ..........
2 .........r
3 ..........
4 ..........
5 ..........
6 ..........
7 ..r.......
8 .........r
9 .........r

Turn = 100.
  0123456789
0 ..r.......
1 ..........
2 ..........
3 ..........
4 ..........
5 ..........
6 ..........
7 ..........
8 .r........
9 ..rr......

*** Darwin 10x10 ***
Turn = 0.
  0123456789
0 hr........
1 .h........
2 ..........
3 ...r......
4 ..........
5 ..........
6 ..........
7 ..........
8 ..........
9 .........r

Turn = 10.
  0123456789
0 ......r.rr
1 ..........
2 ..........
3 ..........
4 ..........
5 ..........
6 ..........
7 ..........
8 ..........
9 .rr.......

Turn = 20.
  0123456789
0 ..rr......
1 ..........
2 ..........
3 ..........
4 ..........
5 ..........
6 ..........
7 ........r.
8 ..........
9 .....r..r.

Turn = 30.
  0123456789
0 ..........
1 ..........
2 .......r..
3 ..........
4 ..........
5 ..........
6 ..........
7 ..........
8 ..rr......
9 .r...r....

Turn = 40.
  0123456789
0 r.r.......
1 r...r.....
2 ..........
3 ..........
4 ..........
5 r.........
6 ..........
7 ..........
8 ..........
9 ..........

Turn = 50.
  0123456789
0 rr........
1 ...r.r...r
2 ..........
3 ..........
4 ..........
5 ..........
6 ..........
7 ..........
8 ..........
9 ..........

Turn = 60.
  0123456789
0 ....r...rr
1 ..........
2 ..........
3 ..........
4 ..........
5 ........r.
6 .........r
7 ..........
8 ..........
9 ..........

Turn = 70.
  0123456789
0 r.........
1 ..........
2 ..........
3 ..........
4 ..........
5 r.........
6 ..........
7 ..........
8 .........r
9 ...r...r..

Turn = 80.
  0123456789
0 ..........
1 ..........
2 ..........
3 ..........
4 ..........
5 ..r.......
6 .r........
7 r.........
8 ......r...
9 .r........

Turn = 90.
  0123456789
0 r.....r...
1 ..........
2 ..........
3 ..........
4 ..........
5 ..........
6 .........r
7 ..........
8 ........r.
9 .......r..

Turn = 100.
  0123456789
0 ........r.
1 ........r.
2 ..........
3 .........r
4 .........r
5 .........r
6 ..........
7 ..........
8 ..........
9 ..........

*** Darwin 10x10 ***
Turn = 0.
  0123456789
0 ..........
1 .r........
2 ..........
3 ...r......
4 ..........
5 .....h....
6 ..........
7 ..........
8 ..........
9 .........r

Turn = 10.
  0123456789
0 .....h....
1 .........r
2 .........r
3 ..........
4 ..........
5 ..........
6 ..........
7 ..........
8 ..........
9 r.........

Turn = 20.
  0123456789
0 .....h....
1 r.........
2 ..........
3 ..........
4 ..........
5 ..........
6 ..........
7 ..........
8 ..........
9 .......rr.

Turn = 30.
  0123456789
0 ....rr.rr.
1 ..........
2 ..........
3 ..........
4 ..........
5 ..........
6 ..........
7 ..........
8 ..........
9 ..........

Turn = 40.
  0123456789
0 r.........
1 ..........
2 ..........
3 ..........
4 ..........
5 ..........
6 ..........
7 .....r....
8 ......r...
9 .....r....

Turn = 50.
  0123456789
0 ..........
1 ..........
2 ..........
3 ..........
4 ..........
5 ..........
6 ..........
7 r.........
8 r.........
9 r.r.......

Turn = 60.
  0123456789
0 r.........
1 r.........
2 ..........
3 ..........
4 ..........
5 ..........
6 ..........
7 ..........
8 ..........
9 ........rr

Turn = 70.
  0123456789
0 ........rr
1 ..........
2 .........r
3 ..........
4 ..........
5 ..........
6 ..........
7 ..........
8 ..........
9 r.........

Turn = 80.
  0123456789
0 ..........
1 .r........
2 ..........
3 ..........
4 ..........
5 ..........
6 ..........
7 .........r
8 ..........
9 ........rr

Turn = 90.
  0123456789
0 ......r...
1 ..........
2 ..........
3 ..........
4 ..........
5 ..........
6 ..........
7 ..........
8 .r........
9 rr........

Turn = 100.
  0123456789
0 rr....r...
1 ..........
2 ..........
3 ..........
4 ..........
5 ..........
6 ..........
7 ..........
8 ..........
9 .........r

*** Darwin 10x10 ***
Turn = 0.
  0123456789
0 ..........
1 .t........
2 ..........
3 ...r......
4 ..........
5 .....h....
6 ..........
7 ..........
8 ..........
9 .........r

Turn = 10.
  0123456789
0 .....h...r
1 .t........
2 ..........
3 ..........
4 ..........
5 ..........
6 ..........
7 ..........
8 ..........
9 r.........

Turn = 20.
  0123456789
0 r....h....
1 .t........
2 ..........
3 ..........
4 ..........
5 ..........
6 ..........
7 ..........
8 .........r
9 ..........

Turn = 30.
  0123456789
0 .t...h....
1 .t........
2 .........r
3 ..........
4 ..........
5 ..........
6 ..........
7 ..........
8 ..........
9 ..........

Turn = 40.
  0123456789
0 .t...h....
1 .t........
2 ..........
3 ..........
4 ..........
5 ..........
6 .........r
7 ..........
8 ..........
9 ..........

Turn = 50.
  0123456789
0 .t...h....
1 .t........
2 ..........
3 ..........
4 ..........
5 ..........
6 ..........
7 ..........
8 ..........
9 .......r..

Turn = 60.
  0123456789
0 .t...h....
1 .t........
2 ..........
3 ..........
4 ..........
5 ..........
6 ..........
7 ..........
8 ..........
9 .r........

Turn = 70.
  0123456789
0 .t...h....
1 .t........
2 ..........
3 ..........
4 ..........
5 ..........
6 ..........
7 ..........
8 .........r
9 ..........

Turn = 80.
  0123456789
0 .t...h..r.
1 .t........
2 ..........
3 ..........
4 ..........
5 ..........
6 ..........
7 ..........
8 ..........
9 ..........

Turn = 90.
  0123456789
0 rrr.......
1 .t........
2 ..........
3 ..........
4 ..........
5 ..........
6 ..........
7 ..........
8 ..........
9 ..........

Turn = 100.
  0123456789
0 tt........
1 .t........
2 ..........
3 ..........
4 ..........
5 ..........
6 ..........
7 ..........
8 ..........
9 ..r.......

*** Darwin 10x10 ***
Turn = 0.
  0123456789
0 .f........
1 .f........
2 ..........
3 ...f......
4 ..........
5 .....f....
6 ..........
7 ..........
8 ..........
9 .........r

Turn = 100.
  0123456789
0 .........r
1 ..........
2 ..........
3 ...f......
4 ..........
5 r....f....
6 ..........
7 r.........
8 ..........
9 ..........

Turn = 200.
  0123456789
0 r.........
1 ...r......
2 ..........
3 ...f.....r
4 ..........
5 .....f....
6 ..........
7 ..........
8 ..........
9 ..........

Turn = 300.
  0123456789
0 r........r
1 ..........
2 ..........
3 ...f......
4 ....r.....
5 ..........
6 ..........
7 ..........
8 ..........
9 r.........

Turn = 400.
  0123456789
0 ......r...
1 ..........
2 ..........
3 ...f.....r
4 ..........
5 .........r
6 ..........
7 ..........
8 r.........
9 ..........

Turn = 500.
  0123456789
0 .r........
1 .........r
2 ..........
3 ...f......
4 ..........
5 ......r..r
6 ..........
7 ..........
8 ..........
9 ..........

Turn = 600.
  0123456789
0 ........r.
1 .......rr.
2 .....r....
3 ........r.
4 ..........
5 ..........
6 ..........
7 ..........
8 ..........
9 ..........

Turn = 700.
  0123456789
0 ..r.r.....
1 ..........
2 ..........
3 ..........
4 ..........
5 ..........
6 ..........
7 ..........
8 ........r.
9 ....r....r

Turn = 800.
  0123456789
0 r.........
1 ..........
2 ..........
3 ..........
4 .........r
5 ..........
6 ..........
7 ..........
8 .........r
9 .....r..r.

Turn = 900.
  0123456789
0 .........r
1 .........r
2 ..........
3 ..........
4 ..........
5 r.........
6 ..........
7 .........r
8 ..........
9 .r........

Turn = 1000.
  0123456789
0 r.........
1 ..........
2 r.........
3 .........r
4 ..........
5 .........r
6 ........r.
7 ..........
8 ..........
9 ..........

*** Darwin 10x10 ***
Turn = 0.
  0123456789
0 .f........
1 .h........
2 ..........
3 ...ft..h..
4 ..........
5 .....f....
6 ..........
7 ..........
8 ........h.
9 .........r

Turn = 100.
  0123456789
0 ......r...
1 ..........
2 ..........
3 ..........
4 ..........
5 r....f....
6 ..........
7 r.........
8 r.........
9 r.r.....r.

Turn = 200.
  0123456789
0 r.r.rr...r
1 ..........
2 ..........
3 ..........
4 ..........
5 ..........
6 .......r..
7 ..........
8 .........r
9 ....r.....

Turn = 300.
  0123456789
0 ..r.......
1 r.........
2 r.r.......
3 r.........
4 r.........
5 ..........
6 ..........
7 .......r..
8 ..........
9 ........r.

Turn = 400.
  0123456789
0 .......r.r
1 ..........
2 ..........
3 r.r.......
4 r.........
5 r.........
6 ..........
7 .rr.......
8 ..........
9 ..........

Turn = 500.
  0123456789
0 .....r...r
1 ....r.....
2 ..........
3 r........r
4 ..........
5 ..........
6 ..........
7 .......rr.
8 ..........
9 ..r.......

Turn = 600.
  0123456789
0 ....r..r..
1 ...r......
2 ..........
3 ...r......
4 ..r.......
5 ..........
6 ..........
7 ..........
8 r.........
9 .r.......r

Turn = 700.
  0123456789
0 ..........
1 ..........
2 ..........
3 ..........
4 .........r
5 ..r.......
6 ..........
7 ..r.......
8 r.r......r
9 .r..r.....

Turn = 800.
  0123456789
0 ...r......
1 r.........
2 ..........
3 ..........
4 ......r...
5 r.....r...
6 .......r..
7 r.........
8 ..........
9 ......r...

Turn = 900.
  0123456789
0 r..r......
1 r..r......
2 r.........
3 ..........
4 ..........
5 ..........
6 ..........
7 r.........
8 .........r
9 r.........

Turn = 1000.
  0123456789
0 .......rr.
1 ....r....r
2 ..........
3 r.........
4 ..........
5 ..........
6 ..........
7 r.........
8 ..........
9 ...r.....r
