*** Darwin 100x100 ***
Turn = 0.
  0123456789012345678901234567890123456789012345678901234567890123456789012345678901234567890123456789
0 f...................................................................................................
1 ....................................................................................................
2 ....................................................................................................
3 ....................................................................................................
4 ....................................................................................................
5 ....................................................................................................
6 ....................................................................................................
7 ....................................................................................................
8 ....................................................................................................
9 ....................................................................................................
0 ....................................................................................................
1 ....................................................................................................
2 ....................................................................................................
3 ....................................................................................................
4 ..............f..............................................h......................................
5 ....................................................................................................
6 r...................................................................................................
7 ....................................................................t...............................
8 ....................................................................................................
9 ..........t.........................................................................................
0 ....................................................................................................
1 ....................................................................................................
2 ....................................................................................................
3 .......................r............................................................................
4 ....................................................................................................
5 ....................................................................................................
6 ....................................................................................................
7 ....................................................................................................
8 ....................................................................................................
9 ....................................................................................................
0 ....................................................................................................
1 ....................................................................................................
2 ....................................................................................................
3 ....................................................................................................
4 ....................................................................................................
5 ....................................................................................................
6 ....................................................................................................
7 ....................................................................................................
8 ....................................................................................................
9 ....................................................................................................
0 ....................................................................................................
1 ....................................................................................................
2 ....................................................................................................
3 ....................................................................................................
4 ....................................................................................................
5 ....................................................................................................
6 ....................................................................................................
7 ....................................................................................................
8 ....................................................................................................
9 ....................................................................................................
0 ....................................................................................................
1 ....................................................................................................
2 ....................................................................................................
3 ....................................................................................................
4 ....................................................................................................
5 ....................................................................................................
6 ....................................................................................................
7 ....................................................................................................
8 ....................................................................................................
9 ....................................................................................................
0 ....................................................................................................
1 ....................................................................................................
2 ....................................................................................................
3 ....................................................................................................
4 ....................................................................................................
5 ....................................................................................................
6 ....................................................................................................
7 ............................................................t.......................................
8 ....................................................................................................
9 ....................................................................................................
0 ....................................................................................................
1 ....................................................................................................
2 ....................................................................................................
3 ....................................................................................................
4 ....................................................................................................
5 ....................................................................................................
6 .....................f..............................................................................
7 ....................................................................................................
8 ....................................................................................................
9 ....................................................................................................
0 ....................................................................................................
1 ....................................................................................................
2 ....................................................................................................
3 ....................................................................................................
4 ....................................................................................................
5 ....................................................................................................
6 ....................................................................................................
7 ....................................................................................................
8 ....................................................................................................
9 ....................................................................................................
0 ................................................h...................................................
1 ....................................................................................................
2 ....................................................................................................
3 ....................................................................................................
4 ....................................................................................................
5 ....................................................................................................
6 ....................................................................................................
7 ....................................................................................................
8 ....................................................................................................
9 ....................................................................................................

Turn = 50.
  0123456789012345678901234567890123456789012345678901234567890123456789012345678901234567890123456789
0 ..............................r..................r..................................................
1 ................................r...................................................................
2 ....................................................................................................
3 ....................................................................................................
4 ....................................................................................................
5 ....................................................................................................
6 ....................................................................................................
7 ....................................................................................................
8 ....................................................................................................
9 ....................................................................................................
0 ....................................................................................................
1 ....................................................................................................
2 ....................................................................................................
3 ....................................................................................................
4 ..............fh....................................................................................
5 ....................................................................................................
6 ....................................................................................................
7 ....................................................................t...............................
8 ....................................................................................................
9 ..........t.........................................................................................
0 ....................................................................................................
1 ....................................................................................................
2 ....................................................................................................
3 ....................................................................................................
4 ....................................................................................................
5 ....................................................................................................
6 ....................................................................................................
7 ....................................................................................................
8 ....................................................................................................
9 ....................................................................................................
0 ....................................................................................................
1 ....................................................................................................
2 ....................................................................................................
3 ....................................................................................................
4 ....................................................................................................
5 ....................................................................................................
6 ....................................................................................................
7 ....................................................................................................
8 ....................................................................................................
9 ....................................................................................................
0 ................................................h...................................................
1 ....................................................................................................
2 ....................................................................................................
3 ....................................................................................................
4 ....................................................................................................
5 ....................................................................................................
6 ....................................................................................................
7 ....................................................................................................
8 ....................................................................................................
9 ....................................................................................................
0 ....................................................................................................
1 ....................................................................................................
2 ....................................................................................................
3 ....................................................................................................
4 ....................................................................................................
5 ....................................................................................................
6 ....................................................................................................
7 ....................................................................................................
8 ....................................................................................................
9 ....................................................................................................
0 ....................................................................................................
1 ....................................................................................................
2 ....................................................................................................
3 ....................................................................................................
4 ....................................................................................................
5 ....................................................................................................
6 ....................................................................................................
7 ............................................................t.......................................
8 ....................................................................................................
9 ....................................................................................................
0 ....................................................................................................
1 ....................................................................................................
2 ....................................................................................................
3 ....................................................................................................
4 ....................................................................................................
5 ....................................................................................................
6 .....................f..............................................................................
7 ....................................................................................................
8 ....................................................................................................
9 ....................................................................................................
0 ....................................................................................................
1 ....................................................................................................
2 ....................................................................................................
3 ....................................................................................................
4 ....................................................................................................
5 ....................................................................................................
6 ....................................................................................................
7 ....................................................................................................
8 ....................................................................................................
9 ....................................................................................................
0 ....................................................................................................
1 ....................................................................................................
2 ....................................................................................................
3 ....................................................................................................
4 ....................................................................................................
5 ....................................................................................................
6 ....................................................................................................
7 ....................................................................................................
8 ....................................................................................................
9 ....................................................................................................

Turn = 100.
  0123456789012345678901234567890123456789012345678901234567890123456789012345678901234567890123456789
0 ................................................h...............................r..................r
1 ..................................................................................r.................
2 ....................................................................................................
3 ....................................................................................................
4 ....................................................................................................
5 ....................................................................................................
6 ....................................................................................................
7 ....................................................................................................
8 ....................................................................................................
9 ....................................................................................................
0 ....................................................................................................
1 ....................................................................................................
2 ....................................................................................................
3 ....................................................................................................
4 ..............fh....................................................................................
5 ....................................................................................................
6 ....................................................................................................
7 ....................................................................t...............................
8 ....................................................................................................
9 ..........t.........................................................................................
0 ....................................................................................................
1 ....................................................................................................
2 ....................................................................................................
3 ....................................................................................................
4 ....................................................................................................
5 ....................................................................................................
6 ....................................................................................................
7 ....................................................................................................
8 ....................................................................................................
9 ....................................................................................................
0 ....................................................................................................
1 ....................................................................................................
2 ....................................................................................................
3 ....................................................................................................
4 ....................................................................................................
5 ....................................................................................................
6 ....................................................................................................
7 ....................................................................................................
8 ....................................................................................................
9 ....................................................................................................
0 ....................................................................................................
1 ....................................................................................................
2 ....................................................................................................
3 ....................................................................................................
4 ....................................................................................................
5 ....................................................................................................
6 ....................................................................................................
7 ....................................................................................................
8 ....................................................................................................
9 ....................................................................................................
0 ....................................................................................................
1 ....................................................................................................
2 ....................................................................................................
3 ....................................................................................................
4 ....................................................................................................
5 ....................................................................................................
6 ....................................................................................................
7 ....................................................................................................
8 ....................................................................................................
9 ....................................................................................................
0 ....................................................................................................
1 ....................................................................................................
2 ....................................................................................................
3 ....................................................................................................
4 ....................................................................................................
5 ....................................................................................................
6 ....................................................................................................
7 ............................................................t.......................................
8 ....................................................................................................
9 ....................................................................................................
0 ....................................................................................................
1 ....................................................................................................
2 ....................................................................................................
3 ....................................................................................................
4 ....................................................................................................
5 ....................................................................................................
6 .....................f..............................................................................
7 ....................................................................................................
8 ....................................................................................................
9 ....................................................................................................
0 ....................................................................................................
1 ....................................................................................................
2 ....................................................................................................
3 ....................................................................................................
4 ....................................................................................................
5 ....................................................................................................
6 ....................................................................................................
7 ....................................................................................................
8 ....................................................................................................
9 ....................................................................................................
0 ....................................................................................................
1 ....................................................................................................
2 ....................................................................................................
3 ....................................................................................................
4 ....................................................................................................
5 ....................................................................................................
6 ....................................................................................................
7 ....................................................................................................
8 ....................................................................................................
9 ....................................................................................................

*** Darwin 10x10 ***
Turn = 0.
  0123456789
0 .....f....
1 ..........
2 ..........
3 ..........
4 ...f......
5 ..........
6 ...t......
7 .........h
8 ..........
9 ..........

Turn = 2.
  0123456789
0 .....f....
1 ..........
2 ..........
3 ..........
4 ...f......
5 .........h
6 ...t......
7 ..........
8 ..........
9 ..........

Turn = 4.
  0123456789
0 .....f....
1 ..........
2 ..........
3 .........h
4 ...f......
5 ..........
6 ...t......
7 ..........
8 ..........
9 ..........

Turn = 6.
  0123456789
0 .....f....
1 .........h
2 ..........
3 ..........
4 ...f......
5 ..........
6 ...t......
7 ..........
8 ..........
9 ..........

Turn = 8.
  0123456789
0 .....f...h
1 ..........
2 ..........
3 ..........
4 ...f......
5 ..........
6 ...t......
7 ..........
8 ..........
9 ..........

Turn = 10.
  0123456789
0 .....f...h
1 ..........
2 ..........
3 ..........
4 ...f......
5 ..........
6 ...t......
7 ..........
8 ..........
9 ..........

*** Darwin 20x5 ***
Turn = 0.
  01234
0 .....
1 .t.h.
2 .ff..
3 r.f..
4 tft..
5 ....f
6 .....
7 h..r.
8 .....
9 .tt..
0 ..t.f
1 .....
2 hf...
3 .....
4 .....
5 hf.h.
6 ..f..
7 .....
8 h.h..
9 ....f

Turn = 50.
  01234
0 .....
1 r....
2 .tttt
3 t.t.t
4 ttt.t
5 ..t.t
6 ..t.r
7 r....
8 r....
9 r....
0 r....
1 .....
2 .....
3 .....
4 ...rr
5 ..r..
6 .....
7 .....
8 .....
9 rr...

Turn = 100.
  01234
0 .....
1 ....t
2 r.ttt
3 r.t.t
4 .ttrt
5 ..trt
6 ..trt
7 ...r.
8 ....r
9 .....
0 .....
1 .....
2 .....
3 rr...
4 .....
5 .....
6 .....
7 .....
8 ....r
9 ...rr

Turn = 150.
  01234
0 ....t
1 ...tt
2 ..ttt
3 ..t.t
4 ..ttt
5 ...tt
6 ..ttt
7 ...tt
8 ....t
9 r....
0 .....
1 ....r
2 ...rr
3 .....
4 ....r
5 .....
6 .....
7 .....
8 .....
9 ..r..

Turn = 200.
  01234
0 ...tt
1 ..ttt
2 ..ttt
3 ..t.t
4 r.ttt
5 ...tt
6 ..ttt
7 ...tt
8 ...tt
9 ....t
0 ....t
1 .....
2 .....
3 .....
4 .....
5 .....
6 .....
7 .....
8 .....
9 .....

*** Darwin 10x10 ***
Turn = 0.
  0123456789
0 r.f.r.r.t.
1 .tr..h....
2 .r..fhr...
3 r...rrt..r
4 ht...t...f
5 .h.ff.ht..
6 ....f.h...
7 ..t..t.fr.
8 h.....t.hr
9 .t...h....

Turn = 2.
  0123456789
0 r.rrr...t.
1 .tt..h....
2 r...fr....
3 ..rr.ttr..
4 rt...t...f
5 ...ff..t..
6 h...f.h...
7 .ht..ttrr.
8 ......tr..
9 ht...h..h.

Turn = 4.
  0123456789
0 rttr....t.
1 .t.rrh....
2 ....rr....
3 rr...trr..
4 .t...t...f
5 ...ff..tr.
6 r...f.h...
7 ..t..ttt..
8 hh...r.t..
9 tt...h..h.

Turn = 6.
  0123456789
0 rrtt....t.
1 .t..rr....
2 rr...rr...
3 ...r.r....
4 .t..rt.r.f
5 ...ff..tt.
6 ....f.t...
7 r.t..ttt..
8 rh...t.t..
9 rt...t..h.

*** Darwin 10x10 ***
Turn = 0.
  0123456789
0 hfthhh..tt
1 tr.h.r.t..
2 .rr..ff..h
3 tftr...h.f
4 .tt.rrth.f
5 tff.ff.ftr
6 tf..f.tfh.
7 .t.hfff.tt
8 r.fthhf..r
9 .htft..h..

Turn = 2.
  0123456789
0 hftt.h..tt
1 tt.trr.t..
2 tt...ff..h
3 tttt...h.f
4 .ttrr.tt.f
5 ttf.ff.ttt
6 tt..f.ttt.
7 rt.hfff.tt
8 ..ftt.fr..
9 .htttt.h..

Turn = 4.
  0123456789
0 tttt.h..tt
1 tt.ttt.t..
2 tt...tt..h
3 tttt...t.f
4 .tttt.tt.t
5 ttt.ff.ttt
6 tt..f.ttt.
7 tt.tttt.tt
8 ..ttt.rr..
9 .htttt.h..

Turn = 6.
  0123456789
0 tttt.h..tt
1 tt.ttt.t..
2 tt...tt..h
3 tttt...t.t
4 .tttt.tt.t
5 ttt.tf.ttt
6 tt..t.trt.
7 tt.ttttrtt
8 ..ttt.....
9 .tttttrh..

Turn = 8.
  0123456789
0 tttt.t..tt
1 tt.ttt.t..
2 tt...tt..h
3 tttt...t.t
4 .tttt.tt.t
5 ttt.tt.ttt
6 tt..t.ttt.
7 tt.ttttttt
8 ..ttt.....
9 .tttttth..

Turn = 10.
  0123456789
0 tttt.t..tt
1 tt.ttt.t..
2 tt...tt..t
3 tttt...t.t
4 .tttt.tt.t
5 ttt.tt.ttt
6 tt..t.ttt.
7 tt.ttttttt
8 ..ttt.....
9 .ttttttt..

*** Darwin 64x61 ***
Turn = 0.
  0123456789012345678901234567890123456789012345678901234567890
0 .............................................................
1 .............................................................
2 .............................................................
3 .............................................................
4 .............................................................
5 .............................................................
6 .............................................................
7 .............................................................
8 .............................................................
9 .............................................................
0 .............................................................
1 .............................................................
2 .............................................................
3 .............................................................
4 .............................................................
5 ...............................r.............................
6 .............................................................
7 ........................r....................................
8 .............................................................
9 .............................................................
0 ............................................r................
1 .............................................................
2 ........................................t....................
3 .............................................................
4 .............................................................
5 .............................................................
6 .............................................................
7 .............................................................
8 ..........................................f..................
9 .............................................................
0 .............................................................
1 .............................................................
2 .............................................................
3 ....f..............r.........................................
4 ...............f.............................................
5 .............................................................
6 .............................................................
7 .............................................................
8 .............................................................
9 ......................................................f......
0 .............................................................
1 .............................................................
2 .............................................................
3 .............................................................
4 .............................................................
5 .............................................................
6 ..................................................h..........
7 .............................................................
8 .........h...................................................
9 ........................................r....................
0 .............................................................
1 ................................................f............
2 .............................................................
3 .............................................................
4 .............................................................
5 .............................................................
6 .............................................................
7 .............................................r...............
8 .............................................................
9 ........................................h....................
0 .............................................................
1 .............................................................
2 .............................................................
3 ...........................f.................................

Turn = 15.
  0123456789012345678901234567890123456789012345678901234567890
0 .............................................................
1 .............................................................
2 .............................................................
3 .............................................................
4 .............................................................
5 .............................................................
6 .............................................................
7 .............................................................
8 .............................................................
9 .............................................................
0 .............................................................
1 .............................................................
2 .............................................................
3 .............................................................
4 .............................................................
5 ................r............................................
6 .............................................................
7 .........r...................................................
8 .............................................................
9 .............................................................
0 .............................r...............................
1 .............................................................
2 ........................................t....................
3 .............................................................
4 .............................................................
5 .............................................................
6 .............................................................
7 .............................................................
8 ..........................................f..................
9 .............................................................
0 .............................................................
1 .............................................................
2 .............................................................
3 ....rr.......................................................
4 ...............f.............................................
5 .............................................................
6 .............................................................
7 .............................................................
8 .............................................................
9 ......................................................f......
0 .............................................................
1 .............................................................
2 .............................................................
3 .............................................................
4 .............................................................
5 .............................................................
6 .............................................................
7 .............................................................
8 .............................................................
9 .........................r...................................
0 .............................................................
1 ................................................f............
2 .............................................................
3 .............................................................
4 .............................................................
5 .............................................................
6 .............................................................
7 ..............................r..............................
8 .............................................................
9 .............................................................
0 .............................................................
1 ..................................................h..........
2 .............................................................
3 .........h.................f............h....................

Turn = 30.
  0123456789012345678901234567890123456789012345678901234567890
0 .............................................................
1 .............................................................
2 .............................................................
3 .............................................................
4 .............................................................
5 .............................................................
6 .............................................................
7 .............................................................
8 .............................................................
9 .............................................................
0 .............................................................
1 .............................................................
2 r............................................................
3 .............................................................
4 .............................................................
5 .r...........................................................
6 .............................................................
7 .............................................................
8 .............................................................
9 .............................................................
0 ..............r..............................................
1 .............................................................
2 ........................................t....................
3 .............................................................
4 .............................................................
5 .............................................................
6 .............................................................
7 .............................................................
8 ..........................................f..................
9 .............................................................
0 .............................................................
1 .............................................................
2 .............................................................
3 .............................................................
4 ...............f.............................................
5 .............................................................
6 .............................................................
7 .............................................................
8 .............................................................
9 ......................................................f......
0 .............................................................
1 .............................................................
2 .............................................................
3 .............................................................
4 .............................................................
5 .............................................................
6 .............................................................
7 ....rr.......................................................
8 .............................................................
9 ..........r..................................................
0 .............................................................
1 ................................................f............
2 .............................................................
3 .............................................................
4 .............................................................
5 .............................................................
6 .............................................................
7 ...............r.............................................
8 .............................................................
9 .............................................................
0 .............................................................
1 .............................................................
2 .............................................................
3 .........h.................f............h.........h..........

Turn = 45.
  0123456789012345678901234567890123456789012345678901234567890
0 .............................................................
1 r............................................................
2 r............................................................
3 .............................................................
4 .............................................................
5 .............................................................
6 .............................................................
7 .............................................................
8 .............................................................
9 .............................................................
0 .............................................................
1 .............................................................
2 .............................................................
3 .............................................................
4 .............................................................
5 .............................................................
6 .............................................................
7 .............................................................
8 .............................................................
9 .............................................................
0 r............................................................
1 .............................................................
2 ........................................t....................
3 .............................................................
4 .............................................................
5 .............................................................
6 .............................................................
7 .............................................................
8 ..........................................f..................
9 .............................................................
0 .............................................................
1 .............................................................
2 .............................................................
3 .............................................................
4 ...............f.............................................
5 .............................................................
6 .............................................................
7 .............................................................
8 .............................................................
9 ......................................................f......
0 .............................................................
1 .............................................................
2 .............................................................
3 .............................................................
4 .............................................................
5 r............................................................
6 .............................................................
7 .............................................................
8 .............................................................
9 .............................................................
0 .............................................................
1 ................................................f............
2 ......r......................................................
3 .............................................................
4 .............................................................
5 .............................................................
6 .............................................................
7 .............................................................
8 .............................................................
9 .............................................................
0 .............................................................
1 .............................................................
2 ....rr.......................................................
3 .........h.................f............h.........h..........

Turn = 60.
  0123456789012345678901234567890123456789012345678901234567890
0 .............................................................
1 .............................................................
2 .............................................................
3 .............................................................
4 .............................................................
5 .............................................................
6 .............................................................
7 .............................................................
8 .............................................................
9 .............................................................
0 r...r........................................................
1 .....r.......................................................
2 .............................................................
3 .............................................................
4 .............................................................
5 .............................................................
6 .............................................................
7 .............................................................
8 .............................................................
9 .............................................................
0 .............................................................
1 .............................................................
2 ........................................t....................
3 .............................................................
4 .............................................................
5 .............................................................
6 .............................................................
7 .............................................................
8 ..........................................f..................
9 .............................................................
0 r............................................................
1 .............................................................
2 .............................................................
3 .............................................................
4 ...............f.............................................
5 .............................................................
6 .............................................................
7 ......r......................................................
8 .............................................................
9 ......................................................f......
0 .............................................................
1 .............................................................
2 .............................................................
3 .............................................................
4 .............................................................
5 .............................................................
6 .............................................................
7 .............................................................
8 .............................................................
9 .............................................................
0 .............................................................
1 ................................................f............
2 .............................................................
3 .............................................................
4 .............................................................
5 .............................................................
6 .............................................................
7 rr...........................................................
8 .............................................................
9 .............................................................
0 .............................................................
1 .............................................................
2 .............................................................
3 .........h.................f............h.........h..........

*** Darwin 60x20 ***
Turn = 0.
  01234567890123456789
0 ...............tf...
1 .r.....f............
2 .............t......
3 ..............r.....
4 f..................r
5 ...h....r...........
6 ...................f
7 f...........r...t...
8 ......t.............
9 ......r.............
0 .........h....h.....
1 ...........r.r......
2 ..hr........t.......
3 .....f..............
4 .................h..
5 ....................
6 .t.......f.....f....
7 ....................
8 ......f...f......t..
9 ...................r
0 ...hf...........h...
1 ........h.....f.....
2 ....f.r.............
3 ........f.....f.....
4 ....................
5 ....................
6 .h..h..f............
7 ....................
8 ....h..........t....
9 ...........t........
0 ..................f.
1 .t..............h...
2 .............r......
3 ...............r....
4 ..f..t.r.........tt.
5 ..f..r..............
6 ..............t.....
7 ........h...........
8 ....................
9 ...f..r.t.........r.
0 ....................
1 .....t.....r.......f
2 ....................
3 ...f.........f......
4 ...f.........h......
5 ...r................
6 .....t..............
7 ...................f
8 ...................r
9 .r........t.t.......
0 ..................r.
1 ........r...........
2 ...........t........
3 ....................
4 ....t...........r...
5 ......t.............
6 ....................
7 .................f..
8 ..................r.
9 ............h.......

Turn = 1.
  01234567890123456789
0 ...............tt...
1 r......f............
2 .............t......
3 .............r......
4 f.................r.
5 .......r............
6 ...h...............f
7 f..........r....t...
8 ......t.............
9 .....r..............
0 ....................
1 .........hr.r.h.....
2 ..r.........t.......
3 ..h..f..............
4 ....................
5 .................h..
6 .t.......f.....f....
7 ....................
8 ......f...f......t..
9 ..................r.
0 ....f...............
1 ...h..........f.h...
2 ....fr..h...........
3 ........f.....f.....
4 ....................
5 ....................
6 .......f............
7 .h..h...............
8 ...............t....
9 ....h......t........
0 ..................f.
1 .t..................
2 ............r...h...
3 ..............r.....
4 ..f..tr..........tt.
5 ..f.r...............
6 ..............t.....
7 ....................
8 ........h...........
9 ...f.r..t........r..
0 ....................
1 .....t....r........f
2 ....................
3 ...f.........f......
4 ...f................
5 ..r..........h......
6 .....t..............
7 ...................f
8 ..................r.
9 r.........t.t.......
0 .................r..
1 .......r............
2 ...........t........
3 ....................
4 ....t..........r....
5 ......t.............
6 ....................
7 .................f..
8 .................r..
9 ............h.......

Turn = 2.
  01234567890123456789
0 ...............tt...
1 r......f............
2 .............t......
3 ............r.......
4 f................r..
5 ......r.............
6 ...................f
7 f..h......r.....t...
8 ......t.............
9 ....r...............
0 ....................
1 .........r.r........
2 .r.......h..t.h.....
3 .....f..............
4 ..h.................
5 ....................
6 .t.......f.....f.h..
7 ....................
8 ......f...f......t..
9 .................r..
0 ....f...............
1 ..............f.....
2 ...hrr..h.......h...
3 ........f.....f.....
4 ....................
5 ....................
6 .......f............
7 ....................
8 .h..h..........t....
9 ...........t........
0 ....h.............f.
1 .t..................
2 ...........r........
3 .............r..h...
4 ..f..rr..........tt.
5 ..fr................
6 ..............t.....
7 ....................
8 ........t...........
9 ...fr...t.......r...
0 ....................
1 .....t...r.........f
2 ....................
3 ...f.........f......
4 ...f................
5 .r..................
6 .....t.......h......
7 ...................f
8 .................r..
9 r.........t.t.......
0 ................r...
1 ......r.............
2 ...........t........
3 ....................
4 ....t.........r.....
5 ......t.............
6 ....................
7 .................f..
8 ................r...
9 ............h.......

Turn = 3.
  01234567890123456789
0 r..............tt...
1 .......f............
2 .............t......
3 ...........r........
4 f...............r...
5 .....r..............
6 ...................f
7 f........r......t...
8 ...h..t.............
9 ...r................
0 ....................
1 ........r.r.........
2 r...........t.......
3 .....f...h....h.....
4 ....................
5 ..h.................
6 .t.......f.....f....
7 .................h..
8 ......f...f......t..
9 ................r...
0 ....f...............
1 ..............f.....
2 ....r...h...........
3 ...hr...f.....f.h...
4 ....................
5 ....................
6 .......f............
7 ....................
8 ...............t....
9 .h..h......t........
0 ..................f.
1 .t..h...............
2 ..........r.........
3 ............r.......
4 ..f.rr..........ttt.
5 ..rr................
6 ..............t.....
7 ....................
8 ........t...........
9 ...rr...t......r....
0 ....................
1 .....t..r..........f
2 ....................
3 ...f.........f......
4 ...f................
5 r...................
6 .....t..............
7 .............h.....f
8 ................r...
9 ..........t.t.......
0 r..............r....
1 .....r..............
2 ...........t........
3 ....................
4 ....t........r......
5 ......t.............
6 ....................
7 .................f..
8 ...............r....
9 ............h.......

Turn = 4.
  01234567890123456789
0 r..............tt...
1 .......f............
2 .............t......
3 ..........r.........
4 f..............r....
5 ....r...............
6 ...................f
7 f.......r.......t...
8 ...h..t.............
9 ..r.................
0 ....................
1 .......r.r..........
2 r...........t.......
3 .....f..............
4 .........h....h.....
5 ....................
6 .th......f.....f....
7 .................h..
8 ......f...f......t..
9 ...............r....
0 ....f...............
1 ..............f.....
2 ...r....h...........
3 ........f.....f.....
4 ...hr...........h...
5 ....................
6 .......f............
7 ....................
8 ...............t....
9 ...........t........
0 .h..h.............f.
1 .t..................
2 ....h....r..........
3 ...........r........
4 ..frr...........ttt.
5 ..rr................
6 ..............t.....
7 ....................
8 ........t...........
9 ...rr...t.....r.....
0 ....................
1 .....t.r...........f
2 ....................
3 ...f.........f......
4 ...f................
5 r...................
6 .....t..............
7 ...................f
8 .............h.r....
9 ..........t.t.......
0 ..............r.....
1 r...r...............
2 ...........t........
3 ....................
4 ....t.......r.......
5 ......t.............
6 ....................
7 .................f..
8 ..............r.....
9 ............h.......

Turn = 5.
  01234567890123456789
0 .r.............tt...
1 .......f............
2 .............t......
3 .........r..........
4 f.............r.....
5 ...r................
6 ...................f
7 f......r........t...
8 ......t.............
9 .r.h................
0 ....................
1 r.....r.r...........
2 ............t.......
3 .....f..............
4 ....................
5 .........h....h.....
6 .tt......f.....f....
7 .................h..
8 ......f...f......t..
9 ..............r.....
0 ....f...............
1 ..............f.....
2 ..r.....h...........
3 ........f.....f.....
4 ....................
5 ...hr...........h...
6 .......f............
7 ....................
8 ...............t....
9 ...........t........
0 .h................f.
1 .t..h...............
2 ........r...........
3 ....h.....r.........
4 ..rrr...........ttt.
5 ...r................
6 ..r...........t.....
7 ....................
8 ...r....t...........
9 ........t....r......
0 ....r...............
1 .....tr............f
2 ....................
3 ...f.........f......
4 r..f................
5 ....................
6 .....t..............
7 ...................f
8 ..............r.....
9 ..........t.tt......
0 .............r......
1 ...r................
2 r..........t........
3 ....................
4 ....t......r........
5 ......t.............
6 ....................
7 .................f..
8 .............r......
9 ............h.......
