*** Darwin 9x6 ***
Turn = 0.
  012345
0 t..t.t
1 f.....
2 .....h
3 ...r..
4 ....h.
5 ......
6 ......
7 ......
8 ......

Turn = 3.
  012345
0 t..r.t
1 t..r..
2 ..h...
3 ......
4 ......
5 ......
6 ......
7 ....h.
8 ......

Turn = 6.
  012345
0 tr...t
1 tr....
2 t.....
3 ......
4 ......
5 ......
6 ......
7 ......
8 ....h.

Turn = 9.
  012345
0 rr...t
1 rr....
2 r.....
3 ......
4 ......
5 ......
6 ......
7 ......
8 ....h.

Turn = 12.
  012345
0 r.r..t
1 ..r.r.
2 ...r..
3 ......
4 ......
5 ......
6 ......
7 ......
8 ....h.

*** Darwin 6x6 ***
Turn = 0.
  012345
0 ..f...
1 ...t..
2 ...r..
3 ....r.
4 ffr..t
5 ......

Turn = 1.
  012345
0 ..f...
1 ...t..
2 ....r.
3 .....r
4 ff...t
5 ..r...

Turn = 2.
  012345
0 ..f...
1 ...t..
2 .....r
3 .....r
4 ff...t
5 ..r...

Turn = 3.
  012345
0 ..f...
1 ...t..
2 .....r
3 .....r
4 ff...r
5 ...r..

Turn = 4.
  012345
0 ..f...
1 ...t..
2 .....r
3 .....r
4 ff...r
5 ....r.

Turn = 5.
  012345
0 ..f...
1 ...t..
2 ....r.
3 ....rr
4 ff....
5 .....r

Turn = 6.
  012345
0 ..f...
1 ...t..
2 ...r.r
3 ...r..
4 ff....
5 .....r

Turn = 7.
  012345
0 ..f...
1 ...t.r
2 ..r...
3 ..r...
4 ff...r
5 ......

Turn = 8.
  012345
0 ..f..r
1 ...t..
2 .r....
3 .r...r
4 ff....
5 ......

Turn = 9.
  012345
0 ..f..r
1 ...t..
2 r....r
3 r.....
4 ff....
5 ......

Turn = 10.
  012345
0 ..f..r
1 ...t.r
2 r.....
3 r.....
4 ff....
5 ......

Turn = 11.
  012345
0 ..f..r
1 ...t.r
2 r.....
3 r.....
4 ff....
5 ......

Turn = 12.
  012345
0 ..f..r
1 ...t.r
2 r.....
3 r.....
4 ff....
5 ......

Turn = 13.
  012345
0 ..f..r
1 ...t.r
2 r.....
3 rr....
4 r.....
5 ......

Turn = 14.
  012345
0 ..f..r
1 ...tr.
2 rr....
3 r.....
4 .r....
5 ......

Turn = 15.
  012345
0 ..f...
1 .r.rrr
2 r.....
3 .r....
4 ..r...
5 ......

Turn = 16.
  012345
0 .rf...
1 ...r..
2 .r.r.r
3 ..r...
4 ...r..
5 ......

Turn = 17.
  012345
0 .rf...
1 ..r...
2 ..r...
3 ..rr.r
4 ....r.
5 ......

*** Darwin 10x14 ***
Turn = 0.
  01234567890123
0 .....f........
1 ..............
2 ..............
3 f.............
4 ..............
5 ..............
6 .....h........
7 r...h.........
8 ..h...........
9 ......h....f..

Turn = 3.
  01234567890123
0 .....f........
1 ..............
2 ..............
3 f.............
4 r...h.........
5 ..............
6 ........h.....
7 ..............
8 h.............
9 ......h....f..

Turn = 6.
  01234567890123
0 .....f........
1 r...h.........
2 r.............
3 ..............
4 ..............
5 ..............
6 ...........h..
7 ..............
8 h.............
9 ......h....f..

Turn = 9.
  01234567890123
0 .r..hf........
1 r.............
2 ..............
3 ..............
4 ..............
5 ..............
6 .............h
7 ..............
8 h.............
9 ......h....f..

Turn = 12.
  01234567890123
0 .r.rrf........
1 ..............
2 ..............
3 ..............
4 ..............
5 ..............
6 .............h
7 ..............
8 h.............
9 ......h....f..

Turn = 15.
  01234567890123
0 ..r...........
1 ....r.........
2 ...r.r........
3 ..............
4 ..............
5 ..............
6 .............h
7 ..............
8 h.............
9 ......h....f..

Turn = 18.
  01234567890123
0 .....r........
1 ..............
2 ..............
3 ..............
4 ....r.........
5 ...r.r........
6 .............h
7 ..............
8 h.............
9 ......h....f..

*** Darwin 12x7 ***
Turn = 0.
  0123456
0 .......
1 ....f..
2 .......
3 .......
4 ....t..
5 r......
6 ..rf...
7 .......
8 .......
9 ....ff.
0 ......f
1 r....r.

Turn = 4.
  0123456
0 .......
1 ....f..
2 .......
3 .......
4 ....t..
5 r......
6 ...f...
7 .......
8 r......
9 r...rrr
0 .....r.
1 .......

Turn = 8.
  0123456
0 .......
1 r...f..
2 .......
3 .......
4 ....t..
5 ......r
6 ...f...
7 .......
8 ..r....
9 ..rr...
0 .......
1 .....rr

Turn = 12.
  0123456
0 r......
1 ....f.r
2 .......
3 .......
4 ....t..
5 .......
6 ...f...
7 .......
8 .....rr
9 r.....r
0 .......
1 ...r...

Turn = 16.
  0123456
0 ....r..
1 ....f.r
2 .......
3 .......
4 ....tr.
5 ......r
6 ...f..r
7 .......
8 .......
9 .......
0 .......
1 r.....r

Turn = 20.
  0123456
0 .....rr
1 ....f..
2 .......
3 .....r.
4 ....ttr
5 .......
6 ...f...
7 .......
8 .......
9 .......
0 r......
1 .....r.

*** Darwin 15x13 ***
Turn = 0.
  0123456789012
0 ..........h..
1 ...........f.
2 .............
3 .............
4 .............
5 ....f........
6 .............
7 .............
8 .............
9 ..........f..
0 .............
1 .............
2 .............
3 .........f...
4 ....r......r.

Turn = 1.
  0123456789012
0 .........h...
1 ...........f.
2 .............
3 .............
4 .............
5 ....f........
6 .............
7 .............
8 .............
9 ..........f..
0 .............
1 .............
2 .............
3 .........f...
4 .....r....r..

Turn = 2.
  0123456789012
0 ........h....
1 ...........f.
2 .............
3 .............
4 .............
5 ....f........
6 .............
7 .............
8 .............
9 ..........f..
0 .............
1 .............
2 .............
3 .........f...
4 ......r..r...

Turn = 3.
  0123456789012
0 .......h.....
1 ...........f.
2 .............
3 .............
4 .............
5 ....f........
6 .............
7 .............
8 .............
9 ..........f..
0 .............
1 .............
2 .............
3 .........f...
4 .......rr....

Turn = 4.
  0123456789012
0 ......h......
1 ...........f.
2 .............
3 .............
4 .............
5 ....f........
6 .............
7 .............
8 .............
9 ..........f..
0 .............
1 .............
2 .............
3 .........f...
4 .......rr....

Turn = 5.
  0123456789012
0 .....h.......
1 ...........f.
2 .............
3 .............
4 .............
5 ....f........
6 .............
7 .............
8 .............
9 ..........f..
0 .............
1 .............
2 .............
3 .........f...
4 .......rr....

Turn = 6.
  0123456789012
0 ....h........
1 ...........f.
2 .............
3 .............
4 .............
5 ....f........
6 .............
7 .............
8 .............
9 ..........f..
0 .............
1 .............
2 .............
3 .........f...
4 ......rr.....

Turn = 7.
  0123456789012
0 ...h.........
1 ...........f.
2 .............
3 .............
4 .............
5 ....f........
6 .............
7 .............
8 .............
9 ..........f..
0 .............
1 .............
2 .............
3 .........f...
4 .....rr......

Turn = 8.
  0123456789012
0 ..h..........
1 ...........f.
2 .............
3 .............
4 .............
5 ....f........
6 .............
7 .............
8 .............
9 ..........f..
0 .............
1 .............
2 .............
3 .........f...
4 ....rr.......

Turn = 9.
  0123456789012
0 .h...........
1 ...........f.
2 .............
3 .............
4 .............
5 ....f........
6 .............
7 .............
8 .............
9 ..........f..
0 .............
1 .............
2 .............
3 .........f...
4 ...rr........

Turn = 10.
  0123456789012
0 h............
1 ...........f.
2 .............
3 .............
4 .............
5 ....f........
6 .............
7 .............
8 .............
9 ..........f..
0 .............
1 .............
2 .............
3 .........f...
4 ..rr.........

Turn = 11.
  0123456789012
0 h............
1 ...........f.
2 .............
3 .............
4 .............
5 ....f........
6 .............
7 .............
8 .............
9 ..........f..
0 .............
1 .............
2 .............
3 .........f...
4 .rr..........

Turn = 12.
  0123456789012
0 h............
1 ...........f.
2 .............
3 .............
4 .............
5 ....f........
6 .............
7 .............
8 .............
9 ..........f..
0 .............
1 .............
2 .............
3 .........f...
4 rr...........

*** Darwin 6x7 ***
Turn = 0.
  0123456
0 h.....h
1 ......r
2 .....r.
3 .....f.
4 .h.....
5 rtr..r.

Turn = 1.
  0123456
0 h.....h
1 .......
2 .....rr
3 ......r
4 r......
5 trr.r..

Turn = 2.
  0123456
0 h......
1 ......h
2 ......r
3 .....rr
4 t......
5 rrrr...

Turn = 3.
  0123456
0 h......
1 ......h
2 .....rr
3 .......
4 r.r..r.
5 rrr....

Turn = 4.
  0123456
0 h......
1 ......r
2 ....r.r
3 ..r....
4 rr.....
5 rr...r.

Turn = 5.
  0123456
0 h......
1 ......r
2 ..rr..r
3 rr.....
4 .......
5 rr...r.

Turn = 6.
  0123456
0 h......
1 ..r...r
2 rrr...r
3 .......
4 r......
5 .r..r..

Turn = 7.
  0123456
0 h.r...r
1 rr.....
2 .r.....
3 r.....r
4 .......
5 r..r...

Turn = 8.
  0123456
0 rrr...r
1 r......
2 r......
3 r......
4 ......r
5 r.r....

Turn = 9.
  0123456
0 rrr..r.
1 r......
2 r......
3 r......
4 .......
5 rr....r

Turn = 10.
  0123456
0 rr..r..
1 rrr....
2 .......
3 .......
4 r......
5 rr....r

Turn = 11.
  0123456
0 rr.r...
1 rr.....
2 ..r....
3 .......
4 rr.....
5 r....r.

Turn = 12.
  0123456
0 r.rr...
1 r......
2 .r.....
3 .rr....
4 r......
5 r...r..

Turn = 13.
  0123456
0 r.rr...
1 .......
2 rr.....
3 rr.....
4 r.r....
5 ...r...

Turn = 14.
  0123456
0 r.r....
1 ..r....
2 rr.....
3 rr.....
4 r......
5 ..rr...

Turn = 15.
  0123456
0 rr.....
1 .......
2 rrr....
3 r......
4 rr.....
5 ..rr...

*** Darwin 10x15 ***
Turn = 0.
  012345678901234
0 ...............
1 ...............
2 ..............t
3 ..r...r........
4 .........f.r...
5 ...............
6 ..............r
7 ...............
8 ...............
9 ...f......h....

Turn = 4.
  012345678901234
0 ...............
1 ...............
2 r.............t
3 ...............
4 .........f....r
5 ...............
6 ...............
7 ......r........
8 ...............
9 ...f..h.......r

Turn = 8.
  012345678901234
0 .r.............
1 ...............
2 ..............t
3 ..............t
4 .........f.....
5 ...............
6 ...............
7 ...............
8 ...............
9 ...fhr....r....

Turn = 12.
  012345678901234
0 .....r.........
1 ...............
2 ..............t
3 ..............t
4 .........f.....
5 ...............
6 ...............
7 .....r.........
8 ...............
9 ...rr.r........

Turn = 16.
  012345678901234
0 .........r.....
1 ...............
2 ..............t
3 .....r........t
4 .........f.....
5 ...............
6 ....r..........
7 ...r...........
8 ...............
9 ..r............

*** Darwin 15x13 ***
Turn = 0.
  0123456789012
0 .............
1 ....h........
2 t.f....f.....
3 .............
4 ...f.........
5 ....h......r.
6 .............
7 .............
8 .t...........
9 .............
0 ..........r..
1 .............
2 .............
3 .............
4 .............

Turn = 3.
  0123456789012
0 .............
1 .h...........
2 t.f....f.....
3 .............
4 ...f.........
5 .......h.....
6 .............
7 .............
8 .t.........r.
9 .............
0 ............r
1 .............
2 .............
3 .............
4 .............

Turn = 6.
  0123456789012
0 .............
1 t............
2 t.f....f.....
3 .............
4 ...f.........
5 ..........h..
6 .............
7 .............
8 .t...........
9 .............
0 .............
1 ...........r.
2 .............
3 ............r
4 .............

Turn = 9.
  0123456789012
0 .............
1 t............
2 t.f....f.....
3 .............
4 ...f.........
5 ............h
6 .............
7 .............
8 .t...........
9 .............
0 .............
1 .............
2 .............
3 .............
4 ...........rr

Turn = 12.
  0123456789012
0 .............
1 t............
2 t.f....f.....
3 .............
4 ...f.........
5 ............h
6 .............
7 .............
8 .t...........
9 .............
0 .............
1 .............
2 .............
3 .............
4 .........rr..

Turn = 15.
  0123456789012
0 .............
1 t............
2 t.f....f.....
3 .............
4 ...f.........
5 ............h
6 .............
7 .............
8 .t...........
9 .............
0 .............
1 .............
2 .............
3 .............
4 ......rr.....

Turn = 18.
  0123456789012
0 .............
1 t............
2 t.f....f.....
3 .............
4 ...f.........
5 ............h
6 .............
7 .............
8 .t...........
9 .............
0 .............
1 .............
2 .............
3 .............
4 ...rr........

*** Darwin 10x8 ***
Turn = 0.
  01234567
0 ........
1 ......r.
2 .t......
3 ...r....
4 ........
5 r.......
6 ...t....
7 ....t...
8 ........
9 .......t

Turn = 4.
  01234567
0 ...r....
1 ........
2 .t......
3 ........
4 ........
5 ......r.
6 ...t....
7 ....t...
8 ........
9 r......t

Turn = 8.
  01234567
0 .......r
1 ........
2 .t......
3 ........
4 ........
5 ........
6 ...t....
7 ....t...
8 ........
9 ...r..rt

Turn = 12.
  01234567
0 ........
1 ........
2 .t......
3 .......r
4 ........
5 ........
6 ...t....
7 ....t.r.
8 ........
9 .....r.t

*** Darwin 5x11 ***
Turn = 0.
  01234567890
0 f..........
1 .....t.....
2 .r.....ft..
3 ..t.....h..
4 ..f........

Turn = 1.
  01234567890
0 f..........
1 .....t.....
2 r......tt..
3 ..t....h...
4 ..f........

Turn = 2.
  01234567890
0 f..........
1 .....t.....
2 r......tt..
3 ..t....t...
4 ..f........

Turn = 3.
  01234567890
0 f..........
1 r....t.....
2 .......tt..
3 ..t....t...
4 ..t........

Turn = 4.
  01234567890
0 r..........
1 r....t.....
2 .......tt..
3 ..t....t...
4 ..t........

Turn = 5.
  01234567890
0 r..........
1 r....t.....
2 .......tt..
3 ..t....t...
4 ..t........

Turn = 6.
  01234567890
0 r..........
1 .r...t.....
2 .......tt..
3 ..t....t...
4 ..t........

Turn = 7.
  01234567890
0 r..........
1 ..r..t.....
2 .......tt..
3 ..t....t...
4 ..t........

Turn = 8.
  01234567890
0 .r.........
1 ...r.t.....
2 .......tt..
3 ..t....t...
4 ..t........

Turn = 9.
  01234567890
0 ..r........
1 ....rt.....
2 .......tt..
3 ..t....t...
4 ..t........

Turn = 10.
  01234567890
0 ...r.r.....
1 ....r......
2 .......tt..
3 ..t....t...
4 ..t........

Turn = 11.
  01234567890
0 ....rr.....
1 .....r.....
2 .......tt..
3 ..t....t...
4 ..t........

Turn = 12.
  01234567890
0 ....r.r....
1 ......r....
2 .......tt..
3 ..t....t...
4 ..t........

Turn = 13.
  01234567890
0 ....r..r...
1 .......t...
2 .......tt..
3 ..t....t...
4 ..t........

Turn = 14.
  01234567890
0 ...r....r..
1 .......t...
2 .......tt..
3 ..t....t...
4 ..t........

Turn = 15.
  01234567890
0 ..r......r.
1 .......t...
2 .......tt..
3 ..t....t...
4 ..t........

Turn = 16.
  01234567890
0 .r........r
1 .......t...
2 .......tt..
3 ..t....t...
4 ..t........

Turn = 17.
  01234567890
0 r.........r
1 .......t...
2 .......tt..
3 ..t....t...
4 ..t........

*** Darwin 15x14 ***
Turn = 0.
  01234567890123
0 ..............
1 ..............
2 ..............
3 ..............
4 .......f......
5 ...........f..
6 ..............
7 ..............
8 .......t...f..
9 ..........r...
0 ..............
1 ..t...........
2 .t...........r
3 ..............
4 ..............

Turn = 5.
  01234567890123
0 ..............
1 ..............
2 ..............
3 ..............
4 .......f......
5 ...........f..
6 ..............
7 .............r
8 .......t...f..
9 .......t......
0 ..............
1 ..t...........
2 .t............
3 ..............
4 ..............

Turn = 10.
  01234567890123
0 ..............
1 ..............
2 .............r
3 ..............
4 .......f......
5 ...........f..
6 ..............
7 ..............
8 .......t...f..
9 .......t......
0 ..............
1 ..t...........
2 .t............
3 ..............
4 ..............

*** Darwin 5x8 ***
Turn = 0.
  01234567
0 t....h..
1 ........
2 .h.....h
3 t.......
4 ...f...h

Turn = 5.
  01234567
0 t......h
1 ........
2 ......h.
3 t.......
4 ...fh..h

Turn = 10.
  01234567
0 t......h
1 ........
2 .......h
3 t.......
4 ...fh..h

Turn = 15.
  01234567
0 t......h
1 ........
2 .......h
3 t.......
4 ...fh..h

Turn = 20.
  01234567
0 t......h
1 ........
2 .......h
3 t.......
4 ...fh..h

*** Darwin 7x15 ***
Turn = 0.
  012345678901234
0 ....f..........
1 ..f.t..........
2 ...............
3 t..............
4 h..r...........
5 ...t.........h.
6 .....t.........

Turn = 1.
  012345678901234
0 ....f..........
1 ..f.t..........
2 ...............
3 t..............
4 h...r..........
5 ...t........h..
6 .....t.........

Turn = 2.
  012345678901234
0 ....f..........
1 ..f.t..........
2 ...............
3 t..............
4 h....r.........
5 ...t.......h...
6 .....t.........

Turn = 3.
  012345678901234
0 ....t..........
1 ..f.t..........
2 ...............
3 t..............
4 t.....r........
5 ...t......h....
6 .....t.........

Turn = 4.
  012345678901234
0 ....t..........
1 ..f.t..........
2 ...............
3 t..............
4 t......r.......
5 ...t.....h.....
6 .....t.........

Turn = 5.
  012345678901234
0 ....t..........
1 ..f.t..........
2 ...............
3 t..............
4 t.......r......
5 ...t....h......
6 .....t.........

Turn = 6.
  012345678901234
0 ....t..........
1 ..f.t..........
2 ...............
3 t..............
4 t........r.....
5 ...t...h.......
6 .....t.........

Turn = 7.
  012345678901234
0 ....t..........
1 ..f.t..........
2 ...............
3 t..............
4 t.........r....
5 ...t..h........
6 .....t.........

Turn = 8.
  012345678901234
0 ....t..........
1 ..f.t..........
2 ...............
3 t..............
4 t..........r...
5 ...t.t.........
6 .....t.........

Turn = 9.
  012345678901234
0 ....t..........
1 ..f.t..........
2 ...............
3 t..............
4 t...........r..
5 ...t.t.........
6 .....t.........

Turn = 10.
  012345678901234
0 ....t..........
1 ..f.t..........
2 ...............
3 t..............
4 t............r.
5 ...t.t.........
6 .....t.........

Turn = 11.
  012345678901234
0 ....t..........
1 ..f.t..........
2 ...............
3 t..............
4 t.............r
5 ...t.t.........
6 .....t.........

Turn = 12.
  012345678901234
0 ....t..........
1 ..f.t..........
2 ...............
3 t..............
4 t.............r
5 ...t.t.........
6 .....t.........

Turn = 13.
  012345678901234
0 ....t..........
1 ..f.t..........
2 ...............
3 t..............
4 t..............
5 ...t.t........r
6 .....t.........

Turn = 14.
  012345678901234
0 ....t..........
1 ..f.t..........
2 ...............
3 t..............
4 t..............
5 ...t.t.........
6 .....t........r

*** Darwin 12x13 ***
Turn = 0.
  0123456789012
0 .............
1 .............
2 .............
3 .............
4 .............
5 .........r.r.
6 .t...........
7 .............
8 .........f...
9 ..t.h........
0 .............
1 .............

Turn = 3.
  0123456789012
0 .............
1 .............
2 .............
3 ...........r.
4 ..........r..
5 .............
6 .t...........
7 .............
8 .........f...
9 ..t..........
0 .............
1 ....h........

Turn = 6.
  0123456789012
0 ...........r.
1 ..........r..
2 .............
3 .............
4 .............
5 .............
6 .t...........
7 .............
8 .........f...
9 ..t..........
0 .............
1 ....h........

Turn = 9.
  0123456789012
0 ...........rr
1 .............
2 .............
3 .............
4 .............
5 .............
6 .t...........
7 .............
8 .........f...
9 ..t..........
0 .............
1 ....h........

Turn = 12.
  0123456789012
0 .............
1 .............
2 ...........r.
3 ............r
4 .............
5 .............
6 .t...........
7 .............
8 .........f...
9 ..t..........
0 .............
1 ....h........

Turn = 15.
  0123456789012
0 .............
1 .............
2 .............
3 .............
4 .............
5 ...........r.
6 .t..........r
7 .............
8 .........f...
9 ..t..........
0 .............
1 ....h........

Turn = 18.
  0123456789012
0 .............
1 .............
2 .............
3 .............
4 .............
5 .............
6 .t...........
7 .............
8 .........f.r.
9 ..t.........r
0 .............
1 ....h........

*** Darwin 5x11 ***
Turn = 0.
  01234567890
0 ...........
1 ..t........
2 ..h.....f..
3 ..r........
4 ..f.t......

Turn = 1.
  01234567890
0 ...........
1 ..t........
2 ..h.....f..
3 ..r........
4 ..r.t......

Turn = 2.
  01234567890
0 ...........
1 ..t........
2 ..h.....f..
3 ..r........
4 ...tt......

Turn = 3.
  01234567890
0 ...........
1 ..t........
2 ..h.....f..
3 ...r.......
4 ...tt......

Turn = 4.
  01234567890
0 ...........
1 ..t........
2 ..t.....f..
3 ....r......
4 ...tt......

Turn = 5.
  01234567890
0 ...........
1 ..t........
2 ..t.....f..
3 .....r.....
4 ...tt......

Turn = 6.
  01234567890
0 ...........
1 ..t........
2 ..t.....f..
3 ......r....
4 ...tt......

Turn = 7.
  01234567890
0 ...........
1 ..t........
2 ..t.....f..
3 .......r...
4 ...tt......

Turn = 8.
  01234567890
0 ...........
1 ..t........
2 ..t.....f..
3 ........r..
4 ...tt......

Turn = 9.
  01234567890
0 ...........
1 ..t........
2 ..t.....f..
3 .........r.
4 ...tt......

Turn = 10.
  01234567890
0 ...........
1 ..t........
2 ..t.....f..
3 ..........r
4 ...tt......

Turn = 11.
  01234567890
0 ...........
1 ..t........
2 ..t.....f..
3 ..........r
4 ...tt......

Turn = 12.
  01234567890
0 ...........
1 ..t........
2 ..t.....f..
3 ...........
4 ...tt.....r

*** Darwin 14x14 ***
Turn = 0.
  01234567890123
0 ..r.......r...
1 ..............
2 .f.h..........
3 ..............
4 ......h.......
5 ..............
6 ............f.
7 ..............
8 ..f...........
9 ..............
0 .........f....
1 .....h........
2 ..............
3 ..............

Turn = 5.
  01234567890123
0 ...h..rr......
1 ..............
2 .f............
3 ..............
4 ..............
5 ..............
6 ............f.
7 ..............
8 ..f...........
9 ......h.......
0 .........f....
1 h.............
2 ..............
3 ..............

Turn = 10.
  01234567890123
0 ...h.......r..
1 ..............
2 .f............
3 ..............
4 ......r.......
5 ..............
6 ............f.
7 ..............
8 ..f...........
9 ..............
0 .........f....
1 h.............
2 ..............
3 ......h.......

Turn = 15.
  01234567890123
0 ...h..........
1 ..............
2 .f...........r
3 ..............
4 ..............
5 ..............
6 ............f.
7 ..............
8 ..f...........
9 ......r.......
0 .........f....
1 h.............
2 ..............
3 ......h.......

*** Darwin 8x7 ***
Turn = 0.
  0123456
0 ....t..
1 ..h....
2 .r.f..f
3 .......
4 ..t....
5 .......
6 ...f...
7 .......

Turn = 5.
  0123456
0 ...r.r.
1 h......
2 .....rf
3 .......
4 ..t....
5 .......
6 ...f...
7 .......

Turn = 10.
  0123456
0 .......
1 h.....r
2 .....r.
3 .......
4 ..t...r
5 .......
6 ...f...
7 ......r

Turn = 15.
  0123456
0 .......
1 h......
2 .......
3 .......
4 ..t....
5 ......r
6 ...f..r
7 .....rr

*** Darwin 5x13 ***
Turn = 0.
  0123456789012
0 f........r...
1 ........f....
2 ..r..f..f....
3 .............
4 .h.....f....h

Turn = 5.
  0123456789012
0 fh..r.......r
1 ........f....
2 .....f..f....
3 .............
4 .......f....h

Turn = 10.
  0123456789012
0 fh.......r...
1 ........f....
2 .....f..f....
3 ............r
4 .......f....r

*** Darwin 12x11 ***
Turn = 0.
  01234567890
0 ...........
1 t.......f..
2 ...f.......
3 ...........
4 ...........
5 ........h..
6 ...........
7 ..r.h......
8 ...........
9 ...........
0 ...........
1 ...........

Turn = 5.
  01234567890
0 ...........
1 t.......f..
2 ...f.......
3 ...........
4 ...........
5 r..h.......
6 ...........
7 .........h.
8 ...........
9 ...........
0 ...........
1 ...........

Turn = 10.
  01234567890
0 r..........
1 r.......f..
2 ...f.......
3 ...........
4 ...........
5 h..........
6 ...........
7 ..........h
8 ...........
9 ...........
0 ...........
1 ...........

Turn = 15.
  01234567890
0 ..r........
1 ....r...f..
2 ...f.......
3 ...........
4 ...........
5 h..........
6 ...........
7 ..........h
8 ...........
9 ...........
0 ...........
1 ...........

*** Darwin 8x6 ***
Turn = 0.
  012345
0 ....r.
1 .....f
2 ......
3 ......
4 ...ht.
5 ...r..
6 ......
7 f.....

Turn = 5.
  012345
0 ...r.r
1 .....f
2 ......
3 ......
4 h...t.
5 ......
6 ......
7 f.....

Turn = 10.
  012345
0 ......
1 .....r
2 ......
3 .....r
4 h...tt
5 ......
6 ......
7 f.....
