*** Darwin 6x7 ***
Turn = 0.
  0123456
0 r..ffr.
1 .......
2 f......
3 f......
4 f......
5 f....r.

Turn = 1.
  0123456
0 ...frr.
1 r......
2 f......
3 f......
4 f....r.
5 f......

Turn = 2.
  0123456
0 ...rrr.
1 r......
2 r......
3 f....r.
4 f......
5 f......

Turn = 3.
  0123456
0 ...r.r.
1 r..r...
2 r....r.
3 r......
4 r......
5 r......

Turn = 4.
  0123456
0 ..r...r
1 r....r.
2 r..r...
3 r......
4 r......
5 r......

Turn = 5.
  0123456
0 rr...rr
1 .......
2 .r.....
3 .r.r...
4 r......
5 r......

Turn = 6.
  0123456
0 rr...rr
1 .......
2 ..r....
3 r.r....
4 ...r...
5 r......

Turn = 7.
  0123456
0 rr..rr.
1 .......
2 r..r...
3 ...r...
4 .......
5 r..r...

Turn = 8.
  0123456
0 rr.rr..
1 r......
2 ....r..
3 ....r..
4 .......
5 r..r...

Turn = 9.
  0123456
0 rrrr...
1 r......
2 .....r.
3 .....r.
4 r......
5 ....r..

Turn = 10.
  0123456
0 rrrr...
1 .r.....
2 ......r
3 r.....r
4 .......
5 .....r.

Turn = 11.
  0123456
0 rrr....
1 ..rr...
2 r.....r
3 ......r
4 .......
5 ......r

Turn = 12.
  0123456
0 r..r...
1 r.r....
2 r..r..r
3 .......
4 ......r
5 ......r

Turn = 13.
  0123456
0 r.r.r..
1 r......
2 .r....r
3 ...r...
4 ......r
5 ......r

Turn = 14.
  0123456
0 r.r..r.
1 r......
2 ..r....
3 ......r
4 ...r..r
5 .....r.

Turn = 15.
  0123456
0 rr....r
1 r......
2 ...r...
3 ......r
4 ......r
5 ...rr..

Turn = 16.
  0123456
0 rr....r
1 r......
2 ....r..
3 .....r.
4 .....r.
5 ...rr..

Turn = 17.
  0123456
0 rr....r
1 .......
2 r....r.
3 ....r..
4 ....r..
5 ...rr..

Turn = 18.
  0123456
0 r.r..r.
1 .......
2 ......r
3 r..r...
4 ...r...
5 ...rr..

Turn = 19.
  0123456
0 .r.rr..
1 .......
2 ......r
3 ..r....
4 r.r.r..
5 ...r...

Turn = 20.
  0123456
0 ..rrr..
1 .......
2 .......
3 .r..r.r
4 .r.....
5 r..r...

*** Darwin 10x10 ***
Turn = 0.
  0123456789
0 tfffffffff
1 ffffffffff
2 ffffffffff
3 ffffffffff
4 ffffffffff
5 ffffffffff
6 ffffffffff
7 ffffffffff
8 ffffffffff
9 ffffffffff

Turn = 1.
  0123456789
0 tfffffffff
1 tfffffffff
2 tfffffffff
3 tfffffffff
4 tfffffffff
5 tfffffffff
6 tfffffffff
7 tfffffffff
8 tfffffffff
9 tfffffffff

Turn = 2.
  0123456789
0 tfffffffff
1 tfffffffff
2 tfffffffff
3 tfffffffff
4 tfffffffff
5 tfffffffff
6 tfffffffff
7 tfffffffff
8 tfffffffff
9 tttttttttt

Turn = 3.
  0123456789
0 ttffffffff
1 ttffffffff
2 ttffffffff
3 ttffffffff
4 ttffffffff
5 ttffffffff
6 ttffffffff
7 ttffffffff
8 ttffffffft
9 tttttttttt

Turn = 4.
  0123456789
0 ttffffffff
1 ttffffffff
2 ttffffffff
3 ttffffffff
4 ttffffffff
5 ttffffffff
6 ttffffffff
7 ttffffffff
8 tttttttttt
9 tttttttttt

Turn = 5.
  0123456789
0 ttffffffff
1 ttffffffff
2 ttffffffff
3 ttffffffff
4 ttffffffff
5 ttffffffff
6 ttffffffff
7 ttffffffff
8 tttttttttt
9 tttttttttt

Turn = 6.
  0123456789
0 tttttttttt
1 tttttttttt
2 tttttttttt
3 tttttttttt
4 tttttttttt
5 tttttttttt
6 tttttttttt
7 tttttttttt
8 tttttttttt
9 tttttttttt

Turn = 7.
  0123456789
0 tttttttttt
1 tttttttttt
2 tttttttttt
3 tttttttttt
4 tttttttttt
5 tttttttttt
6 tttttttttt
7 tttttttttt
8 tttttttttt
9 tttttttttt

Turn = 8.
  0123456789
0 tttttttttt
1 tttttttttt
2 tttttttttt
3 tttttttttt
4 tttttttttt
5 tttttttttt
6 tttttttttt
7 tttttttttt
8 tttttttttt
9 tttttttttt

Turn = 9.
  0123456789
0 tttttttttt
1 tttttttttt
2 tttttttttt
3 tttttttttt
4 tttttttttt
5 tttttttttt
6 tttttttttt
7 tttttttttt
8 tttttttttt
9 tttttttttt

Turn = 10.
  0123456789
0 tttttttttt
1 tttttttttt
2 tttttttttt
3 tttttttttt
4 tttttttttt
5 tttttttttt
6 tttttttttt
7 tttttttttt
8 tttttttttt
9 tttttttttt

*** Darwin 5x5 ***
Turn = 0.
  01234
0 h....
1 .h...
2 ..h..
3 ...h.
4 ....h

Turn = 1.
  01234
0 .....
1 h....
2 .h...
3 ..h..
4 ...hh

Turn = 2.
  01234
0 .....
1 .....
2 h....
3 .h...
4 ..hhh

Turn = 3.
  01234
0 .....
1 .....
2 .....
3 h....
4 .hhhh

Turn = 4.
  01234
0 .....
1 .....
2 .....
3 .....
4 hhhhh

Turn = 5.
  01234
0 .....
1 .....
2 .....
3 .....
4 hhhhh

*** Darwin 5x5 ***
Turn = 0.
  01234
0 h...h
1 .h.h.
2 ..h..
3 .hhh.
4 h...h

Turn = 1.
  01234
0 .....
1 h...h
2 .hhh.
3 hhhhh
4 .....

Turn = 2.
  01234
0 .....
1 .....
2 hhhhh
3 hhhhh
4 .....

Turn = 3.
  01234
0 .....
1 .....
2 hhhhh
3 hhhhh
4 .....

Turn = 4.
  01234
0 .....
1 .....
2 hhhhh
3 hhhhh
4 .....

Turn = 5.
  01234
0 .....
1 .....
2 hhhhh
3 hhhhh
4 .....

Turn = 6.
  01234
0 .....
1 .....
2 hhhhh
3 hhhhh
4 .....

Turn = 7.
  01234
0 .....
1 .....
2 hhhhh
3 hhhhh
4 .....

Turn = 8.
  01234
0 .....
1 .....
2 hhhhh
3 hhhhh
4 .....

Turn = 9.
  01234
0 .....
1 .....
2 hhhhh
3 hhhhh
4 .....

Turn = 10.
  01234
0 .....
1 .....
2 hhhhh
3 hhhhh
4 .....

*** Darwin 11x10 ***
Turn = 0.
  0123456789
0 hhhhhhhhhh
1 ..........
2 ..........
3 ..........
4 ..........
5 tttttttttt
6 ..........
7 ..........
8 ..........
9 ..........
0 hhhhhhhhhh

Turn = 1.
  0123456789
0 ..........
1 hhhhhhhhhh
2 ..........
3 ..........
4 ..........
5 tttttttttt
6 ..........
7 ..........
8 ..........
9 hhhhhhhhhh
0 ..........

Turn = 2.
  0123456789
0 ..........
1 ..........
2 hhhhhhhhhh
3 ..........
4 ..........
5 tttttttttt
6 ..........
7 ..........
8 hhhhhhhhhh
9 ..........
0 ..........

Turn = 3.
  0123456789
0 ..........
1 ..........
2 ..........
3 hhhhhhhhhh
4 ..........
5 tttttttttt
6 ..........
7 hhhhhhhhhh
8 ..........
9 ..........
0 ..........

Turn = 4.
  0123456789
0 ..........
1 ..........
2 ..........
3 ..........
4 hhhhhhhhhh
5 tttttttttt
6 hhhhhhhhhh
7 ..........
8 ..........
9 ..........
0 ..........

Turn = 5.
  0123456789
0 ..........
1 ..........
2 ..........
3 ..........
4 ththththth
5 tttttttttt
6 hththththt
7 ..........
8 ..........
9 ..........
0 ..........

Turn = 6.
  0123456789
0 ..........
1 ..........
2 ..........
3 ..........
4 ththththth
5 tttttttttt
6 tttttttttt
7 ..........
8 ..........
9 ..........
0 ..........

Turn = 7.
  0123456789
0 ..........
1 ..........
2 ..........
3 ..........
4 tttttttttt
5 tttttttttt
6 tttttttttt
7 ..........
8 ..........
9 ..........
0 ..........

*** Darwin 50x50 ***
Turn = 0.
  01234567890123456789012345678901234567890123456789
0 ..................................................
1 ..................................................
2 ..................................................
3 ..................................................
4 ..................................................
5 ....h....h..hhhhh..h.....h......hhhhh.............
6 ....h....h..h......h.....h.....h.....h............
7 ....h....h..h......h.....h.....h.....h............
8 ....hhhhhh..hhhhh..h.....h.....h.....h............
9 ....h....h..h......h.....h.....h.....h............
0 ....h....h..h......h.....h.....h.....h............
1 ....h....h..hhhhh..hhhhh.hhhhh..hhhhh.............
2 ..................................................
3 ..................................................
4 ..................................................
5 ..................................................
6 ..................................................
7 ..................................................
8 ..................................................
9 ..................................................
0 ..................................................
1 ..................................................
2 ..................................................
3 ..................................................
4 ..................................................
5 ..................................................
6 ..................................................
7 ..................................................
8 ..................................................
9 ..................................................
0 ..................................................
1 ..................................................
2 ..................................................
3 ..................................................
4 ..................................................
5 ..................................................
6 ..................................................
7 ..................................................
8 ..................................................
9 ..................................................
0 ..................................................
1 ..................................................
2 ..................................................
3 ..................................................
4 ..................................................
5 ..................................................
6 ..................................................
7 ..................................................
8 ..................................................
9 ..................................................

Turn = 1.
  01234567890123456789012345678901234567890123456789
0 ..................................................
1 ..................................................
2 ..................................................
3 ..................................................
4 ....h....h..hhhhh..h.....h......hhhhh.............
5 ....h....h..h......h.....h.....h.....h............
6 ....h....h..h......h.....h.....h.....h............
7 ....hhhhhh..hhhhh..h.....h.....h.....h............
8 ....h....h..h......h.....h.....h.....h............
9 ....h....h..h......h.....h.....h.....h............
0 ....h....h..hhhhh..hhhhh.hhhhh..hhhhh.............
1 ..................................................
2 ..................................................
3 ..................................................
4 ..................................................
5 ..................................................
6 ..................................................
7 ..................................................
8 ..................................................
9 ..................................................
0 ..................................................
1 ..................................................
2 ..................................................
3 ..................................................
4 ..................................................
5 ..................................................
6 ..................................................
7 ..................................................
8 ..................................................
9 ..................................................
0 ..................................................
1 ..................................................
2 ..................................................
3 ..................................................
4 ..................................................
5 ..................................................
6 ..................................................
7 ..................................................
8 ..................................................
9 ..................................................
0 ..................................................
1 ..................................................
2 ..................................................
3 ..................................................
4 ..................................................
5 ..................................................
6 ..................................................
7 ..................................................
8 ..................................................
9 ..................................................

Turn = 2.
  01234567890123456789012345678901234567890123456789
0 ..................................................
1 ..................................................
2 ..................................................
3 ....h....h..hhhhh..h.....h......hhhhh.............
4 ....h....h..h......h.....h.....h.....h............
5 ....h....h..h......h.....h.....h.....h............
6 ....hhhhhh..hhhhh..h.....h.....h.....h............
7 ....h....h..h......h.....h.....h.....h............
8 ....h....h..h......h.....h.....h.....h............
9 ....h....h..hhhhh..hhhhh.hhhhh..hhhhh.............
0 ..................................................
1 ..................................................
2 ..................................................
3 ..................................................
4 ..................................................
5 ..................................................
6 ..................................................
7 ..................................................
8 ..................................................
9 ..................................................
0 ..................................................
1 ..................................................
2 ..................................................
3 ..................................................
4 ..................................................
5 ..................................................
6 ..................................................
7 ..................................................
8 ..................................................
9 ..................................................
0 ..................................................
1 ..................................................
2 ..................................................
3 ..................................................
4 ..................................................
5 ..................................................
6 ..................................................
7 ..................................................
8 ..................................................
9 ..................................................
0 ..................................................
1 ..................................................
2 ..................................................
3 ..................................................
4 ..................................................
5 ..................................................
6 ..................................................
7 ..................................................
8 ..................................................
9 ..................................................

Turn = 3.
  01234567890123456789012345678901234567890123456789
0 ..................................................
1 ..................................................
2 ....h....h..hhhhh..h.....h......hhhhh.............
3 ....h....h..h......h.....h.....h.....h............
4 ....h....h..h......h.....h.....h.....h............
5 ....hhhhhh..hhhhh..h.....h.....h.....h............
6 ....h....h..h......h.....h.....h.....h............
7 ....h....h..h......h.....h.....h.....h............
8 ....h....h..hhhhh..hhhhh.hhhhh..hhhhh.............
9 ..................................................
0 ..................................................
1 ..................................................
2 ..................................................
3 ..................................................
4 ..................................................
5 ..................................................
6 ..................................................
7 ..................................................
8 ..................................................
9 ..................................................
0 ..................................................
1 ..................................................
2 ..................................................
3 ..................................................
4 ..................................................
5 ..................................................
6 ..................................................
7 ..................................................
8 ..................................................
9 ..................................................
0 ..................................................
1 ..................................................
2 ..................................................
3 ..................................................
4 ..................................................
5 ..................................................
6 ..................................................
7 ..................................................
8 ..................................................
9 ..................................................
0 ..................................................
1 ..................................................
2 ..................................................
3 ..................................................
4 ..................................................
5 ..................................................
6 ..................................................
7 ..................................................
8 ..................................................
9 ..................................................

Turn = 4.
  01234567890123456789012345678901234567890123456789
0 ..................................................
1 ....h....h..hhhhh..h.....h......hhhhh.............
2 ....h....h..h......h.....h.....h.....h............
3 ....h....h..h......h.....h.....h.....h............
4 ....hhhhhh..hhhhh..h.....h.....h.....h............
5 ....h....h..h......h.....h.....h.....h............
6 ....h....h..h......h.....h.....h.....h............
7 ....h....h..hhhhh..hhhhh.hhhhh..hhhhh.............
8 ..................................................
9 ..................................................
0 ..................................................
1 ..................................................
2 ..................................................
3 ..................................................
4 ..................................................
5 ..................................................
6 ..................................................
7 ..................................................
8 ..................................................
9 ..................................................
0 ..................................................
1 ..................................................
2 ..................................................
3 ..................................................
4 ..................................................
5 ..................................................
6 ..................................................
7 ..................................................
8 ..................................................
9 ..................................................
0 ..................................................
1 ..................................................
2 ..................................................
3 ..................................................
4 ..................................................
5 ..................................................
6 ..................................................
7 ..................................................
8 ..................................................
9 ..................................................
0 ..................................................
1 ..................................................
2 ..................................................
3 ..................................................
4 ..................................................
5 ..................................................
6 ..................................................
7 ..................................................
8 ..................................................
9 ..................................................

Turn = 5.
  01234567890123456789012345678901234567890123456789
0 ....h....h..hhhhh..h.....h......hhhhh.............
1 ....h....h..h......h.....h.....h.....h............
2 ....h....h..h......h.....h.....h.....h............
3 ....hhhhhh..hhhhh..h.....h.....h.....h............
4 ....h....h..h......h.....h.....h.....h............
5 ....h....h..h......h.....h.....h.....h............
6 ....h....h..hhhhh..hhhhh.hhhhh..hhhhh.............
7 ..................................................
8 ..................................................
9 ..................................................
0 ..................................................
1 ..................................................
2 ..................................................
3 ..................................................
4 ..................................................
5 ..................................................
6 ..................................................
7 ..................................................
8 ..................................................
9 ..................................................
0 ..................................................
1 ..................................................
2 ..................................................
3 ..................................................
4 ..................................................
5 ..................................................
6 ..................................................
7 ..................................................
8 ..................................................
9 ..................................................
0 ..................................................
1 ..................................................
2 ..................................................
3 ..................................................
4 ..................................................
5 ..................................................
6 ..................................................
7 ..................................................
8 ..................................................
9 ..................................................
0 ..................................................
1 ..................................................
2 ..................................................
3 ..................................................
4 ..................................................
5 ..................................................
6 ..................................................
7 ..................................................
8 ..................................................
9 ..................................................

*** Darwin 2x2 ***
Turn = 0.
  01
0 t.
1 .t

Turn = 10.
  01
0 t.
1 .t

*** Darwin 10x10 ***
Turn = 0.
  0123456789
0 h.........
1 rr.rf.....
2 ......ffh.
3 ...fr...hh
4 ...rfttt..
5 .....ft.h.
6 .....rr...
7 t....r.tt.
8 ..h.....t.
9 thrrhh....

Turn = 1.
  0123456789
0 r...r.....
1 r..r....h.
2 .r..r.ff..
3 ...f......
4 ....fttthh
5 ...r.tt.h.
6 ....rr....
7 t.h.r..tt.
8 .hrrhh..t.
9 t.........

Turn = 2.
  0123456789
0 r...r...h.
1 r...r.....
2 ....r.ff..
3 .r.f......
4 ....ftttt.
5 .....tt.th
6 ..hrtt....
7 thrrhh.tt.
8 ...r....t.
9 t.........

Turn = 3.
  0123456789
0 r..r....h.
1 .r...r....
2 .....rff..
3 ...f......
4 .r..ftttt.
5 ..h..tt.t.
6 .hrrtt...h
7 t.r.hh.tt.
8 ....r...t.
9 t.........

Turn = 4.
  0123456789
0 ..r.....h.
1 r.r...r...
2 .....rrr..
3 ...f......
4 ..h.ftttt.
5 .rr..tt.t.
6 .h.rrt....
7 tr..ht.tth
8 .....r..t.
9 t.........

Turn = 5.
  0123456789
0 .r......h.
1 ...r...r..
2 r....rrr..
3 ..hf......
4 ..r.ttttt.
5 .r..rtt.t.
6 .r.rht....
7 rr...t.tt.
8 ......r.th
9 t.........

Turn = 6.
  0123456789
0 r.......h.
1 ....rr..r.
2 ..h...r...
3 r.rf..r...
4 ....ttttt.
5 .r..ttt.t.
6 ..r.ht....
7 rr.r.t.tt.
8 .......rtt
9 t.........

Turn = 7.
  0123456789
0 r....r..h.
1 ..h.r....r
2 ..r..r....
3 ...f..r...
4 r...ttrtt.
5 ..r.ttt.t.
6 ...rht....
7 .....t.tt.
8 rr.r...ttt
9 t.........

Turn = 8.
  0123456789
0 ..h.rr..h.
1 r.r......r
2 ....r.....
3 ...f..r...
4 ....ttttt.
5 r..rrtt.t.
6 ...rtt....
7 .....t.tt.
8 r......ttt
9 rr.r......

Turn = 9.
  0123456789
0 ..r.rr..h.
1 ..r.......
2 r..r.....r
3 ...f.r....
4 ....ttttt.
5 ...rrtt.t.
6 r..rtt....
7 .....t.tt.
8 r......ttt
9 rr.r......

Turn = 10.
  0123456789
0 ..rr....h.
1 ..r..r....
2 ..r.......
3 r..fr....r
4 ....ttttt.
5 ...rttt.t.
6 ....rr....
7 r..r.t.tt.
8 r......ttt
9 r.r.r.....

Turn = 11.
  0123456789
0 ..rr....h.
1 ...r......
2 .r...r....
3 ...rr.....
4 r...tttttr
5 ..r.ttt.t.
6 ....tt....
7 r....t.tt.
8 r..r...ttt
9 r..r.r....

Turn = 12.
  0123456789
0 ...r....h.
1 ..r.r.....
2 r.........
3 ...r.r....
4 ...rtttttt
5 rr..ttt.t.
6 ....tt....
7 r....t.tt.
8 .r.r...ttt
9 .r..r.r...

Turn = 13.
  0123456789
0 ....r...h.
1 .....r....
2 r.r.......
3 ..r..rr...
4 ....tr.ttt
5 r..rttt.t.
6 r...tt....
7 .....t.tt.
8 r.r.r..ttt
9 ..r..r.r..

Turn = 14.
  0123456789
0 .....r..h.
1 r.....r...
2 ..r...r...
3 .r...r....
4 ....t.rttt
5 r...ttt.t.
6 ...ttt....
7 r....t.tt.
8 ...r.r.ttt
9 r..r..rt..

Turn = 15.
  0123456789
0 r.....r.h.
1 ......rr..
2 ...r......
3 r...r.....
4 ....t.rrtt
5 ....ttt.t.
6 r..ttt....
7 .....t.tt.
8 r...r.rrtt
9 r...r.rr..

Turn = 16.
  0123456789
0 r.....rrh.
1 ........r.
2 ....r.....
3 r..r....r.
4 ....t.rr.t
5 ....ttt.t.
6 ...ttt....
7 r....t.tr.
8 r....rrrrt
9 .r...rrr..

Turn = 17.
  0123456789
0 r.....rrr.
1 .........r
2 r....r..r.
3 ..r...r...
4 ....t...rt
5 ....ttt.t.
6 ...ttt....
7 r....t.tr.
8 .r...rrrtt
9 ..r..rr.r.

Turn = 18.
  0123456789
0 r.....rrr.
1 r.......rr
2 ......r...
3 .r....r...
4 ....t...tr
5 ....ttt.t.
6 ...ttt....
7 r....t.r.r
8 ..r..trrtt
9 ...r.t.r.r

Turn = 19.
  0123456789
0 r......rrr
1 r.....r.r.
2 .......r..
3 r......r..
4 ....t...tt
5 ....ttt.t.
6 ...ttt....
7 .....t.r.r
8 r..r.trrtt
9 ....rt..rt

Turn = 20.
  0123456789
0 r.....r.rr
1 r......r..
2 ......r.r.
3 r.......r.
4 ....t...tt
5 ....ttt.t.
6 ...ttt...r
7 .....t..r.
8 ....rrtrrr
9 r...rr..rr

