*** Darwin 10x10 ***
Turn = 0.
  0123456789
0 f.......r.
1 ..........
2 .hr..r....
3 ...h....r.
4 ....f.....
5 ..........
6 ..........
7 ..........
8 ..h.......
9 ........hf

Turn = 3.
  0123456789
0 f.rh.r....
1 ..........
2 ..r.......
3 .....r....
4 ....f.....
5 .hh.......
6 ..........
7 ..........
8 ..........
9 ........hf

Turn = 6.
  0123456789
0 f..rr.....
1 ..r.......
2 r.h.......
3 ..r.......
4 ....f.....
5 ..........
6 ..........
7 ..........
8 .h........
9 ........hf

Turn = 9.
  0123456789
0 f....r....
1 ..r.......
2 r..r......
3 r.........
4 ....f.....
5 r.........
6 ..........
7 ..........
8 ..........
9 .h......hf

Turn = 12.
  0123456789
0 f.......r.
1 ..........
2 .r........
3 ..........
4 r.r.f.....
5 ...r......
6 ..........
7 ..........
8 r.........
9 .h......hf

Turn = 15.
  0123456789
0 f........r
1 ..........
2 ....r.....
3 ..........
4 ....f.....
5 ..........
6 ..........
7 r.r.......
8 ...r......
9 rh......hf

Turn = 18.
  0123456789
0 f.....r...
1 ..........
2 .......r..
3 ..........
4 ....f.....
5 ..........
6 ..........
7 ..........
8 .r........
9 rrr.r...hf

Turn = 21.
  0123456789
0 f..r......
1 ..........
2 .........r
3 ..........
4 ....f.....
5 ..........
6 ..........
7 ..........
8 ....r.....
9 rrr....rhf

Turn = 24.
  0123456789
0 rr........
1 ..........
2 ..........
3 ..........
4 ....f.....
5 .........r
6 ..........
7 .r........
8 .......rr.
9 rr.....r.r

Turn = 27.
  0123456789
0 ..........
1 r.........
2 ..........
3 r.........
4 .r..f.....
5 ........r.
6 ..........
7 ..........
8 r........r
9 ...rr..r.r

Turn = 30.
  0123456789
0 ..........
1 .r........
2 ........r.
3 ..........
4 r...f.....
5 r.........
6 r.........
7 ...rr.....
8 .......r..
9 ....r....r

Turn = 33.
  0123456789
0 r.......r.
1 ..........
2 ..........
3 r.........
4 ...rr.....
5 ..r.r.....
6 ...r......
7 ..........
8 ....r.....
9 .r....r...

Turn = 36.
  0123456789
0 .....r....
1 r..rr.....
2 .r..r.....
3 ..........
4 ..........
5 ..........
6 ......r...
7 ..r.......
8 .r........
9 r..r......

Turn = 39.
  0123456789
0 ..r.......
1 ...rr.r...
2 ...r......
3 ....r.....
4 ..........
5 ..........
6 .........r
7 r.........
8 ..r.......
9 rr........

Turn = 42.
  0123456789
0 r..r......
1 .........r
2 .r........
3 ..........
4 r...r....r
5 ..r.......
6 ....r.....
7 ..........
8 ..........
9 r...r.....

Turn = 45.
  0123456789
0 r.........
1 r.........
2 r.r......r
3 r.......r.
4 ..........
5 ..........
6 ..........
7 ....r.....
8 ..........
9 ...rr..r..

Turn = 48.
  0123456789
0 r.r.......
1 ..........
2 r.....r...
3 .....r....
4 r.........
5 ..........
6 r.........
7 ...r......
8 ...r......
9 ..r......r

Turn = 51.
  0123456789
0 ..r..r....
1 ..........
2 ...r......
3 ..r.......
4 ...r......
5 r.........
6 .........r
7 r.........
8 rr........
9 r.........

Turn = 54.
  0123456789
0 .....r..r.
1 ...r......
2 r.........
3 r........r
4 ..........
5 .r........
6 r.........
7 r.........
8 r.........
9 ..r.......

Turn = 57.
  0123456789
0 r...r...rr
1 .........r
2 .r........
3 r.........
4 r.........
5 r.........
6 ..........
7 ..........
8 ..........
9 r....r....

Turn = 60.
  0123456789
0 ..r....rr.
1 ..r...r...
2 .........r
3 .r........
4 .r.r......
5 ..........
6 ..........
7 ..........
8 ..........
9 r.......r.

Turn = 63.
  0123456789
0 .....r...r
1 ....rr....
2 .......r..
3 ....r.....
4 ....r.r...
5 .........r
6 ..........
7 ..........
8 ..........
9 ...r.....r

Turn = 66.
  0123456789
0 .....r.rr.
1 ..r.......
2 ..........
3 ......r.r.
4 .......r.r
5 ..........
6 ..........
7 ..........
8 .........r
9 ......rr..

Turn = 69.
  0123456789
0 ......r..r
1 r.....r...
2 ..........
3 ........rr
4 ........r.
5 ........r.
6 ..........
7 ..........
8 .......r..
9 ......r.r.

Turn = 72.
  0123456789
0 .r......rr
1 .........r
2 ..........
3 ......r...
4 .....r....
5 .......r.r
6 ..........
7 ..........
8 ........r.
9 ....rr....

Turn = 75.
  0123456789
0 ....r....r
1 ........rr
2 .......r..
3 ...r......
4 ..r.......
5 ..........
6 ..........
7 ..........
8 .........r
9 .rr....r..

*** Darwin 15x15 ***
Turn = 0.
  012345678901234
0 f.......r......
1 ...............
2 .hr..r.........
3 ...h....r......
4 ....f..........
5 ...............
6 ...............
7 ...............
8 ..f............
9 .........f.....
0 ...............
1 ...............
2 ...............
3 ...............
4 ...............

Turn = 1.
  012345678901234
0 f......r.......
1 ..r............
2 ...hr..........
3 .h.....r.......
4 ....f..........
5 ...............
6 ...............
7 ...............
8 ..f............
9 .........f.....
0 ...............
1 ...............
2 ...............
3 ...............
4 ...............

Turn = 2.
  012345678901234
0 f.r...r........
1 ...h...........
2 ...r...........
3 ......r........
4 .h..f..........
5 ...............
6 ...............
7 ...............
8 ..f............
9 .........f.....
0 ...............
1 ...............
2 ...............
3 ...............
4 ...............

Turn = 3.
  012345678901234
0 f.rh.r.........
1 ...............
2 ..r............
3 .....r.........
4 ....f..........
5 .h.............
6 ...............
7 ...............
8 ..f............
9 .........f.....
0 ...............
1 ...............
2 ...............
3 ...............
4 ...............

Turn = 4.
  012345678901234
0 f.rrr..........
1 ...............
2 .r.............
3 ....r..........
4 ....f..........
5 ...............
6 .h.............
7 ...............
8 ..f............
9 .........f.....
0 ...............
1 ...............
2 ...............
3 ...............
4 ...............

Turn = 5.
  012345678901234
0 f.rrr..........
1 ...............
2 r..............
3 ...r...........
4 ....f..........
5 ...............
6 ...............
7 .h.............
8 ..f............
9 .........f.....
0 ...............
1 ...............
2 ...............
3 ...............
4 ...............

Turn = 6.
  012345678901234
0 f..rr..........
1 ..r............
2 r..............
3 ..r............
4 ....f..........
5 ...............
6 ...............
7 ...............
8 .hf............
9 .........f.....
0 ...............
1 ...............
2 ...............
3 ...............
4 ...............

Turn = 7.
  012345678901234
0 f..rr..........
1 ...............
2 ..r............
3 rr.............
4 ....f..........
5 ...............
6 ...............
7 ...............
8 ..f............
9 .h.......f.....
0 ...............
1 ...............
2 ...............
3 ...............
4 ...............

Turn = 8.
  012345678901234
0 f...r..........
1 ...r...........
2 ...............
3 r.r............
4 r...f..........
5 ...............
6 ...............
7 ...............
8 ..f............
9 .........f.....
0 .h.............
1 ...............
2 ...............
3 ...............
4 ...............

Turn = 9.
  012345678901234
0 f..r...........
1 ...............
2 ...r...........
3 r..............
4 ..r.f..........
5 r..............
6 ...............
7 ...............
8 ..f............
9 .........f.....
0 ...............
1 .h.............
2 ...............
3 ...............
4 ...............

Turn = 10.
  012345678901234
0 f.r............
1 ...............
2 r..............
3 ...r...........
4 ....f..........
5 ..r............
6 r..............
7 ...............
8 ..f............
9 .........f.....
0 ...............
1 ...............
2 .h.............
3 ...............
4 ...............

*** Darwin 10x10 ***
Turn = 0.
  0123456789
0 f.......f.
1 ..........
2 .ff..f....
3 ...f....f.
4 ....f.....
5 ..........
6 ..........
7 ..........
8 ..f.......
9 ........ff

Turn = 1.
  0123456789
0 f.......f.
1 ..........
2 .ff..f....
3 ...f....f.
4 ....f.....
5 ..........
6 ..........
7 ..........
8 ..f.......
9 ........ff

Turn = 2.
  0123456789
0 f.......f.
1 ..........
2 .ff..f....
3 ...f....f.
4 ....f.....
5 ..........
6 ..........
7 ..........
8 ..f.......
9 ........ff

Turn = 3.
  0123456789
0 f.......f.
1 ..........
2 .ff..f....
3 ...f....f.
4 ....f.....
5 ..........
6 ..........
7 ..........
8 ..f.......
9 ........ff

*** Darwin 3x3 ***
Turn = 0.
  012
0 .h.
1 ..f
2 ...

Turn = 5.
  012
0 h..
1 ..f
2 ...

Turn = 10.
  012
0 h..
1 ..f
2 ...

*** Darwin 30x30 ***
Turn = 0.
  012345678901234567890123456789
0 ..........t...................
1 ..............................
2 .....r........................
3 ...t....t.....................
4 ..............f...............
5 ..............................
6 ..............................
7 ..............................
8 ..h...........................
9 ........t.........r...........
0 ....r...r...........h.........
1 ..............................
2 ............r.................
3 .............h................
4 ..............................
5 ..............................
6 ..............................
7 ..............................
8 ..............................
9 .........f....................
0 .h.........h..................
1 .....................r........
2 ..............................
3 ............h.................
4 ..............................
5 .....r........................
6 ..............................
7 ..............................
8 ..............................
9 ..................r...........

Turn = 5.
  012345678901234567890123456789
0 ..........t...................
1 ..............................
2 r.............................
3 ..ht....t.....................
4 ..............f...............
5 ..............................
6 ..............................
7 .......r....r.................
8 ......r......h................
9 ........t....r................
0 ..............................
1 ..............................
2 ..............................
3 ..............................
4 ..............................
5 ....................h.........
6 .....................r........
7 ..............................
8 ............h.................
9 .........f....................
0 ..............................
1 ..............................
2 ..............................
3 ..............................
4 .h............................
5 r..........h..................
6 ..............................
7 ..............................
8 ..............................
9 .............r................

Turn = 10.
  012345678901234567890123456789
0 .rh.......t...................
1 ..............................
2 .......r....r.................
3 ...t..r.t....h................
4 ..............f...............
5 ..............................
6 ..............................
7 ..............................
8 ..............................
9 ........rr....................
0 ..............................
1 .....................r........
2 ..............................
3 ............h.................
4 ..............................
5 ..............................
6 ..............................
7 ..............................
8 ..............................
9 .........f....................
0 ....................h.........
1 r.............................
2 ..............................
3 ..............................
4 ..............................
5 ..............................
6 ..............................
7 ..............................
8 ..............................
9 .h......r..h..................

Turn = 15.
  012345678901234567890123456789
0 r....rr..rt.r.r...............
1 ..............................
2 ..............................
3 ...t....t.....................
4 ..............f...............
5 ..............................
6 .....................r........
7 ..............................
8 ............h.................
9 ...rr.........................
0 ..............................
1 ..............................
2 ..............................
3 ..............................
4 ..............................
5 ..............................
6 r.............................
7 ..............................
8 ..............................
9 .........f....................
0 ..............................
1 ..............................
2 ..............................
3 ..............................
4 ..............................
5 ....................h.........
6 ..............................
7 ..............................
8 ..............................
9 .h.r.......h..................

Turn = 20.
  012345678901234567890123456789
0 ..r................r..........
1 .........rr..........r........
2 ..............................
3 ...t....t...h.................
4 ..........r...f...............
5 r....r........................
6 ..............................
7 ..............................
8 ..............................
9 ..............................
0 rr............................
1 r.............................
2 ..............................
3 ..............................
4 ..............................
5 ..............................
6 ..............................
7 ..............................
8 ..............................
9 .........f....................
0 ..............................
1 ..............................
2 ..............................
3 ..............................
4 ..............................
5 ..............................
6 ..............................
7 ..r...........................
8 ..............................
9 .r.........h........h.........

Turn = 25.
  012345678901234567890123456789
0 .r..........h.....r...r.......
1 ..............................
2 ..............................
3 ...t....tt....................
4 ..............f...............
5 ..............................
6 ..........r...................
7 ..............................
8 ..............................
9 ..........r...................
0 r.r..r........................
1 ..............................
2 ..............................
3 ..............................
4 r.............................
5 .r............................
6 ..............................
7 ..............................
8 ..............................
9 .........f....................
0 ..............................
1 ..............................
2 ..r...........................
3 ..............................
4 ..............................
5 ..............................
6 r.............................
7 ..............................
8 ..............................
9 ...........h........h.........

Turn = 30.
  012345678901234567890123456789
0 ......r.....hr.............r..
1 ..............................
2 ..............................
3 ...t....tt....................
4 ..............f...............
5 ..............................
6 ..............................
7 ..............................
8 ..............................
9 ..............................
0 .......r......................
1 ..........r...................
2 ..............................
3 ..............................
4 ..........r...................
5 r....r........................
6 ..............................
7 ..r...........................
8 ..............................
9 r........f....................
0 .r............................
1 r.............................
2 ..............................
3 ..............................
4 ..............................
5 ..............................
6 ..............................
7 ..............................
8 ..............................
9 ...........h........h.........

Turn = 35.
  012345678901234567890123456789
0 ...........rr.................
1 ..............................
2 .............................r
3 ...t....tt...r................
4 ..............f...............
5 ..............................
6 ..............................
7 ..............................
8 ..............................
9 ..............................
0 ............r.................
1 ..............................
2 ..r...........................
3 ..............................
4 ..............................
5 ..............................
6 ..........r...................
7 ..............................
8 ..............................
9 r........fr...................
0 r....r........................
1 ..r...........................
2 ..............................
3 ..............................
4 ..............................
5 .r............................
6 ..............................
7 ..............................
8 ..............................
9 ...........h........h.........

Turn = 40.
  012345678901234567890123456789
0 ........r.....................
1 ..............................
2 ..............................
3 ...t....tt....................
4 ..............f...............
5 ............r.................
6 ..............................
7 ..r..........................r
8 .............r................
9 ..............................
0 .................r............
1 ..............................
2 ..............................
3 ..............................
4 ..............................
5 r.............................
6 ..............................
7 ..............................
8 ..............................
9 .....r...f....................
0 ..............................
1 .......r..r...................
2 ..............................
3 ..............................
4 ..........r...................
5 .....r........................
6 ..............................
7 ..............................
8 ..............................
9 .r.........h........h.........

Turn = 45.
  012345678901234567890123456789
0 ...r..........................
1 ..............................
2 ..r...........................
3 ...t....tt....................
4 ..............f...............
5 ..............................
6 ..............................
7 ..............................
8 ..............................
9 ..............................
0 r...........r.........r.......
1 ..............................
2 .............................r
3 .............r................
4 ..............................
5 ..............................
6 ..............................
7 .........r....................
8 ..............................
9 .........r....................
0 ..............................
1 ............r.................
2 ..............................
3 ..............................
4 ..............................
5 ..............................
6 ..........r...................
7 ..............................
8 ..............................
9 ....rr....rh........h.........

Turn = 50.
  012345678901234567890123456789
0 rr............................
1 ..............................
2 ..............................
3 ...t....tt....................
4 ..............f...............
5 r.............................
6 ..............................
7 ..............................
8 ..............................
9 ..............................
0 ...........................r..
1 ..............................
2 .........r....................
3 ..............................
4 ..............................
5 ............r.................
6 ..............................
7 .............................r
8 .............r................
9 ..............r...............
0 ..............................
1 .................r............
2 ..............................
3 ..............................
4 ..............................
5 ..............................
6 ..............................
7 ..........rr..................
8 ........r.....................
9 rr..................h.........

Turn = 55.
  012345678901234567890123456789
0 ..............................
1 ..............................
2 .r............................
3 ...t....tt....................
4 r.............f...............
5 .r............................
6 ..............................
7 .........r....................
8 .............................r
9 ..............................
0 ..............................
1 ..............................
2 ..............................
3 ..............................
4 ..............................
5 ..............................
6 ..............................
7 ..............................
8 ..............................
9 ...................r..........
0 ............r.................
1 ......................r.......
2 ..........rr.................r
3 .............r................
4 r.............................
5 ..............................
6 ..............................
7 ..............................
8 ...r..........................
9 .....r..............h.........

Turn = 60.
  012345678901234567890123456789
0 ..............................
1 ..............................
2 ...t..........................
3 ...t....tt...................r
4 .........t....f...............
5 ..............................
6 ..............................
7 ..............................
8 ..............................
9 r.............................
0 .r............................
1 ..............................
2 ..............................
3 ..............................
4 ..............................
5 ..............................
6 ..............................
7 ..........rr..................
8 ..............................
9 r.......................r.....
0 ..............................
1 ...........................r..
2 ..............................
3 ..............................
4 ..............................
5 ............r.................
6 ..............................
7 .............................r
8 .............r................
9 r.........r.........h.........

Turn = 65.
  012345678901234567890123456789
0 .............................r
1 ..............................
2 ...t..........................
3 ...t....tt....................
4 .........t....f...............
5 ..............................
6 ..............................
7 ..............................
8 ..............................
9 ..............................
0 ..............................
1 ..............................
2 ..........rr..................
3 ..............................
4 r.............................
5 rr............................
6 ..............................
7 ..............................
8 ..............................
9 .............................r
0 .............................r
1 ..............................
2 ..............................
3 ..............................
4 ..............................
5 ..............................
6 ..............................
7 ..............................
8 .............r................
9 ..r..........r..r...h......r..

Turn = 70.
  012345678901234567890123456789
0 .........................r....
1 ..............................
2 ...t..........................
3 ...t....tt....................
4 .........t....f...............
5 ..............................
6 ..............................
7 ..........rr..................
8 ..............................
9 ..............................
0 ..............................
1 ..............................
2 ..............................
3 ..............................
4 ..............................
5 .............................r
6 ..............................
7 r.............................
8 ..............................
9 r.............................
0 .r......................r.....
1 ..............................
2 ..............................
3 ..............................
4 ..............................
5 ..............................
6 ..............................
7 ..............................
8 ..................r...........
9 .......r..........rr.rr.......

Turn = 75.
  012345678901234567890123456789
0 ....................r.........
1 ..............................
2 ...t.......r..................
3 ...t....tt....................
4 .........tt...f...............
5 ..............................
6 ..............................
7 ..............................
8 ..............................
9 ..............................
0 .............................r
1 ..............................
2 ..............................
3 ..............................
4 ..............................
5 ..............................
6 ..............................
7 ..............................
8 ..............................
9 ..............................
0 ...................r..........
1 ..............................
2 r.............................
3 ..............................
4 r.............................
5 .r...................r........
6 ..............................
7 ..............................
8 ..............................
9 ............r..r....rr.r......

*** Darwin 30x30 ***
Turn = 0.
  012345678901234567890123456789
0 ..........h...................
1 ..............................
2 .....h........................
3 ...r....t.....................
4 ..............r...............
5 ..............................
6 ..............................
7 ..............................
8 ..t...........................
9 ........h.........r...........
0 ....t...t...........h.........
1 ..............................
2 ............t.................
3 .............h................
4 ..............................
5 ..............................
6 ..............................
7 ..............................
8 ..............................
9 .........h....................
0 .r.........h..................
1 .....................r........
2 ..............................
3 ............t.................
4 ..............................
5 .....r........................
6 ..............................
7 ..............................
8 ..............................
9 ..................r...........

Turn = 5.
  012345678901234567890123456789
0 ....r.........................
1 ..............................
2 h.............................
3 ........t.....................
4 ...................r..........
5 ..........h...................
6 ..............................
7 ..............................
8 ..t..........h................
9 ............hr................
0 ....t...t.....................
1 ..............................
2 ............t.................
3 ..............................
4 ..............................
5 ....................h.........
6 .....................r........
7 ..............................
8 ..............................
9 ....h.........................
0 ..............................
1 ..............................
2 ..............................
3 ............t.................
4 .r............................
5 r..........h..................
6 ..............................
7 ..............................
8 ..............................
9 .............r................

Turn = 10.
  012345678901234567890123456789
0 .........r....................
1 ..............................
2 h.............................
3 ........t....h................
4 ........................r.....
5 ..............................
6 .............r................
7 ..............................
8 ..t...........................
9 ..............................
0 ....t...t.h...................
1 ............t........r........
2 ............t.................
3 ..............................
4 ..............................
5 ..............................
6 ..............................
7 ..............................
8 ..............................
9 h.............................
0 ....................h.........
1 r.............................
2 ..............................
3 ............t.................
4 ......r.......................
5 ..............................
6 ..............................
7 ..............................
8 ..............................
9 ........r..h..................

Turn = 15.
  012345678901234567890123456789
0 ............rr................
1 .............r................
2 h.............................
3 ........t.....................
4 .............................r
5 ..............................
6 .....................r........
7 ..............................
8 ..t...........................
9 ..............................
0 ....t...t.....................
1 ............t.................
2 ............t.................
3 ..............................
4 ..............................
5 ..........h...................
6 ..............................
7 r.............................
8 ..............................
9 r.............................
0 ..............................
1 ..............................
2 ..............................
3 ............t.................
4 ...........r..................
5 ....................h.........
6 ..............................
7 ..............................
8 ..............................
9 ...r.......h..................

Turn = 20.
  012345678901234567890123456789
0 .........r....................
1 .........r...........r........
2 h.............................
3 ........t.....................
4 ..............................
5 ............r.................
6 ..............................
7 ..............................
8 ..t..........................r
9 ..............................
0 ....t...t.....................
1 ............t.................
2 r...........t.................
3 ..............................
4 r.............................
5 ..............................
6 ..............................
7 ..............................
8 ..............................
9 ..............................
0 ..........h...................
1 ..............................
2 ..............................
3 ............t.................
4 ................r.............
5 ..............................
6 ..............................
7 ..............................
8 r.............................
9 ...........h........h.........

Turn = 25.
  012345678901234567890123456789
0 ....r.............r...........
1 ....r.........................
2 h.............................
3 ........t.....................
4 ..............................
5 ..............................
6 ..............................
7 r.............................
8 ..t...........................
9 r.............................
0 ....t...t...r.................
1 ............t.................
2 ............t.................
3 .............................r
4 ..............................
5 ..............................
6 ..............................
7 ..............................
8 ..............................
9 ..............................
0 ..............................
1 ..............................
2 ..............................
3 r...........t.................
4 .....................r........
5 ..........h...................
6 ..............................
7 ..............................
8 ..............................
9 ...........h........h.........

Turn = 30.
  012345678901234567890123456789
0 r............r................
1 r.............................
2 r.............................
3 r.......t.....................
4 r.............................
5 ..............................
6 ..............................
7 ..............................
8 ..t...........................
9 ..............................
0 ....t...t......r..............
1 ...............r..............
2 ........r.....................
3 ..............................
4 ..............................
5 ..............................
6 ..............................
7 ..............................
8 r............................r
9 ..............................
0 ..............................
1 ..............................
2 ..............................
3 ............t.................
4 ..........................r...
5 ..............................
6 ..............................
7 ..............................
8 ..............................
9 ..........hh........h.........

Turn = 35.
  012345678901234567890123456789
0 .r..r...r.....................
1 ....r.........................
2 ..............................
3 ........t.....................
4 r.r...........................
5 ..............................
6 ..............................
7 ..............................
8 ..t...........................
9 ..............................
0 ....t...t...........r.........
1 ....................r.........
2 ...r..........................
3 r.............................
4 ..............................
5 ..............................
6 ..............................
7 ..............................
8 ..............................
9 ..............................
0 ..............................
1 ..............................
2 ..............................
3 ............t................r
4 .............................r
5 ..............................
6 ..............................
7 ..............................
8 ..............................
9 ..........hh........h.........

Turn = 40.
  012345678901234567890123456789
0 .....rr.......................
1 .........r....................
2 ......r.......................
3 ........t.....................
4 .......r......................
5 ..............................
6 ..............................
7 ..............................
8 r.t...........................
9 r.............................
0 ....t...t................r....
1 r........................r....
2 ..............................
3 ..............................
4 ..............................
5 ..............................
6 ..............................
7 ..............................
8 ..............................
9 ..............................
0 ..............................
1 ..............................
2 ..............................
3 ............t............r....
4 ........................r.....
5 ..............................
6 ..............................
7 ..............................
8 ..............................
9 ..........hh........h.........

Turn = 45.
  012345678901234567890123456789
0 .......r......................
1 ..............r...............
2 ..............................
3 ......r.t.....................
4 r.......t.....................
5 ..............................
6 r.............................
7 ......r.......................
8 ..t...........................
9 ..t...........................
0 ....t...t....................r
1 .............................r
2 ..............................
3 ..............................
4 ..............................
5 ..............................
6 ..............................
7 ..............................
8 ..............................
9 ..............................
0 ..............................
1 ..............................
2 ..............................
3 ............t.......r.........
4 ...................r..........
5 ..............................
6 ..............................
7 ..............................
8 ..............................
9 ..........hh........h.........

Turn = 50.
  012345678901234567890123456789
0 r...........r.................
1 r..................r..........
2 ..............................
3 ........t.....................
4 ........t.....................
5 .............................r
6 ..............................
7 ..............................
8 ..t...r.......................
9 ..t...........................
0 ....t...t.....................
1 ..............................
2 ......r.......................
3 ..............................
4 ..............................
5 ..............................
6 .............................r
7 ..............................
8 ..............................
9 ..............................
0 ..............................
1 ..............................
2 ..............................
3 ............t..r..............
4 ..............r...............
5 ..............................
6 ..............................
7 ..............................
8 ..............................
9 ..........hh........h.........

Turn = 55.
  012345678901234567890123456789
0 rr...............r...........r
1 ........................r.....
2 ..............................
3 ........t.....................
4 ........t.....................
5 ..............................
6 ..............................
7 ..............................
8 ..t...........................
9 ..t...........................
0 ....t...t.....................
1 ..............................
2 ..............................
3 ......r.......................
4 ..............................
5 ..............................
6 ..............................
7 ......r.......................
8 ..............................
9 ..............................
0 ..............................
1 .............................r
2 ..............................
3 ..........rr..................
4 .........r....................
5 ..............................
6 ..............................
7 ..............................
8 ..............................
9 ..........hh........h.........

Turn = 60.
  012345678901234567890123456789
0 ....r.r...............r......r
1 .............................r
2 ..............................
3 ........t.....................
4 ........t.....................
5 ..............................
6 ..............................
7 ..............................
8 ..t...........................
9 ..t...........................
0 ....t...t.....................
1 ..............................
2 ..............................
3 ..............................
4 ..............................
5 ..............................
6 ..............................
7 ..............................
8 ......r.......................
9 ..............................
0 ..............................
1 ..............................
2 ......r.......................
3 .....rr.......................
4 ....r.........................
5 ..............................
6 .............................r
7 ..............................
8 ..............................
9 ..........hh........h.........

Turn = 65.
  012345678901234567890123456789
0 .........r.r...............r.r
1 ..............................
2 ..............................
3 ........t.....................
4 ........t.....................
5 .............................r
6 ..............................
7 ..............................
8 ..t...........................
9 ..t...........................
0 ....t...t.....................
1 ..............................
2 ..............................
3 ..............................
4 ..............................
5 ..............................
6 ..............................
7 ..............................
8 ..............................
9 ..............................
0 ..............................
1 ..............................
2 ..r...........................
3 rr....r.......................
4 r.............................
5 ..............................
6 ..............................
7 ..............................
8 ..............................
9 ..........hh........h........r

Turn = 70.
  012345678901234567890123456789
0 ..............r.r...........r.
1 ..............................
2 ..............................
3 ........t.....................
4 ........t.....................
5 .............................r
6 ..............................
7 ..............................
8 ..t...........................
9 ..t...........................
0 ....t...t....................r
1 ..............................
2 ..............................
3 ..............................
4 ..............................
5 ..............................
6 ..............................
7 ..............................
8 ..............................
9 ..............................
0 r.............................
1 ..............................
2 ..............................
3 ..............................
4 ..............................
5 ..............................
6 ..............................
7 rr............................
8 ......r.......................
9 r.........hh........h....r....

Turn = 75.
  012345678901234567890123456789
0 ...................r.r.r......
1 ..............................
2 ..............................
3 ........t.....................
4 ........t.....................
5 ..............................
6 ..............................
7 ..............................
8 ..t...........................
9 ..t...........................
0 ....t...t....................r
1 ..............................
2 ..............................
3 ..............................
4 ..............................
5 r............................r
6 ..............................
7 ..............................
8 ..............................
9 ..............................
0 ..............................
1 ..............................
2 ..............................
3 ..............................
4 ..............................
5 ..............................
6 r.............................
7 ..............................
8 ...r..........................
9 r........rhh........rr........

*** Darwin 30x30 ***
Turn = 0.
  012345678901234567890123456789
0 ..........h...................
1 ..............................
2 .....h........................
3 ...h....h.....................
4 ..............h...............
5 ..............................
6 ..............................
7 ..............................
8 ..h...........................
9 ........h.........h...........
0 ....h...h.....................
1 ..............................
2 ............h.................
3 ..............................
4 ..............................
5 ..............................
6 ..............................
7 ..............................
8 ..............................
9 .........h....................
0 .h............................
1 ..............................
2 ..............................
3 ..............................
4 ..............................
5 ..............................
6 ..............................
7 ..............................
8 ..............................
9 ..............................

Turn = 10.
  012345678901234567890123456789
0 ..hh..........................
1 ..............................
2 h...........h.................
3 h.............................
4 ........................h.....
5 ..............................
6 ..............................
7 ..............................
8 ..............................
9 ............hh................
0 ......hh..h...................
1 ..............................
2 ..............................
3 ..............................
4 ..............................
5 ..............................
6 ..............................
7 ..............................
8 ..............................
9 h.............................
0 ..............................
1 ..............................
2 ..............................
3 ..............................
4 ..............................
5 ..............................
6 ..............................
7 ..............................
8 ..............................
9 .h............................

Turn = 20.
  012345678901234567890123456789
0 ..hh........h.................
1 ..............................
2 h.............................
3 h.............................
4 .............................h
5 ..............................
6 ..............................
7 ..............................
8 ..............................
9 ............hh................
0 ......hh......................
1 ..............................
2 ..............................
3 ..............................
4 ..............................
5 ..............................
6 ..............................
7 ..............................
8 ..............................
9 h.............................
0 ..........h...................
1 ..............................
2 ..............................
3 ..............................
4 ..............................
5 ..............................
6 ..............................
7 ..............................
8 ..............................
9 .h............................

Turn = 30.
  012345678901234567890123456789
0 ..hh........h.................
1 ..............................
2 h.............................
3 h.............................
4 .............................h
5 ..............................
6 ..............................
7 ..............................
8 ..............................
9 ............hh................
0 ......hh......................
1 ..............................
2 ..............................
3 ..............................
4 ..............................
5 ..............................
6 ..............................
7 ..............................
8 ..............................
9 h.............................
0 ..............................
1 ..............................
2 ..............................
3 ..............................
4 ..............................
5 ..............................
6 ..............................
7 ..............................
8 ..............................
9 .h........h...................

Turn = 40.
  012345678901234567890123456789
0 ..hh........h.................
1 ..............................
2 h.............................
3 h.............................
4 .............................h
5 ..............................
6 ..............................
7 ..............................
8 ..............................
9 ............hh................
0 ......hh......................
1 ..............................
2 ..............................
3 ..............................
4 ..............................
5 ..............................
6 ..............................
7 ..............................
8 ..............................
9 h.............................
0 ..............................
1 ..............................
2 ..............................
3 ..............................
4 ..............................
5 ..............................
6 ..............................
7 ..............................
8 ..............................
9 .h........h...................

Turn = 50.
  012345678901234567890123456789
0 ..hh........h.................
1 ..............................
2 h.............................
3 h.............................
4 .............................h
5 ..............................
6 ..............................
7 ..............................
8 ..............................
9 ............hh................
0 ......hh......................
1 ..............................
2 ..............................
3 ..............................
4 ..............................
5 ..............................
6 ..............................
7 ..............................
8 ..............................
9 h.............................
0 ..............................
1 ..............................
2 ..............................
3 ..............................
4 ..............................
5 ..............................
6 ..............................
7 ..............................
8 ..............................
9 .h........h...................

*** Darwin 20x20 ***
Turn = 0.
  01234567890123456789
0 ..........f.........
1 ....................
2 .....t..............
3 ...t....r...........
4 ..............t.....
5 ....................
6 ....................
7 ....................
8 ..t.................
9 ........r.........t.
0 ....t...t...........
1 ....................
2 ............r.......
3 ....................
4 ....................
5 ....................
6 ....................
7 ....................
8 .r..................
9 .........t..........

Turn = 5.
  01234567890123456789
0 ..........f.........
1 ....................
2 .....t..............
3 ...rr...............
4 ..............t.....
5 ....................
6 ....................
7 ............r.......
8 ..t........r........
9 ..................t.
0 ....t...t...........
1 ....................
2 ....................
3 ....................
4 ....................
5 ....................
6 ....................
7 ....................
8 r...................
9 .........t..........

Turn = 10.
  01234567890123456789
0 ..........f.........
1 ....................
2 rr...t......r.......
3 ...........r........
4 ..............t.....
5 ....................
6 ....................
7 ....................
8 ..t.................
9 ..................t.
0 ....t...t...........
1 ....................
2 ....................
3 r...................
4 ....................
5 ....................
6 ....................
7 ....................
8 ....................
9 .........t..........

Turn = 15.
  01234567890123456789
0 .r........rrr.......
1 r...................
2 .....t..............
3 ....................
4 ..............t.....
5 ....................
6 ....................
7 ....................
8 r.t.................
9 ..................t.
0 ....t...t...........
1 ....................
2 ....................
3 ....................
4 ....................
5 ....................
6 ....................
7 ....................
8 ....................
9 .........t..........

Turn = 20.
  01234567890123456789
0 .....rr..........r..
1 r...................
2 .....t..............
3 ....................
4 .r............t.....
5 r...................
6 ....................
7 ....................
8 ..t.................
9 ..................t.
0 ....t...t...........
1 ....................
2 ....................
3 ....................
4 ....................
5 ....................
6 ....................
7 ....................
8 ....................
9 .........t..........

Turn = 25.
  01234567890123456789
0 rr..................
1 ....................
2 .....t.............r
3 ....................
4 ......r.......t.....
5 ....................
6 r...................
7 ....................
8 ..t.................
9 ..................t.
0 r...t...t...........
1 ....................
2 ....................
3 ....................
4 ....................
5 ....................
6 ....................
7 ....................
8 ....................
9 .........t..........

Turn = 30.
  01234567890123456789
0 ....r...............
1 ....................
2 .....t..............
3 ....................
4 r..........r..t.....
5 ....................
6 ....................
7 ...................r
8 ..t.................
9 ..................t.
0 ....t...t...........
1 r...................
2 ....................
3 ....................
4 ....................
5 r...................
6 ....................
7 ....................
8 ....................
9 .........t..........

Turn = 35.
  01234567890123456789
0 .........r..........
1 ....................
2 .....t..............
3 ....................
4 ...............r.r..
5 ....................
6 ....................
7 ....................
8 ..t.................
9 r.................t.
0 ....t...t...........
1 ....................
2 ...................r
3 ....................
4 ....................
5 ....................
6 r...................
7 ....................
8 ....................
9 r........t..........

Turn = 40.
  01234567890123456789
0 ..............r.....
1 ....................
2 .....t.............r
3 ..................r.
4 ....................
5 ....................
6 ....................
7 ....................
8 ..t.................
9 ..................t.
0 ....t...t...........
1 ....................
2 ....................
3 ....................
4 r...................
5 ....................
6 ....................
7 ...................r
8 ....................
9 r....r...t..........

Turn = 45.
  01234567890123456789
0 .................rr.
1 ...................r
2 .....t..............
3 ....................
4 ....................
5 ....................
6 ....................
7 ....................
8 ..t.................
9 ..................t.
0 ....t...t...........
1 ....................
2 ....................
3 ....................
4 ....................
5 r...................
6 ....................
7 .........r..........
8 r...................
9 .........r.........r

Turn = 50.
  01234567890123456789
0 ............r.......
1 ....................
2 .....t..............
3 ....................
4 ....................
5 ..................r.
6 ...................r
7 ....................
8 ..t.................
9 ..................t.
0 r...t...t...........
1 ....................
2 .........r..........
3 ....................
4 ....................
5 ....................
6 ....................
7 r...................
8 ....................
9 ..............rr....

*** Darwin 30x30 ***
Turn = 0.
  012345678901234567890123456789
0 ..........h...................
1 ..............................
2 .....h........................
3 ...h....h.....................
4 ..............h...............
5 ..............................
6 ..............................
7 ..............................
8 ..h...........................
9 ........h.........h...........
0 ....h...h.....................
1 ..............................
2 ............h.................
3 ..............................
4 ..............................
5 ..............................
6 ..............................
7 ..............................
8 ..............................
9 .........h....................
0 .h............................
1 ..............................
2 ..............................
3 ..............................
4 ..............................
5 ..............................
6 ..............................
7 ..............................
8 ..............................
9 ..............................

Turn = 10.
  012345678901234567890123456789
0 ..hh..........................
1 ..............................
2 h...........h.................
3 h.............................
4 ........................h.....
5 ..............................
6 ..............................
7 ..............................
8 ..............................
9 ............hh................
0 ......hh..h...................
1 ..............................
2 ..............................
3 ..............................
4 ..............................
5 ..............................
6 ..............................
7 ..............................
8 ..............................
9 h.............................
0 ..............................
1 ..............................
2 ..............................
3 ..............................
4 ..............................
5 ..............................
6 ..............................
7 ..............................
8 ..............................
9 .h............................

Turn = 20.
  012345678901234567890123456789
0 ..hh........h.................
1 ..............................
2 h.............................
3 h.............................
4 .............................h
5 ..............................
6 ..............................
7 ..............................
8 ..............................
9 ............hh................
0 ......hh......................
1 ..............................
2 ..............................
3 ..............................
4 ..............................
5 ..............................
6 ..............................
7 ..............................
8 ..............................
9 h.............................
0 ..........h...................
1 ..............................
2 ..............................
3 ..............................
4 ..............................
5 ..............................
6 ..............................
7 ..............................
8 ..............................
9 .h............................

Turn = 30.
  012345678901234567890123456789
0 ..hh........h.................
1 ..............................
2 h.............................
3 h.............................
4 .............................h
5 ..............................
6 ..............................
7 ..............................
8 ..............................
9 ............hh................
0 ......hh......................
1 ..............................
2 ..............................
3 ..............................
4 ..............................
5 ..............................
6 ..............................
7 ..............................
8 ..............................
9 h.............................
0 ..............................
1 ..............................
2 ..............................
3 ..............................
4 ..............................
5 ..............................
6 ..............................
7 ..............................
8 ..............................
9 .h........h...................

*** Darwin 10x10 ***
Turn = 0.
  0123456789
0 .h........
1 ..........
2 .....h....
3 ...r....r.
4 ..........
5 ..........
6 ..........
7 ..........
8 ..h.......
9 ....r..rh.

Turn = 10.
  0123456789
0 ..h......r
1 ..........
2 r.........
3 r.........
4 ..........
5 ..........
6 ..........
7 ..........
8 .h........
9 rrh.......

Turn = 20.
  0123456789
0 ..rr......
1 ..........
2 ..........
3 r.........
4 r.........
5 .....r....
6 .....r....
7 ..........
8 ........r.
9 h.........

*** Darwin 5x5 ***
Turn = 0.
  01234
0 rrrrr
1 .....
2 .....
3 .....
4 rrrrr

Turn = 2.
  01234
0 .r...
1 r.rrr
2 .....
3 r..rr
4 .rr..

Turn = 4.
  01234
0 r....
1 .....
2 r..rr
3 .rrrr
4 r...r

Turn = 6.
  01234
0 .....
1 ....r
2 rrr..
3 r..rr
4 ..rrr

Turn = 8.
  01234
0 .r..r
1 .....
2 .r..r
3 ..rrr
4 r..rr

Turn = 10.
  01234
0 ..r.r
1 .....
2 ..rrr
3 ...rr
4 rr..r

*** Darwin 9x9 ***
Turn = 0.
  012345678
0 hhhhhhhhh
1 h.......h
2 h.......h
3 h.......h
4 h.......h
5 h.......h
6 h.......h
7 h.......h
8 hhhhhhhhh

Turn = 2.
  012345678
0 hhhhhhhhh
1 h.......h
2 h.......h
3 h.......h
4 h.......h
5 h.......h
6 h.......h
7 h.......h
8 hhhhhhhhh

Turn = 4.
  012345678
0 hhhhhhhhh
1 h.......h
2 h.......h
3 h.......h
4 h.......h
5 h.......h
6 h.......h
7 h.......h
8 hhhhhhhhh

Turn = 6.
  012345678
0 hhhhhhhhh
1 h.......h
2 h.......h
3 h.......h
4 h.......h
5 h.......h
6 h.......h
7 h.......h
8 hhhhhhhhh

Turn = 8.
  012345678
0 hhhhhhhhh
1 h.......h
2 h.......h
3 h.......h
4 h.......h
5 h.......h
6 h.......h
7 h.......h
8 hhhhhhhhh

Turn = 10.
  012345678
0 hhhhhhhhh
1 h.......h
2 h.......h
3 h.......h
4 h.......h
5 h.......h
6 h.......h
7 h.......h
8 hhhhhhhhh

